#
# A fatal error has been detected by the Java Runtime Environment:
#
#  SIGSEGV (0xb) at pc=0x0000000125e2408e, pid=4284, tid=13571
#
# JRE version: Java(TM) SE Runtime Environment (7.0_51-b13) (build 1.7.0_51-b13)
# Java VM: Java HotSpot(TM) 64-Bit Server VM (24.51-b03 mixed mode bsd-amd64 compressed oops)
# Problematic frame:
# C  [libLeap.dylib+0x2b08e]  _ZNK4Leap14InteractionBox9toCStringEv+0x2c8e
#
# Failed to write core dump. Core dumps have been disabled. To enable core dumping, try "ulimit -c unlimited" before starting Java again
#
# If you would like to submit a bug report, please visit:
#   http://bugreport.sun.com/bugreport/crash.jsp
# The crash happened outside the Java Virtual Machine in native code.
# See problematic frame for where to report the bug.
#

---------------  T H R E A D  ---------------

Current thread (0x00007fb1fc81f000):  JavaThread "Finalizer" daemon [_thread_in_native, id=13571, stack(0x000000011b95b000,0x000000011ba5b000)]

siginfo:si_signo=SIGSEGV: si_errno=0, si_code=0 (SEGV0), si_addr=0x0000000000000000

Registers:
RAX=0x500007fb20122092, RBX=0x00007fb1fa4a9f30, RCX=0x0000000000000000, RDX=0x00007fb201242de0
RSP=0x000000011ba5a1a0, RBP=0x000000011ba5a2c0, RSI=0x0001ca000001ca00, RDI=0x00007fb201240e00
R8 =0x000000011ba5a0c0, R9 =0x00000000c0000000, R10=0x000000010c71566c, R11=0x000000010af402a7
R12=0x00007fb1faacc600, R13=0x00007fb20131c7b0, R14=0x000000011ba5a1d0, R15=0x00007fb1faacca58
RIP=0x0000000125e2408e, EFLAGS=0x0000000000010202, ERR=0x0000000000000000
  TRAPNO=0x000000000000000d

Top of Stack: (sp=0x000000011ba5a1a0)
0x000000011ba5a1a0:   00007fb1faacc790 000000010aeca714
0x000000011ba5a1b0:   00007fb1fc81f000 000000010ada1ea4
0x000000011ba5a1c0:   00007fb2012fc080 00007fb20131c7b0
0x000000011ba5a1d0:   00007fb20131c7b0 0000000000000001
0x000000011ba5a1e0:   00007fb1faacc9d8 0000000000000001
0x000000011ba5a1f0:   000000011ba5a240 00000000000014dd
0x000000011ba5a200:   00007fb100000009 00007fb1fc2091e8
0x000000011ba5a210:   00007fb1fc208dc0 00007fb1fc209198
0x000000011ba5a220:   00000000000003d8 0000000124bd4b70
0x000000011ba5a230:   0000000000000000 00007fb1fc81f000
0x000000011ba5a240:   000000011ba5a290 000000010aecaa81
0x000000011ba5a250:   00007fb1fc81f000 00007fb201464300
0x000000011ba5a260:   000000011ba5a2b8 00007fb1fc2091e8
0x000000011ba5a270:   000000011ba5a290 000000010af43dfe
0x000000011ba5a280:   00007fb1fc81f000 00007fb1fc81f000
0x000000011ba5a290:   000000011ba5a2d0 00007fb1fa4a9f30
0x000000011ba5a2a0:   0000000000000000 00000006fbefb650
0x000000011ba5a2b0:   00007fb201242d70 00007fb1fc81f000
0x000000011ba5a2c0:   000000011ba5a2e0 0000000125e082a4
0x000000011ba5a2d0:   00000006fbefb650 000000011ba5a368
0x000000011ba5a2e0:   000000011ba5a340 000000010c715698
0x000000011ba5a2f0:   000000011ba5a3d0 00007fb201383880
0x000000011ba5a300:   000000011ba5a300 00000006fbefb650
0x000000011ba5a310:   000000011ba5a368 00000006fbeffb78
0x000000011ba5a320:   0000000000000000 00000006fbefb650
0x000000011ba5a330:   0000000000000000 000000011ba5a360
0x000000011ba5a340:   000000011ba5a3c0 000000010c709058
0x000000011ba5a350:   00000007aeb1a338 000000010c711cd8
0x000000011ba5a360:   00007fb1fa4a9f30 00000007aef9ee50
0x000000011ba5a370:   0000000000000019 00000007aef9ee50
0x000000011ba5a380:   000000011ba5a370 00000006fbf00851
0x000000011ba5a390:   000000011ba5a3d0 00000006fbf023f0 

Instructions: (pc=0x0000000125e2408e)
0x0000000125e2406e:   ff ff 4c 8b ad 08 ff ff ff 4c 8d b5 10 ff ff ff
0x0000000125e2407e:   4d 39 f5 0f 84 88 00 00 00 49 8b 7d 20 48 8b 07
0x0000000125e2408e:   48 8b 40 28 48 89 de ff d0 49 8b 45 08 48 85 c0
0x0000000125e2409e:   74 0e 49 89 c5 49 8b 45 00 48 85 c0 75 f4 eb d0 

Register to memory mapping:

RAX=0x500007fb20122092 is an unknown value
RBX=0x00007fb1fa4a9f30 is an unknown value
RCX=0x0000000000000000 is an unknown value
RDX=0x00007fb201242de0 is an unknown value
RSP=0x000000011ba5a1a0 is pointing into the stack for thread: 0x00007fb1fc81f000
RBP=0x000000011ba5a2c0 is pointing into the stack for thread: 0x00007fb1fc81f000
RSI=0x0001ca000001ca00 is an unknown value
RDI=0x00007fb201240e00 is an unknown value
R8 =0x000000011ba5a0c0 is pointing into the stack for thread: 0x00007fb1fc81f000
R9 =0x00000000c0000000 is an unknown value
R10=0x000000010c71566c is at code_begin+620 in an Interpreter codelet
method entry point (kind = native)  [0x000000010c715400, 0x000000010c715c40]  2112 bytes
R11=0x000000010af402a7: throw_unsatisfied_link_error+0 in /Applications/jMonkeyPlatform.app/Contents/Resources/jmonkeyplatform/jdk/jre/lib/server/libjvm.dylib at 0x000000010aad0000
R12=0x00007fb1faacc600 is an unknown value
R13=0x00007fb20131c7b0 is an unknown value
R14=0x000000011ba5a1d0 is pointing into the stack for thread: 0x00007fb1fc81f000
R15=0x00007fb1faacca58 is an unknown value


Stack: [0x000000011b95b000,0x000000011ba5b000],  sp=0x000000011ba5a1a0,  free space=1020k
Native frames: (J=compiled Java code, j=interpreted, Vv=VM code, C=native code)
C  [libLeap.dylib+0x2b08e]  _ZNK4Leap14InteractionBox9toCStringEv+0x2c8e
C  [libLeap.dylib+0xf2a4]  _ZN4Leap10ControllerD0Ev+0x34
j  com.leapmotion.leap.LeapJNI.delete_Controller(J)V+0
j  com.leapmotion.leap.Controller.delete()V+25
j  com.leapmotion.leap.Controller.finalize()V+1
v  ~StubRoutines::call_stub
V  [libjvm.dylib+0x2d6bb0]
V  [libjvm.dylib+0x2d6980]
V  [libjvm.dylib+0x30a425]
V  [libjvm.dylib+0x2fdf96]
C  [libjava.dylib+0x299c]  Java_java_lang_ref_Finalizer_invokeFinalizeMethod+0x58
j  java.lang.ref.Finalizer.invokeFinalizeMethod(Ljava/lang/Object;)V+0
j  java.lang.ref.Finalizer.runFinalizer()V+45
j  java.lang.ref.Finalizer.access$100(Ljava/lang/ref/Finalizer;)V+1
j  java.lang.ref.Finalizer$FinalizerThread.run()V+24
v  ~StubRoutines::call_stub
V  [libjvm.dylib+0x2d6bb0]
V  [libjvm.dylib+0x2d70c7]
V  [libjvm.dylib+0x2d7204]
V  [libjvm.dylib+0x3261ea]
V  [libjvm.dylib+0x4efb57]
V  [libjvm.dylib+0x4f125f]
V  [libjvm.dylib+0x41b1d6]
C  [libsystem_pthread.dylib+0x32fc]  _pthread_body+0x83
C  [libsystem_pthread.dylib+0x3279]  _pthread_body+0x0
C  [libsystem_pthread.dylib+0x14b1]  thread_start+0xd

Java frames: (J=compiled Java code, j=interpreted, Vv=VM code)
j  com.leapmotion.leap.LeapJNI.delete_Controller(J)V+0
j  com.leapmotion.leap.Controller.delete()V+25
j  com.leapmotion.leap.Controller.finalize()V+1
v  ~StubRoutines::call_stub
j  java.lang.ref.Finalizer.invokeFinalizeMethod(Ljava/lang/Object;)V+0
j  java.lang.ref.Finalizer.runFinalizer()V+45
j  java.lang.ref.Finalizer.access$100(Ljava/lang/ref/Finalizer;)V+1
j  java.lang.ref.Finalizer$FinalizerThread.run()V+24
v  ~StubRoutines::call_stub

---------------  P R O C E S S  ---------------

Java Threads: ( => current thread )
  0x00007fb1fcac1000 JavaThread "AWT-Shutdown" [_thread_blocked, id=14351, stack(0x000000011dcb4000,0x000000011ddb4000)]
  0x00007fb1faa30800 JavaThread "DestroyJavaVM" [_thread_blocked, id=4867, stack(0x000000010c601000,0x000000010c701000)]
  0x00007fb1fca5a800 JavaThread "TimerQueue" daemon [_thread_blocked, id=60771, stack(0x000000012b364000,0x000000012b464000)]
  0x00007fb1fb878000 JavaThread "Timer-0" daemon [_thread_blocked, id=54787, stack(0x0000000122f86000,0x0000000123086000)]
  0x00007fb1fb1a1000 JavaThread "Java2D Disposer" daemon [_thread_blocked, id=54027, stack(0x0000000122d01000,0x0000000122e01000)]
  0x00007fb1fc919000 JavaThread "Java2D Queue Flusher" daemon [_thread_blocked, id=51975, stack(0x000000012202c000,0x000000012212c000)]
  0x00007fb1fb809800 JavaThread "AppKit Thread" daemon [_thread_in_native, id=1299, stack(0x00007fff551ae000,0x00007fff5522e000)]
  0x00007fb1fa841800 JavaThread "Service Thread" daemon [_thread_blocked, id=19715, stack(0x000000011d5b1000,0x000000011d6b1000)]
  0x00007fb1fa83f800 JavaThread "C2 CompilerThread1" daemon [_thread_blocked, id=19203, stack(0x000000011d4ae000,0x000000011d5ae000)]
  0x00007fb1fb010800 JavaThread "C2 CompilerThread0" daemon [_thread_blocked, id=18691, stack(0x000000011d3ab000,0x000000011d4ab000)]
  0x00007fb1fc834800 JavaThread "Signal Dispatcher" daemon [_thread_blocked, id=15383, stack(0x000000011d2a8000,0x000000011d3a8000)]
=>0x00007fb1fc81f000 JavaThread "Finalizer" daemon [_thread_in_native, id=13571, stack(0x000000011b95b000,0x000000011ba5b000)]
  0x00007fb1fc81c000 JavaThread "Reference Handler" daemon [_thread_blocked, id=13059, stack(0x000000011b858000,0x000000011b958000)]

Other Threads:
  0x00007fb1fc81b800 VMThread [stack: 0x000000011b755000,0x000000011b855000] [id=12547]
  0x00007fb1fa842800 WatcherThread [stack: 0x000000011d6b4000,0x000000011d7b4000] [id=20227]

VM state:not at safepoint (normal execution)

VM Mutex/Monitor currently owned by a thread: None

Heap
 PSYoungGen      total 76800K, used 5864K [0x00000007aaa80000, 0x00000007b0000000, 0x0000000800000000)
  eden space 66048K, 1% used [0x00000007aaa80000,0x00000007aab83560,0x00000007aeb00000)
  from space 10752K, 44% used [0x00000007aeb00000,0x00000007aefb6e30,0x00000007af580000)
  to   space 10752K, 0% used [0x00000007af580000,0x00000007af580000,0x00000007b0000000)
 ParOldGen       total 174592K, used 987K [0x0000000700000000, 0x000000070aa80000, 0x00000007aaa80000)
  object space 174592K, 0% used [0x0000000700000000,0x00000007000f6f88,0x000000070aa80000)
 PSPermGen       total 21504K, used 18111K [0x00000006fae00000, 0x00000006fc300000, 0x0000000700000000)
  object space 21504K, 84% used [0x00000006fae00000,0x00000006fbfaffa8,0x00000006fc300000)

Card table byte_map: [0x000000010f7c3000,0x000000010ffed000] byte_map_base: 0x000000010bfec000

Polling page: 0x000000010b577000

Code Cache  [0x000000010c703000, 0x000000010c973000, 0x000000010f703000)
 total_blobs=929 nmethods=331 adapters=552 free_code_cache=47831Kb largest_free_block=48900800

Compilation events (10 events):
Event: 6.195 Thread 0x00007fb1fb010800 nmethod 337 0x000000010c85edd0 code [0x000000010c85ef00, 0x000000010c85ef78]
Event: 6.195 Thread 0x00007fb1fb010800  338             com.jme3.light.LightList::sort (118 bytes)
Event: 6.198 Thread 0x00007fb1fb010800 nmethod 338 0x000000010c7c3850 code [0x000000010c7c39c0, 0x000000010c7c3d48]
Event: 6.204 Thread 0x00007fb1fa83f800 nmethod 332 0x000000010c85cc90 code [0x000000010c85cf20, 0x000000010c85db60]
Event: 6.208 Thread 0x00007fb1fb010800  339             com.jme3.scene.Geometry::updateWorldBound (107 bytes)
Event: 6.218 Thread 0x00007fb1fb010800 nmethod 339 0x000000010c828810 code [0x000000010c828aa0, 0x000000010c8296f0]
Event: 6.225 Thread 0x00007fb1fa83f800  340             com.jme3.scene.Geometry::updateWorldTransforms (32 bytes)
Event: 6.232 Thread 0x00007fb1fa83f800 nmethod 340 0x000000010c7e2b50 code [0x000000010c7e2d00, 0x000000010c7e34e8]
Event: 10.678 Thread 0x00007fb1fb010800  342             java.lang.ref.Reference::<init> (25 bytes)
Event: 10.678 Thread 0x00007fb1fb010800 nmethod 342 0x000000010c85c6d0 code [0x000000010c85c800, 0x000000010c85c8b8]

GC Heap History (6 events):
Event: 2.475 GC heap before
{Heap before GC invocations=1 (full 0):
 PSYoungGen      total 76800K, used 66048K [0x00000007aaa80000, 0x00000007b0000000, 0x0000000800000000)
  eden space 66048K, 100% used [0x00000007aaa80000,0x00000007aeb00000,0x00000007aeb00000)
  from space 10752K, 0% used [0x00000007af580000,0x00000007af580000,0x00000007b0000000)
  to   space 10752K, 0% used [0x00000007aeb00000,0x00000007aeb00000,0x00000007af580000)
 ParOldGen       total 174592K, used 0K [0x0000000700000000, 0x000000070aa80000, 0x00000007aaa80000)
  object space 174592K, 0% used [0x0000000700000000,0x0000000700000000,0x000000070aa80000)
 PSPermGen       total 21504K, used 17720K [0x00000006fae00000, 0x00000006fc300000, 0x0000000700000000)
  object space 21504K, 82% used [0x00000006fae00000,0x00000006fbf4e378,0x00000006fc300000)
Event: 2.485 GC heap after
Heap after GC invocations=1 (full 0):
 PSYoungGen      total 76800K, used 10720K [0x00000007aaa80000, 0x00000007b0000000, 0x0000000800000000)
  eden space 66048K, 0% used [0x00000007aaa80000,0x00000007aaa80000,0x00000007aeb00000)
  from space 10752K, 99% used [0x00000007aeb00000,0x00000007af578240,0x00000007af580000)
  to   space 10752K, 0% used [0x00000007af580000,0x00000007af580000,0x00000007b0000000)
 ParOldGen       total 174592K, used 971K [0x0000000700000000, 0x000000070aa80000, 0x00000007aaa80000)
  object space 174592K, 0% used [0x0000000700000000,0x00000007000f2f88,0x000000070aa80000)
 PSPermGen       total 21504K, used 17720K [0x00000006fae00000, 0x00000006fc300000, 0x0000000700000000)
  object space 21504K, 82% used [0x00000006fae00000,0x00000006fbf4e378,0x00000006fc300000)
}
Event: 7.066 GC heap before
{Heap before GC invocations=2 (full 0):
 PSYoungGen      total 76800K, used 76768K [0x00000007aaa80000, 0x00000007b0000000, 0x0000000800000000)
  eden space 66048K, 100% used [0x00000007aaa80000,0x00000007aeb00000,0x00000007aeb00000)
  from space 10752K, 99% used [0x00000007aeb00000,0x00000007af578240,0x00000007af580000)
  to   space 10752K, 0% used [0x00000007af580000,0x00000007af580000,0x00000007b0000000)
 ParOldGen       total 174592K, used 971K [0x0000000700000000, 0x000000070aa80000, 0x00000007aaa80000)
  object space 174592K, 0% used [0x0000000700000000,0x00000007000f2f88,0x000000070aa80000)
 PSPermGen       total 21504K, used 18103K [0x00000006fae00000, 0x00000006fc300000, 0x0000000700000000)
  object space 21504K, 84% used [0x00000006fae00000,0x00000006fbfadfa0,0x00000006fc300000)
Event: 7.073 GC heap after
Heap after GC invocations=2 (full 0):
 PSYoungGen      total 76800K, used 9299K [0x00000007aaa80000, 0x00000007b0000000, 0x0000000800000000)
  eden space 66048K, 0% used [0x00000007aaa80000,0x00000007aaa80000,0x00000007aeb00000)
  from space 10752K, 86% used [0x00000007af580000,0x00000007afe94e58,0x00000007b0000000)
  to   space 10752K, 0% used [0x00000007aeb00000,0x00000007aeb00000,0x00000007af580000)
 ParOldGen       total 174592K, used 979K [0x0000000700000000, 0x000000070aa80000, 0x00000007aaa80000)
  object space 174592K, 0% used [0x0000000700000000,0x00000007000f4f88,0x000000070aa80000)
 PSPermGen       total 21504K, used 18103K [0x00000006fae00000, 0x00000006fc300000, 0x0000000700000000)
  object space 21504K, 84% used [0x00000006fae00000,0x00000006fbfadfa0,0x00000006fc300000)
}
Event: 10.690 GC heap before
{Heap before GC invocations=3 (full 0):
 PSYoungGen      total 76800K, used 75347K [0x00000007aaa80000, 0x00000007b0000000, 0x0000000800000000)
  eden space 66048K, 100% used [0x00000007aaa80000,0x00000007aeb00000,0x00000007aeb00000)
  from space 10752K, 86% used [0x00000007af580000,0x00000007afe94e58,0x00000007b0000000)
  to   space 10752K, 0% used [0x00000007aeb00000,0x00000007aeb00000,0x00000007af580000)
 ParOldGen       total 174592K, used 979K [0x0000000700000000, 0x000000070aa80000, 0x00000007aaa80000)
  object space 174592K, 0% used [0x0000000700000000,0x00000007000f4f88,0x000000070aa80000)
 PSPermGen       total 21504K, used 18111K [0x00000006fae00000, 0x00000006fc300000, 0x0000000700000000)
  object space 21504K, 84% used [0x00000006fae00000,0x00000006fbfafca8,0x00000006fc300000)
Event: 10.695 GC heap after
Heap after GC invocations=3 (full 0):
 PSYoungGen      total 76800K, used 4827K [0x00000007aaa80000, 0x00000007b0000000, 0x0000000800000000)
  eden space 66048K, 0% used [0x00000007aaa80000,0x00000007aaa80000,0x00000007aeb00000)
  from space 10752K, 44% used [0x00000007aeb00000,0x00000007aefb6e30,0x00000007af580000)
  to   space 10752K, 0% used [0x00000007af580000,0x00000007af580000,0x00000007b0000000)
 ParOldGen       total 174592K, used 987K [0x0000000700000000, 0x000000070aa80000, 0x00000007aaa80000)
  object space 174592K, 0% used [0x0000000700000000,0x00000007000f6f88,0x000000070aa80000)
 PSPermGen       total 21504K, used 18111K [0x00000006fae00000, 0x00000006fc300000, 0x0000000700000000)
  object space 21504K, 84% used [0x00000006fae00000,0x00000006fbfafca8,0x00000006fc300000)
}

Deoptimization events (10 events):
Event: 2.776 Thread 0x00007fb1faac2000 Uncommon trap: reason=array_check action=maybe_recompile pc=0x000000010c7fc54c method=com.jme3.util.SortUtil.merge([Ljava/lang/Object;[Ljava/lang/Object;IIILjava/util/Comparator;)V @ 72
Event: 2.776 Thread 0x00007fb1faac2000 Uncommon trap: reason=array_check action=maybe_recompile pc=0x000000010c7fc54c method=com.jme3.util.SortUtil.merge([Ljava/lang/Object;[Ljava/lang/Object;IIILjava/util/Comparator;)V @ 72
Event: 2.859 Thread 0x00007fb1faac2000 Uncommon trap: reason=predicate action=maybe_recompile pc=0x000000010c8162e8 method=com.jme3.util.SortUtil.merge([Ljava/lang/Object;[Ljava/lang/Object;IIILjava/util/Comparator;)V @ 104
Event: 2.961 Thread 0x00007fb1faac2000 Uncommon trap: reason=array_check action=maybe_recompile pc=0x000000010c827d28 method=com.jme3.util.SortUtil.merge([Ljava/lang/Object;[Ljava/lang/Object;IIILjava/util/Comparator;)V @ 116
Event: 2.976 Thread 0x00007fb1faac2000 Uncommon trap: reason=array_check action=maybe_recompile pc=0x000000010c827d28 method=com.jme3.util.SortUtil.merge([Ljava/lang/Object;[Ljava/lang/Object;IIILjava/util/Comparator;)V @ 116
Event: 3.045 Thread 0x00007fb1faac2000 Uncommon trap: reason=array_check action=maybe_recompile pc=0x000000010c82de80 method=com.jme3.util.SortUtil.merge([Ljava/lang/Object;[Ljava/lang/Object;IIILjava/util/Comparator;)V @ 137
Event: 3.059 Thread 0x00007fb1faac2000 Uncommon trap: reason=array_check action=maybe_recompile pc=0x000000010c82de80 method=com.jme3.util.SortUtil.merge([Ljava/lang/Object;[Ljava/lang/Object;IIILjava/util/Comparator;)V @ 137
Event: 3.143 Thread 0x00007fb1faac2000 Uncommon trap: reason=array_check action=maybe_recompile pc=0x000000010c834cec method=com.jme3.util.SortUtil.merge([Ljava/lang/Object;[Ljava/lang/Object;IIILjava/util/Comparator;)V @ 94
Event: 3.143 Thread 0x00007fb1faac2000 Uncommon trap: reason=array_check action=maybe_recompile pc=0x000000010c834cec method=com.jme3.util.SortUtil.merge([Ljava/lang/Object;[Ljava/lang/Object;IIILjava/util/Comparator;)V @ 94
Event: 6.243 Thread 0x00007fb1faac2000 Uncommon trap: reason=class_check action=maybe_recompile pc=0x000000010c846d9c method=com.jme3.scene.Spatial.updateGeometricState()V @ 23

Internal exceptions (10 events):
Event: 2.544 Thread 0x00007fb1faac2000 Threw 0x00000007ab0f7888 at /HUDSON/workspace/7u-2-build-macosx-x86_64/jdk7u51/527/hotspot/src/share/vm/prims/jvm.cpp:1244
Event: 2.545 Thread 0x00007fb1faac2000 Threw 0x00000007ab0fc6b8 at /HUDSON/workspace/7u-2-build-macosx-x86_64/jdk7u51/527/hotspot/src/share/vm/prims/jvm.cpp:1244
Event: 2.546 Thread 0x00007fb1faac2000 Threw 0x00000007ab0ffe30 at /HUDSON/workspace/7u-2-build-macosx-x86_64/jdk7u51/527/hotspot/src/share/vm/prims/jvm.cpp:1244
Event: 2.558 Thread 0x00007fb1faac2000 Threw 0x00000007ab107f40 at /HUDSON/workspace/7u-2-build-macosx-x86_64/jdk7u51/527/hotspot/src/share/vm/prims/jvm.cpp:1244
Event: 2.558 Thread 0x00007fb1faac2000 Threw 0x00000007ab10c6d8 at /HUDSON/workspace/7u-2-build-macosx-x86_64/jdk7u51/527/hotspot/src/share/vm/prims/jvm.cpp:1244
Event: 3.108 Thread 0x00007fb1faac2000 Threw 0x00000007ab117428 at /HUDSON/workspace/7u-2-build-macosx-x86_64/jdk7u51/527/hotspot/src/share/vm/prims/jvm.cpp:1244
Event: 3.108 Thread 0x00007fb1faac2000 Threw 0x00000007ab11b078 at /HUDSON/workspace/7u-2-build-macosx-x86_64/jdk7u51/527/hotspot/src/share/vm/prims/jvm.cpp:1244
Event: 3.109 Thread 0x00007fb1faac2000 Threw 0x00000007ab11e368 at /HUDSON/workspace/7u-2-build-macosx-x86_64/jdk7u51/527/hotspot/src/share/vm/prims/jvm.cpp:1244
Event: 7.901 Thread 0x00007fb1faac2000 Threw 0x00000007aab6f0f8 at /HUDSON/workspace/7u-2-build-macosx-x86_64/jdk7u51/527/hotspot/src/share/vm/prims/jvm.cpp:1244
Event: 8.439 Thread 0x00007fb1fc9ef800 Threw 0x00000007ac52f7b8 at /HUDSON/workspace/7u-2-build-macosx-x86_64/jdk7u51/527/hotspot/src/share/vm/prims/jvm.cpp:2965

Events (10 events):
Event: 10.653 Thread 0x00007fb200062000 Thread added: 0x00007fb200062000
Event: 10.653 Thread 0x00007fb200062000 Thread exited: 0x00007fb200062000
Event: 10.677 Thread 0x00007fb1fa927800 Thread added: 0x00007fb1fa927800
Event: 10.678 Thread 0x00007fb1fa927800 Thread exited: 0x00007fb1fa927800
Event: 10.690 Thread 0x00007fb1fb13e000 Thread added: 0x00007fb1fb13e000
Event: 10.690 Executing VM operation: ParallelGCFailedAllocation
Event: 10.695 Executing VM operation: ParallelGCFailedAllocation done
Event: 10.695 Thread 0x00007fb1fb13e000 Thread exited: 0x00007fb1fb13e000
Event: 10.702 Thread 0x00007fb1fb8f1000 Thread added: 0x00007fb1fb8f1000
Event: 10.702 Thread 0x00007fb1fb8f1000 Thread exited: 0x00007fb1fb8f1000


Dynamic libraries:
0x00000000049cd000 	/System/Library/Frameworks/Cocoa.framework/Versions/A/Cocoa
0x00000000049cd000 	/System/Library/Frameworks/Security.framework/Versions/A/Security
0x00000000049cd000 	/System/Library/Frameworks/ApplicationServices.framework/Versions/A/ApplicationServices
0x00000000049cd000 	/usr/lib/libz.1.dylib
0x00000000049cd000 	/usr/lib/libSystem.B.dylib
0x00000000049cd000 	/usr/lib/libobjc.A.dylib
0x00000000049cd000 	/System/Library/Frameworks/CoreFoundation.framework/Versions/A/CoreFoundation
0x00000000049cd000 	/System/Library/Frameworks/Foundation.framework/Versions/C/Foundation
0x00000000049cd000 	/System/Library/Frameworks/AppKit.framework/Versions/C/AppKit
0x00000000049cd000 	/System/Library/Frameworks/CoreData.framework/Versions/A/CoreData
0x00000000049cd000 	/System/Library/PrivateFrameworks/RemoteViewServices.framework/Versions/A/RemoteViewServices
0x00000000049cd000 	/System/Library/PrivateFrameworks/UIFoundation.framework/Versions/A/UIFoundation
0x00000000049cd000 	/System/Library/Frameworks/IOSurface.framework/Versions/A/IOSurface
0x00000000049cd000 	/System/Library/Frameworks/AudioToolbox.framework/Versions/A/AudioToolbox
0x00000000049cd000 	/System/Library/Frameworks/AudioUnit.framework/Versions/A/AudioUnit
0x00000000049cd000 	/System/Library/PrivateFrameworks/DataDetectorsCore.framework/Versions/A/DataDetectorsCore
0x00000000049cd000 	/System/Library/PrivateFrameworks/DesktopServicesPriv.framework/Versions/A/DesktopServicesPriv
0x00000000049cd000 	/System/Library/Frameworks/Carbon.framework/Versions/A/Frameworks/HIToolbox.framework/Versions/A/HIToolbox
0x00000000049cd000 	/System/Library/Frameworks/QuartzCore.framework/Versions/A/QuartzCore
0x00000000049cd000 	/System/Library/Frameworks/Carbon.framework/Versions/A/Frameworks/SpeechRecognition.framework/Versions/A/SpeechRecognition
0x00000000049cd000 	/usr/lib/libauto.dylib
0x00000000049cd000 	/usr/lib/libicucore.A.dylib
0x00000000049cd000 	/usr/lib/libxml2.2.dylib
0x00000000049cd000 	/System/Library/PrivateFrameworks/CoreUI.framework/Versions/A/CoreUI
0x00000000049cd000 	/System/Library/Frameworks/CoreAudio.framework/Versions/A/CoreAudio
0x00000000049cd000 	/System/Library/Frameworks/DiskArbitration.framework/Versions/A/DiskArbitration
0x00000000049cd000 	/usr/lib/liblangid.dylib
0x00000000049cd000 	/System/Library/PrivateFrameworks/MultitouchSupport.framework/Versions/A/MultitouchSupport
0x00000000049cd000 	/System/Library/Frameworks/IOKit.framework/Versions/A/IOKit
0x00000000049cd000 	/usr/lib/libDiagnosticMessagesClient.dylib
0x00000000049cd000 	/System/Library/Frameworks/CoreServices.framework/Versions/A/CoreServices
0x00000000049cd000 	/System/Library/PrivateFrameworks/PerformanceAnalysis.framework/Versions/A/PerformanceAnalysis
0x00000000049cd000 	/System/Library/PrivateFrameworks/GenerationalStorage.framework/Versions/A/GenerationalStorage
0x00000000049cd000 	/System/Library/Frameworks/OpenGL.framework/Versions/A/OpenGL
0x00000000049cd000 	/System/Library/PrivateFrameworks/Sharing.framework/Versions/A/Sharing
0x00000000049cd000 	/System/Library/Frameworks/CoreGraphics.framework/Versions/A/CoreGraphics
0x00000000049cd000 	/System/Library/Frameworks/CoreText.framework/Versions/A/CoreText
0x00000000049cd000 	/System/Library/Frameworks/ImageIO.framework/Versions/A/ImageIO
0x00000000049cd000 	/usr/lib/libextension.dylib
0x00000000049cd000 	/System/Library/PrivateFrameworks/Backup.framework/Versions/A/Backup
0x00000000049cd000 	/usr/lib/libarchive.2.dylib
0x00000000049cd000 	/System/Library/Frameworks/CFNetwork.framework/Versions/A/CFNetwork
0x00000000049cd000 	/System/Library/Frameworks/SystemConfiguration.framework/Versions/A/SystemConfiguration
0x00000000049cd000 	/usr/lib/libCRFSuite.dylib
0x00000000049cd000 	/usr/lib/libc++.1.dylib
0x00000000049cd000 	/usr/lib/libc++abi.dylib
0x00000000049cd000 	/usr/lib/system/libcache.dylib
0x00000000049cd000 	/usr/lib/system/libcommonCrypto.dylib
0x00000000049cd000 	/usr/lib/system/libcompiler_rt.dylib
0x00000000049cd000 	/usr/lib/system/libcopyfile.dylib
0x00000000049cd000 	/usr/lib/system/libcorecrypto.dylib
0x00000000049cd000 	/usr/lib/system/libdispatch.dylib
0x00000000049cd000 	/usr/lib/system/libdyld.dylib
0x00000000049cd000 	/usr/lib/system/libkeymgr.dylib
0x00000000049cd000 	/usr/lib/system/liblaunch.dylib
0x00000000049cd000 	/usr/lib/system/libmacho.dylib
0x00000000049cd000 	/usr/lib/system/libquarantine.dylib
0x00000000049cd000 	/usr/lib/system/libremovefile.dylib
0x00000000049cd000 	/usr/lib/system/libsystem_asl.dylib
0x00000000049cd000 	/usr/lib/system/libsystem_blocks.dylib
0x00000000049cd000 	/usr/lib/system/libsystem_c.dylib
0x00000000049cd000 	/usr/lib/system/libsystem_configuration.dylib
0x00000000049cd000 	/usr/lib/system/libsystem_coreservices.dylib
0x00000000049cd000 	/usr/lib/system/libsystem_coretls.dylib
0x00000000049cd000 	/usr/lib/system/libsystem_dnssd.dylib
0x00000000049cd000 	/usr/lib/system/libsystem_info.dylib
0x00000000049cd000 	/usr/lib/system/libsystem_kernel.dylib
0x00000000049cd000 	/usr/lib/system/libsystem_m.dylib
0x00000000049cd000 	/usr/lib/system/libsystem_malloc.dylib
0x00000000049cd000 	/usr/lib/system/libsystem_network.dylib
0x00000000049cd000 	/usr/lib/system/libsystem_networkextension.dylib
0x00000000049cd000 	/usr/lib/system/libsystem_notify.dylib
0x00000000049cd000 	/usr/lib/system/libsystem_platform.dylib
0x00000000049cd000 	/usr/lib/system/libsystem_pthread.dylib
0x00000000049cd000 	/usr/lib/system/libsystem_sandbox.dylib
0x00000000049cd000 	/usr/lib/system/libsystem_secinit.dylib
0x00000000049cd000 	/usr/lib/system/libsystem_stats.dylib
0x00000000049cd000 	/usr/lib/system/libsystem_trace.dylib
0x00000000049cd000 	/usr/lib/system/libunc.dylib
0x00000000049cd000 	/usr/lib/system/libunwind.dylib
0x00000000049cd000 	/usr/lib/system/libxpc.dylib
0x00000000049cd000 	/usr/lib/libbz2.1.0.dylib
0x00000000049cd000 	/usr/lib/liblzma.5.dylib
0x00000000049cd000 	/usr/lib/libbsm.0.dylib
0x00000000049cd000 	/usr/lib/libsqlite3.dylib
0x00000000049cd000 	/usr/lib/system/libkxld.dylib
0x00000000049cd000 	/usr/lib/libxar.1.dylib
0x00000000049cd000 	/usr/lib/libpam.2.dylib
0x00000000049cd000 	/usr/lib/libOpenScriptingUtil.dylib
0x00000000049cd000 	/System/Library/Frameworks/CoreServices.framework/Versions/A/Frameworks/FSEvents.framework/Versions/A/FSEvents
0x00000000049cd000 	/System/Library/Frameworks/CoreServices.framework/Versions/A/Frameworks/CarbonCore.framework/Versions/A/CarbonCore
0x00000000049cd000 	/System/Library/Frameworks/CoreServices.framework/Versions/A/Frameworks/Metadata.framework/Versions/A/Metadata
0x00000000049cd000 	/System/Library/Frameworks/CoreServices.framework/Versions/A/Frameworks/OSServices.framework/Versions/A/OSServices
0x00000000049cd000 	/System/Library/Frameworks/CoreServices.framework/Versions/A/Frameworks/SearchKit.framework/Versions/A/SearchKit
0x00000000049cd000 	/System/Library/Frameworks/CoreServices.framework/Versions/A/Frameworks/AE.framework/Versions/A/AE
0x00000000049cd000 	/System/Library/Frameworks/CoreServices.framework/Versions/A/Frameworks/LaunchServices.framework/Versions/A/LaunchServices
0x00000000049cd000 	/System/Library/Frameworks/CoreServices.framework/Versions/A/Frameworks/DictionaryServices.framework/Versions/A/DictionaryServices
0x00000000049cd000 	/System/Library/Frameworks/NetFS.framework/Versions/A/NetFS
0x00000000049cd000 	/System/Library/PrivateFrameworks/NetAuth.framework/Versions/A/NetAuth
0x00000000049cd000 	/System/Library/PrivateFrameworks/login.framework/Versions/A/Frameworks/loginsupport.framework/Versions/A/loginsupport
0x00000000049cd000 	/System/Library/PrivateFrameworks/TCC.framework/Versions/A/TCC
0x00000000049cd000 	/usr/lib/libmecabra.dylib
0x00000000049cd000 	/System/Library/PrivateFrameworks/LanguageModeling.framework/Versions/A/LanguageModeling
0x00000000049cd000 	/usr/lib/libcmph.dylib
0x00000000049cd000 	/usr/lib/libiconv.2.dylib
0x00000000049cd000 	/System/Library/Frameworks/OpenDirectory.framework/Versions/A/Frameworks/CFOpenDirectory.framework/Versions/A/CFOpenDirectory
0x00000000049cd000 	/System/Library/Frameworks/ServiceManagement.framework/Versions/A/ServiceManagement
0x00000000049cd000 	/usr/lib/libxslt.1.dylib
0x00000000049cd000 	/System/Library/Frameworks/Carbon.framework/Versions/A/Frameworks/Ink.framework/Versions/A/Ink
0x00000000049cd000 	/System/Library/Frameworks/ApplicationServices.framework/Versions/A/Frameworks/ATS.framework/Versions/A/ATS
0x00000000049cd000 	/System/Library/Frameworks/ApplicationServices.framework/Versions/A/Frameworks/ColorSync.framework/Versions/A/ColorSync
0x00000000049cd000 	/System/Library/Frameworks/ApplicationServices.framework/Versions/A/Frameworks/HIServices.framework/Versions/A/HIServices
0x00000000049cd000 	/System/Library/Frameworks/ApplicationServices.framework/Versions/A/Frameworks/LangAnalysis.framework/Versions/A/LangAnalysis
0x00000000049cd000 	/System/Library/Frameworks/ApplicationServices.framework/Versions/A/Frameworks/PrintCore.framework/Versions/A/PrintCore
0x00000000049cd000 	/System/Library/Frameworks/ApplicationServices.framework/Versions/A/Frameworks/QD.framework/Versions/A/QD
0x00000000049cd000 	/System/Library/Frameworks/ApplicationServices.framework/Versions/A/Frameworks/SpeechSynthesis.framework/Versions/A/SpeechSynthesis
0x00000000049cd000 	/System/Library/Frameworks/Accelerate.framework/Versions/A/Accelerate
0x00000000049cd000 	/System/Library/Frameworks/Accelerate.framework/Versions/A/Frameworks/vImage.framework/Versions/A/vImage
0x00000000049cd000 	/System/Library/Frameworks/Accelerate.framework/Versions/A/Frameworks/vecLib.framework/Versions/A/vecLib
0x00000000049cd000 	/System/Library/Frameworks/Accelerate.framework/Versions/A/Frameworks/vecLib.framework/Versions/A/libvDSP.dylib
0x00000000049cd000 	/System/Library/Frameworks/Accelerate.framework/Versions/A/Frameworks/vecLib.framework/Versions/A/libvMisc.dylib
0x00000000049cd000 	/System/Library/Frameworks/Accelerate.framework/Versions/A/Frameworks/vecLib.framework/Versions/A/libLAPACK.dylib
0x00000000049cd000 	/System/Library/Frameworks/Accelerate.framework/Versions/A/Frameworks/vecLib.framework/Versions/A/libBLAS.dylib
0x00000000049cd000 	/System/Library/Frameworks/Accelerate.framework/Versions/A/Frameworks/vecLib.framework/Versions/A/libLinearAlgebra.dylib
0x00000000049cd000 	/System/Library/Frameworks/ApplicationServices.framework/Versions/A/Frameworks/ATS.framework/Versions/A/Resources/libFontParser.dylib
0x00000000049cd000 	/System/Library/Frameworks/ApplicationServices.framework/Versions/A/Frameworks/ATS.framework/Versions/A/Resources/libFontRegistry.dylib
0x00000000049cd000 	/System/Library/PrivateFrameworks/AppleVPA.framework/Versions/A/AppleVPA
0x00000000049cd000 	/System/Library/PrivateFrameworks/AppleJPEG.framework/Versions/A/AppleJPEG
0x00000000049cd000 	/System/Library/Frameworks/ImageIO.framework/Versions/A/Resources/libJPEG.dylib
0x00000000049cd000 	/System/Library/Frameworks/ImageIO.framework/Versions/A/Resources/libTIFF.dylib
0x00000000049cd000 	/System/Library/Frameworks/ImageIO.framework/Versions/A/Resources/libPng.dylib
0x00000000049cd000 	/System/Library/Frameworks/ImageIO.framework/Versions/A/Resources/libGIF.dylib
0x00000000049cd000 	/System/Library/Frameworks/ImageIO.framework/Versions/A/Resources/libJP2.dylib
0x00000000049cd000 	/System/Library/Frameworks/ImageIO.framework/Versions/A/Resources/libRadiance.dylib
0x00000000049cd000 	/System/Library/Frameworks/CoreVideo.framework/Versions/A/CoreVideo
0x00000000049cd000 	/System/Library/Frameworks/OpenGL.framework/Versions/A/Libraries/libGLU.dylib
0x00000000049cd000 	/System/Library/Frameworks/OpenGL.framework/Versions/A/Libraries/libGFXShared.dylib
0x00000000049cd000 	/System/Library/Frameworks/OpenGL.framework/Versions/A/Libraries/libGL.dylib
0x00000000049cd000 	/System/Library/Frameworks/OpenGL.framework/Versions/A/Libraries/libGLImage.dylib
0x00000000049cd000 	/System/Library/Frameworks/OpenGL.framework/Versions/A/Libraries/libCVMSPluginSupport.dylib
0x00000000049cd000 	/System/Library/Frameworks/OpenGL.framework/Versions/A/Libraries/libCoreVMClient.dylib
0x00000000049cd000 	/usr/lib/libcups.2.dylib
0x00000000049cd000 	/System/Library/Frameworks/Kerberos.framework/Versions/A/Kerberos
0x00000000049cd000 	/System/Library/Frameworks/GSS.framework/Versions/A/GSS
0x00000000049cd000 	/usr/lib/libresolv.9.dylib
0x00000000049cd000 	/System/Library/PrivateFrameworks/Heimdal.framework/Versions/A/Heimdal
0x00000000049cd000 	/usr/lib/libheimdal-asn1.dylib
0x00000000049cd000 	/System/Library/Frameworks/OpenDirectory.framework/Versions/A/OpenDirectory
0x00000000049cd000 	/System/Library/PrivateFrameworks/CommonAuth.framework/Versions/A/CommonAuth
0x00000000049cd000 	/System/Library/Frameworks/SecurityFoundation.framework/Versions/A/SecurityFoundation
0x00000000049cd000 	/System/Library/Frameworks/QuartzCore.framework/Versions/A/Frameworks/CoreImage.framework/Versions/A/CoreImage
0x00000000049cd000 	/System/Library/PrivateFrameworks/CrashReporterSupport.framework/Versions/A/CrashReporterSupport
0x00000000049cd000 	/System/Library/Frameworks/OpenCL.framework/Versions/A/OpenCL
0x00000000049cd000 	/System/Library/PrivateFrameworks/FaceCore.framework/Versions/A/FaceCore
0x00000000049cd000 	/System/Library/PrivateFrameworks/Ubiquity.framework/Versions/A/Ubiquity
0x00000000049cd000 	/System/Library/PrivateFrameworks/IconServices.framework/Versions/A/IconServices
0x00000000049cd000 	/System/Library/PrivateFrameworks/ChunkingLibrary.framework/Versions/A/ChunkingLibrary
0x00000000049cd000 	/System/Library/PrivateFrameworks/Apple80211.framework/Versions/A/Apple80211
0x00000000049cd000 	/System/Library/Frameworks/CoreWLAN.framework/Versions/A/CoreWLAN
0x00000000049cd000 	/System/Library/Frameworks/IOBluetooth.framework/Versions/A/IOBluetooth
0x00000000049cd000 	/System/Library/PrivateFrameworks/CoreWiFi.framework/Versions/A/CoreWiFi
0x00000000049cd000 	/System/Library/Frameworks/CoreBluetooth.framework/Versions/A/CoreBluetooth
0x00000000049cd000 	/System/Library/PrivateFrameworks/DebugSymbols.framework/Versions/A/DebugSymbols
0x00000000049cd000 	/System/Library/PrivateFrameworks/CoreSymbolication.framework/Versions/A/CoreSymbolication
0x00000000049cd000 	/System/Library/PrivateFrameworks/Symbolication.framework/Versions/A/Symbolication
0x00000000049cd000 	/System/Library/PrivateFrameworks/SpeechRecognitionCore.framework/Versions/A/SpeechRecognitionCore
0x000000010aad0000 	/Applications/jMonkeyPlatform.app/Contents/Resources/jmonkeyplatform/jdk/jre/lib/server/libjvm.dylib
0x00000000049cd000 	/usr/lib/libstdc++.6.dylib
0x000000010b53a000 	/Applications/jMonkeyPlatform.app/Contents/Resources/jmonkeyplatform/jdk/jre/lib/libverify.dylib
0x000000010b547000 	/Applications/jMonkeyPlatform.app/Contents/Resources/jmonkeyplatform/jdk/jre/lib/libjava.dylib
0x000000010b581000 	/Applications/jMonkeyPlatform.app/Contents/Resources/jmonkeyplatform/jdk/jre/lib/libzip.dylib
0x000000011ba5d000 	/System/Library/Frameworks/JavaVM.framework/Frameworks/JavaRuntimeSupport.framework/JavaRuntimeSupport
0x000000011ba75000 	/System/Library/Frameworks/JavaVM.framework/Versions/A/Frameworks/JavaNativeFoundation.framework/Versions/A/JavaNativeFoundation
0x000000011ba8a000 	/System/Library/Frameworks/JavaVM.framework/Versions/A/JavaVM
0x00000000049cd000 	/System/Library/Frameworks/Carbon.framework/Versions/A/Carbon
0x000000011ba97000 	/System/Library/PrivateFrameworks/JavaLaunching.framework/Versions/A/JavaLaunching
0x00000000049cd000 	/System/Library/Frameworks/Carbon.framework/Versions/A/Frameworks/CommonPanels.framework/Versions/A/CommonPanels
0x00000000049cd000 	/System/Library/Frameworks/Carbon.framework/Versions/A/Frameworks/Help.framework/Versions/A/Help
0x00000000049cd000 	/System/Library/Frameworks/Carbon.framework/Versions/A/Frameworks/ImageCapture.framework/Versions/A/ImageCapture
0x00000000049cd000 	/System/Library/Frameworks/Carbon.framework/Versions/A/Frameworks/OpenScripting.framework/Versions/A/OpenScripting
0x00000000049cd000 	/System/Library/Frameworks/Carbon.framework/Versions/A/Frameworks/Print.framework/Versions/A/Print
0x00000000049cd000 	/System/Library/Frameworks/Carbon.framework/Versions/A/Frameworks/SecurityHI.framework/Versions/A/SecurityHI
0x000000011d9f8000 	/Applications/jMonkeyPlatform.app/Contents/Resources/jmonkeyplatform/jdk/jre/lib/libawt.dylib
0x000000011daa7000 	/Applications/jMonkeyPlatform.app/Contents/Resources/jmonkeyplatform/jdk/jre/lib/./libmlib_image.dylib
0x000000011db73000 	/Applications/jMonkeyPlatform.app/Contents/Resources/jmonkeyplatform/jdk/jre/lib/lwawt/liblwawt.dylib
0x000000011dc27000 	/Applications/jMonkeyPlatform.app/Contents/Resources/jmonkeyplatform/jdk/jre/lib/libosxapp.dylib
0x00000000049cd000 	/System/Library/Frameworks/ExceptionHandling.framework/Versions/A/ExceptionHandling
0x00000000049cd000 	/System/Library/PrivateFrameworks/CoreServicesInternal.framework/Versions/A/CoreServicesInternal
0x00000000049cd000 	/System/Library/PrivateFrameworks/CloudDocs.framework/Versions/A/CloudDocs
0x00000000049cd000 	/System/Library/PrivateFrameworks/CoreDuet.framework/Versions/A/CoreDuet
0x00000000049cd000 	/System/Library/Frameworks/CloudKit.framework/Versions/A/CloudKit
0x00000000049cd000 	/System/Library/PrivateFrameworks/ProtocolBuffer.framework/Versions/A/ProtocolBuffer
0x00000000049cd000 	/System/Library/PrivateFrameworks/CoreDuetDaemonProtocol.framework/Versions/A/CoreDuetDaemonProtocol
0x00000000049cd000 	/System/Library/PrivateFrameworks/CoreDuetDebugLogging.framework/Versions/A/CoreDuetDebugLogging
0x00000000049cd000 	/System/Library/Frameworks/CoreLocation.framework/Versions/A/CoreLocation
0x00000000049cd000 	/System/Library/Frameworks/Accounts.framework/Versions/A/Accounts
0x00000000049cd000 	/System/Library/PrivateFrameworks/ApplePushService.framework/Versions/A/ApplePushService
0x00000000049cd000 	/System/Library/PrivateFrameworks/GeoServices.framework/Versions/A/GeoServices
0x00000000049cd000 	/System/Library/PrivateFrameworks/OAuth.framework/Versions/A/OAuth
0x00000000049cd000 	/System/Library/PrivateFrameworks/CoreDaemon.framework/Versions/B/CoreDaemon
0x00000000049cd000 	/usr/lib/libcrypto.0.9.8.dylib
0x00000000049cd000 	/System/Library/PrivateFrameworks/AppleSRP.framework/Versions/A/AppleSRP
0x00000000049cd000 	/System/Library/PrivateFrameworks/TrustEvaluationAgent.framework/Versions/A/TrustEvaluationAgent
0x00000000049cd000 	/System/Library/Frameworks/CoreGraphics.framework/Versions/A/Resources/libCGCMS.A.dylib
0x00000000049cd000 	/System/Library/Frameworks/CoreGraphics.framework/Versions/A/Resources/libRIP.A.dylib
0x00000000049cd000 	/System/Library/Frameworks/CoreGraphics.framework/Versions/A/Resources/libCGXType.A.dylib
0x00000000049cd000 	/System/Library/Frameworks/OpenCL.framework/Versions/A/Libraries/libcldcpuengine.dylib
0x00000000049cd000 	/System/Library/PrivateFrameworks/DiskImages.framework/Versions/A/DiskImages
0x00000000049cd000 	/System/Library/Frameworks/DiscRecording.framework/Versions/A/DiscRecording
0x00000000049cd000 	/usr/lib/libcsfde.dylib
0x00000000049cd000 	/usr/lib/libcurl.4.dylib
0x00000000049cd000 	/System/Library/PrivateFrameworks/MediaKit.framework/Versions/A/MediaKit
0x00000000049cd000 	/System/Library/PrivateFrameworks/ProtectedCloudStorage.framework/Versions/A/ProtectedCloudStorage
0x00000000049cd000 	/usr/lib/libCoreStorage.dylib
0x00000000049cd000 	/System/Library/PrivateFrameworks/EFILogin.framework/Versions/A/EFILogin
0x00000000049cd000 	/usr/lib/libutil.dylib
0x00000000049cd000 	/System/Library/PrivateFrameworks/FindMyDevice.framework/Versions/A/FindMyDevice
0x00000000049cd000 	/System/Library/Frameworks/LDAP.framework/Versions/A/LDAP
0x00000000049cd000 	/usr/lib/libsasl2.2.dylib
0x0000000120c84000 	cl_kernels
0x0000000120c86000 	/System/Library/Frameworks/OpenCL.framework/Versions/A/Libraries/ImageFormats/unorm8_bgra.dylib
0x0000000120c76000 	cl_kernels
0x00000000049cd000 	/System/Library/PrivateFrameworks/FamilyControls.framework/Versions/A/FamilyControls
0x00000000049cd000 	/System/Library/PrivateFrameworks/CommerceKit.framework/Versions/A/Frameworks/CommerceCore.framework/Versions/A/CommerceCore
0x00000000049cd000 	/System/Library/PrivateFrameworks/SystemAdministration.framework/Versions/A/SystemAdministration
0x00000000049cd000 	/System/Library/PrivateFrameworks/AppContainer.framework/Versions/A/AppContainer
0x00000000049cd000 	/System/Library/PrivateFrameworks/SecCodeWrapper.framework/Versions/A/SecCodeWrapper
0x00000000049cd000 	/System/Library/Frameworks/DirectoryService.framework/Versions/A/DirectoryService
0x00000000049cd000 	/System/Library/PrivateFrameworks/LoginUIKit.framework/Versions/A/Frameworks/LoginUICore.framework/Versions/A/LoginUICore
0x00000000049cd000 	/usr/lib/libodfde.dylib
0x00000000049cd000 	/System/Library/Frameworks/OpenGL.framework/Versions/A/Resources/GLEngine.bundle/GLEngine
0x00000000049cd000 	/System/Library/Frameworks/OpenGL.framework/Versions/A/Libraries/libGLProgrammability.dylib
0x0000000000000000 	/System/Library/Extensions/AppleIntelHD4000GraphicsGLDriver.bundle/Contents/MacOS/AppleIntelHD4000GraphicsGLDriver
0x00000000049cd000 	/System/Library/PrivateFrameworks/IOAccelerator.framework/Versions/A/IOAccelerator
0x00000000049cd000 	/System/Library/PrivateFrameworks/GPUSupport.framework/Versions/A/Libraries/libGPUSupportMercury.dylib
0x0000000000000000 	/System/Library/Extensions/GeForceGLDriver.bundle/Contents/MacOS/GeForceGLDriver
0x00000000049cd000 	/System/Library/Extensions/GeForceGLDriver.bundle/Contents/MacOS/libclh.dylib
0x00000000049cd000 	/System/Library/Frameworks/OpenGL.framework/Versions/A/Resources/GLRendererFloat.bundle/GLRendererFloat
0x0000000122e03000 	/Applications/jMonkeyPlatform.app/Contents/Resources/jmonkeyplatform/jdk/jre/lib/libfontmanager.dylib
0x0000000122f6d000 	/Applications/jMonkeyPlatform.app/Contents/Resources/jmonkeyplatform/jdk/jre/lib/libosxui.dylib
0x0000000122f77000 	/Applications/jMonkeyPlatform.app/Contents/Resources/jmonkeyplatform/jdk/jre/lib/libosx.dylib
0x0000000124d00000 	/Applications/jMonkeyPlatform.app/Contents/Resources/jmonkeyplatform/jdk/jre/lib/libnet.dylib
0x0000000124c58000 	/Applications/jMonkeyPlatform.app/Contents/Resources/jmonkeyplatform/jdk/jre/lib/libnio.dylib
0x00000000049cd000 	/System/Library/Frameworks/Accelerate.framework/Versions/A/Frameworks/vImage.framework/Versions/A/Libraries/libCGInterfaces.dylib
0x0000000123f03000 	/Users/crisscrosskao/Documents/GitHub/CubeField/liblwjgl.dylib
0x0000000123275000 	/Applications/jMonkeyPlatform.app/Contents/Resources/jmonkeyplatform/jdk/jre/lib/libjawt.dylib
0x000000012467c000 	/Users/crisscrosskao/Documents/GitHub/CubeField/openal.dylib
0x0000000124873000 	/System/Library/Components/CoreAudio.component/Contents/MacOS/CoreAudio
0x00000001240c0000 	/System/Library/Extensions/AppleHDA.kext/Contents/PlugIns/AppleHDAHALPlugIn.bundle/Contents/MacOS/AppleHDAHALPlugIn
0x0000000124bc5000 	/Users/crisscrosskao/Documents/GitHub/CubeField/leapLib/libLeapJava.dylib
0x0000000125df9000 	/Users/crisscrosskao/Documents/GitHub/CubeField/leapLib/libLeap.dylib

VM Arguments:
jvm_args: -Dfile.encoding=UTF-8 -Djava.library.path=/Users/crisscrosskao/Documents/GitHub/CubeField/leapLib 
java_command: mygame.Main
Launcher Type: SUN_STANDARD

Environment Variables:
PATH=/usr/bin:/bin:/usr/sbin:/sbin
LD_LIBRARY_PATH=/Applications/jMonkeyPlatform.app/Contents/MacOS/../Resources/jmonkeyplatform/bin/../jdk/jre/lib/amd64:/Applications/jMonkeyPlatform.app/Contents/MacOS/../Resources/jmonkeyplatform/bin/../jdk/jre/lib/i386:
SHELL=/bin/bash
DISPLAY=/private/tmp/com.apple.launchd.LZG1NhT1sX/org.macosforge.xquartz:0

Signal Handlers:
SIGSEGV: [libjvm.dylib+0x525425], sa_mask[0]=0xfffefeff, sa_flags=0x00000043
SIGBUS: [libjvm.dylib+0x525425], sa_mask[0]=0xfffefeff, sa_flags=0x00000042
SIGFPE: [libjvm.dylib+0x41892a], sa_mask[0]=0xfffefeff, sa_flags=0x00000042
SIGPIPE: [libjvm.dylib+0x41892a], sa_mask[0]=0xfffefeff, sa_flags=0x00000042
SIGXFSZ: [libjvm.dylib+0x41892a], sa_mask[0]=0xfffefeff, sa_flags=0x00000042
SIGILL: [libjvm.dylib+0x41892a], sa_mask[0]=0xfffefeff, sa_flags=0x00000042
SIGUSR1: SIG_DFL, sa_mask[0]=0x00000000, sa_flags=0x00000000
SIGUSR2: [libjvm.dylib+0x41841c], sa_mask[0]=0x00000004, sa_flags=0x00000042
SIGHUP: [libjvm.dylib+0x4166ab], sa_mask[0]=0xfffefeff, sa_flags=0x00000042
SIGINT: SIG_IGN, sa_mask[0]=0x00000000, sa_flags=0x00000000
SIGTERM: [libjvm.dylib+0x4166ab], sa_mask[0]=0xfffefeff, sa_flags=0x00000042
SIGQUIT: [libjvm.dylib+0x4166ab], sa_mask[0]=0xfffefeff, sa_flags=0x00000042


---------------  S Y S T E M  ---------------

OS:Bsduname:Darwin 14.0.0 Darwin Kernel Version 14.0.0: Fri Sep 19 00:26:44 PDT 2014; root:xnu-2782.1.97~2/RELEASE_X86_64 x86_64
rlimit: STACK 8192k, CORE 0k, NPROC 709, NOFILE 10240, AS infinity
load average:1.57 1.49 1.43

CPU:total 8 (4 cores per cpu, 2 threads per core) family 6 model 58 stepping 9, cmov, cx8, fxsr, mmx, sse, sse2, sse3, ssse3, sse4.1, sse4.2, popcnt, avx, aes, erms, ht, tsc, tscinvbit, tscinv

Memory: 4k page, physical 16777216k(4194304k free)

/proc/meminfo:


vm_info: Java HotSpot(TM) 64-Bit Server VM (24.51-b03) for bsd-amd64 JRE (1.7.0_51-b13), built on Dec 18 2013 18:45:56 by "java_re" with gcc 4.2.1 (Based on Apple Inc. build 5658) (LLVM build 2336.11.00)

time: Wed Dec 10 16:12:31 2014
elapsed time: 10 seconds

