#
# A fatal error has been detected by the Java Runtime Environment:
#
#  SIGSEGV (0xb) at pc=0x000000012447a08e, pid=29188, tid=13571
#
# JRE version: Java(TM) SE Runtime Environment (7.0_51-b13) (build 1.7.0_51-b13)
# Java VM: Java HotSpot(TM) 64-Bit Server VM (24.51-b03 mixed mode bsd-amd64 compressed oops)
# Problematic frame:
# C  [libLeap.dylib+0x2b08e]  _ZNK4Leap14InteractionBox9toCStringEv+0x2c8e
#
# Failed to write core dump. Core dumps have been disabled. To enable core dumping, try "ulimit -c unlimited" before starting Java again
#
# If you would like to submit a bug report, please visit:
#   http://bugreport.sun.com/bugreport/crash.jsp
# The crash happened outside the Java Virtual Machine in native code.
# See problematic frame for where to report the bug.
#

---------------  T H R E A D  ---------------

Current thread (0x00007f87a3006800):  JavaThread "Finalizer" daemon [_thread_in_native, id=13571, stack(0x000000011a028000,0x000000011a128000)]

siginfo:si_signo=SIGSEGV: si_errno=0, si_code=0 (SEGV0), si_addr=0x0000000000000000

Registers:
RAX=0x6d6f635f6176614a, RBX=0x00007f87a8a26d60, RCX=0x0000000000000000, RDX=0x00007f87a8a28700
RSP=0x000000011a1271a0, RBP=0x000000011a1272c0, RSI=0x00001a0000001a00, RDI=0x00007f87a1f22590
R8 =0x000000011a1270c0, R9 =0x00000000fff00000, R10=0x000000010ad7166c, R11=0x000000010a6702a7
R12=0x00007f87a39afa00, R13=0x00007f87a1f6d510, R14=0x000000011a1271d0, R15=0x00007f87a39afe58
RIP=0x000000012447a08e, EFLAGS=0x0000000000010202, ERR=0x0000000000000000
  TRAPNO=0x000000000000000d

Top of Stack: (sp=0x000000011a1271a0)
0x000000011a1271a0:   00007f87a39afb90 000000010a5fa714
0x000000011a1271b0:   00007f87a3006800 000000010a4d1ea4
0x000000011a1271c0:   00007fff718919c8 00007f87a1f6d510
0x000000011a1271d0:   00007f87a1f6d510 0000000000000001
0x000000011a1271e0:   00007f87a39afdd8 0000000000000001
0x000000011a1271f0:   000000011a127240 00000000000014dd
0x000000011a127200:   00007f8700000009 00007f87a1e07d38
0x000000011a127210:   00007f87a1e07910 00007f87a1e07ce8
0x000000011a127220:   00000000000003d8 0000000122d1db70
0x000000011a127230:   0000000000000000 00007f87a3006800
0x000000011a127240:   000000011a127290 000000010a5faa81
0x000000011a127250:   00007f87a3006800 00007f87a3006800
0x000000011a127260:   000000011a1272b8 00007f87a1e07d38
0x000000011a127270:   000000011a127290 000000010a673dfe
0x000000011a127280:   00007f87a3006800 00007f87a3006800
0x000000011a127290:   000000011a1272d0 00007f87a8a26d60
0x000000011a1272a0:   0000000000000000 00000006fbed1008
0x000000011a1272b0:   00007f87a8a28690 00007f87a3006800
0x000000011a1272c0:   000000011a1272e0 000000012445e2a4
0x000000011a1272d0:   00000006fbed1008 000000011a127368
0x000000011a1272e0:   000000011a127340 000000010ad71698
0x000000011a1272f0:   00000006fb8fcab8 00007f87a8a26d60
0x000000011a127300:   000000011a127300 00000006fbed1008
0x000000011a127310:   000000011a127368 00000006fbed5530
0x000000011a127320:   0000000000000000 00000006fbed1008
0x000000011a127330:   0000000000000000 000000011a127360
0x000000011a127340:   000000011a1273c0 000000010ad65058
0x000000011a127350:   00000007aeb09f68 000000010ad6dcd8
0x000000011a127360:   00007f87a8a26d60 00000007af2dad98
0x000000011a127370:   0000000000000009 00000007af2dad98
0x000000011a127380:   000000011a127370 00000006fbed6209
0x000000011a127390:   000000011a1273d0 00000006fbed7da8 

Instructions: (pc=0x000000012447a08e)
0x000000012447a06e:   ff ff 4c 8b ad 08 ff ff ff 4c 8d b5 10 ff ff ff
0x000000012447a07e:   4d 39 f5 0f 84 88 00 00 00 49 8b 7d 20 48 8b 07
0x000000012447a08e:   48 8b 40 28 48 89 de ff d0 49 8b 45 08 48 85 c0
0x000000012447a09e:   74 0e 49 89 c5 49 8b 45 00 48 85 c0 75 f4 eb d0 

Register to memory mapping:

RAX=0x6d6f635f6176614a is an unknown value
RBX=0x00007f87a8a26d60 is an unknown value
RCX=0x0000000000000000 is an unknown value
RDX=0x00007f87a8a28700 is an unknown value
RSP=0x000000011a1271a0 is pointing into the stack for thread: 0x00007f87a3006800
RBP=0x000000011a1272c0 is pointing into the stack for thread: 0x00007f87a3006800
RSI=0x00001a0000001a00 is an unknown value
RDI=0x00007f87a1f22590 is an unknown value
R8 =0x000000011a1270c0 is pointing into the stack for thread: 0x00007f87a3006800
R9 =0x00000000fff00000 is an unknown value
R10=0x000000010ad7166c is at code_begin+620 in an Interpreter codelet
method entry point (kind = native)  [0x000000010ad71400, 0x000000010ad71c40]  2112 bytes
R11=0x000000010a6702a7: throw_unsatisfied_link_error+0 in /Applications/jMonkeyPlatform.app/Contents/Resources/jmonkeyplatform/jdk/jre/lib/server/libjvm.dylib at 0x000000010a200000
R12=0x00007f87a39afa00 is an unknown value
R13=0x00007f87a1f6d510 is an unknown value
R14=0x000000011a1271d0 is pointing into the stack for thread: 0x00007f87a3006800
R15=0x00007f87a39afe58 is an unknown value


Stack: [0x000000011a028000,0x000000011a128000],  sp=0x000000011a1271a0,  free space=1020k
Native frames: (J=compiled Java code, j=interpreted, Vv=VM code, C=native code)
C  [libLeap.dylib+0x2b08e]  _ZNK4Leap14InteractionBox9toCStringEv+0x2c8e
C  [libLeap.dylib+0xf2a4]  _ZN4Leap10ControllerD0Ev+0x34
j  com.leapmotion.leap.LeapJNI.delete_Controller(J)V+0
j  com.leapmotion.leap.Controller.delete()V+25
j  com.leapmotion.leap.Controller.finalize()V+1
v  ~StubRoutines::call_stub
V  [libjvm.dylib+0x2d6bb0]
V  [libjvm.dylib+0x2d6980]
V  [libjvm.dylib+0x30a425]
V  [libjvm.dylib+0x2fdf96]
C  [libjava.dylib+0x299c]  Java_java_lang_ref_Finalizer_invokeFinalizeMethod+0x58
j  java.lang.ref.Finalizer.invokeFinalizeMethod(Ljava/lang/Object;)V+0
j  java.lang.ref.Finalizer.runFinalizer()V+45
j  java.lang.ref.Finalizer.access$100(Ljava/lang/ref/Finalizer;)V+1
j  java.lang.ref.Finalizer$FinalizerThread.run()V+24
v  ~StubRoutines::call_stub
V  [libjvm.dylib+0x2d6bb0]
V  [libjvm.dylib+0x2d70c7]
V  [libjvm.dylib+0x2d7204]
V  [libjvm.dylib+0x3261ea]
V  [libjvm.dylib+0x4efb57]
V  [libjvm.dylib+0x4f125f]
V  [libjvm.dylib+0x41b1d6]
C  [libsystem_pthread.dylib+0x32fc]  _pthread_body+0x83
C  [libsystem_pthread.dylib+0x3279]  _pthread_body+0x0
C  [libsystem_pthread.dylib+0x14b1]  thread_start+0xd

Java frames: (J=compiled Java code, j=interpreted, Vv=VM code)
j  com.leapmotion.leap.LeapJNI.delete_Controller(J)V+0
j  com.leapmotion.leap.Controller.delete()V+25
j  com.leapmotion.leap.Controller.finalize()V+1
v  ~StubRoutines::call_stub
j  java.lang.ref.Finalizer.invokeFinalizeMethod(Ljava/lang/Object;)V+0
j  java.lang.ref.Finalizer.runFinalizer()V+45
j  java.lang.ref.Finalizer.access$100(Ljava/lang/ref/Finalizer;)V+1
j  java.lang.ref.Finalizer$FinalizerThread.run()V+24
v  ~StubRoutines::call_stub

---------------  P R O C E S S  ---------------

Java Threads: ( => current thread )
  0x00007f87a4800000 JavaThread "DestroyJavaVM" [_thread_blocked, id=4867, stack(0x000000010ac54000,0x000000010ad54000)]
  0x00007f87a2af5800 JavaThread "TimerQueue" daemon [_thread_blocked, id=61315, stack(0x0000000129830000,0x0000000129930000)]
  0x00007f87a30d4800 JavaThread "Image Fetcher 0" daemon [_thread_blocked, id=55819, stack(0x0000000121701000,0x0000000121801000)]
  0x00007f87a2a3f000 JavaThread "Timer-0" daemon [_thread_blocked, id=55303, stack(0x00000001215fe000,0x00000001216fe000)]
  0x00007f87a30bb800 JavaThread "AWT-EventQueue-0" [_thread_blocked, id=54531, stack(0x00000001214e4000,0x00000001215e4000)]
  0x00007f87a209a800 JavaThread "Java2D Disposer" daemon [_thread_blocked, id=44583, stack(0x000000012137a000,0x000000012147a000)]
  0x00007f87a208b800 JavaThread "Java2D Queue Flusher" daemon [_thread_blocked, id=51975, stack(0x00000001206a5000,0x00000001207a5000)]
  0x00007f87a3908800 JavaThread "AWT-Shutdown" [_thread_blocked, id=29459, stack(0x000000011d730000,0x000000011d830000)]
  0x00007f87a3008000 JavaThread "AppKit Thread" daemon [_thread_in_native, id=1299, stack(0x00007fff56ae4000,0x00007fff56b64000)]
  0x00007f87a383f800 JavaThread "Service Thread" daemon [_thread_blocked, id=19715, stack(0x000000011bc7b000,0x000000011bd7b000)]
  0x00007f87a2031000 JavaThread "C2 CompilerThread1" daemon [_thread_blocked, id=19203, stack(0x000000011bb78000,0x000000011bc78000)]
  0x00007f87a202f800 JavaThread "C2 CompilerThread0" daemon [_thread_blocked, id=18691, stack(0x000000011ba75000,0x000000011bb75000)]
  0x00007f87a202c800 JavaThread "Signal Dispatcher" daemon [_thread_blocked, id=15383, stack(0x000000011b972000,0x000000011ba72000)]
=>0x00007f87a3006800 JavaThread "Finalizer" daemon [_thread_in_native, id=13571, stack(0x000000011a028000,0x000000011a128000)]
  0x00007f87a3003800 JavaThread "Reference Handler" daemon [_thread_blocked, id=13059, stack(0x0000000119f25000,0x000000011a025000)]

Other Threads:
  0x00007f87a3003000 VMThread [stack: 0x0000000119e22000,0x0000000119f22000] [id=12547]
  0x00007f87a383e800 WatcherThread [stack: 0x000000011bd7e000,0x000000011be7e000] [id=20227]

VM state:not at safepoint (normal execution)

VM Mutex/Monitor currently owned by a thread: None

Heap
 PSYoungGen      total 76800K, used 14477K [0x00000007aaa80000, 0x00000007b0000000, 0x0000000800000000)
  eden space 66048K, 6% used [0x00000007aaa80000,0x00000007aae5ecb0,0x00000007aeb00000)
  from space 10752K, 97% used [0x00000007aeb00000,0x00000007af544790,0x00000007af580000)
  to   space 10752K, 0% used [0x00000007af580000,0x00000007af580000,0x00000007b0000000)
 ParOldGen       total 174592K, used 8K [0x0000000700000000, 0x000000070aa80000, 0x00000007aaa80000)
  object space 174592K, 0% used [0x0000000700000000,0x0000000700002000,0x000000070aa80000)
 PSPermGen       total 21504K, used 17616K [0x00000006fae00000, 0x00000006fc300000, 0x0000000700000000)
  object space 21504K, 81% used [0x00000006fae00000,0x00000006fbf343c0,0x00000006fc300000)

Card table byte_map: [0x000000010de1f000,0x000000010e649000] byte_map_base: 0x000000010a648000

Polling page: 0x00000001091ee000

Code Cache  [0x000000010ad5f000, 0x000000010afcf000, 0x000000010dd5f000)
 total_blobs=672 nmethods=91 adapters=535 free_code_cache=48355Kb largest_free_block=49485056

Compilation events (10 events):
Event: 2.452 Thread 0x00007f87a202f800   87             java.util.regex.Pattern$Curly::match0 (174 bytes)
Event: 2.458 Thread 0x00007f87a2031000   88             java.util.Arrays::binarySearch0 (95 bytes)
Event: 2.462 Thread 0x00007f87a2031000 nmethod 88 0x000000010ae1e690 code [0x000000010ae1e7e0, 0x000000010ae1e998]
Event: 2.462 Thread 0x00007f87a2031000   89             sun.java2d.loops.GraphicsPrimitiveMgr$2::compare (39 bytes)
Event: 2.463 Thread 0x00007f87a2031000 nmethod 89 0x000000010ae17850 code [0x000000010ae179a0, 0x000000010ae17a98]
Event: 2.480 Thread 0x00007f87a202f800 nmethod 87 0x000000010ae2a910 code [0x000000010ae2ac00, 0x000000010ae2c0a0]
Event: 2.481 Thread 0x00007f87a2031000   90             java.lang.Integer::reverseBytes (26 bytes)
Event: 2.481 Thread 0x00007f87a2031000 nmethod 90 0x000000010ae1e3d0 code [0x000000010ae1e500, 0x000000010ae1e578]
Event: 4.503 Thread 0x00007f87a202f800   91             java.util.concurrent.locks.AbstractOwnableSynchronizer::setExclusiveOwnerThread (6 bytes)
Event: 4.503 Thread 0x00007f87a202f800 nmethod 91 0x000000010ae17210 code [0x000000010ae17340, 0x000000010ae173b8]

GC Heap History (2 events):
Event: 5.211 GC heap before
{Heap before GC invocations=1 (full 0):
 PSYoungGen      total 76800K, used 66048K [0x00000007aaa80000, 0x00000007b0000000, 0x0000000800000000)
  eden space 66048K, 100% used [0x00000007aaa80000,0x00000007aeb00000,0x00000007aeb00000)
  from space 10752K, 0% used [0x00000007af580000,0x00000007af580000,0x00000007b0000000)
  to   space 10752K, 0% used [0x00000007aeb00000,0x00000007aeb00000,0x00000007af580000)
 ParOldGen       total 174592K, used 0K [0x0000000700000000, 0x000000070aa80000, 0x00000007aaa80000)
  object space 174592K, 0% used [0x0000000700000000,0x0000000700000000,0x000000070aa80000)
 PSPermGen       total 21504K, used 17616K [0x00000006fae00000, 0x00000006fc300000, 0x0000000700000000)
  object space 21504K, 81% used [0x00000006fae00000,0x00000006fbf343c0,0x00000006fc300000)
Event: 5.220 GC heap after
Heap after GC invocations=1 (full 0):
 PSYoungGen      total 76800K, used 10513K [0x00000007aaa80000, 0x00000007b0000000, 0x0000000800000000)
  eden space 66048K, 0% used [0x00000007aaa80000,0x00000007aaa80000,0x00000007aeb00000)
  from space 10752K, 97% used [0x00000007aeb00000,0x00000007af544790,0x00000007af580000)
  to   space 10752K, 0% used [0x00000007af580000,0x00000007af580000,0x00000007b0000000)
 ParOldGen       total 174592K, used 8K [0x0000000700000000, 0x000000070aa80000, 0x00000007aaa80000)
  object space 174592K, 0% used [0x0000000700000000,0x0000000700002000,0x000000070aa80000)
 PSPermGen       total 21504K, used 17616K [0x00000006fae00000, 0x00000006fc300000, 0x0000000700000000)
  object space 21504K, 81% used [0x00000006fae00000,0x00000006fbf343c0,0x00000006fc300000)
}

Deoptimization events (10 events):
Event: 2.451 Thread 0x00007f87a3255800 Uncommon trap: reason=bimorphic action=maybe_recompile pc=0x000000010ae214f4 method=java.util.regex.Pattern$Curly.match(Ljava/util/regex/Matcher;ILjava/lang/CharSequence;)Z @ 19
Event: 2.451 Thread 0x00007f87a3255800 Uncommon trap: reason=class_check action=maybe_recompile pc=0x000000010ae19030 method=java.util.regex.Pattern$5.isSatisfiedBy(I)Z @ 5
Event: 2.451 Thread 0x00007f87a3255800 Uncommon trap: reason=class_check action=maybe_recompile pc=0x000000010ae1dc98 method=java.util.regex.Pattern$5.isSatisfiedBy(I)Z @ 5
Event: 2.451 Thread 0x00007f87a3255800 Uncommon trap: reason=class_check action=maybe_recompile pc=0x000000010ae1d08c method=java.util.regex.Pattern$Curly.match0(Ljava/util/regex/Matcher;IILjava/lang/CharSequence;)Z @ 31
Event: 2.451 Thread 0x00007f87a3255800 Uncommon trap: reason=class_check action=maybe_recompile pc=0x000000010ae1d08c method=java.util.regex.Pattern$Curly.match0(Ljava/util/regex/Matcher;IILjava/lang/CharSequence;)Z @ 31
Event: 2.451 Thread 0x00007f87a3255800 Uncommon trap: reason=class_check action=maybe_recompile pc=0x000000010ae19030 method=java.util.regex.Pattern$5.isSatisfiedBy(I)Z @ 5
Event: 2.977 Thread 0x00007f87a30bb800 Uncommon trap: reason=class_check action=maybe_recompile pc=0x000000010addec58 method=java.lang.String.equals(Ljava/lang/Object;)Z @ 8
Event: 2.977 Thread 0x00007f87a30bb800 Uncommon trap: reason=class_check action=maybe_recompile pc=0x000000010addec58 method=java.lang.String.equals(Ljava/lang/Object;)Z @ 8
Event: 3.026 Thread 0x00007f87a30bb800 Uncommon trap: reason=class_check action=maybe_recompile pc=0x000000010addec58 method=java.lang.String.equals(Ljava/lang/Object;)Z @ 8
Event: 3.026 Thread 0x00007f87a30bb800 Uncommon trap: reason=class_check action=maybe_recompile pc=0x000000010addec58 method=java.lang.String.equals(Ljava/lang/Object;)Z @ 8

Internal exceptions (10 events):
Event: 2.441 Thread 0x00007f87a3255800 Threw 0x00000007ac95b3a8 at /HUDSON/workspace/7u-2-build-macosx-x86_64/jdk7u51/527/hotspot/src/share/vm/prims/jvm.cpp:1244
Event: 2.448 Thread 0x00007f87a3255800 Threw 0x00000007ac965920 at /HUDSON/workspace/7u-2-build-macosx-x86_64/jdk7u51/527/hotspot/src/share/vm/prims/jvm.cpp:1244
Event: 2.450 Thread 0x00007f87a3255800 Threw 0x00000007ac971768 at /HUDSON/workspace/7u-2-build-macosx-x86_64/jdk7u51/527/hotspot/src/share/vm/prims/jvm.cpp:1244
Event: 2.452 Thread 0x00007f87a3255800 Threw 0x00000007acaccf20 at /HUDSON/workspace/7u-2-build-macosx-x86_64/jdk7u51/527/hotspot/src/share/vm/prims/jvm.cpp:1244
Event: 2.457 Thread 0x00007f87a3255800 Threw 0x00000007acad0850 at /HUDSON/workspace/7u-2-build-macosx-x86_64/jdk7u51/527/hotspot/src/share/vm/prims/jvm.cpp:1244
Event: 2.480 Thread 0x00007f87a397d800 Threw 0x00000007acfee890 at /HUDSON/workspace/7u-2-build-macosx-x86_64/jdk7u51/527/hotspot/src/share/vm/prims/jvm.cpp:1244
Event: 2.482 Thread 0x00007f87a397d800 Threw 0x00000007acff6e70 at /HUDSON/workspace/7u-2-build-macosx-x86_64/jdk7u51/527/hotspot/src/share/vm/prims/jvm.cpp:1244
Event: 2.483 Thread 0x00007f87a397d800 Threw 0x00000007acffca60 at /HUDSON/workspace/7u-2-build-macosx-x86_64/jdk7u51/527/hotspot/src/share/vm/prims/jvm.cpp:1244
Event: 2.484 Thread 0x00007f87a397d800 Threw 0x00000007ad004cd8 at /HUDSON/workspace/7u-2-build-macosx-x86_64/jdk7u51/527/hotspot/src/share/vm/prims/jvm.cpp:1244
Event: 2.852 Thread 0x00007f87a21a4000 Threw 0x00000007ac60f458 at /HUDSON/workspace/7u-2-build-macosx-x86_64/jdk7u51/527/hotspot/src/share/vm/prims/jvm.cpp:2965

Events (10 events):
Event: 5.224 Executing VM operation: RevokeBias
Event: 5.224 Executing VM operation: RevokeBias done
Event: 5.224 Executing VM operation: RevokeBias
Event: 5.225 Executing VM operation: RevokeBias done
Event: 5.225 Executing VM operation: RevokeBias
Event: 5.225 Executing VM operation: RevokeBias done
Event: 5.225 Executing VM operation: RevokeBias
Event: 5.225 Executing VM operation: RevokeBias done
Event: 5.225 Executing VM operation: BulkRevokeBias
Event: 5.225 Executing VM operation: BulkRevokeBias done


Dynamic libraries:
0x0000000000a61000 	/System/Library/Frameworks/Cocoa.framework/Versions/A/Cocoa
0x0000000000a61000 	/System/Library/Frameworks/Security.framework/Versions/A/Security
0x0000000000a61000 	/System/Library/Frameworks/ApplicationServices.framework/Versions/A/ApplicationServices
0x0000000000a61000 	/usr/lib/libz.1.dylib
0x0000000000a61000 	/usr/lib/libSystem.B.dylib
0x0000000000a61000 	/usr/lib/libobjc.A.dylib
0x0000000000a61000 	/System/Library/Frameworks/CoreFoundation.framework/Versions/A/CoreFoundation
0x0000000000a61000 	/System/Library/Frameworks/Foundation.framework/Versions/C/Foundation
0x0000000000a61000 	/System/Library/Frameworks/AppKit.framework/Versions/C/AppKit
0x0000000000a61000 	/System/Library/Frameworks/CoreData.framework/Versions/A/CoreData
0x0000000000a61000 	/System/Library/PrivateFrameworks/RemoteViewServices.framework/Versions/A/RemoteViewServices
0x0000000000a61000 	/System/Library/PrivateFrameworks/UIFoundation.framework/Versions/A/UIFoundation
0x0000000000a61000 	/System/Library/Frameworks/IOSurface.framework/Versions/A/IOSurface
0x0000000000a61000 	/System/Library/Frameworks/AudioToolbox.framework/Versions/A/AudioToolbox
0x0000000000a61000 	/System/Library/Frameworks/AudioUnit.framework/Versions/A/AudioUnit
0x0000000000a61000 	/System/Library/PrivateFrameworks/DataDetectorsCore.framework/Versions/A/DataDetectorsCore
0x0000000000a61000 	/System/Library/PrivateFrameworks/DesktopServicesPriv.framework/Versions/A/DesktopServicesPriv
0x0000000000a61000 	/System/Library/Frameworks/Carbon.framework/Versions/A/Frameworks/HIToolbox.framework/Versions/A/HIToolbox
0x0000000000a61000 	/System/Library/Frameworks/QuartzCore.framework/Versions/A/QuartzCore
0x0000000000a61000 	/System/Library/Frameworks/Carbon.framework/Versions/A/Frameworks/SpeechRecognition.framework/Versions/A/SpeechRecognition
0x0000000000a61000 	/usr/lib/libauto.dylib
0x0000000000a61000 	/usr/lib/libicucore.A.dylib
0x0000000000a61000 	/usr/lib/libxml2.2.dylib
0x0000000000a61000 	/System/Library/PrivateFrameworks/CoreUI.framework/Versions/A/CoreUI
0x0000000000a61000 	/System/Library/Frameworks/CoreAudio.framework/Versions/A/CoreAudio
0x0000000000a61000 	/System/Library/Frameworks/DiskArbitration.framework/Versions/A/DiskArbitration
0x0000000000a61000 	/usr/lib/liblangid.dylib
0x0000000000a61000 	/System/Library/PrivateFrameworks/MultitouchSupport.framework/Versions/A/MultitouchSupport
0x0000000000a61000 	/System/Library/Frameworks/IOKit.framework/Versions/A/IOKit
0x0000000000a61000 	/usr/lib/libDiagnosticMessagesClient.dylib
0x0000000000a61000 	/System/Library/Frameworks/CoreServices.framework/Versions/A/CoreServices
0x0000000000a61000 	/System/Library/PrivateFrameworks/PerformanceAnalysis.framework/Versions/A/PerformanceAnalysis
0x0000000000a61000 	/System/Library/PrivateFrameworks/GenerationalStorage.framework/Versions/A/GenerationalStorage
0x0000000000a61000 	/System/Library/Frameworks/OpenGL.framework/Versions/A/OpenGL
0x0000000000a61000 	/System/Library/PrivateFrameworks/Sharing.framework/Versions/A/Sharing
0x0000000000a61000 	/System/Library/Frameworks/CoreGraphics.framework/Versions/A/CoreGraphics
0x0000000000a61000 	/System/Library/Frameworks/CoreText.framework/Versions/A/CoreText
0x0000000000a61000 	/System/Library/Frameworks/ImageIO.framework/Versions/A/ImageIO
0x0000000000a61000 	/usr/lib/libextension.dylib
0x0000000000a61000 	/System/Library/PrivateFrameworks/Backup.framework/Versions/A/Backup
0x0000000000a61000 	/usr/lib/libarchive.2.dylib
0x0000000000a61000 	/System/Library/Frameworks/CFNetwork.framework/Versions/A/CFNetwork
0x0000000000a61000 	/System/Library/Frameworks/SystemConfiguration.framework/Versions/A/SystemConfiguration
0x0000000000a61000 	/usr/lib/libCRFSuite.dylib
0x0000000000a61000 	/usr/lib/libc++.1.dylib
0x0000000000a61000 	/usr/lib/libc++abi.dylib
0x0000000000a61000 	/usr/lib/system/libcache.dylib
0x0000000000a61000 	/usr/lib/system/libcommonCrypto.dylib
0x0000000000a61000 	/usr/lib/system/libcompiler_rt.dylib
0x0000000000a61000 	/usr/lib/system/libcopyfile.dylib
0x0000000000a61000 	/usr/lib/system/libcorecrypto.dylib
0x0000000000a61000 	/usr/lib/system/libdispatch.dylib
0x0000000000a61000 	/usr/lib/system/libdyld.dylib
0x0000000000a61000 	/usr/lib/system/libkeymgr.dylib
0x0000000000a61000 	/usr/lib/system/liblaunch.dylib
0x0000000000a61000 	/usr/lib/system/libmacho.dylib
0x0000000000a61000 	/usr/lib/system/libquarantine.dylib
0x0000000000a61000 	/usr/lib/system/libremovefile.dylib
0x0000000000a61000 	/usr/lib/system/libsystem_asl.dylib
0x0000000000a61000 	/usr/lib/system/libsystem_blocks.dylib
0x0000000000a61000 	/usr/lib/system/libsystem_c.dylib
0x0000000000a61000 	/usr/lib/system/libsystem_configuration.dylib
0x0000000000a61000 	/usr/lib/system/libsystem_coreservices.dylib
0x0000000000a61000 	/usr/lib/system/libsystem_coretls.dylib
0x0000000000a61000 	/usr/lib/system/libsystem_dnssd.dylib
0x0000000000a61000 	/usr/lib/system/libsystem_info.dylib
0x0000000000a61000 	/usr/lib/system/libsystem_kernel.dylib
0x0000000000a61000 	/usr/lib/system/libsystem_m.dylib
0x0000000000a61000 	/usr/lib/system/libsystem_malloc.dylib
0x0000000000a61000 	/usr/lib/system/libsystem_network.dylib
0x0000000000a61000 	/usr/lib/system/libsystem_networkextension.dylib
0x0000000000a61000 	/usr/lib/system/libsystem_notify.dylib
0x0000000000a61000 	/usr/lib/system/libsystem_platform.dylib
0x0000000000a61000 	/usr/lib/system/libsystem_pthread.dylib
0x0000000000a61000 	/usr/lib/system/libsystem_sandbox.dylib
0x0000000000a61000 	/usr/lib/system/libsystem_secinit.dylib
0x0000000000a61000 	/usr/lib/system/libsystem_stats.dylib
0x0000000000a61000 	/usr/lib/system/libsystem_trace.dylib
0x0000000000a61000 	/usr/lib/system/libunc.dylib
0x0000000000a61000 	/usr/lib/system/libunwind.dylib
0x0000000000a61000 	/usr/lib/system/libxpc.dylib
0x0000000000a61000 	/usr/lib/libbz2.1.0.dylib
0x0000000000a61000 	/usr/lib/liblzma.5.dylib
0x0000000000a61000 	/usr/lib/libbsm.0.dylib
0x0000000000a61000 	/usr/lib/libsqlite3.dylib
0x0000000000a61000 	/usr/lib/system/libkxld.dylib
0x0000000000a61000 	/usr/lib/libxar.1.dylib
0x0000000000a61000 	/usr/lib/libpam.2.dylib
0x0000000000a61000 	/usr/lib/libOpenScriptingUtil.dylib
0x0000000000a61000 	/System/Library/Frameworks/CoreServices.framework/Versions/A/Frameworks/FSEvents.framework/Versions/A/FSEvents
0x0000000000a61000 	/System/Library/Frameworks/CoreServices.framework/Versions/A/Frameworks/CarbonCore.framework/Versions/A/CarbonCore
0x0000000000a61000 	/System/Library/Frameworks/CoreServices.framework/Versions/A/Frameworks/Metadata.framework/Versions/A/Metadata
0x0000000000a61000 	/System/Library/Frameworks/CoreServices.framework/Versions/A/Frameworks/OSServices.framework/Versions/A/OSServices
0x0000000000a61000 	/System/Library/Frameworks/CoreServices.framework/Versions/A/Frameworks/SearchKit.framework/Versions/A/SearchKit
0x0000000000a61000 	/System/Library/Frameworks/CoreServices.framework/Versions/A/Frameworks/AE.framework/Versions/A/AE
0x0000000000a61000 	/System/Library/Frameworks/CoreServices.framework/Versions/A/Frameworks/LaunchServices.framework/Versions/A/LaunchServices
0x0000000000a61000 	/System/Library/Frameworks/CoreServices.framework/Versions/A/Frameworks/DictionaryServices.framework/Versions/A/DictionaryServices
0x0000000000a61000 	/System/Library/Frameworks/NetFS.framework/Versions/A/NetFS
0x0000000000a61000 	/System/Library/PrivateFrameworks/NetAuth.framework/Versions/A/NetAuth
0x0000000000a61000 	/System/Library/PrivateFrameworks/login.framework/Versions/A/Frameworks/loginsupport.framework/Versions/A/loginsupport
0x0000000000a61000 	/System/Library/PrivateFrameworks/TCC.framework/Versions/A/TCC
0x0000000000a61000 	/usr/lib/libmecabra.dylib
0x0000000000a61000 	/System/Library/PrivateFrameworks/LanguageModeling.framework/Versions/A/LanguageModeling
0x0000000000a61000 	/usr/lib/libcmph.dylib
0x0000000000a61000 	/usr/lib/libiconv.2.dylib
0x0000000000a61000 	/System/Library/Frameworks/OpenDirectory.framework/Versions/A/Frameworks/CFOpenDirectory.framework/Versions/A/CFOpenDirectory
0x0000000000a61000 	/System/Library/Frameworks/ServiceManagement.framework/Versions/A/ServiceManagement
0x0000000000a61000 	/usr/lib/libxslt.1.dylib
0x0000000000a61000 	/System/Library/Frameworks/Carbon.framework/Versions/A/Frameworks/Ink.framework/Versions/A/Ink
0x0000000000a61000 	/System/Library/Frameworks/ApplicationServices.framework/Versions/A/Frameworks/ATS.framework/Versions/A/ATS
0x0000000000a61000 	/System/Library/Frameworks/ApplicationServices.framework/Versions/A/Frameworks/ColorSync.framework/Versions/A/ColorSync
0x0000000000a61000 	/System/Library/Frameworks/ApplicationServices.framework/Versions/A/Frameworks/HIServices.framework/Versions/A/HIServices
0x0000000000a61000 	/System/Library/Frameworks/ApplicationServices.framework/Versions/A/Frameworks/LangAnalysis.framework/Versions/A/LangAnalysis
0x0000000000a61000 	/System/Library/Frameworks/ApplicationServices.framework/Versions/A/Frameworks/PrintCore.framework/Versions/A/PrintCore
0x0000000000a61000 	/System/Library/Frameworks/ApplicationServices.framework/Versions/A/Frameworks/QD.framework/Versions/A/QD
0x0000000000a61000 	/System/Library/Frameworks/ApplicationServices.framework/Versions/A/Frameworks/SpeechSynthesis.framework/Versions/A/SpeechSynthesis
0x0000000000a61000 	/System/Library/Frameworks/Accelerate.framework/Versions/A/Accelerate
0x0000000000a61000 	/System/Library/Frameworks/Accelerate.framework/Versions/A/Frameworks/vImage.framework/Versions/A/vImage
0x0000000000a61000 	/System/Library/Frameworks/Accelerate.framework/Versions/A/Frameworks/vecLib.framework/Versions/A/vecLib
0x0000000000a61000 	/System/Library/Frameworks/Accelerate.framework/Versions/A/Frameworks/vecLib.framework/Versions/A/libvDSP.dylib
0x0000000000a61000 	/System/Library/Frameworks/Accelerate.framework/Versions/A/Frameworks/vecLib.framework/Versions/A/libvMisc.dylib
0x0000000000a61000 	/System/Library/Frameworks/Accelerate.framework/Versions/A/Frameworks/vecLib.framework/Versions/A/libLAPACK.dylib
0x0000000000a61000 	/System/Library/Frameworks/Accelerate.framework/Versions/A/Frameworks/vecLib.framework/Versions/A/libBLAS.dylib
0x0000000000a61000 	/System/Library/Frameworks/Accelerate.framework/Versions/A/Frameworks/vecLib.framework/Versions/A/libLinearAlgebra.dylib
0x0000000000a61000 	/System/Library/Frameworks/ApplicationServices.framework/Versions/A/Frameworks/ATS.framework/Versions/A/Resources/libFontParser.dylib
0x0000000000a61000 	/System/Library/Frameworks/ApplicationServices.framework/Versions/A/Frameworks/ATS.framework/Versions/A/Resources/libFontRegistry.dylib
0x0000000000a61000 	/System/Library/PrivateFrameworks/AppleVPA.framework/Versions/A/AppleVPA
0x0000000000a61000 	/System/Library/PrivateFrameworks/AppleJPEG.framework/Versions/A/AppleJPEG
0x0000000000a61000 	/System/Library/Frameworks/ImageIO.framework/Versions/A/Resources/libJPEG.dylib
0x0000000000a61000 	/System/Library/Frameworks/ImageIO.framework/Versions/A/Resources/libTIFF.dylib
0x0000000000a61000 	/System/Library/Frameworks/ImageIO.framework/Versions/A/Resources/libPng.dylib
0x0000000000a61000 	/System/Library/Frameworks/ImageIO.framework/Versions/A/Resources/libGIF.dylib
0x0000000000a61000 	/System/Library/Frameworks/ImageIO.framework/Versions/A/Resources/libJP2.dylib
0x0000000000a61000 	/System/Library/Frameworks/ImageIO.framework/Versions/A/Resources/libRadiance.dylib
0x0000000000a61000 	/System/Library/Frameworks/CoreVideo.framework/Versions/A/CoreVideo
0x0000000000a61000 	/System/Library/Frameworks/OpenGL.framework/Versions/A/Libraries/libGLU.dylib
0x0000000000a61000 	/System/Library/Frameworks/OpenGL.framework/Versions/A/Libraries/libGFXShared.dylib
0x0000000000a61000 	/System/Library/Frameworks/OpenGL.framework/Versions/A/Libraries/libGL.dylib
0x0000000000a61000 	/System/Library/Frameworks/OpenGL.framework/Versions/A/Libraries/libGLImage.dylib
0x0000000000a61000 	/System/Library/Frameworks/OpenGL.framework/Versions/A/Libraries/libCVMSPluginSupport.dylib
0x0000000000a61000 	/System/Library/Frameworks/OpenGL.framework/Versions/A/Libraries/libCoreVMClient.dylib
0x0000000000a61000 	/usr/lib/libcups.2.dylib
0x0000000000a61000 	/System/Library/Frameworks/Kerberos.framework/Versions/A/Kerberos
0x0000000000a61000 	/System/Library/Frameworks/GSS.framework/Versions/A/GSS
0x0000000000a61000 	/usr/lib/libresolv.9.dylib
0x0000000000a61000 	/System/Library/PrivateFrameworks/Heimdal.framework/Versions/A/Heimdal
0x0000000000a61000 	/usr/lib/libheimdal-asn1.dylib
0x0000000000a61000 	/System/Library/Frameworks/OpenDirectory.framework/Versions/A/OpenDirectory
0x0000000000a61000 	/System/Library/PrivateFrameworks/CommonAuth.framework/Versions/A/CommonAuth
0x0000000000a61000 	/System/Library/Frameworks/SecurityFoundation.framework/Versions/A/SecurityFoundation
0x0000000000a61000 	/System/Library/Frameworks/QuartzCore.framework/Versions/A/Frameworks/CoreImage.framework/Versions/A/CoreImage
0x0000000000a61000 	/System/Library/PrivateFrameworks/CrashReporterSupport.framework/Versions/A/CrashReporterSupport
0x0000000000a61000 	/System/Library/Frameworks/OpenCL.framework/Versions/A/OpenCL
0x0000000000a61000 	/System/Library/PrivateFrameworks/FaceCore.framework/Versions/A/FaceCore
0x0000000000a61000 	/System/Library/PrivateFrameworks/Ubiquity.framework/Versions/A/Ubiquity
0x0000000000a61000 	/System/Library/PrivateFrameworks/IconServices.framework/Versions/A/IconServices
0x0000000000a61000 	/System/Library/PrivateFrameworks/ChunkingLibrary.framework/Versions/A/ChunkingLibrary
0x0000000000a61000 	/System/Library/PrivateFrameworks/Apple80211.framework/Versions/A/Apple80211
0x0000000000a61000 	/System/Library/Frameworks/CoreWLAN.framework/Versions/A/CoreWLAN
0x0000000000a61000 	/System/Library/Frameworks/IOBluetooth.framework/Versions/A/IOBluetooth
0x0000000000a61000 	/System/Library/PrivateFrameworks/CoreWiFi.framework/Versions/A/CoreWiFi
0x0000000000a61000 	/System/Library/Frameworks/CoreBluetooth.framework/Versions/A/CoreBluetooth
0x0000000000a61000 	/System/Library/PrivateFrameworks/DebugSymbols.framework/Versions/A/DebugSymbols
0x0000000000a61000 	/System/Library/PrivateFrameworks/CoreSymbolication.framework/Versions/A/CoreSymbolication
0x0000000000a61000 	/System/Library/PrivateFrameworks/Symbolication.framework/Versions/A/Symbolication
0x0000000000a61000 	/System/Library/PrivateFrameworks/SpeechRecognitionCore.framework/Versions/A/SpeechRecognitionCore
0x000000010a200000 	/Applications/jMonkeyPlatform.app/Contents/Resources/jmonkeyplatform/jdk/jre/lib/server/libjvm.dylib
0x0000000000a61000 	/usr/lib/libstdc++.6.dylib
0x00000001091b1000 	/Applications/jMonkeyPlatform.app/Contents/Resources/jmonkeyplatform/jdk/jre/lib/libverify.dylib
0x00000001091be000 	/Applications/jMonkeyPlatform.app/Contents/Resources/jmonkeyplatform/jdk/jre/lib/libjava.dylib
0x000000010ad56000 	/Applications/jMonkeyPlatform.app/Contents/Resources/jmonkeyplatform/jdk/jre/lib/libzip.dylib
0x000000011a12a000 	/System/Library/Frameworks/JavaVM.framework/Frameworks/JavaRuntimeSupport.framework/JavaRuntimeSupport
0x000000011a142000 	/System/Library/Frameworks/JavaVM.framework/Versions/A/Frameworks/JavaNativeFoundation.framework/Versions/A/JavaNativeFoundation
0x000000011a157000 	/System/Library/Frameworks/JavaVM.framework/Versions/A/JavaVM
0x0000000000a61000 	/System/Library/Frameworks/Carbon.framework/Versions/A/Carbon
0x000000011a164000 	/System/Library/PrivateFrameworks/JavaLaunching.framework/Versions/A/JavaLaunching
0x0000000000a61000 	/System/Library/Frameworks/Carbon.framework/Versions/A/Frameworks/CommonPanels.framework/Versions/A/CommonPanels
0x0000000000a61000 	/System/Library/Frameworks/Carbon.framework/Versions/A/Frameworks/Help.framework/Versions/A/Help
0x0000000000a61000 	/System/Library/Frameworks/Carbon.framework/Versions/A/Frameworks/ImageCapture.framework/Versions/A/ImageCapture
0x0000000000a61000 	/System/Library/Frameworks/Carbon.framework/Versions/A/Frameworks/OpenScripting.framework/Versions/A/OpenScripting
0x0000000000a61000 	/System/Library/Frameworks/Carbon.framework/Versions/A/Frameworks/Print.framework/Versions/A/Print
0x0000000000a61000 	/System/Library/Frameworks/Carbon.framework/Versions/A/Frameworks/SecurityHI.framework/Versions/A/SecurityHI
0x000000011c0b4000 	/Applications/jMonkeyPlatform.app/Contents/Resources/jmonkeyplatform/jdk/jre/lib/libawt.dylib
0x000000011c163000 	/Applications/jMonkeyPlatform.app/Contents/Resources/jmonkeyplatform/jdk/jre/lib/./libmlib_image.dylib
0x000000011c22f000 	/Applications/jMonkeyPlatform.app/Contents/Resources/jmonkeyplatform/jdk/jre/lib/lwawt/liblwawt.dylib
0x000000011c2e3000 	/Applications/jMonkeyPlatform.app/Contents/Resources/jmonkeyplatform/jdk/jre/lib/libosxapp.dylib
0x0000000000a61000 	/System/Library/Frameworks/ExceptionHandling.framework/Versions/A/ExceptionHandling
0x0000000000a61000 	/System/Library/PrivateFrameworks/CoreServicesInternal.framework/Versions/A/CoreServicesInternal
0x0000000000a61000 	/System/Library/PrivateFrameworks/CloudDocs.framework/Versions/A/CloudDocs
0x0000000000a61000 	/System/Library/PrivateFrameworks/CoreDuet.framework/Versions/A/CoreDuet
0x0000000000a61000 	/System/Library/Frameworks/CloudKit.framework/Versions/A/CloudKit
0x0000000000a61000 	/System/Library/PrivateFrameworks/ProtocolBuffer.framework/Versions/A/ProtocolBuffer
0x0000000000a61000 	/System/Library/PrivateFrameworks/CoreDuetDaemonProtocol.framework/Versions/A/CoreDuetDaemonProtocol
0x0000000000a61000 	/System/Library/PrivateFrameworks/CoreDuetDebugLogging.framework/Versions/A/CoreDuetDebugLogging
0x0000000000a61000 	/System/Library/Frameworks/CoreLocation.framework/Versions/A/CoreLocation
0x0000000000a61000 	/System/Library/Frameworks/Accounts.framework/Versions/A/Accounts
0x0000000000a61000 	/System/Library/PrivateFrameworks/ApplePushService.framework/Versions/A/ApplePushService
0x0000000000a61000 	/System/Library/PrivateFrameworks/GeoServices.framework/Versions/A/GeoServices
0x0000000000a61000 	/System/Library/PrivateFrameworks/OAuth.framework/Versions/A/OAuth
0x0000000000a61000 	/System/Library/PrivateFrameworks/CoreDaemon.framework/Versions/B/CoreDaemon
0x0000000000a61000 	/usr/lib/libcrypto.0.9.8.dylib
0x0000000000a61000 	/System/Library/PrivateFrameworks/AppleSRP.framework/Versions/A/AppleSRP
0x0000000000a61000 	/System/Library/PrivateFrameworks/TrustEvaluationAgent.framework/Versions/A/TrustEvaluationAgent
0x0000000000a61000 	/System/Library/Frameworks/CoreGraphics.framework/Versions/A/Resources/libCGCMS.A.dylib
0x0000000000a61000 	/System/Library/Frameworks/CoreGraphics.framework/Versions/A/Resources/libRIP.A.dylib
0x0000000000a61000 	/System/Library/Frameworks/CoreGraphics.framework/Versions/A/Resources/libCGXType.A.dylib
0x0000000000a61000 	/System/Library/Frameworks/OpenCL.framework/Versions/A/Libraries/libcldcpuengine.dylib
0x0000000000a61000 	/System/Library/PrivateFrameworks/DiskImages.framework/Versions/A/DiskImages
0x0000000000a61000 	/System/Library/Frameworks/DiscRecording.framework/Versions/A/DiscRecording
0x0000000000a61000 	/usr/lib/libcsfde.dylib
0x0000000000a61000 	/usr/lib/libcurl.4.dylib
0x0000000000a61000 	/System/Library/PrivateFrameworks/MediaKit.framework/Versions/A/MediaKit
0x0000000000a61000 	/System/Library/PrivateFrameworks/ProtectedCloudStorage.framework/Versions/A/ProtectedCloudStorage
0x0000000000a61000 	/usr/lib/libCoreStorage.dylib
0x0000000000a61000 	/System/Library/PrivateFrameworks/EFILogin.framework/Versions/A/EFILogin
0x0000000000a61000 	/usr/lib/libutil.dylib
0x0000000000a61000 	/System/Library/PrivateFrameworks/FindMyDevice.framework/Versions/A/FindMyDevice
0x0000000000a61000 	/System/Library/Frameworks/LDAP.framework/Versions/A/LDAP
0x0000000000a61000 	/usr/lib/libsasl2.2.dylib
0x000000011f27a000 	cl_kernels
0x000000011f27c000 	/System/Library/Frameworks/OpenCL.framework/Versions/A/Libraries/ImageFormats/unorm8_bgra.dylib
0x000000011f26c000 	cl_kernels
0x0000000000a61000 	/System/Library/PrivateFrameworks/FamilyControls.framework/Versions/A/FamilyControls
0x0000000000a61000 	/System/Library/PrivateFrameworks/CommerceKit.framework/Versions/A/Frameworks/CommerceCore.framework/Versions/A/CommerceCore
0x0000000000a61000 	/System/Library/PrivateFrameworks/SystemAdministration.framework/Versions/A/SystemAdministration
0x0000000000a61000 	/System/Library/PrivateFrameworks/AppContainer.framework/Versions/A/AppContainer
0x0000000000a61000 	/System/Library/PrivateFrameworks/SecCodeWrapper.framework/Versions/A/SecCodeWrapper
0x0000000000a61000 	/System/Library/Frameworks/DirectoryService.framework/Versions/A/DirectoryService
0x0000000000a61000 	/System/Library/PrivateFrameworks/LoginUIKit.framework/Versions/A/Frameworks/LoginUICore.framework/Versions/A/LoginUICore
0x0000000000a61000 	/usr/lib/libodfde.dylib
0x0000000000a61000 	/System/Library/Frameworks/OpenGL.framework/Versions/A/Resources/GLEngine.bundle/GLEngine
0x0000000000a61000 	/System/Library/Frameworks/OpenGL.framework/Versions/A/Libraries/libGLProgrammability.dylib
0x0000000000000000 	/System/Library/Extensions/AppleIntelHD4000GraphicsGLDriver.bundle/Contents/MacOS/AppleIntelHD4000GraphicsGLDriver
0x0000000000a61000 	/System/Library/PrivateFrameworks/IOAccelerator.framework/Versions/A/IOAccelerator
0x0000000000a61000 	/System/Library/PrivateFrameworks/GPUSupport.framework/Versions/A/Libraries/libGPUSupportMercury.dylib
0x0000000000000000 	/System/Library/Extensions/GeForceGLDriver.bundle/Contents/MacOS/GeForceGLDriver
0x0000000000a61000 	/System/Library/Extensions/GeForceGLDriver.bundle/Contents/MacOS/libclh.dylib
0x0000000000a61000 	/System/Library/Frameworks/OpenGL.framework/Versions/A/Resources/GLRendererFloat.bundle/GLRendererFloat
0x000000012147c000 	/Applications/jMonkeyPlatform.app/Contents/Resources/jmonkeyplatform/jdk/jre/lib/libfontmanager.dylib
0x00000001215e6000 	/Applications/jMonkeyPlatform.app/Contents/Resources/jmonkeyplatform/jdk/jre/lib/libosxui.dylib
0x00000001215ef000 	/Applications/jMonkeyPlatform.app/Contents/Resources/jmonkeyplatform/jdk/jre/lib/libosx.dylib
0x0000000123352000 	/Applications/jMonkeyPlatform.app/Contents/Resources/jmonkeyplatform/jdk/jre/lib/libnet.dylib
0x0000000123297000 	/Applications/jMonkeyPlatform.app/Contents/Resources/jmonkeyplatform/jdk/jre/lib/libnio.dylib
0x0000000000a61000 	/System/Library/Frameworks/Accelerate.framework/Versions/A/Frameworks/vImage.framework/Versions/A/Libraries/libCGInterfaces.dylib
0x000000012267e000 	/Users/crisscrosskao/Documents/GitHub/CubeField/liblwjgl.dylib
0x00000001218ed000 	/Applications/jMonkeyPlatform.app/Contents/Resources/jmonkeyplatform/jdk/jre/lib/libjawt.dylib
0x0000000122c77000 	/Users/crisscrosskao/Documents/GitHub/CubeField/openal.dylib
0x0000000122eb2000 	/System/Library/Components/CoreAudio.component/Contents/MacOS/CoreAudio
0x0000000122cf0000 	/System/Library/Extensions/AppleHDA.kext/Contents/PlugIns/AppleHDAHALPlugIn.bundle/Contents/MacOS/AppleHDAHALPlugIn
0x0000000122d0e000 	/Users/crisscrosskao/LeapSDK/lib/libLeapJava.dylib
0x000000012444f000 	/Users/crisscrosskao/LeapSDK/lib/libLeap.dylib

VM Arguments:
jvm_args: -Dfile.encoding=UTF-8 -Djava.library.path=/Users/crisscrosskao/LeapSDK/lib 
java_command: mygame.Main
Launcher Type: SUN_STANDARD

Environment Variables:
PATH=/usr/bin:/bin:/usr/sbin:/sbin
LD_LIBRARY_PATH=/Applications/jMonkeyPlatform.app/Contents/MacOS/../Resources/jmonkeyplatform/bin/../jdk/jre/lib/amd64:/Applications/jMonkeyPlatform.app/Contents/MacOS/../Resources/jmonkeyplatform/bin/../jdk/jre/lib/i386:
SHELL=/bin/bash
DISPLAY=/private/tmp/com.apple.launchd.eFZvBhvWJE/org.macosforge.xquartz:0

Signal Handlers:
SIGSEGV: [libjvm.dylib+0x525425], sa_mask[0]=0xfffefeff, sa_flags=0x00000043
SIGBUS: [libjvm.dylib+0x525425], sa_mask[0]=0xfffefeff, sa_flags=0x00000042
SIGFPE: [libjvm.dylib+0x41892a], sa_mask[0]=0xfffefeff, sa_flags=0x00000042
SIGPIPE: [libjvm.dylib+0x41892a], sa_mask[0]=0xfffefeff, sa_flags=0x00000042
SIGXFSZ: [libjvm.dylib+0x41892a], sa_mask[0]=0xfffefeff, sa_flags=0x00000042
SIGILL: [libjvm.dylib+0x41892a], sa_mask[0]=0xfffefeff, sa_flags=0x00000042
SIGUSR1: SIG_DFL, sa_mask[0]=0x00000000, sa_flags=0x00000000
SIGUSR2: [libjvm.dylib+0x41841c], sa_mask[0]=0x00000004, sa_flags=0x00000042
SIGHUP: [libjvm.dylib+0x4166ab], sa_mask[0]=0xfffefeff, sa_flags=0x00000042
SIGINT: SIG_IGN, sa_mask[0]=0x00000000, sa_flags=0x00000000
SIGTERM: [libjvm.dylib+0x4166ab], sa_mask[0]=0xfffefeff, sa_flags=0x00000042
SIGQUIT: [libjvm.dylib+0x4166ab], sa_mask[0]=0xfffefeff, sa_flags=0x00000042


---------------  S Y S T E M  ---------------

OS:Bsduname:Darwin 14.0.0 Darwin Kernel Version 14.0.0: Fri Sep 19 00:26:44 PDT 2014; root:xnu-2782.1.97~2/RELEASE_X86_64 x86_64
rlimit: STACK 8192k, CORE 0k, NPROC 709, NOFILE 10240, AS infinity
load average:2.17 2.60 2.17

CPU:total 8 (4 cores per cpu, 2 threads per core) family 6 model 58 stepping 9, cmov, cx8, fxsr, mmx, sse, sse2, sse3, ssse3, sse4.1, sse4.2, popcnt, avx, aes, erms, ht, tsc, tscinvbit, tscinv

Memory: 4k page, physical 16777216k(4194304k free)

/proc/meminfo:


vm_info: Java HotSpot(TM) 64-Bit Server VM (24.51-b03) for bsd-amd64 JRE (1.7.0_51-b13), built on Dec 18 2013 18:45:56 by "java_re" with gcc 4.2.1 (Based on Apple Inc. build 5658) (LLVM build 2336.11.00)

time: Thu Dec  4 17:09:30 2014
elapsed time: 5 seconds

