#
# A fatal error has been detected by the Java Runtime Environment:
#
#  SIGSEGV (0xb) at pc=0x000000011c70908e, pid=30337, tid=13571
#
# JRE version: Java(TM) SE Runtime Environment (7.0_51-b13) (build 1.7.0_51-b13)
# Java VM: Java HotSpot(TM) 64-Bit Server VM (24.51-b03 mixed mode bsd-amd64 compressed oops)
# Problematic frame:
# C  [libLeap.dylib+0x2b08e]  Leap::InteractionBox::toCString() const+0x2c8e
#
# Failed to write core dump. Core dumps have been disabled. To enable core dumping, try "ulimit -c unlimited" before starting Java again
#
# If you would like to submit a bug report, please visit:
#   http://bugreport.sun.com/bugreport/crash.jsp
# The crash happened outside the Java Virtual Machine in native code.
# See problematic frame for where to report the bug.
#

---------------  T H R E A D  ---------------

Current thread (0x00007fdeaa00c800):  JavaThread "Finalizer" daemon [_thread_in_native, id=13571, stack(0x00000001122ab000,0x00000001123ab000)]

siginfo:si_signo=SIGSEGV: si_errno=0, si_code=0 (SEGV0), si_addr=0x0000000000000000

Registers:
RAX=0x800007fdeb009ab2, RBX=0x00007fdeb0059ff0, RCX=0x0000000000000000, RDX=0x00007fdeb007daf0
RSP=0x00000001123aa1a0, RBP=0x00000001123aa2c0, RSI=0x0004150000041500, RDI=0x00007fdeb007aa70
R8 =0x00000001123aa0c0, R9 =0x00000000ffff0000, R10=0x000000010306566c, R11=0x0000000102a702a7
R12=0x00007fdeaa220c00, R13=0x00007fdeb006e8d0, R14=0x00000001123aa1d0, R15=0x00007fdeaa221058
RIP=0x000000011c70908e, EFLAGS=0x0000000000010206, ERR=0x0000000000000000
  TRAPNO=0x000000000000000d

Top of Stack: (sp=0x00000001123aa1a0)
0x00000001123aa1a0:   00007fdeaa220d90 00000001029fa714
0x00000001123aa1b0:   00007fdeaa00c800 00000001028d1ea4
0x00000001123aa1c0:   00007fdea97fc080 00007fdeb006e8d0
0x00000001123aa1d0:   00007fdeb006e8d0 0000000000000001
0x00000001123aa1e0:   00007fdeaa220fd8 0000000000000001
0x00000001123aa1f0:   00000001123aa240 00000000000014dd
0x00000001123aa200:   00007fde00000009 00007fdea951f0a8
0x00000001123aa210:   00007fdea951ec80 00007fdea951f058
0x00000001123aa220:   00000000000003d8 000000011afacb70
0x00000001123aa230:   0000000000000000 00007fdeaa00c800
0x00000001123aa240:   00000001123aa290 00000001029faa81
0x00000001123aa250:   00007fdeaa00c800 0000000103059233
0x00000001123aa260:   00000001123aa2b8 00007fdea951f0a8
0x00000001123aa270:   00000001123aa290 0000000102a73dfe
0x00000001123aa280:   00007fdeaa00c800 00007fdeaa00c800
0x00000001123aa290:   00000001123aa2d0 00007fdeb0059ff0
0x00000001123aa2a0:   0000000000000000 00000006fbed17b8
0x00000001123aa2b0:   00007fdeb007da80 00007fdeaa00c800
0x00000001123aa2c0:   00000001123aa2e0 000000011c6ed2a4
0x00000001123aa2d0:   00000006fbed17b8 00000001123aa368
0x00000001123aa2e0:   00000001123aa340 0000000103065698
0x00000001123aa2f0:   00000007af696350 00000001123aa2f8
0x00000001123aa300:   00000001123aa300 00000006fbed17b8
0x00000001123aa310:   00000001123aa368 00000006fbed5ce0
0x00000001123aa320:   0000000000000000 00000006fbed17b8
0x00000001123aa330:   0000000000000000 00000001123aa360
0x00000001123aa340:   00000001123aa3c0 0000000103059058
0x00000001123aa350:   00000007af5a02b0 0000000103061cd8
0x00000001123aa360:   00007fdeb0059ff0 00000007afb98708
0x00000001123aa370:   0000000000000031 00000007afb98708
0x00000001123aa380:   00000001123aa370 00000006fbed69b9
0x00000001123aa390:   00000001123aa3d0 00000006fbed8558 

Instructions: (pc=0x000000011c70908e)
0x000000011c70906e:   ff ff 4c 8b ad 08 ff ff ff 4c 8d b5 10 ff ff ff
0x000000011c70907e:   4d 39 f5 0f 84 88 00 00 00 49 8b 7d 20 48 8b 07
0x000000011c70908e:   48 8b 40 28 48 89 de ff d0 49 8b 45 08 48 85 c0
0x000000011c70909e:   74 0e 49 89 c5 49 8b 45 00 48 85 c0 75 f4 eb d0 

Register to memory mapping:

RAX=0x800007fdeb009ab2 is an unknown value
RBX=0x00007fdeb0059ff0 is an unknown value
RCX=0x0000000000000000 is an unknown value
RDX=0x00007fdeb007daf0 is an unknown value
RSP=0x00000001123aa1a0 is pointing into the stack for thread: 0x00007fdeaa00c800
RBP=0x00000001123aa2c0 is pointing into the stack for thread: 0x00007fdeaa00c800
RSI=0x0004150000041500 is an unknown value
RDI=0x00007fdeb007aa70 is an unknown value
R8 =0x00000001123aa0c0 is pointing into the stack for thread: 0x00007fdeaa00c800
R9 =0x00000000ffff0000 is an unknown value
R10=0x000000010306566c is at code_begin+620 in an Interpreter codelet
method entry point (kind = native)  [0x0000000103065400, 0x0000000103065c40]  2112 bytes
R11=0x0000000102a702a7: throw_unsatisfied_link_error+0 in /Applications/jMonkeyPlatform.app/Contents/Resources/jmonkeyplatform/jdk/jre/lib/server/libjvm.dylib at 0x0000000102600000
R12=0x00007fdeaa220c00 is an unknown value
R13=0x00007fdeb006e8d0 is an unknown value
R14=0x00000001123aa1d0 is pointing into the stack for thread: 0x00007fdeaa00c800
R15=0x00007fdeaa221058 is an unknown value


Stack: [0x00000001122ab000,0x00000001123ab000],  sp=0x00000001123aa1a0,  free space=1020k
Native frames: (J=compiled Java code, j=interpreted, Vv=VM code, C=native code)
C  [libLeap.dylib+0x2b08e]  Leap::InteractionBox::toCString() const+0x2c8e
C  [libLeap.dylib+0xf2a4]  Leap::Controller::~Controller()+0x34
j  com.leapmotion.leap.LeapJNI.delete_Controller(J)V+0
j  com.leapmotion.leap.Controller.delete()V+25
j  com.leapmotion.leap.Controller.finalize()V+1
v  ~StubRoutines::call_stub
V  [libjvm.dylib+0x2d6bb0]  JavaCalls::call_helper(JavaValue*, methodHandle*, JavaCallArguments*, Thread*)+0x22a
V  [libjvm.dylib+0x2d6980]  JavaCalls::call(JavaValue*, methodHandle, JavaCallArguments*, Thread*)+0x28
V  [libjvm.dylib+0x30a425]  jni_invoke_nonstatic(JNIEnv_*, JavaValue*, _jobject*, JNICallType, _jmethodID*, JNI_ArgumentPusher*, Thread*)+0x2ba
V  [libjvm.dylib+0x2fdf96]  jni_CallVoidMethod+0x116
C  [libjava.dylib+0x299c]  Java_java_lang_ref_Finalizer_invokeFinalizeMethod+0x58
j  java.lang.ref.Finalizer.invokeFinalizeMethod(Ljava/lang/Object;)V+0
j  java.lang.ref.Finalizer.runFinalizer()V+45
j  java.lang.ref.Finalizer.access$100(Ljava/lang/ref/Finalizer;)V+1
j  java.lang.ref.Finalizer$FinalizerThread.run()V+24
v  ~StubRoutines::call_stub
V  [libjvm.dylib+0x2d6bb0]  JavaCalls::call_helper(JavaValue*, methodHandle*, JavaCallArguments*, Thread*)+0x22a
V  [libjvm.dylib+0x2d70c7]  JavaCalls::call_virtual(JavaValue*, KlassHandle, Symbol*, Symbol*, JavaCallArguments*, Thread*)+0x11b
V  [libjvm.dylib+0x2d7204]  JavaCalls::call_virtual(JavaValue*, Handle, KlassHandle, Symbol*, Symbol*, Thread*)+0x4a
V  [libjvm.dylib+0x3261ea]  thread_entry(JavaThread*, Thread*)+0xad
V  [libjvm.dylib+0x4efb57]  JavaThread::thread_main_inner()+0x9b
V  [libjvm.dylib+0x4f125f]  JavaThread::run()+0x1a3
V  [libjvm.dylib+0x41b1d6]  java_start(Thread*)+0x126
C  [libsystem_pthread.dylib+0x32fc]  _pthread_body+0x83
C  [libsystem_pthread.dylib+0x3279]  _pthread_body+0x0
C  [libsystem_pthread.dylib+0x14b1]  thread_start+0xd

Java frames: (J=compiled Java code, j=interpreted, Vv=VM code)
j  com.leapmotion.leap.LeapJNI.delete_Controller(J)V+0
j  com.leapmotion.leap.Controller.delete()V+25
j  com.leapmotion.leap.Controller.finalize()V+1
v  ~StubRoutines::call_stub
j  java.lang.ref.Finalizer.invokeFinalizeMethod(Ljava/lang/Object;)V+0
j  java.lang.ref.Finalizer.runFinalizer()V+45
j  java.lang.ref.Finalizer.access$100(Ljava/lang/ref/Finalizer;)V+1
j  java.lang.ref.Finalizer$FinalizerThread.run()V+24
v  ~StubRoutines::call_stub

---------------  P R O C E S S  ---------------

Java Threads: ( => current thread )
  0x00007fdeaa3fd800 JavaThread "AWT-EventQueue-0" [_thread_blocked, id=43835, stack(0x0000000121768000,0x0000000121868000)]
  0x00007fdea9a43000 JavaThread "AWT-Shutdown" [_thread_blocked, id=39951, stack(0x0000000119990000,0x0000000119a90000)]
  0x00007fdeac238800 JavaThread "DestroyJavaVM" [_thread_blocked, id=4867, stack(0x000000010143a000,0x000000010153a000)]
  0x00007fdea9b21000 JavaThread "TimerQueue" daemon [_thread_blocked, id=61027, stack(0x0000000121ad4000,0x0000000121bd4000)]
  0x00007fdeaa11c000 JavaThread "Timer-0" daemon [_thread_blocked, id=55047, stack(0x000000011988d000,0x000000011998d000)]
  0x00007fdeaa900000 JavaThread "Java2D Disposer" daemon [_thread_blocked, id=54027, stack(0x00000001195f8000,0x00000001196f8000)]
  0x00007fdeac0ad800 JavaThread "Java2D Queue Flusher" daemon [_thread_blocked, id=51719, stack(0x0000000118933000,0x0000000118a33000)]
  0x00007fdeaa07e800 JavaThread "AppKit Thread" daemon [_thread_in_native, id=1299, stack(0x00007fff5e85c000,0x00007fff5e8dc000)]
  0x00007fdeac02e000 JavaThread "Service Thread" daemon [_thread_blocked, id=19715, stack(0x0000000113f02000,0x0000000114002000)]
  0x00007fdeac02d800 JavaThread "C2 CompilerThread1" daemon [_thread_blocked, id=19203, stack(0x0000000113dff000,0x0000000113eff000)]
  0x00007fdeac02b800 JavaThread "C2 CompilerThread0" daemon [_thread_blocked, id=18691, stack(0x0000000113cfc000,0x0000000113dfc000)]
  0x00007fdeac024800 JavaThread "Signal Dispatcher" daemon [_thread_blocked, id=15383, stack(0x0000000113bf9000,0x0000000113cf9000)]
=>0x00007fdeaa00c800 JavaThread "Finalizer" daemon [_thread_in_native, id=13571, stack(0x00000001122ab000,0x00000001123ab000)]
  0x00007fdeaa009800 JavaThread "Reference Handler" daemon [_thread_blocked, id=13059, stack(0x00000001121a8000,0x00000001122a8000)]

Other Threads:
  0x00007fdea9817000 VMThread [stack: 0x00000001120a5000,0x00000001121a5000] [id=12547]
  0x00007fdeac00e800 WatcherThread [stack: 0x0000000114005000,0x0000000114105000] [id=20227]

VM state:not at safepoint (normal execution)

VM Mutex/Monitor currently owned by a thread: None

Heap
 PSYoungGen      total 73728K, used 7875K [0x00000007aaa80000, 0x00000007b0000000, 0x0000000800000000)
  eden space 62976K, 2% used [0x00000007aaa80000,0x00000007aac0ff38,0x00000007ae800000)
  from space 10752K, 58% used [0x00000007af580000,0x00000007afba0ce0,0x00000007b0000000)
  to   space 12288K, 0% used [0x00000007ae800000,0x00000007ae800000,0x00000007af400000)
 ParOldGen       total 174592K, used 767K [0x0000000700000000, 0x000000070aa80000, 0x00000007aaa80000)
  object space 174592K, 0% used [0x0000000700000000,0x00000007000bff38,0x000000070aa80000)
 PSPermGen       total 21504K, used 18269K [0x00000006fae00000, 0x00000006fc300000, 0x0000000700000000)
  object space 21504K, 84% used [0x00000006fae00000,0x00000006fbfd74d8,0x00000006fc300000)

Card table byte_map: [0x0000000106113000,0x000000010693d000] byte_map_base: 0x000000010293c000

Polling page: 0x0000000101579000

Code Cache  [0x0000000103053000, 0x00000001032c3000, 0x0000000106053000)
 total_blobs=927 nmethods=323 adapters=558 free_code_cache=47866Kb largest_free_block=48988416

Compilation events (10 events):
Event: 32.826 Thread 0x00007fdeac02d800  324             java.awt.image.SinglePixelPackedSampleModel::<init> (277 bytes)
Event: 32.831 Thread 0x00007fdeac02d800 nmethod 324 0x0000000103191f10 code [0x00000001031920a0, 0x0000000103192648]
Event: 33.721 Thread 0x00007fdeac02b800  325             java.util.concurrent.locks.AbstractOwnableSynchronizer::setExclusiveOwnerThread (6 bytes)
Event: 33.722 Thread 0x00007fdeac02b800 nmethod 325 0x0000000103191c50 code [0x0000000103191d80, 0x0000000103191df8]
Event: 33.982 Thread 0x00007fdeac02d800  327             java.awt.Component::getParent_NoClientCode (5 bytes)
Event: 33.983 Thread 0x00007fdeac02d800 nmethod 327 0x0000000103199490 code [0x00000001031995c0, 0x0000000103199638]
Event: 34.036 Thread 0x00007fdeac02b800  328             java.awt.Component::getParent (5 bytes)
Event: 34.036 Thread 0x00007fdeac02b800 nmethod 328 0x0000000103199250 code [0x0000000103199380, 0x00000001031993f8]
Event: 34.838 Thread 0x00007fdeac02d800  329             java.util.Hashtable::hash (10 bytes)
Event: 34.839 Thread 0x00007fdeac02d800 nmethod 329 0x0000000103194550 code [0x00000001031946a0, 0x0000000103194778]

GC Heap History (10 events):
Event: 9.967 GC heap before
{Heap before GC invocations=2 (full 0):
 PSYoungGen      total 76800K, used 76795K [0x00000007aaa80000, 0x00000007b0000000, 0x0000000800000000)
  eden space 66048K, 100% used [0x00000007aaa80000,0x00000007aeb00000,0x00000007aeb00000)
  from space 10752K, 99% used [0x00000007aeb00000,0x00000007af57ec78,0x00000007af580000)
  to   space 10752K, 0% used [0x00000007af580000,0x00000007af580000,0x00000007b0000000)
 ParOldGen       total 174592K, used 727K [0x0000000700000000, 0x000000070aa80000, 0x00000007aaa80000)
  object space 174592K, 0% used [0x0000000700000000,0x00000007000b5f38,0x000000070aa80000)
 PSPermGen       total 21504K, used 17933K [0x00000006fae00000, 0x00000006fc300000, 0x0000000700000000)
  object space 21504K, 83% used [0x00000006fae00000,0x00000006fbf835d0,0x00000006fc300000)
Event: 9.973 GC heap after
Heap after GC invocations=2 (full 0):
 PSYoungGen      total 76800K, used 8793K [0x00000007aaa80000, 0x00000007b0000000, 0x0000000800000000)
  eden space 66048K, 0% used [0x00000007aaa80000,0x00000007aaa80000,0x00000007aeb00000)
  from space 10752K, 81% used [0x00000007af580000,0x00000007afe16580,0x00000007b0000000)
  to   space 10752K, 0% used [0x00000007aeb00000,0x00000007aeb00000,0x00000007af580000)
 ParOldGen       total 174592K, used 735K [0x0000000700000000, 0x000000070aa80000, 0x00000007aaa80000)
  object space 174592K, 0% used [0x0000000700000000,0x00000007000b7f38,0x000000070aa80000)
 PSPermGen       total 21504K, used 17933K [0x00000006fae00000, 0x00000006fc300000, 0x0000000700000000)
  object space 21504K, 83% used [0x00000006fae00000,0x00000006fbf835d0,0x00000006fc300000)
}
Event: 17.484 GC heap before
{Heap before GC invocations=3 (full 0):
 PSYoungGen      total 76800K, used 74841K [0x00000007aaa80000, 0x00000007b0000000, 0x0000000800000000)
  eden space 66048K, 100% used [0x00000007aaa80000,0x00000007aeb00000,0x00000007aeb00000)
  from space 10752K, 81% used [0x00000007af580000,0x00000007afe16580,0x00000007b0000000)
  to   space 10752K, 0% used [0x00000007aeb00000,0x00000007aeb00000,0x00000007af580000)
 ParOldGen       total 174592K, used 735K [0x0000000700000000, 0x000000070aa80000, 0x00000007aaa80000)
  object space 174592K, 0% used [0x0000000700000000,0x00000007000b7f38,0x000000070aa80000)
 PSPermGen       total 21504K, used 17954K [0x00000006fae00000, 0x00000006fc300000, 0x0000000700000000)
  object space 21504K, 83% used [0x00000006fae00000,0x00000006fbf88a50,0x00000006fc300000)
Event: 17.490 GC heap after
Heap after GC invocations=3 (full 0):
 PSYoungGen      total 76800K, used 5626K [0x00000007aaa80000, 0x00000007b0000000, 0x0000000800000000)
  eden space 66048K, 0% used [0x00000007aaa80000,0x00000007aaa80000,0x00000007aeb00000)
  from space 10752K, 52% used [0x00000007aeb00000,0x00000007af07e9e8,0x00000007af580000)
  to   space 10752K, 0% used [0x00000007af580000,0x00000007af580000,0x00000007b0000000)
 ParOldGen       total 174592K, used 743K [0x0000000700000000, 0x000000070aa80000, 0x00000007aaa80000)
  object space 174592K, 0% used [0x0000000700000000,0x00000007000b9f38,0x000000070aa80000)
 PSPermGen       total 21504K, used 17954K [0x00000006fae00000, 0x00000006fc300000, 0x0000000700000000)
  object space 21504K, 83% used [0x00000006fae00000,0x00000006fbf88a50,0x00000006fc300000)
}
Event: 24.704 GC heap before
{Heap before GC invocations=4 (full 0):
 PSYoungGen      total 76800K, used 71674K [0x00000007aaa80000, 0x00000007b0000000, 0x0000000800000000)
  eden space 66048K, 100% used [0x00000007aaa80000,0x00000007aeb00000,0x00000007aeb00000)
  from space 10752K, 52% used [0x00000007aeb00000,0x00000007af07e9e8,0x00000007af580000)
  to   space 10752K, 0% used [0x00000007af580000,0x00000007af580000,0x00000007b0000000)
 ParOldGen       total 174592K, used 743K [0x0000000700000000, 0x000000070aa80000, 0x00000007aaa80000)
  object space 174592K, 0% used [0x0000000700000000,0x00000007000b9f38,0x000000070aa80000)
 PSPermGen       total 21504K, used 17966K [0x00000006fae00000, 0x00000006fc300000, 0x0000000700000000)
  object space 21504K, 83% used [0x00000006fae00000,0x00000006fbf8b918,0x00000006fc300000)
Event: 24.709 GC heap after
Heap after GC invocations=4 (full 0):
 PSYoungGen      total 76800K, used 8755K [0x00000007aaa80000, 0x00000007b0000000, 0x0000000800000000)
  eden space 66048K, 0% used [0x00000007aaa80000,0x00000007aaa80000,0x00000007aeb00000)
  from space 10752K, 81% used [0x00000007af580000,0x00000007afe0cc38,0x00000007b0000000)
  to   space 10752K, 0% used [0x00000007aeb00000,0x00000007aeb00000,0x00000007af580000)
 ParOldGen       total 174592K, used 751K [0x0000000700000000, 0x000000070aa80000, 0x00000007aaa80000)
  object space 174592K, 0% used [0x0000000700000000,0x00000007000bbf38,0x000000070aa80000)
 PSPermGen       total 21504K, used 17966K [0x00000006fae00000, 0x00000006fc300000, 0x0000000700000000)
  object space 21504K, 83% used [0x00000006fae00000,0x00000006fbf8b918,0x00000006fc300000)
}
Event: 28.392 GC heap before
{Heap before GC invocations=5 (full 0):
 PSYoungGen      total 76800K, used 74803K [0x00000007aaa80000, 0x00000007b0000000, 0x0000000800000000)
  eden space 66048K, 100% used [0x00000007aaa80000,0x00000007aeb00000,0x00000007aeb00000)
  from space 10752K, 81% used [0x00000007af580000,0x00000007afe0cc38,0x00000007b0000000)
  to   space 10752K, 0% used [0x00000007aeb00000,0x00000007aeb00000,0x00000007af580000)
 ParOldGen       total 174592K, used 751K [0x0000000700000000, 0x000000070aa80000, 0x00000007aaa80000)
  object space 174592K, 0% used [0x0000000700000000,0x00000007000bbf38,0x000000070aa80000)
 PSPermGen       total 21504K, used 18169K [0x00000006fae00000, 0x00000006fc300000, 0x0000000700000000)
  object space 21504K, 84% used [0x00000006fae00000,0x00000006fbfbe5d8,0x00000006fc300000)
Event: 28.397 GC heap after
Heap after GC invocations=5 (full 0):
 PSYoungGen      total 75264K, used 5688K [0x00000007aaa80000, 0x00000007b0180000, 0x0000000800000000)
  eden space 64512K, 0% used [0x00000007aaa80000,0x00000007aaa80000,0x00000007ae980000)
  from space 10752K, 52% used [0x00000007aeb00000,0x00000007af08e120,0x00000007af580000)
  to   space 12288K, 0% used [0x00000007af580000,0x00000007af580000,0x00000007b0180000)
 ParOldGen       total 174592K, used 759K [0x0000000700000000, 0x000000070aa80000, 0x00000007aaa80000)
  object space 174592K, 0% used [0x0000000700000000,0x00000007000bdf38,0x000000070aa80000)
 PSPermGen       total 21504K, used 18169K [0x00000006fae00000, 0x00000006fc300000, 0x0000000700000000)
  object space 21504K, 84% used [0x00000006fae00000,0x00000006fbfbe5d8,0x00000006fc300000)
}
Event: 34.833 GC heap before
{Heap before GC invocations=6 (full 0):
 PSYoungGen      total 75264K, used 70200K [0x00000007aaa80000, 0x00000007b0180000, 0x0000000800000000)
  eden space 64512K, 100% used [0x00000007aaa80000,0x00000007ae980000,0x00000007ae980000)
  from space 10752K, 52% used [0x00000007aeb00000,0x00000007af08e120,0x00000007af580000)
  to   space 12288K, 0% used [0x00000007af580000,0x00000007af580000,0x00000007b0180000)
 ParOldGen       total 174592K, used 759K [0x0000000700000000, 0x000000070aa80000, 0x00000007aaa80000)
  object space 174592K, 0% used [0x0000000700000000,0x00000007000bdf38,0x000000070aa80000)
 PSPermGen       total 21504K, used 18269K [0x00000006fae00000, 0x00000006fc300000, 0x0000000700000000)
  object space 21504K, 84% used [0x00000006fae00000,0x00000006fbfd74d8,0x00000006fc300000)
Event: 34.838 GC heap after
Heap after GC invocations=6 (full 0):
 PSYoungGen      total 73728K, used 6275K [0x00000007aaa80000, 0x00000007b0000000, 0x0000000800000000)
  eden space 62976K, 0% used [0x00000007aaa80000,0x00000007aaa80000,0x00000007ae800000)
  from space 10752K, 58% used [0x00000007af580000,0x00000007afba0ce0,0x00000007b0000000)
  to   space 12288K, 0% used [0x00000007ae800000,0x00000007ae800000,0x00000007af400000)
 ParOldGen       total 174592K, used 767K [0x0000000700000000, 0x000000070aa80000, 0x00000007aaa80000)
  object space 174592K, 0% used [0x0000000700000000,0x00000007000bff38,0x000000070aa80000)
 PSPermGen       total 21504K, used 18269K [0x00000006fae00000, 0x00000006fc300000, 0x0000000700000000)
  object space 21504K, 84% used [0x00000006fae00000,0x00000006fbfd74d8,0x00000006fc300000)
}

Deoptimization events (10 events):
Event: 28.005 Thread 0x00007fdeac125000 Uncommon trap: reason=class_check action=maybe_recompile pc=0x000000010310a5d8 method=java.util.regex.Pattern$5.isSatisfiedBy(I)Z @ 5
Event: 28.005 Thread 0x00007fdeac125000 Uncommon trap: reason=class_check action=maybe_recompile pc=0x000000010310dd8c method=java.util.regex.Pattern$Curly.match0(Ljava/util/regex/Matcher;IILjava/lang/CharSequence;)Z @ 31
Event: 28.005 Thread 0x00007fdeac125000 Uncommon trap: reason=class_check action=maybe_recompile pc=0x000000010310dd8c method=java.util.regex.Pattern$Curly.match0(Ljava/util/regex/Matcher;IILjava/lang/CharSequence;)Z @ 31
Event: 28.006 Thread 0x00007fdeac125000 Uncommon trap: reason=class_check action=maybe_recompile pc=0x000000010310be70 method=java.util.regex.Pattern$5.isSatisfiedBy(I)Z @ 5
Event: 28.009 Thread 0x00007fdeaa3fd800 Uncommon trap: reason=unreached action=reinterpret pc=0x0000000103130724 method=java.lang.ThreadLocal.get()Ljava/lang/Object; @ 11
Event: 28.404 Thread 0x00007fdeac125000 Uncommon trap: reason=unreached action=reinterpret pc=0x000000010317f0dc method=com.jme3.util.SafeArrayList.getArray()[Ljava/lang/Object; @ 4
Event: 28.524 Thread 0x00007fdeaa3fd800 Uncommon trap: reason=class_check action=maybe_recompile pc=0x00000001030d2e58 method=java.lang.String.equals(Ljava/lang/Object;)Z @ 8
Event: 28.524 Thread 0x00007fdeaa3fd800 Uncommon trap: reason=class_check action=maybe_recompile pc=0x00000001030d2e58 method=java.lang.String.equals(Ljava/lang/Object;)Z @ 8
Event: 28.574 Thread 0x00007fdeaa3fd800 Uncommon trap: reason=class_check action=maybe_recompile pc=0x00000001030d2e58 method=java.lang.String.equals(Ljava/lang/Object;)Z @ 8
Event: 28.574 Thread 0x00007fdeaa3fd800 Uncommon trap: reason=class_check action=maybe_recompile pc=0x00000001030d2e58 method=java.lang.String.equals(Ljava/lang/Object;)Z @ 8

Internal exceptions (10 events):
Event: 2.904 Thread 0x00007fdeac125000 Threw 0x00000007adc142b8 at /HUDSON/workspace/7u-2-build-macosx-x86_64/jdk7u51/527/hotspot/src/share/vm/prims/jvm.cpp:1244
Event: 27.821 Thread 0x00007fdeac125000 Threw 0x00000007ad929478 at /HUDSON/workspace/7u-2-build-macosx-x86_64/jdk7u51/527/hotspot/src/share/vm/prims/jvm.cpp:1244
Event: 27.822 Thread 0x00007fdeac125000 Threw 0x00000007ad92d078 at /HUDSON/workspace/7u-2-build-macosx-x86_64/jdk7u51/527/hotspot/src/share/vm/prims/jvm.cpp:1244
Event: 27.822 Thread 0x00007fdeac125000 Threw 0x00000007ad930368 at /HUDSON/workspace/7u-2-build-macosx-x86_64/jdk7u51/527/hotspot/src/share/vm/prims/jvm.cpp:1244
Event: 27.822 Thread 0x00007fdeac125000 Implicit null exception at 0x000000010314dc9f to 0x000000010314de39
Event: 28.005 Thread 0x00007fdeac125000 Threw 0x00000007ad938258 at /HUDSON/workspace/7u-2-build-macosx-x86_64/jdk7u51/527/hotspot/src/share/vm/interpreter/interpreterRuntime.cpp:362
Event: 28.006 Thread 0x00007fdeac125000 Threw 0x00000007ad9429c8 at /HUDSON/workspace/7u-2-build-macosx-x86_64/jdk7u51/527/hotspot/src/share/vm/prims/jvm.cpp:1244
Event: 28.009 Thread 0x00007fdeaa3fd800 Implicit null exception at 0x0000000103130648 to 0x0000000103130711
Event: 28.016 Thread 0x00007fdeac125000 Threw 0x00000007ad947648 at /HUDSON/workspace/7u-2-build-macosx-x86_64/jdk7u51/527/hotspot/src/share/vm/prims/jvm.cpp:1244
Event: 28.404 Thread 0x00007fdeaa933000 Threw 0x00000007aab25380 at /HUDSON/workspace/7u-2-build-macosx-x86_64/jdk7u51/527/hotspot/src/share/vm/prims/jvm.cpp:2965

Events (10 events):
Event: 34.694 Thread 0x00007fdeac13a800 Thread added: 0x00007fdeac13a800
Event: 34.694 Thread 0x00007fdeac13a800 Thread exited: 0x00007fdeac13a800
Event: 34.740 Thread 0x00007fdeac13a800 Thread added: 0x00007fdeac13a800
Event: 34.740 Thread 0x00007fdeac13a800 Thread exited: 0x00007fdeac13a800
Event: 34.786 Thread 0x00007fdeac13a800 Thread added: 0x00007fdeac13a800
Event: 34.786 Thread 0x00007fdeac13a800 Thread exited: 0x00007fdeac13a800
Event: 34.833 Thread 0x00007fdea9bde000 Thread added: 0x00007fdea9bde000
Event: 34.833 Executing VM operation: ParallelGCFailedAllocation
Event: 34.838 Executing VM operation: ParallelGCFailedAllocation done
Event: 34.838 Thread 0x00007fdea9bde000 Thread exited: 0x00007fdea9bde000


Dynamic libraries:
0x0000000000a61000 	/System/Library/Frameworks/Cocoa.framework/Versions/A/Cocoa
0x0000000000a61000 	/System/Library/Frameworks/Security.framework/Versions/A/Security
0x0000000000a61000 	/System/Library/Frameworks/ApplicationServices.framework/Versions/A/ApplicationServices
0x0000000000a61000 	/usr/lib/libz.1.dylib
0x0000000000a61000 	/usr/lib/libSystem.B.dylib
0x0000000000a61000 	/usr/lib/libobjc.A.dylib
0x0000000000a61000 	/System/Library/Frameworks/CoreFoundation.framework/Versions/A/CoreFoundation
0x0000000000a61000 	/System/Library/Frameworks/Foundation.framework/Versions/C/Foundation
0x0000000000a61000 	/System/Library/Frameworks/AppKit.framework/Versions/C/AppKit
0x0000000000a61000 	/System/Library/Frameworks/CoreData.framework/Versions/A/CoreData
0x0000000000a61000 	/System/Library/PrivateFrameworks/RemoteViewServices.framework/Versions/A/RemoteViewServices
0x0000000000a61000 	/System/Library/PrivateFrameworks/UIFoundation.framework/Versions/A/UIFoundation
0x0000000000a61000 	/System/Library/Frameworks/IOSurface.framework/Versions/A/IOSurface
0x0000000000a61000 	/System/Library/Frameworks/AudioToolbox.framework/Versions/A/AudioToolbox
0x0000000000a61000 	/System/Library/Frameworks/AudioUnit.framework/Versions/A/AudioUnit
0x0000000000a61000 	/System/Library/PrivateFrameworks/DataDetectorsCore.framework/Versions/A/DataDetectorsCore
0x0000000000a61000 	/System/Library/PrivateFrameworks/DesktopServicesPriv.framework/Versions/A/DesktopServicesPriv
0x0000000000a61000 	/System/Library/Frameworks/Carbon.framework/Versions/A/Frameworks/HIToolbox.framework/Versions/A/HIToolbox
0x0000000000a61000 	/System/Library/Frameworks/QuartzCore.framework/Versions/A/QuartzCore
0x0000000000a61000 	/System/Library/Frameworks/Carbon.framework/Versions/A/Frameworks/SpeechRecognition.framework/Versions/A/SpeechRecognition
0x0000000000a61000 	/usr/lib/libauto.dylib
0x0000000000a61000 	/usr/lib/libicucore.A.dylib
0x0000000000a61000 	/usr/lib/libxml2.2.dylib
0x0000000000a61000 	/System/Library/PrivateFrameworks/CoreUI.framework/Versions/A/CoreUI
0x0000000000a61000 	/System/Library/Frameworks/CoreAudio.framework/Versions/A/CoreAudio
0x0000000000a61000 	/System/Library/Frameworks/DiskArbitration.framework/Versions/A/DiskArbitration
0x0000000000a61000 	/usr/lib/liblangid.dylib
0x0000000000a61000 	/System/Library/PrivateFrameworks/MultitouchSupport.framework/Versions/A/MultitouchSupport
0x0000000000a61000 	/System/Library/Frameworks/IOKit.framework/Versions/A/IOKit
0x0000000000a61000 	/usr/lib/libDiagnosticMessagesClient.dylib
0x0000000000a61000 	/System/Library/Frameworks/CoreServices.framework/Versions/A/CoreServices
0x0000000000a61000 	/System/Library/PrivateFrameworks/PerformanceAnalysis.framework/Versions/A/PerformanceAnalysis
0x0000000000a61000 	/System/Library/PrivateFrameworks/GenerationalStorage.framework/Versions/A/GenerationalStorage
0x0000000000a61000 	/System/Library/Frameworks/OpenGL.framework/Versions/A/OpenGL
0x0000000000a61000 	/System/Library/PrivateFrameworks/Sharing.framework/Versions/A/Sharing
0x0000000000a61000 	/System/Library/Frameworks/CoreGraphics.framework/Versions/A/CoreGraphics
0x0000000000a61000 	/System/Library/Frameworks/CoreText.framework/Versions/A/CoreText
0x0000000000a61000 	/System/Library/Frameworks/ImageIO.framework/Versions/A/ImageIO
0x0000000000a61000 	/usr/lib/libextension.dylib
0x0000000000a61000 	/System/Library/PrivateFrameworks/Backup.framework/Versions/A/Backup
0x0000000000a61000 	/usr/lib/libarchive.2.dylib
0x0000000000a61000 	/System/Library/Frameworks/CFNetwork.framework/Versions/A/CFNetwork
0x0000000000a61000 	/System/Library/Frameworks/SystemConfiguration.framework/Versions/A/SystemConfiguration
0x0000000000a61000 	/usr/lib/libCRFSuite.dylib
0x0000000000a61000 	/usr/lib/libc++.1.dylib
0x0000000000a61000 	/usr/lib/libc++abi.dylib
0x0000000000a61000 	/usr/lib/system/libcache.dylib
0x0000000000a61000 	/usr/lib/system/libcommonCrypto.dylib
0x0000000000a61000 	/usr/lib/system/libcompiler_rt.dylib
0x0000000000a61000 	/usr/lib/system/libcopyfile.dylib
0x0000000000a61000 	/usr/lib/system/libcorecrypto.dylib
0x0000000000a61000 	/usr/lib/system/libdispatch.dylib
0x0000000000a61000 	/usr/lib/system/libdyld.dylib
0x0000000000a61000 	/usr/lib/system/libkeymgr.dylib
0x0000000000a61000 	/usr/lib/system/liblaunch.dylib
0x0000000000a61000 	/usr/lib/system/libmacho.dylib
0x0000000000a61000 	/usr/lib/system/libquarantine.dylib
0x0000000000a61000 	/usr/lib/system/libremovefile.dylib
0x0000000000a61000 	/usr/lib/system/libsystem_asl.dylib
0x0000000000a61000 	/usr/lib/system/libsystem_blocks.dylib
0x0000000000a61000 	/usr/lib/system/libsystem_c.dylib
0x0000000000a61000 	/usr/lib/system/libsystem_configuration.dylib
0x0000000000a61000 	/usr/lib/system/libsystem_coreservices.dylib
0x0000000000a61000 	/usr/lib/system/libsystem_coretls.dylib
0x0000000000a61000 	/usr/lib/system/libsystem_dnssd.dylib
0x0000000000a61000 	/usr/lib/system/libsystem_info.dylib
0x0000000000a61000 	/usr/lib/system/libsystem_kernel.dylib
0x0000000000a61000 	/usr/lib/system/libsystem_m.dylib
0x0000000000a61000 	/usr/lib/system/libsystem_malloc.dylib
0x0000000000a61000 	/usr/lib/system/libsystem_network.dylib
0x0000000000a61000 	/usr/lib/system/libsystem_networkextension.dylib
0x0000000000a61000 	/usr/lib/system/libsystem_notify.dylib
0x0000000000a61000 	/usr/lib/system/libsystem_platform.dylib
0x0000000000a61000 	/usr/lib/system/libsystem_pthread.dylib
0x0000000000a61000 	/usr/lib/system/libsystem_sandbox.dylib
0x0000000000a61000 	/usr/lib/system/libsystem_secinit.dylib
0x0000000000a61000 	/usr/lib/system/libsystem_stats.dylib
0x0000000000a61000 	/usr/lib/system/libsystem_trace.dylib
0x0000000000a61000 	/usr/lib/system/libunc.dylib
0x0000000000a61000 	/usr/lib/system/libunwind.dylib
0x0000000000a61000 	/usr/lib/system/libxpc.dylib
0x0000000000a61000 	/usr/lib/libbz2.1.0.dylib
0x0000000000a61000 	/usr/lib/liblzma.5.dylib
0x0000000000a61000 	/usr/lib/libbsm.0.dylib
0x0000000000a61000 	/usr/lib/libsqlite3.dylib
0x0000000000a61000 	/usr/lib/system/libkxld.dylib
0x0000000000a61000 	/usr/lib/libxar.1.dylib
0x0000000000a61000 	/usr/lib/libpam.2.dylib
0x0000000000a61000 	/usr/lib/libOpenScriptingUtil.dylib
0x0000000000a61000 	/System/Library/Frameworks/CoreServices.framework/Versions/A/Frameworks/FSEvents.framework/Versions/A/FSEvents
0x0000000000a61000 	/System/Library/Frameworks/CoreServices.framework/Versions/A/Frameworks/CarbonCore.framework/Versions/A/CarbonCore
0x0000000000a61000 	/System/Library/Frameworks/CoreServices.framework/Versions/A/Frameworks/Metadata.framework/Versions/A/Metadata
0x0000000000a61000 	/System/Library/Frameworks/CoreServices.framework/Versions/A/Frameworks/OSServices.framework/Versions/A/OSServices
0x0000000000a61000 	/System/Library/Frameworks/CoreServices.framework/Versions/A/Frameworks/SearchKit.framework/Versions/A/SearchKit
0x0000000000a61000 	/System/Library/Frameworks/CoreServices.framework/Versions/A/Frameworks/AE.framework/Versions/A/AE
0x0000000000a61000 	/System/Library/Frameworks/CoreServices.framework/Versions/A/Frameworks/LaunchServices.framework/Versions/A/LaunchServices
0x0000000000a61000 	/System/Library/Frameworks/CoreServices.framework/Versions/A/Frameworks/DictionaryServices.framework/Versions/A/DictionaryServices
0x0000000000a61000 	/System/Library/Frameworks/NetFS.framework/Versions/A/NetFS
0x0000000000a61000 	/System/Library/PrivateFrameworks/NetAuth.framework/Versions/A/NetAuth
0x0000000000a61000 	/System/Library/PrivateFrameworks/login.framework/Versions/A/Frameworks/loginsupport.framework/Versions/A/loginsupport
0x0000000000a61000 	/System/Library/PrivateFrameworks/TCC.framework/Versions/A/TCC
0x0000000000a61000 	/usr/lib/libmecabra.dylib
0x0000000000a61000 	/System/Library/PrivateFrameworks/LanguageModeling.framework/Versions/A/LanguageModeling
0x0000000000a61000 	/usr/lib/libcmph.dylib
0x0000000000a61000 	/usr/lib/libiconv.2.dylib
0x0000000000a61000 	/System/Library/Frameworks/OpenDirectory.framework/Versions/A/Frameworks/CFOpenDirectory.framework/Versions/A/CFOpenDirectory
0x0000000000a61000 	/System/Library/Frameworks/ServiceManagement.framework/Versions/A/ServiceManagement
0x0000000000a61000 	/usr/lib/libxslt.1.dylib
0x0000000000a61000 	/System/Library/Frameworks/Carbon.framework/Versions/A/Frameworks/Ink.framework/Versions/A/Ink
0x0000000000a61000 	/System/Library/Frameworks/ApplicationServices.framework/Versions/A/Frameworks/ATS.framework/Versions/A/ATS
0x0000000000a61000 	/System/Library/Frameworks/ApplicationServices.framework/Versions/A/Frameworks/ColorSync.framework/Versions/A/ColorSync
0x0000000000a61000 	/System/Library/Frameworks/ApplicationServices.framework/Versions/A/Frameworks/HIServices.framework/Versions/A/HIServices
0x0000000000a61000 	/System/Library/Frameworks/ApplicationServices.framework/Versions/A/Frameworks/LangAnalysis.framework/Versions/A/LangAnalysis
0x0000000000a61000 	/System/Library/Frameworks/ApplicationServices.framework/Versions/A/Frameworks/PrintCore.framework/Versions/A/PrintCore
0x0000000000a61000 	/System/Library/Frameworks/ApplicationServices.framework/Versions/A/Frameworks/QD.framework/Versions/A/QD
0x0000000000a61000 	/System/Library/Frameworks/ApplicationServices.framework/Versions/A/Frameworks/SpeechSynthesis.framework/Versions/A/SpeechSynthesis
0x0000000000a61000 	/System/Library/Frameworks/Accelerate.framework/Versions/A/Accelerate
0x0000000000a61000 	/System/Library/Frameworks/Accelerate.framework/Versions/A/Frameworks/vImage.framework/Versions/A/vImage
0x0000000000a61000 	/System/Library/Frameworks/Accelerate.framework/Versions/A/Frameworks/vecLib.framework/Versions/A/vecLib
0x0000000000a61000 	/System/Library/Frameworks/Accelerate.framework/Versions/A/Frameworks/vecLib.framework/Versions/A/libvDSP.dylib
0x0000000000a61000 	/System/Library/Frameworks/Accelerate.framework/Versions/A/Frameworks/vecLib.framework/Versions/A/libvMisc.dylib
0x0000000000a61000 	/System/Library/Frameworks/Accelerate.framework/Versions/A/Frameworks/vecLib.framework/Versions/A/libLAPACK.dylib
0x0000000000a61000 	/System/Library/Frameworks/Accelerate.framework/Versions/A/Frameworks/vecLib.framework/Versions/A/libBLAS.dylib
0x0000000000a61000 	/System/Library/Frameworks/Accelerate.framework/Versions/A/Frameworks/vecLib.framework/Versions/A/libLinearAlgebra.dylib
0x0000000000a61000 	/System/Library/Frameworks/ApplicationServices.framework/Versions/A/Frameworks/ATS.framework/Versions/A/Resources/libFontParser.dylib
0x0000000000a61000 	/System/Library/Frameworks/ApplicationServices.framework/Versions/A/Frameworks/ATS.framework/Versions/A/Resources/libFontRegistry.dylib
0x0000000000a61000 	/System/Library/PrivateFrameworks/AppleVPA.framework/Versions/A/AppleVPA
0x0000000000a61000 	/System/Library/PrivateFrameworks/AppleJPEG.framework/Versions/A/AppleJPEG
0x0000000000a61000 	/System/Library/Frameworks/ImageIO.framework/Versions/A/Resources/libJPEG.dylib
0x0000000000a61000 	/System/Library/Frameworks/ImageIO.framework/Versions/A/Resources/libTIFF.dylib
0x0000000000a61000 	/System/Library/Frameworks/ImageIO.framework/Versions/A/Resources/libPng.dylib
0x0000000000a61000 	/System/Library/Frameworks/ImageIO.framework/Versions/A/Resources/libGIF.dylib
0x0000000000a61000 	/System/Library/Frameworks/ImageIO.framework/Versions/A/Resources/libJP2.dylib
0x0000000000a61000 	/System/Library/Frameworks/ImageIO.framework/Versions/A/Resources/libRadiance.dylib
0x0000000000a61000 	/System/Library/Frameworks/CoreVideo.framework/Versions/A/CoreVideo
0x0000000000a61000 	/System/Library/Frameworks/OpenGL.framework/Versions/A/Libraries/libGLU.dylib
0x0000000000a61000 	/System/Library/Frameworks/OpenGL.framework/Versions/A/Libraries/libGFXShared.dylib
0x0000000000a61000 	/System/Library/Frameworks/OpenGL.framework/Versions/A/Libraries/libGL.dylib
0x0000000000a61000 	/System/Library/Frameworks/OpenGL.framework/Versions/A/Libraries/libGLImage.dylib
0x0000000000a61000 	/System/Library/Frameworks/OpenGL.framework/Versions/A/Libraries/libCVMSPluginSupport.dylib
0x0000000000a61000 	/System/Library/Frameworks/OpenGL.framework/Versions/A/Libraries/libCoreVMClient.dylib
0x0000000000a61000 	/usr/lib/libcups.2.dylib
0x0000000000a61000 	/System/Library/Frameworks/Kerberos.framework/Versions/A/Kerberos
0x0000000000a61000 	/System/Library/Frameworks/GSS.framework/Versions/A/GSS
0x0000000000a61000 	/usr/lib/libresolv.9.dylib
0x0000000000a61000 	/System/Library/PrivateFrameworks/Heimdal.framework/Versions/A/Heimdal
0x0000000000a61000 	/usr/lib/libheimdal-asn1.dylib
0x0000000000a61000 	/System/Library/Frameworks/OpenDirectory.framework/Versions/A/OpenDirectory
0x0000000000a61000 	/System/Library/PrivateFrameworks/CommonAuth.framework/Versions/A/CommonAuth
0x0000000000a61000 	/System/Library/Frameworks/SecurityFoundation.framework/Versions/A/SecurityFoundation
0x0000000000a61000 	/System/Library/Frameworks/QuartzCore.framework/Versions/A/Frameworks/CoreImage.framework/Versions/A/CoreImage
0x0000000000a61000 	/System/Library/PrivateFrameworks/CrashReporterSupport.framework/Versions/A/CrashReporterSupport
0x0000000000a61000 	/System/Library/Frameworks/OpenCL.framework/Versions/A/OpenCL
0x0000000000a61000 	/System/Library/PrivateFrameworks/FaceCore.framework/Versions/A/FaceCore
0x0000000000a61000 	/System/Library/PrivateFrameworks/Ubiquity.framework/Versions/A/Ubiquity
0x0000000000a61000 	/System/Library/PrivateFrameworks/IconServices.framework/Versions/A/IconServices
0x0000000000a61000 	/System/Library/PrivateFrameworks/ChunkingLibrary.framework/Versions/A/ChunkingLibrary
0x0000000000a61000 	/System/Library/PrivateFrameworks/Apple80211.framework/Versions/A/Apple80211
0x0000000000a61000 	/System/Library/Frameworks/CoreWLAN.framework/Versions/A/CoreWLAN
0x0000000000a61000 	/System/Library/Frameworks/IOBluetooth.framework/Versions/A/IOBluetooth
0x0000000000a61000 	/System/Library/PrivateFrameworks/CoreWiFi.framework/Versions/A/CoreWiFi
0x0000000000a61000 	/System/Library/Frameworks/CoreBluetooth.framework/Versions/A/CoreBluetooth
0x0000000000a61000 	/System/Library/PrivateFrameworks/DebugSymbols.framework/Versions/A/DebugSymbols
0x0000000000a61000 	/System/Library/PrivateFrameworks/CoreSymbolication.framework/Versions/A/CoreSymbolication
0x0000000000a61000 	/System/Library/PrivateFrameworks/Symbolication.framework/Versions/A/Symbolication
0x0000000000a61000 	/System/Library/PrivateFrameworks/SpeechRecognitionCore.framework/Versions/A/SpeechRecognitionCore
0x0000000102600000 	/Applications/jMonkeyPlatform.app/Contents/Resources/jmonkeyplatform/jdk/jre/lib/server/libjvm.dylib
0x0000000000a61000 	/usr/lib/libstdc++.6.dylib
0x000000010153c000 	/Applications/jMonkeyPlatform.app/Contents/Resources/jmonkeyplatform/jdk/jre/lib/libverify.dylib
0x0000000101549000 	/Applications/jMonkeyPlatform.app/Contents/Resources/jmonkeyplatform/jdk/jre/lib/libjava.dylib
0x0000000101583000 	/Applications/jMonkeyPlatform.app/Contents/Resources/jmonkeyplatform/jdk/jre/lib/libzip.dylib
0x00000001123ad000 	/System/Library/Frameworks/JavaVM.framework/Frameworks/JavaRuntimeSupport.framework/JavaRuntimeSupport
0x00000001123c5000 	/System/Library/Frameworks/JavaVM.framework/Versions/A/Frameworks/JavaNativeFoundation.framework/Versions/A/JavaNativeFoundation
0x00000001123da000 	/System/Library/Frameworks/JavaVM.framework/Versions/A/JavaVM
0x0000000000a61000 	/System/Library/Frameworks/Carbon.framework/Versions/A/Carbon
0x00000001123e7000 	/System/Library/PrivateFrameworks/JavaLaunching.framework/Versions/A/JavaLaunching
0x0000000000a61000 	/System/Library/Frameworks/Carbon.framework/Versions/A/Frameworks/CommonPanels.framework/Versions/A/CommonPanels
0x0000000000a61000 	/System/Library/Frameworks/Carbon.framework/Versions/A/Frameworks/Help.framework/Versions/A/Help
0x0000000000a61000 	/System/Library/Frameworks/Carbon.framework/Versions/A/Frameworks/ImageCapture.framework/Versions/A/ImageCapture
0x0000000000a61000 	/System/Library/Frameworks/Carbon.framework/Versions/A/Frameworks/OpenScripting.framework/Versions/A/OpenScripting
0x0000000000a61000 	/System/Library/Frameworks/Carbon.framework/Versions/A/Frameworks/Print.framework/Versions/A/Print
0x0000000000a61000 	/System/Library/Frameworks/Carbon.framework/Versions/A/Frameworks/SecurityHI.framework/Versions/A/SecurityHI
0x0000000114343000 	/Applications/jMonkeyPlatform.app/Contents/Resources/jmonkeyplatform/jdk/jre/lib/libawt.dylib
0x00000001143f2000 	/Applications/jMonkeyPlatform.app/Contents/Resources/jmonkeyplatform/jdk/jre/lib/./libmlib_image.dylib
0x00000001144be000 	/Applications/jMonkeyPlatform.app/Contents/Resources/jmonkeyplatform/jdk/jre/lib/lwawt/liblwawt.dylib
0x0000000114572000 	/Applications/jMonkeyPlatform.app/Contents/Resources/jmonkeyplatform/jdk/jre/lib/libosxapp.dylib
0x0000000000a61000 	/System/Library/Frameworks/ExceptionHandling.framework/Versions/A/ExceptionHandling
0x0000000000a61000 	/System/Library/PrivateFrameworks/CoreServicesInternal.framework/Versions/A/CoreServicesInternal
0x0000000000a61000 	/System/Library/PrivateFrameworks/CloudDocs.framework/Versions/A/CloudDocs
0x0000000000a61000 	/System/Library/PrivateFrameworks/CoreDuet.framework/Versions/A/CoreDuet
0x0000000000a61000 	/System/Library/Frameworks/CloudKit.framework/Versions/A/CloudKit
0x0000000000a61000 	/System/Library/PrivateFrameworks/ProtocolBuffer.framework/Versions/A/ProtocolBuffer
0x0000000000a61000 	/System/Library/PrivateFrameworks/CoreDuetDaemonProtocol.framework/Versions/A/CoreDuetDaemonProtocol
0x0000000000a61000 	/System/Library/PrivateFrameworks/CoreDuetDebugLogging.framework/Versions/A/CoreDuetDebugLogging
0x0000000000a61000 	/System/Library/Frameworks/CoreLocation.framework/Versions/A/CoreLocation
0x0000000000a61000 	/System/Library/Frameworks/Accounts.framework/Versions/A/Accounts
0x0000000000a61000 	/System/Library/PrivateFrameworks/ApplePushService.framework/Versions/A/ApplePushService
0x0000000000a61000 	/System/Library/PrivateFrameworks/GeoServices.framework/Versions/A/GeoServices
0x0000000000a61000 	/System/Library/PrivateFrameworks/OAuth.framework/Versions/A/OAuth
0x0000000000a61000 	/System/Library/PrivateFrameworks/CoreDaemon.framework/Versions/B/CoreDaemon
0x0000000000a61000 	/usr/lib/libcrypto.0.9.8.dylib
0x0000000000a61000 	/System/Library/PrivateFrameworks/AppleSRP.framework/Versions/A/AppleSRP
0x0000000000a61000 	/System/Library/PrivateFrameworks/TrustEvaluationAgent.framework/Versions/A/TrustEvaluationAgent
0x0000000000a61000 	/System/Library/Frameworks/CoreGraphics.framework/Versions/A/Resources/libCGCMS.A.dylib
0x0000000000a61000 	/System/Library/Frameworks/CoreGraphics.framework/Versions/A/Resources/libRIP.A.dylib
0x0000000000a61000 	/System/Library/Frameworks/CoreGraphics.framework/Versions/A/Resources/libCGXType.A.dylib
0x0000000000a61000 	/System/Library/Frameworks/OpenCL.framework/Versions/A/Libraries/libcldcpuengine.dylib
0x0000000000a61000 	/System/Library/PrivateFrameworks/DiskImages.framework/Versions/A/DiskImages
0x0000000000a61000 	/System/Library/Frameworks/DiscRecording.framework/Versions/A/DiscRecording
0x0000000000a61000 	/usr/lib/libcsfde.dylib
0x0000000000a61000 	/usr/lib/libcurl.4.dylib
0x0000000000a61000 	/System/Library/PrivateFrameworks/MediaKit.framework/Versions/A/MediaKit
0x0000000000a61000 	/System/Library/PrivateFrameworks/ProtectedCloudStorage.framework/Versions/A/ProtectedCloudStorage
0x0000000000a61000 	/usr/lib/libCoreStorage.dylib
0x0000000000a61000 	/System/Library/PrivateFrameworks/EFILogin.framework/Versions/A/EFILogin
0x0000000000a61000 	/usr/lib/libutil.dylib
0x0000000000a61000 	/System/Library/PrivateFrameworks/FindMyDevice.framework/Versions/A/FindMyDevice
0x0000000000a61000 	/System/Library/Frameworks/LDAP.framework/Versions/A/LDAP
0x0000000000a61000 	/usr/lib/libsasl2.2.dylib
0x0000000117508000 	cl_kernels
0x000000011750a000 	/System/Library/Frameworks/OpenCL.framework/Versions/A/Libraries/ImageFormats/unorm8_bgra.dylib
0x00000001174fa000 	cl_kernels
0x0000000000a61000 	/System/Library/PrivateFrameworks/FamilyControls.framework/Versions/A/FamilyControls
0x0000000000a61000 	/System/Library/PrivateFrameworks/CommerceKit.framework/Versions/A/Frameworks/CommerceCore.framework/Versions/A/CommerceCore
0x0000000000a61000 	/System/Library/PrivateFrameworks/SystemAdministration.framework/Versions/A/SystemAdministration
0x0000000000a61000 	/System/Library/PrivateFrameworks/AppContainer.framework/Versions/A/AppContainer
0x0000000000a61000 	/System/Library/PrivateFrameworks/SecCodeWrapper.framework/Versions/A/SecCodeWrapper
0x0000000000a61000 	/System/Library/Frameworks/DirectoryService.framework/Versions/A/DirectoryService
0x0000000000a61000 	/System/Library/PrivateFrameworks/LoginUIKit.framework/Versions/A/Frameworks/LoginUICore.framework/Versions/A/LoginUICore
0x0000000000a61000 	/usr/lib/libodfde.dylib
0x0000000000a61000 	/System/Library/Frameworks/OpenGL.framework/Versions/A/Resources/GLEngine.bundle/GLEngine
0x0000000000a61000 	/System/Library/Frameworks/OpenGL.framework/Versions/A/Libraries/libGLProgrammability.dylib
0x0000000000000000 	/System/Library/Extensions/AppleIntelHD4000GraphicsGLDriver.bundle/Contents/MacOS/AppleIntelHD4000GraphicsGLDriver
0x0000000000a61000 	/System/Library/PrivateFrameworks/IOAccelerator.framework/Versions/A/IOAccelerator
0x0000000000a61000 	/System/Library/PrivateFrameworks/GPUSupport.framework/Versions/A/Libraries/libGPUSupportMercury.dylib
0x0000000000000000 	/System/Library/Extensions/GeForceGLDriver.bundle/Contents/MacOS/GeForceGLDriver
0x0000000000a61000 	/System/Library/Extensions/GeForceGLDriver.bundle/Contents/MacOS/libclh.dylib
0x0000000000a61000 	/System/Library/Frameworks/OpenGL.framework/Versions/A/Resources/GLRendererFloat.bundle/GLRendererFloat
0x000000011970a000 	/Applications/jMonkeyPlatform.app/Contents/Resources/jmonkeyplatform/jdk/jre/lib/libfontmanager.dylib
0x0000000119874000 	/Applications/jMonkeyPlatform.app/Contents/Resources/jmonkeyplatform/jdk/jre/lib/libosxui.dylib
0x000000011987e000 	/Applications/jMonkeyPlatform.app/Contents/Resources/jmonkeyplatform/jdk/jre/lib/libosx.dylib
0x000000011b5e1000 	/Applications/jMonkeyPlatform.app/Contents/Resources/jmonkeyplatform/jdk/jre/lib/libnet.dylib
0x000000011b526000 	/Applications/jMonkeyPlatform.app/Contents/Resources/jmonkeyplatform/jdk/jre/lib/libnio.dylib
0x0000000000a61000 	/System/Library/Frameworks/Accelerate.framework/Versions/A/Frameworks/vImage.framework/Versions/A/Libraries/libCGInterfaces.dylib
0x000000011a90d000 	/Users/crisscrosskao/Documents/GitHub/CubeField/liblwjgl.dylib
0x0000000119b7c000 	/Applications/jMonkeyPlatform.app/Contents/Resources/jmonkeyplatform/jdk/jre/lib/libjawt.dylib
0x000000011af06000 	/Users/crisscrosskao/Documents/GitHub/CubeField/openal.dylib
0x000000011b141000 	/System/Library/Components/CoreAudio.component/Contents/MacOS/CoreAudio
0x000000011af7f000 	/System/Library/Extensions/AppleHDA.kext/Contents/PlugIns/AppleHDAHALPlugIn.bundle/Contents/MacOS/AppleHDAHALPlugIn
0x000000011af9d000 	/Users/crisscrosskao/LeapSDK/lib/libLeapJava.dylib
0x000000011c6de000 	/Users/crisscrosskao/LeapSDK/lib/libLeap.dylib

VM Arguments:
jvm_args: -Dfile.encoding=UTF-8 -Djava.library.path=/Users/crisscrosskao/LeapSDK/lib 
java_command: mygame.Main
Launcher Type: SUN_STANDARD

Environment Variables:
PATH=/usr/bin:/bin:/usr/sbin:/sbin
LD_LIBRARY_PATH=/Applications/jMonkeyPlatform.app/Contents/MacOS/../Resources/jmonkeyplatform/bin/../jdk/jre/lib/amd64:/Applications/jMonkeyPlatform.app/Contents/MacOS/../Resources/jmonkeyplatform/bin/../jdk/jre/lib/i386:
SHELL=/bin/bash
DISPLAY=/private/tmp/com.apple.launchd.eFZvBhvWJE/org.macosforge.xquartz:0

Signal Handlers:
SIGSEGV: [libjvm.dylib+0x525425], sa_mask[0]=0xfffefeff, sa_flags=0x00000043
SIGBUS: [libjvm.dylib+0x525425], sa_mask[0]=0xfffefeff, sa_flags=0x00000042
SIGFPE: [libjvm.dylib+0x41892a], sa_mask[0]=0xfffefeff, sa_flags=0x00000042
SIGPIPE: [libjvm.dylib+0x41892a], sa_mask[0]=0xfffefeff, sa_flags=0x00000042
SIGXFSZ: [libjvm.dylib+0x41892a], sa_mask[0]=0xfffefeff, sa_flags=0x00000042
SIGILL: [libjvm.dylib+0x41892a], sa_mask[0]=0xfffefeff, sa_flags=0x00000042
SIGUSR1: SIG_DFL, sa_mask[0]=0x00000000, sa_flags=0x00000000
SIGUSR2: [libjvm.dylib+0x41841c], sa_mask[0]=0x00000004, sa_flags=0x00000042
SIGHUP: [libjvm.dylib+0x4166ab], sa_mask[0]=0xfffefeff, sa_flags=0x00000042
SIGINT: SIG_IGN, sa_mask[0]=0x00000000, sa_flags=0x00000000
SIGTERM: [libjvm.dylib+0x4166ab], sa_mask[0]=0xfffefeff, sa_flags=0x00000042
SIGQUIT: [libjvm.dylib+0x4166ab], sa_mask[0]=0xfffefeff, sa_flags=0x00000042


---------------  S Y S T E M  ---------------

OS:Bsduname:Darwin 14.0.0 Darwin Kernel Version 14.0.0: Fri Sep 19 00:26:44 PDT 2014; root:xnu-2782.1.97~2/RELEASE_X86_64 x86_64
rlimit: STACK 8192k, CORE 0k, NPROC 709, NOFILE 10240, AS infinity
load average:1.52 1.44 1.71

CPU:total 8 (4 cores per cpu, 2 threads per core) family 6 model 58 stepping 9, cmov, cx8, fxsr, mmx, sse, sse2, sse3, ssse3, sse4.1, sse4.2, popcnt, avx, aes, erms, ht, tsc, tscinvbit, tscinv

Memory: 4k page, physical 16777216k(4194304k free)

/proc/meminfo:


vm_info: Java HotSpot(TM) 64-Bit Server VM (24.51-b03) for bsd-amd64 JRE (1.7.0_51-b13), built on Dec 18 2013 18:45:56 by "java_re" with gcc 4.2.1 (Based on Apple Inc. build 5658) (LLVM build 2336.11.00)

time: Thu Dec  4 20:55:06 2014
elapsed time: 34 seconds

