#
# A fatal error has been detected by the Java Runtime Environment:
#
#  SIGSEGV (0xb) at pc=0x000000011bb44dde, pid=4252, tid=77827
#
# JRE version: Java(TM) SE Runtime Environment (7.0_51-b13) (build 1.7.0_51-b13)
# Java VM: Java HotSpot(TM) 64-Bit Server VM (24.51-b03 mixed mode bsd-amd64 compressed oops)
# Problematic frame:
# C  [libLeap.dylib+0x2adde]  _ZNK4Leap14InteractionBox9toCStringEv+0x29de
#
# Failed to write core dump. Core dumps have been disabled. To enable core dumping, try "ulimit -c unlimited" before starting Java again
#
# If you would like to submit a bug report, please visit:
#   http://bugreport.sun.com/bugreport/crash.jsp
#

---------------  T H R E A D  ---------------

Current thread is native thread

siginfo:si_signo=SIGSEGV: si_errno=0, si_code=0 (SEGV0), si_addr=0x0000000000000000

Registers:
RAX=0x400007fcf59c76da, RBX=0x0000000000000001, RCX=0x0000000000000000, RDX=0x00007fcf542b4dd0
RSP=0x000000011bf47dc0, RBP=0x000000011bf47eb0, RSI=0x0000aa000000aa00, RDI=0x000000011bf47d30
R8 =0x000000011bf47ce0, R9 =0x00000000ffffff00, R10=0x0000000071b3cf4d, R11=0x00007fcf54100000
R12=0x00007fcf54108a20, R13=0x00007fcf54108a50, R14=0x00007fcf59c20e40, R15=0x00007fcf5426d3e0
RIP=0x000000011bb44dde, EFLAGS=0x0000000000010202, ERR=0x0000000000000000
  TRAPNO=0x000000000000000d

Top of Stack: (sp=0x000000011bf47dc0)
0x000000011bf47dc0:   00007fcf5523c0d8 00007fcf5523c018
0x000000011bf47dd0:   00007fcf5523c058 00007fcf5523bde8
0x000000011bf47de0:   00007fcf5523bdb8 00007fcf5523c098
0x000000011bf47df0:   0000000100000000 00007fcf5523bd90
0x000000011bf47e00:   00007fcf5523bc00 0000000000000000
0x000000011bf47e10:   0000000000000000 00007fcf54108a50
0x000000011bf47e20:   00007fcf54108a50 0000000000000001
0x000000011bf47e30:   00007fcf54108a20 00007fcf54108a20
0x000000011bf47e40:   0000000000000001 0000000000000000
0x000000011bf47e50:   00007fcf5523bdb8 00007fcf542b5e40
0x000000011bf47e60:   00007fcf5523c098 00007fcf542b8a01
0x000000011bf47e70:   00007fcf5523bde8 00007fcf542b6a90
0x000000011bf47e80:   000000011bf47e38 00007fcf542b8ab0
0x000000011bf47e90:   0000000000013003 00000000000008ff
0x000000011bf47ea0:   00007fcf542b8cd0 00007fcf542b8cd0
0x000000011bf47eb0:   000000011bf47ef0 000000011bb927b5
0x000000011bf47ec0:   0000000000000000 000000011bf48000
0x000000011bf47ed0:   0000000000013003 00000000000008ff
0x000000011bf47ee0:   00007fcf542b8ab0 000000011bb92730
0x000000011bf47ef0:   000000011bf47f10 00007fff929d52fc
0x000000011bf47f00:   0000000000013003 000000011bf48000
0x000000011bf47f10:   000000011bf47f50 00007fff929d5279
0x000000011bf47f20:   0000000000000000 0000000000000000
0x000000011bf47f30:   0000000000000000 0000000000000000
0x000000011bf47f40:   0000000000000000 0000000000000000
0x000000011bf47f50:   000000011bf47f78 00007fff929d34b1
0x000000011bf47f60:   0000000000000000 0000000000000000
0x000000011bf47f70:   0000000000000000 0000000000000000
0x000000011bf47f80:   0000000000000000 0000000000000000
0x000000011bf47f90:   0000000000000000 0000000000000000
0x000000011bf47fa0:   0000000000000000 0000000000000000
0x000000011bf47fb0:   0000000000000000 0000000000000000 

Instructions: (pc=0x000000011bb44dde)
0x000000011bb44dbe:   8b 40 38 4c 89 f7 4c 89 fe ff d0 eb 0c 48 8b 40
0x000000011bb44dce:   40 4c 89 f7 4c 89 fe ff d0 85 db 74 0f 49 8b 06
0x000000011bb44dde:   48 8b 40 30 4c 89 f7 4c 89 fe ff d0 49 8b 45 08
0x000000011bb44dee:   48 85 c0 74 2d 66 66 66 66 2e 0f 1f 84 00 00 00 

Register to memory mapping:

RAX=0x400007fcf59c76da is an unknown value
RBX=0x0000000000000001 is an unknown value
RCX=0x0000000000000000 is an unknown value
RDX=0x00007fcf542b4dd0 is an unknown value
RSP=0x000000011bf47dc0 is an unknown value
RBP=0x000000011bf47eb0 is an unknown value
RSI=0x0000aa000000aa00 is an unknown value
RDI=0x000000011bf47d30 is an unknown value
R8 =0x000000011bf47ce0 is an unknown value
R9 =0x00000000ffffff00 is an unknown value
R10=0x0000000071b3cf4d is an unknown value
R11=0x00007fcf54100000 is an unknown value
R12=0x00007fcf54108a20 is an unknown value
R13=0x00007fcf54108a50 is an unknown value
R14=0x00007fcf59c20e40 is an unknown value
R15=0x00007fcf5426d3e0 is an unknown value


Stack: [0x000000011bec8000,0x000000011bf48000],  sp=0x000000011bf47dc0,  free space=511k
Native frames: (J=compiled Java code, j=interpreted, Vv=VM code, C=native code)
C  [libLeap.dylib+0x2adde]  _ZNK4Leap14InteractionBox9toCStringEv+0x29de
C  [libLeap.dylib+0x787b5]  _ZNK4Leap4Tool9toCStringEv+0x382d5
C  [libsystem_pthread.dylib+0x32fc]  _pthread_body+0x83
C  [libsystem_pthread.dylib+0x3279]  _pthread_body+0x0
C  [libsystem_pthread.dylib+0x14b1]  thread_start+0xd


---------------  P R O C E S S  ---------------

VM state:not at safepoint (normal execution)

VM Mutex/Monitor currently owned by a thread: None

Heap
 PSYoungGen      total 76800K, used 9323K [0x00000007aaa80000, 0x00000007b0000000, 0x0000000800000000)
  eden space 66048K, 1% used [0x00000007aaa80000,0x00000007aab7b080,0x00000007aeb00000)
  from space 10752K, 77% used [0x00000007af580000,0x00000007afd9fca0,0x00000007b0000000)
  to   space 10752K, 0% used [0x00000007aeb00000,0x00000007aeb00000,0x00000007af580000)
 ParOldGen       total 174592K, used 16K [0x0000000700000000, 0x000000070aa80000, 0x00000007aaa80000)
  object space 174592K, 0% used [0x0000000700000000,0x0000000700004000,0x000000070aa80000)
 PSPermGen       total 21504K, used 18087K [0x00000006fae00000, 0x00000006fc300000, 0x0000000700000000)
  object space 21504K, 84% used [0x00000006fae00000,0x00000006fbfa9e10,0x00000006fc300000)

Card table byte_map: [0x0000000105554000,0x0000000105d7e000] byte_map_base: 0x0000000101d7d000

Polling page: 0x00000001009f7000

Code Cache  [0x0000000102494000, 0x0000000102704000, 0x0000000105494000)
 total_blobs=916 nmethods=316 adapters=554 free_code_cache=47793Kb largest_free_block=48905472

Compilation events (10 events):
Event: 11.406 Thread 0x00007fcf56021800  316             com.jme3.math.Matrix3f::determinant (85 bytes)
Event: 11.406 Thread 0x00007fcf55002000  317             com.jme3.math.Matrix3f::multLocal (92 bytes)
Event: 11.406 Thread 0x00007fcf56021800 nmethod 316 0x00000001025e5650 code [0x00000001025e5780, 0x00000001025e5838]
Event: 11.406 Thread 0x00007fcf55002000 nmethod 317 0x00000001025e5410 code [0x00000001025e5540, 0x00000001025e55f8]
Event: 11.406 Thread 0x00007fcf56021800  318             com.jme3.math.Matrix3f::fillFloatArray (140 bytes)
Event: 11.407 Thread 0x00007fcf56021800 nmethod 318 0x00000001025e5050 code [0x00000001025e51a0, 0x00000001025e52f8]
Event: 11.472 Thread 0x00007fcf55002000  320             com.jme3.scene.Node::updateWorldBound (109 bytes)
Event: 11.484 Thread 0x00007fcf55002000 nmethod 320 0x00000001025e8610 code [0x00000001025e88a0, 0x00000001025e93e8]
Event: 11.705 Thread 0x00007fcf56021800  321             com.jme3.math.Vector3f::dot (45 bytes)
Event: 11.706 Thread 0x00007fcf56021800 nmethod 321 0x00000001025e83d0 code [0x00000001025e8500, 0x00000001025e8598]

GC Heap History (4 events):
Event: 8.380 GC heap before
{Heap before GC invocations=1 (full 0):
 PSYoungGen      total 76800K, used 66048K [0x00000007aaa80000, 0x00000007b0000000, 0x0000000800000000)
  eden space 66048K, 100% used [0x00000007aaa80000,0x00000007aeb00000,0x00000007aeb00000)
  from space 10752K, 0% used [0x00000007af580000,0x00000007af580000,0x00000007b0000000)
  to   space 10752K, 0% used [0x00000007aeb00000,0x00000007aeb00000,0x00000007af580000)
 ParOldGen       total 174592K, used 0K [0x0000000700000000, 0x000000070aa80000, 0x00000007aaa80000)
  object space 174592K, 0% used [0x0000000700000000,0x0000000700000000,0x000000070aa80000)
 PSPermGen       total 21504K, used 17696K [0x00000006fae00000, 0x00000006fc300000, 0x0000000700000000)
  object space 21504K, 82% used [0x00000006fae00000,0x00000006fbf481c8,0x00000006fc300000)
Event: 8.389 GC heap after
Heap after GC invocations=1 (full 0):
 PSYoungGen      total 76800K, used 8583K [0x00000007aaa80000, 0x00000007b0000000, 0x0000000800000000)
  eden space 66048K, 0% used [0x00000007aaa80000,0x00000007aaa80000,0x00000007aeb00000)
  from space 10752K, 79% used [0x00000007aeb00000,0x00000007af361ec0,0x00000007af580000)
  to   space 10752K, 0% used [0x00000007af580000,0x00000007af580000,0x00000007b0000000)
 ParOldGen       total 174592K, used 8K [0x0000000700000000, 0x000000070aa80000, 0x00000007aaa80000)
  object space 174592K, 0% used [0x0000000700000000,0x0000000700002000,0x000000070aa80000)
 PSPermGen       total 21504K, used 17696K [0x00000006fae00000, 0x00000006fc300000, 0x0000000700000000)
  object space 21504K, 82% used [0x00000006fae00000,0x00000006fbf481c8,0x00000006fc300000)
}
Event: 12.520 GC heap before
{Heap before GC invocations=2 (full 0):
 PSYoungGen      total 76800K, used 74631K [0x00000007aaa80000, 0x00000007b0000000, 0x0000000800000000)
  eden space 66048K, 100% used [0x00000007aaa80000,0x00000007aeb00000,0x00000007aeb00000)
  from space 10752K, 79% used [0x00000007aeb00000,0x00000007af361ec0,0x00000007af580000)
  to   space 10752K, 0% used [0x00000007af580000,0x00000007af580000,0x00000007b0000000)
 ParOldGen       total 174592K, used 8K [0x0000000700000000, 0x000000070aa80000, 0x00000007aaa80000)
  object space 174592K, 0% used [0x0000000700000000,0x0000000700002000,0x000000070aa80000)
 PSPermGen       total 21504K, used 18086K [0x00000006fae00000, 0x00000006fc300000, 0x0000000700000000)
  object space 21504K, 84% used [0x00000006fae00000,0x00000006fbfa9998,0x00000006fc300000)
Event: 12.527 GC heap after
Heap after GC invocations=2 (full 0):
 PSYoungGen      total 76800K, used 8319K [0x00000007aaa80000, 0x00000007b0000000, 0x0000000800000000)
  eden space 66048K, 0% used [0x00000007aaa80000,0x00000007aaa80000,0x00000007aeb00000)
  from space 10752K, 77% used [0x00000007af580000,0x00000007afd9fca0,0x00000007b0000000)
  to   space 10752K, 0% used [0x00000007aeb00000,0x00000007aeb00000,0x00000007af580000)
 ParOldGen       total 174592K, used 16K [0x0000000700000000, 0x000000070aa80000, 0x00000007aaa80000)
  object space 174592K, 0% used [0x0000000700000000,0x0000000700004000,0x000000070aa80000)
 PSPermGen       total 21504K, used 18086K [0x00000006fae00000, 0x00000006fc300000, 0x0000000700000000)
  object space 21504K, 84% used [0x00000006fae00000,0x00000006fbfa9998,0x00000006fc300000)
}

Deoptimization events (10 events):
Event: 8.772 Thread 0x00007fcf551b4000 Uncommon trap: reason=array_check action=maybe_recompile pc=0x0000000102592c94 method=com.jme3.util.SortUtil.merge([Ljava/lang/Object;[Ljava/lang/Object;IIILjava/util/Comparator;)V @ 56
Event: 8.772 Thread 0x00007fcf551b4000 Uncommon trap: reason=array_check action=maybe_recompile pc=0x000000010259324c method=com.jme3.util.SortUtil.merge([Ljava/lang/Object;[Ljava/lang/Object;IIILjava/util/Comparator;)V @ 72
Event: 8.772 Thread 0x00007fcf551b4000 Uncommon trap: reason=array_check action=maybe_recompile pc=0x000000010259324c method=com.jme3.util.SortUtil.merge([Ljava/lang/Object;[Ljava/lang/Object;IIILjava/util/Comparator;)V @ 72
Event: 8.855 Thread 0x00007fcf551b4000 Uncommon trap: reason=predicate action=maybe_recompile pc=0x00000001025a73a8 method=com.jme3.util.SortUtil.merge([Ljava/lang/Object;[Ljava/lang/Object;IIILjava/util/Comparator;)V @ 104
Event: 8.972 Thread 0x00007fcf551b4000 Uncommon trap: reason=array_check action=maybe_recompile pc=0x00000001025b3a68 method=com.jme3.util.SortUtil.merge([Ljava/lang/Object;[Ljava/lang/Object;IIILjava/util/Comparator;)V @ 116
Event: 8.972 Thread 0x00007fcf551b4000 Uncommon trap: reason=array_check action=maybe_recompile pc=0x00000001025b3a68 method=com.jme3.util.SortUtil.merge([Ljava/lang/Object;[Ljava/lang/Object;IIILjava/util/Comparator;)V @ 116
Event: 9.042 Thread 0x00007fcf551b4000 Uncommon trap: reason=array_check action=maybe_recompile pc=0x00000001025b7700 method=com.jme3.util.SortUtil.merge([Ljava/lang/Object;[Ljava/lang/Object;IIILjava/util/Comparator;)V @ 137
Event: 9.055 Thread 0x00007fcf551b4000 Uncommon trap: reason=array_check action=maybe_recompile pc=0x00000001025b7700 method=com.jme3.util.SortUtil.merge([Ljava/lang/Object;[Ljava/lang/Object;IIILjava/util/Comparator;)V @ 137
Event: 9.139 Thread 0x00007fcf551b4000 Uncommon trap: reason=array_check action=maybe_recompile pc=0x00000001025bbe6c method=com.jme3.util.SortUtil.merge([Ljava/lang/Object;[Ljava/lang/Object;IIILjava/util/Comparator;)V @ 94
Event: 9.139 Thread 0x00007fcf551b4000 Uncommon trap: reason=array_check action=maybe_recompile pc=0x00000001025bbe6c method=com.jme3.util.SortUtil.merge([Ljava/lang/Object;[Ljava/lang/Object;IIILjava/util/Comparator;)V @ 94

Internal exceptions (10 events):
Event: 8.545 Thread 0x00007fcf551b4000 Threw 0x00000007ab654bb0 at /HUDSON/workspace/7u-2-build-macosx-x86_64/jdk7u51/527/hotspot/src/share/vm/prims/jvm.cpp:1244
Event: 8.546 Thread 0x00007fcf551b4000 Threw 0x00000007ab6599e0 at /HUDSON/workspace/7u-2-build-macosx-x86_64/jdk7u51/527/hotspot/src/share/vm/prims/jvm.cpp:1244
Event: 8.546 Thread 0x00007fcf551b4000 Threw 0x00000007ab65d158 at /HUDSON/workspace/7u-2-build-macosx-x86_64/jdk7u51/527/hotspot/src/share/vm/prims/jvm.cpp:1244
Event: 8.554 Thread 0x00007fcf551b4000 Threw 0x00000007ab665268 at /HUDSON/workspace/7u-2-build-macosx-x86_64/jdk7u51/527/hotspot/src/share/vm/prims/jvm.cpp:1244
Event: 8.555 Thread 0x00007fcf551b4000 Threw 0x00000007ab669a00 at /HUDSON/workspace/7u-2-build-macosx-x86_64/jdk7u51/527/hotspot/src/share/vm/prims/jvm.cpp:1244
Event: 8.557 Thread 0x00007fcf551b4000 Threw 0x00000007ab66e158 at /HUDSON/workspace/7u-2-build-macosx-x86_64/jdk7u51/527/hotspot/src/share/vm/prims/jvm.cpp:1244
Event: 8.557 Thread 0x00007fcf551b4000 Threw 0x00000007ab671d80 at /HUDSON/workspace/7u-2-build-macosx-x86_64/jdk7u51/527/hotspot/src/share/vm/prims/jvm.cpp:1244
Event: 9.105 Thread 0x00007fcf551b4000 Threw 0x00000007ab67b678 at /HUDSON/workspace/7u-2-build-macosx-x86_64/jdk7u51/527/hotspot/src/share/vm/prims/jvm.cpp:1244
Event: 11.748 Thread 0x00007fcf551b4000 Threw 0x00000007ab6b7f00 at /HUDSON/workspace/7u-2-build-macosx-x86_64/jdk7u51/527/hotspot/src/share/vm/prims/jvm.cpp:1244
Event: 12.077 Thread 0x00007fcf56232000 Threw 0x00000007ae1803b8 at /HUDSON/workspace/7u-2-build-macosx-x86_64/jdk7u51/527/hotspot/src/share/vm/prims/jvm.cpp:2965

Events (10 events):
Event: 12.534 Executing VM operation: RevokeBias
Event: 12.534 Executing VM operation: RevokeBias done
Event: 12.534 Executing VM operation: RevokeBias
Event: 12.534 Executing VM operation: RevokeBias done
Event: 12.534 Executing VM operation: RevokeBias
Event: 12.534 Executing VM operation: RevokeBias done
Event: 12.534 Executing VM operation: RevokeBias
Event: 12.535 Executing VM operation: RevokeBias done
Event: 12.535 Executing VM operation: RevokeBias
Event: 12.535 Executing VM operation: RevokeBias done


Dynamic libraries:
0x00000000049cd000 	/System/Library/Frameworks/Cocoa.framework/Versions/A/Cocoa
0x00000000049cd000 	/System/Library/Frameworks/Security.framework/Versions/A/Security
0x00000000049cd000 	/System/Library/Frameworks/ApplicationServices.framework/Versions/A/ApplicationServices
0x00000000049cd000 	/usr/lib/libz.1.dylib
0x00000000049cd000 	/usr/lib/libSystem.B.dylib
0x00000000049cd000 	/usr/lib/libobjc.A.dylib
0x00000000049cd000 	/System/Library/Frameworks/CoreFoundation.framework/Versions/A/CoreFoundation
0x00000000049cd000 	/System/Library/Frameworks/Foundation.framework/Versions/C/Foundation
0x00000000049cd000 	/System/Library/Frameworks/AppKit.framework/Versions/C/AppKit
0x00000000049cd000 	/System/Library/Frameworks/CoreData.framework/Versions/A/CoreData
0x00000000049cd000 	/System/Library/PrivateFrameworks/RemoteViewServices.framework/Versions/A/RemoteViewServices
0x00000000049cd000 	/System/Library/PrivateFrameworks/UIFoundation.framework/Versions/A/UIFoundation
0x00000000049cd000 	/System/Library/Frameworks/IOSurface.framework/Versions/A/IOSurface
0x00000000049cd000 	/System/Library/Frameworks/AudioToolbox.framework/Versions/A/AudioToolbox
0x00000000049cd000 	/System/Library/Frameworks/AudioUnit.framework/Versions/A/AudioUnit
0x00000000049cd000 	/System/Library/PrivateFrameworks/DataDetectorsCore.framework/Versions/A/DataDetectorsCore
0x00000000049cd000 	/System/Library/PrivateFrameworks/DesktopServicesPriv.framework/Versions/A/DesktopServicesPriv
0x00000000049cd000 	/System/Library/Frameworks/Carbon.framework/Versions/A/Frameworks/HIToolbox.framework/Versions/A/HIToolbox
0x00000000049cd000 	/System/Library/Frameworks/QuartzCore.framework/Versions/A/QuartzCore
0x00000000049cd000 	/System/Library/Frameworks/Carbon.framework/Versions/A/Frameworks/SpeechRecognition.framework/Versions/A/SpeechRecognition
0x00000000049cd000 	/usr/lib/libauto.dylib
0x00000000049cd000 	/usr/lib/libicucore.A.dylib
0x00000000049cd000 	/usr/lib/libxml2.2.dylib
0x00000000049cd000 	/System/Library/PrivateFrameworks/CoreUI.framework/Versions/A/CoreUI
0x00000000049cd000 	/System/Library/Frameworks/CoreAudio.framework/Versions/A/CoreAudio
0x00000000049cd000 	/System/Library/Frameworks/DiskArbitration.framework/Versions/A/DiskArbitration
0x00000000049cd000 	/usr/lib/liblangid.dylib
0x00000000049cd000 	/System/Library/PrivateFrameworks/MultitouchSupport.framework/Versions/A/MultitouchSupport
0x00000000049cd000 	/System/Library/Frameworks/IOKit.framework/Versions/A/IOKit
0x00000000049cd000 	/usr/lib/libDiagnosticMessagesClient.dylib
0x00000000049cd000 	/System/Library/Frameworks/CoreServices.framework/Versions/A/CoreServices
0x00000000049cd000 	/System/Library/PrivateFrameworks/PerformanceAnalysis.framework/Versions/A/PerformanceAnalysis
0x00000000049cd000 	/System/Library/PrivateFrameworks/GenerationalStorage.framework/Versions/A/GenerationalStorage
0x00000000049cd000 	/System/Library/Frameworks/OpenGL.framework/Versions/A/OpenGL
0x00000000049cd000 	/System/Library/PrivateFrameworks/Sharing.framework/Versions/A/Sharing
0x00000000049cd000 	/System/Library/Frameworks/CoreGraphics.framework/Versions/A/CoreGraphics
0x00000000049cd000 	/System/Library/Frameworks/CoreText.framework/Versions/A/CoreText
0x00000000049cd000 	/System/Library/Frameworks/ImageIO.framework/Versions/A/ImageIO
0x00000000049cd000 	/usr/lib/libextension.dylib
0x00000000049cd000 	/System/Library/PrivateFrameworks/Backup.framework/Versions/A/Backup
0x00000000049cd000 	/usr/lib/libarchive.2.dylib
0x00000000049cd000 	/System/Library/Frameworks/CFNetwork.framework/Versions/A/CFNetwork
0x00000000049cd000 	/System/Library/Frameworks/SystemConfiguration.framework/Versions/A/SystemConfiguration
0x00000000049cd000 	/usr/lib/libCRFSuite.dylib
0x00000000049cd000 	/usr/lib/libc++.1.dylib
0x00000000049cd000 	/usr/lib/libc++abi.dylib
0x00000000049cd000 	/usr/lib/system/libcache.dylib
0x00000000049cd000 	/usr/lib/system/libcommonCrypto.dylib
0x00000000049cd000 	/usr/lib/system/libcompiler_rt.dylib
0x00000000049cd000 	/usr/lib/system/libcopyfile.dylib
0x00000000049cd000 	/usr/lib/system/libcorecrypto.dylib
0x00000000049cd000 	/usr/lib/system/libdispatch.dylib
0x00000000049cd000 	/usr/lib/system/libdyld.dylib
0x00000000049cd000 	/usr/lib/system/libkeymgr.dylib
0x00000000049cd000 	/usr/lib/system/liblaunch.dylib
0x00000000049cd000 	/usr/lib/system/libmacho.dylib
0x00000000049cd000 	/usr/lib/system/libquarantine.dylib
0x00000000049cd000 	/usr/lib/system/libremovefile.dylib
0x00000000049cd000 	/usr/lib/system/libsystem_asl.dylib
0x00000000049cd000 	/usr/lib/system/libsystem_blocks.dylib
0x00000000049cd000 	/usr/lib/system/libsystem_c.dylib
0x00000000049cd000 	/usr/lib/system/libsystem_configuration.dylib
0x00000000049cd000 	/usr/lib/system/libsystem_coreservices.dylib
0x00000000049cd000 	/usr/lib/system/libsystem_coretls.dylib
0x00000000049cd000 	/usr/lib/system/libsystem_dnssd.dylib
0x00000000049cd000 	/usr/lib/system/libsystem_info.dylib
0x00000000049cd000 	/usr/lib/system/libsystem_kernel.dylib
0x00000000049cd000 	/usr/lib/system/libsystem_m.dylib
0x00000000049cd000 	/usr/lib/system/libsystem_malloc.dylib
0x00000000049cd000 	/usr/lib/system/libsystem_network.dylib
0x00000000049cd000 	/usr/lib/system/libsystem_networkextension.dylib
0x00000000049cd000 	/usr/lib/system/libsystem_notify.dylib
0x00000000049cd000 	/usr/lib/system/libsystem_platform.dylib
0x00000000049cd000 	/usr/lib/system/libsystem_pthread.dylib
0x00000000049cd000 	/usr/lib/system/libsystem_sandbox.dylib
0x00000000049cd000 	/usr/lib/system/libsystem_secinit.dylib
0x00000000049cd000 	/usr/lib/system/libsystem_stats.dylib
0x00000000049cd000 	/usr/lib/system/libsystem_trace.dylib
0x00000000049cd000 	/usr/lib/system/libunc.dylib
0x00000000049cd000 	/usr/lib/system/libunwind.dylib
0x00000000049cd000 	/usr/lib/system/libxpc.dylib
0x00000000049cd000 	/usr/lib/libbz2.1.0.dylib
0x00000000049cd000 	/usr/lib/liblzma.5.dylib
0x00000000049cd000 	/usr/lib/libbsm.0.dylib
0x00000000049cd000 	/usr/lib/libsqlite3.dylib
0x00000000049cd000 	/usr/lib/system/libkxld.dylib
0x00000000049cd000 	/usr/lib/libxar.1.dylib
0x00000000049cd000 	/usr/lib/libpam.2.dylib
0x00000000049cd000 	/usr/lib/libOpenScriptingUtil.dylib
0x00000000049cd000 	/System/Library/Frameworks/CoreServices.framework/Versions/A/Frameworks/FSEvents.framework/Versions/A/FSEvents
0x00000000049cd000 	/System/Library/Frameworks/CoreServices.framework/Versions/A/Frameworks/CarbonCore.framework/Versions/A/CarbonCore
0x00000000049cd000 	/System/Library/Frameworks/CoreServices.framework/Versions/A/Frameworks/Metadata.framework/Versions/A/Metadata
0x00000000049cd000 	/System/Library/Frameworks/CoreServices.framework/Versions/A/Frameworks/OSServices.framework/Versions/A/OSServices
0x00000000049cd000 	/System/Library/Frameworks/CoreServices.framework/Versions/A/Frameworks/SearchKit.framework/Versions/A/SearchKit
0x00000000049cd000 	/System/Library/Frameworks/CoreServices.framework/Versions/A/Frameworks/AE.framework/Versions/A/AE
0x00000000049cd000 	/System/Library/Frameworks/CoreServices.framework/Versions/A/Frameworks/LaunchServices.framework/Versions/A/LaunchServices
0x00000000049cd000 	/System/Library/Frameworks/CoreServices.framework/Versions/A/Frameworks/DictionaryServices.framework/Versions/A/DictionaryServices
0x00000000049cd000 	/System/Library/Frameworks/NetFS.framework/Versions/A/NetFS
0x00000000049cd000 	/System/Library/PrivateFrameworks/NetAuth.framework/Versions/A/NetAuth
0x00000000049cd000 	/System/Library/PrivateFrameworks/login.framework/Versions/A/Frameworks/loginsupport.framework/Versions/A/loginsupport
0x00000000049cd000 	/System/Library/PrivateFrameworks/TCC.framework/Versions/A/TCC
0x00000000049cd000 	/usr/lib/libmecabra.dylib
0x00000000049cd000 	/System/Library/PrivateFrameworks/LanguageModeling.framework/Versions/A/LanguageModeling
0x00000000049cd000 	/usr/lib/libcmph.dylib
0x00000000049cd000 	/usr/lib/libiconv.2.dylib
0x00000000049cd000 	/System/Library/Frameworks/OpenDirectory.framework/Versions/A/Frameworks/CFOpenDirectory.framework/Versions/A/CFOpenDirectory
0x00000000049cd000 	/System/Library/Frameworks/ServiceManagement.framework/Versions/A/ServiceManagement
0x00000000049cd000 	/usr/lib/libxslt.1.dylib
0x00000000049cd000 	/System/Library/Frameworks/Carbon.framework/Versions/A/Frameworks/Ink.framework/Versions/A/Ink
0x00000000049cd000 	/System/Library/Frameworks/ApplicationServices.framework/Versions/A/Frameworks/ATS.framework/Versions/A/ATS
0x00000000049cd000 	/System/Library/Frameworks/ApplicationServices.framework/Versions/A/Frameworks/ColorSync.framework/Versions/A/ColorSync
0x00000000049cd000 	/System/Library/Frameworks/ApplicationServices.framework/Versions/A/Frameworks/HIServices.framework/Versions/A/HIServices
0x00000000049cd000 	/System/Library/Frameworks/ApplicationServices.framework/Versions/A/Frameworks/LangAnalysis.framework/Versions/A/LangAnalysis
0x00000000049cd000 	/System/Library/Frameworks/ApplicationServices.framework/Versions/A/Frameworks/PrintCore.framework/Versions/A/PrintCore
0x00000000049cd000 	/System/Library/Frameworks/ApplicationServices.framework/Versions/A/Frameworks/QD.framework/Versions/A/QD
0x00000000049cd000 	/System/Library/Frameworks/ApplicationServices.framework/Versions/A/Frameworks/SpeechSynthesis.framework/Versions/A/SpeechSynthesis
0x00000000049cd000 	/System/Library/Frameworks/Accelerate.framework/Versions/A/Accelerate
0x00000000049cd000 	/System/Library/Frameworks/Accelerate.framework/Versions/A/Frameworks/vImage.framework/Versions/A/vImage
0x00000000049cd000 	/System/Library/Frameworks/Accelerate.framework/Versions/A/Frameworks/vecLib.framework/Versions/A/vecLib
0x00000000049cd000 	/System/Library/Frameworks/Accelerate.framework/Versions/A/Frameworks/vecLib.framework/Versions/A/libvDSP.dylib
0x00000000049cd000 	/System/Library/Frameworks/Accelerate.framework/Versions/A/Frameworks/vecLib.framework/Versions/A/libvMisc.dylib
0x00000000049cd000 	/System/Library/Frameworks/Accelerate.framework/Versions/A/Frameworks/vecLib.framework/Versions/A/libLAPACK.dylib
0x00000000049cd000 	/System/Library/Frameworks/Accelerate.framework/Versions/A/Frameworks/vecLib.framework/Versions/A/libBLAS.dylib
0x00000000049cd000 	/System/Library/Frameworks/Accelerate.framework/Versions/A/Frameworks/vecLib.framework/Versions/A/libLinearAlgebra.dylib
0x00000000049cd000 	/System/Library/Frameworks/ApplicationServices.framework/Versions/A/Frameworks/ATS.framework/Versions/A/Resources/libFontParser.dylib
0x00000000049cd000 	/System/Library/Frameworks/ApplicationServices.framework/Versions/A/Frameworks/ATS.framework/Versions/A/Resources/libFontRegistry.dylib
0x00000000049cd000 	/System/Library/PrivateFrameworks/AppleVPA.framework/Versions/A/AppleVPA
0x00000000049cd000 	/System/Library/PrivateFrameworks/AppleJPEG.framework/Versions/A/AppleJPEG
0x00000000049cd000 	/System/Library/Frameworks/ImageIO.framework/Versions/A/Resources/libJPEG.dylib
0x00000000049cd000 	/System/Library/Frameworks/ImageIO.framework/Versions/A/Resources/libTIFF.dylib
0x00000000049cd000 	/System/Library/Frameworks/ImageIO.framework/Versions/A/Resources/libPng.dylib
0x00000000049cd000 	/System/Library/Frameworks/ImageIO.framework/Versions/A/Resources/libGIF.dylib
0x00000000049cd000 	/System/Library/Frameworks/ImageIO.framework/Versions/A/Resources/libJP2.dylib
0x00000000049cd000 	/System/Library/Frameworks/ImageIO.framework/Versions/A/Resources/libRadiance.dylib
0x00000000049cd000 	/System/Library/Frameworks/CoreVideo.framework/Versions/A/CoreVideo
0x00000000049cd000 	/System/Library/Frameworks/OpenGL.framework/Versions/A/Libraries/libGLU.dylib
0x00000000049cd000 	/System/Library/Frameworks/OpenGL.framework/Versions/A/Libraries/libGFXShared.dylib
0x00000000049cd000 	/System/Library/Frameworks/OpenGL.framework/Versions/A/Libraries/libGL.dylib
0x00000000049cd000 	/System/Library/Frameworks/OpenGL.framework/Versions/A/Libraries/libGLImage.dylib
0x00000000049cd000 	/System/Library/Frameworks/OpenGL.framework/Versions/A/Libraries/libCVMSPluginSupport.dylib
0x00000000049cd000 	/System/Library/Frameworks/OpenGL.framework/Versions/A/Libraries/libCoreVMClient.dylib
0x00000000049cd000 	/usr/lib/libcups.2.dylib
0x00000000049cd000 	/System/Library/Frameworks/Kerberos.framework/Versions/A/Kerberos
0x00000000049cd000 	/System/Library/Frameworks/GSS.framework/Versions/A/GSS
0x00000000049cd000 	/usr/lib/libresolv.9.dylib
0x00000000049cd000 	/System/Library/PrivateFrameworks/Heimdal.framework/Versions/A/Heimdal
0x00000000049cd000 	/usr/lib/libheimdal-asn1.dylib
0x00000000049cd000 	/System/Library/Frameworks/OpenDirectory.framework/Versions/A/OpenDirectory
0x00000000049cd000 	/System/Library/PrivateFrameworks/CommonAuth.framework/Versions/A/CommonAuth
0x00000000049cd000 	/System/Library/Frameworks/SecurityFoundation.framework/Versions/A/SecurityFoundation
0x00000000049cd000 	/System/Library/Frameworks/QuartzCore.framework/Versions/A/Frameworks/CoreImage.framework/Versions/A/CoreImage
0x00000000049cd000 	/System/Library/PrivateFrameworks/CrashReporterSupport.framework/Versions/A/CrashReporterSupport
0x00000000049cd000 	/System/Library/Frameworks/OpenCL.framework/Versions/A/OpenCL
0x00000000049cd000 	/System/Library/PrivateFrameworks/FaceCore.framework/Versions/A/FaceCore
0x00000000049cd000 	/System/Library/PrivateFrameworks/Ubiquity.framework/Versions/A/Ubiquity
0x00000000049cd000 	/System/Library/PrivateFrameworks/IconServices.framework/Versions/A/IconServices
0x00000000049cd000 	/System/Library/PrivateFrameworks/ChunkingLibrary.framework/Versions/A/ChunkingLibrary
0x00000000049cd000 	/System/Library/PrivateFrameworks/Apple80211.framework/Versions/A/Apple80211
0x00000000049cd000 	/System/Library/Frameworks/CoreWLAN.framework/Versions/A/CoreWLAN
0x00000000049cd000 	/System/Library/Frameworks/IOBluetooth.framework/Versions/A/IOBluetooth
0x00000000049cd000 	/System/Library/PrivateFrameworks/CoreWiFi.framework/Versions/A/CoreWiFi
0x00000000049cd000 	/System/Library/Frameworks/CoreBluetooth.framework/Versions/A/CoreBluetooth
0x00000000049cd000 	/System/Library/PrivateFrameworks/DebugSymbols.framework/Versions/A/DebugSymbols
0x00000000049cd000 	/System/Library/PrivateFrameworks/CoreSymbolication.framework/Versions/A/CoreSymbolication
0x00000000049cd000 	/System/Library/PrivateFrameworks/Symbolication.framework/Versions/A/Symbolication
0x00000000049cd000 	/System/Library/PrivateFrameworks/SpeechRecognitionCore.framework/Versions/A/SpeechRecognitionCore
0x0000000101a00000 	/Applications/jMonkeyPlatform.app/Contents/Resources/jmonkeyplatform/jdk/jre/lib/server/libjvm.dylib
0x00000000049cd000 	/usr/lib/libstdc++.6.dylib
0x00000001009ea000 	/Applications/jMonkeyPlatform.app/Contents/Resources/jmonkeyplatform/jdk/jre/lib/libverify.dylib
0x0000000102453000 	/Applications/jMonkeyPlatform.app/Contents/Resources/jmonkeyplatform/jdk/jre/lib/libjava.dylib
0x000000010248b000 	/Applications/jMonkeyPlatform.app/Contents/Resources/jmonkeyplatform/jdk/jre/lib/libzip.dylib
0x000000011185f000 	/System/Library/Frameworks/JavaVM.framework/Frameworks/JavaRuntimeSupport.framework/JavaRuntimeSupport
0x0000000111877000 	/System/Library/Frameworks/JavaVM.framework/Versions/A/Frameworks/JavaNativeFoundation.framework/Versions/A/JavaNativeFoundation
0x000000011188c000 	/System/Library/Frameworks/JavaVM.framework/Versions/A/JavaVM
0x00000000049cd000 	/System/Library/Frameworks/Carbon.framework/Versions/A/Carbon
0x0000000111899000 	/System/Library/PrivateFrameworks/JavaLaunching.framework/Versions/A/JavaLaunching
0x00000000049cd000 	/System/Library/Frameworks/Carbon.framework/Versions/A/Frameworks/CommonPanels.framework/Versions/A/CommonPanels
0x00000000049cd000 	/System/Library/Frameworks/Carbon.framework/Versions/A/Frameworks/Help.framework/Versions/A/Help
0x00000000049cd000 	/System/Library/Frameworks/Carbon.framework/Versions/A/Frameworks/ImageCapture.framework/Versions/A/ImageCapture
0x00000000049cd000 	/System/Library/Frameworks/Carbon.framework/Versions/A/Frameworks/OpenScripting.framework/Versions/A/OpenScripting
0x00000000049cd000 	/System/Library/Frameworks/Carbon.framework/Versions/A/Frameworks/Print.framework/Versions/A/Print
0x00000000049cd000 	/System/Library/Frameworks/Carbon.framework/Versions/A/Frameworks/SecurityHI.framework/Versions/A/SecurityHI
0x00000001137f8000 	/Applications/jMonkeyPlatform.app/Contents/Resources/jmonkeyplatform/jdk/jre/lib/libawt.dylib
0x00000001138a7000 	/Applications/jMonkeyPlatform.app/Contents/Resources/jmonkeyplatform/jdk/jre/lib/./libmlib_image.dylib
0x0000000113973000 	/Applications/jMonkeyPlatform.app/Contents/Resources/jmonkeyplatform/jdk/jre/lib/lwawt/liblwawt.dylib
0x0000000113a27000 	/Applications/jMonkeyPlatform.app/Contents/Resources/jmonkeyplatform/jdk/jre/lib/libosxapp.dylib
0x00000000049cd000 	/System/Library/Frameworks/ExceptionHandling.framework/Versions/A/ExceptionHandling
0x00000000049cd000 	/System/Library/PrivateFrameworks/CoreServicesInternal.framework/Versions/A/CoreServicesInternal
0x00000000049cd000 	/System/Library/PrivateFrameworks/CloudDocs.framework/Versions/A/CloudDocs
0x00000000049cd000 	/System/Library/PrivateFrameworks/CoreDuet.framework/Versions/A/CoreDuet
0x00000000049cd000 	/System/Library/Frameworks/CloudKit.framework/Versions/A/CloudKit
0x00000000049cd000 	/System/Library/PrivateFrameworks/ProtocolBuffer.framework/Versions/A/ProtocolBuffer
0x00000000049cd000 	/System/Library/PrivateFrameworks/CoreDuetDaemonProtocol.framework/Versions/A/CoreDuetDaemonProtocol
0x00000000049cd000 	/System/Library/PrivateFrameworks/CoreDuetDebugLogging.framework/Versions/A/CoreDuetDebugLogging
0x00000000049cd000 	/System/Library/Frameworks/CoreLocation.framework/Versions/A/CoreLocation
0x00000000049cd000 	/System/Library/Frameworks/Accounts.framework/Versions/A/Accounts
0x00000000049cd000 	/System/Library/PrivateFrameworks/ApplePushService.framework/Versions/A/ApplePushService
0x00000000049cd000 	/System/Library/PrivateFrameworks/GeoServices.framework/Versions/A/GeoServices
0x00000000049cd000 	/System/Library/PrivateFrameworks/OAuth.framework/Versions/A/OAuth
0x00000000049cd000 	/System/Library/PrivateFrameworks/CoreDaemon.framework/Versions/B/CoreDaemon
0x00000000049cd000 	/usr/lib/libcrypto.0.9.8.dylib
0x00000000049cd000 	/System/Library/PrivateFrameworks/AppleSRP.framework/Versions/A/AppleSRP
0x00000000049cd000 	/System/Library/PrivateFrameworks/TrustEvaluationAgent.framework/Versions/A/TrustEvaluationAgent
0x00000000049cd000 	/System/Library/Frameworks/CoreGraphics.framework/Versions/A/Resources/libCGCMS.A.dylib
0x00000000049cd000 	/System/Library/Frameworks/CoreGraphics.framework/Versions/A/Resources/libRIP.A.dylib
0x00000000049cd000 	/System/Library/Frameworks/CoreGraphics.framework/Versions/A/Resources/libCGXType.A.dylib
0x00000000049cd000 	/System/Library/Frameworks/OpenCL.framework/Versions/A/Libraries/libcldcpuengine.dylib
0x00000000049cd000 	/System/Library/PrivateFrameworks/DiskImages.framework/Versions/A/DiskImages
0x00000000049cd000 	/System/Library/Frameworks/DiscRecording.framework/Versions/A/DiscRecording
0x00000000049cd000 	/usr/lib/libcsfde.dylib
0x00000000049cd000 	/usr/lib/libcurl.4.dylib
0x00000000049cd000 	/System/Library/PrivateFrameworks/MediaKit.framework/Versions/A/MediaKit
0x00000000049cd000 	/System/Library/PrivateFrameworks/ProtectedCloudStorage.framework/Versions/A/ProtectedCloudStorage
0x00000000049cd000 	/usr/lib/libCoreStorage.dylib
0x00000000049cd000 	/System/Library/PrivateFrameworks/EFILogin.framework/Versions/A/EFILogin
0x00000000049cd000 	/usr/lib/libutil.dylib
0x00000000049cd000 	/System/Library/PrivateFrameworks/FindMyDevice.framework/Versions/A/FindMyDevice
0x00000000049cd000 	/System/Library/Frameworks/LDAP.framework/Versions/A/LDAP
0x00000000049cd000 	/usr/lib/libsasl2.2.dylib
0x0000000116a85000 	cl_kernels
0x0000000116a87000 	/System/Library/Frameworks/OpenCL.framework/Versions/A/Libraries/ImageFormats/unorm8_bgra.dylib
0x0000000116a77000 	cl_kernels
0x00000000049cd000 	/System/Library/PrivateFrameworks/FamilyControls.framework/Versions/A/FamilyControls
0x00000000049cd000 	/System/Library/PrivateFrameworks/CommerceKit.framework/Versions/A/Frameworks/CommerceCore.framework/Versions/A/CommerceCore
0x00000000049cd000 	/System/Library/PrivateFrameworks/SystemAdministration.framework/Versions/A/SystemAdministration
0x00000000049cd000 	/System/Library/PrivateFrameworks/AppContainer.framework/Versions/A/AppContainer
0x00000000049cd000 	/System/Library/PrivateFrameworks/SecCodeWrapper.framework/Versions/A/SecCodeWrapper
0x00000000049cd000 	/System/Library/Frameworks/DirectoryService.framework/Versions/A/DirectoryService
0x00000000049cd000 	/System/Library/PrivateFrameworks/LoginUIKit.framework/Versions/A/Frameworks/LoginUICore.framework/Versions/A/LoginUICore
0x00000000049cd000 	/usr/lib/libodfde.dylib
0x00000000049cd000 	/System/Library/Frameworks/OpenGL.framework/Versions/A/Resources/GLEngine.bundle/GLEngine
0x00000000049cd000 	/System/Library/Frameworks/OpenGL.framework/Versions/A/Libraries/libGLProgrammability.dylib
0x0000000000000000 	/System/Library/Extensions/AppleIntelHD4000GraphicsGLDriver.bundle/Contents/MacOS/AppleIntelHD4000GraphicsGLDriver
0x00000000049cd000 	/System/Library/PrivateFrameworks/IOAccelerator.framework/Versions/A/IOAccelerator
0x00000000049cd000 	/System/Library/PrivateFrameworks/GPUSupport.framework/Versions/A/Libraries/libGPUSupportMercury.dylib
0x0000000000000000 	/System/Library/Extensions/GeForceGLDriver.bundle/Contents/MacOS/GeForceGLDriver
0x00000000049cd000 	/System/Library/Extensions/GeForceGLDriver.bundle/Contents/MacOS/libclh.dylib
0x00000000049cd000 	/System/Library/Frameworks/OpenGL.framework/Versions/A/Resources/GLRendererFloat.bundle/GLRendererFloat
0x0000000118c04000 	/Applications/jMonkeyPlatform.app/Contents/Resources/jmonkeyplatform/jdk/jre/lib/libfontmanager.dylib
0x0000000118d6e000 	/Applications/jMonkeyPlatform.app/Contents/Resources/jmonkeyplatform/jdk/jre/lib/libosxui.dylib
0x0000000118d77000 	/Applications/jMonkeyPlatform.app/Contents/Resources/jmonkeyplatform/jdk/jre/lib/libosx.dylib
0x000000011aac7000 	/Applications/jMonkeyPlatform.app/Contents/Resources/jmonkeyplatform/jdk/jre/lib/libnet.dylib
0x000000011aa1f000 	/Applications/jMonkeyPlatform.app/Contents/Resources/jmonkeyplatform/jdk/jre/lib/libnio.dylib
0x00000000049cd000 	/System/Library/Frameworks/Accelerate.framework/Versions/A/Frameworks/vImage.framework/Versions/A/Libraries/libCGInterfaces.dylib
0x0000000119e06000 	/Users/crisscrosskao/Documents/GitHub/CubeField/liblwjgl.dylib
0x0000000113bef000 	/Applications/jMonkeyPlatform.app/Contents/Resources/jmonkeyplatform/jdk/jre/lib/libjawt.dylib
0x000000011a539000 	/Users/crisscrosskao/Documents/GitHub/CubeField/openal.dylib
0x000000011a595000 	/System/Library/Components/CoreAudio.component/Contents/MacOS/CoreAudio
0x0000000119ef8000 	/System/Library/Extensions/AppleHDA.kext/Contents/PlugIns/AppleHDAHALPlugIn.bundle/Contents/MacOS/AppleHDAHALPlugIn
0x000000011a98c000 	/Users/crisscrosskao/Documents/GitHub/CubeField/leapLib/libLeapJava.dylib
0x000000011bb1a000 	/Users/crisscrosskao/Documents/GitHub/CubeField/leapLib/libLeap.dylib

VM Arguments:
jvm_args: -Dfile.encoding=UTF-8 -Djava.library.path=/Users/crisscrosskao/Documents/GitHub/CubeField/leapLib 
java_command: mygame.Main
Launcher Type: SUN_STANDARD

Environment Variables:
PATH=/usr/bin:/bin:/usr/sbin:/sbin
LD_LIBRARY_PATH=/Applications/jMonkeyPlatform.app/Contents/MacOS/../Resources/jmonkeyplatform/bin/../jdk/jre/lib/amd64:/Applications/jMonkeyPlatform.app/Contents/MacOS/../Resources/jmonkeyplatform/bin/../jdk/jre/lib/i386:
SHELL=/bin/bash
DISPLAY=/private/tmp/com.apple.launchd.LZG1NhT1sX/org.macosforge.xquartz:0

Signal Handlers:
SIGSEGV: [libjvm.dylib+0x525425], sa_mask[0]=0xfffefeff, sa_flags=0x00000043
SIGBUS: [libjvm.dylib+0x525425], sa_mask[0]=0xfffefeff, sa_flags=0x00000042
SIGFPE: [libjvm.dylib+0x41892a], sa_mask[0]=0xfffefeff, sa_flags=0x00000042
SIGPIPE: [libjvm.dylib+0x41892a], sa_mask[0]=0xfffefeff, sa_flags=0x00000042
SIGXFSZ: [libjvm.dylib+0x41892a], sa_mask[0]=0xfffefeff, sa_flags=0x00000042
SIGILL: [libjvm.dylib+0x41892a], sa_mask[0]=0xfffefeff, sa_flags=0x00000042
SIGUSR1: SIG_DFL, sa_mask[0]=0x00000000, sa_flags=0x00000000
SIGUSR2: [libjvm.dylib+0x41841c], sa_mask[0]=0x00000004, sa_flags=0x00000042
SIGHUP: [libjvm.dylib+0x4166ab], sa_mask[0]=0xfffefeff, sa_flags=0x00000042
SIGINT: SIG_IGN, sa_mask[0]=0x00000000, sa_flags=0x00000000
SIGTERM: [libjvm.dylib+0x4166ab], sa_mask[0]=0xfffefeff, sa_flags=0x00000042
SIGQUIT: [libjvm.dylib+0x4166ab], sa_mask[0]=0xfffefeff, sa_flags=0x00000042


---------------  S Y S T E M  ---------------

OS:Bsduname:Darwin 14.0.0 Darwin Kernel Version 14.0.0: Fri Sep 19 00:26:44 PDT 2014; root:xnu-2782.1.97~2/RELEASE_X86_64 x86_64
rlimit: STACK 8192k, CORE 0k, NPROC 709, NOFILE 10240, AS infinity
load average:1.72 1.50 1.41

CPU:total 8 (4 cores per cpu, 2 threads per core) family 6 model 58 stepping 9, cmov, cx8, fxsr, mmx, sse, sse2, sse3, ssse3, sse4.1, sse4.2, popcnt, avx, aes, erms, ht, tsc, tscinvbit, tscinv

Memory: 4k page, physical 16777216k(4194304k free)

/proc/meminfo:


vm_info: Java HotSpot(TM) 64-Bit Server VM (24.51-b03) for bsd-amd64 JRE (1.7.0_51-b13), built on Dec 18 2013 18:45:56 by "java_re" with gcc 4.2.1 (Based on Apple Inc. build 5658) (LLVM build 2336.11.00)

time: Wed Dec 10 16:07:12 2014
elapsed time: 12 seconds

