#
# A fatal error has been detected by the Java Runtime Environment:
#
#  SIGSEGV (0xb) at pc=0x0000000128b5b08e, pid=30384, tid=13571
#
# JRE version: Java(TM) SE Runtime Environment (7.0_51-b13) (build 1.7.0_51-b13)
# Java VM: Java HotSpot(TM) 64-Bit Server VM (24.51-b03 mixed mode bsd-amd64 compressed oops)
# Problematic frame:
# C  [libLeap.dylib+0x2b08e]  Leap::InteractionBox::toCString() const+0x2c8e
#
# Failed to write core dump. Core dumps have been disabled. To enable core dumping, try "ulimit -c unlimited" before starting Java again
#
# If you would like to submit a bug report, please visit:
#   http://bugreport.sun.com/bugreport/crash.jsp
# The crash happened outside the Java Virtual Machine in native code.
# See problematic frame for where to report the bug.
#

---------------  T H R E A D  ---------------

Current thread (0x00007fd81181a000):  JavaThread "Finalizer" daemon [_thread_in_native, id=13571, stack(0x000000011e6cb000,0x000000011e7cb000)]

siginfo:si_signo=SIGSEGV: si_errno=0, si_code=0 (SEGV0), si_addr=0x0000000000000000

Registers:
RAX=0xd00007fd8114eb27, RBX=0x00007fd818925140, RCX=0x0000000000000000, RDX=0x00007fd81892bfd0
RSP=0x000000011e7ca1a0, RBP=0x000000011e7ca2c0, RSI=0x0001e4000001e400, RDI=0x00007fd81892a050
R8 =0x000000011e7ca0c0, R9 =0x00000000ffe00000, R10=0x000000010f46566c, R11=0x000000010ee702a7
R12=0x00007fd811b1bc00, R13=0x00007fd818e13520, R14=0x000000011e7ca1d0, R15=0x00007fd811b1c058
RIP=0x0000000128b5b08e, EFLAGS=0x0000000000010206, ERR=0x0000000000000000
  TRAPNO=0x000000000000000d

Top of Stack: (sp=0x000000011e7ca1a0)
0x000000011e7ca1a0:   00007fd811b1bd90 000000010edfa714
0x000000011e7ca1b0:   00007fd81181a000 000000010ecd1ea4
0x000000011e7ca1c0:   0000000000000000 00007fd818e13520
0x000000011e7ca1d0:   00007fd818e13520 0000000000000001
0x000000011e7ca1e0:   00007fd811b1bfd8 0000000000000001
0x000000011e7ca1f0:   000000011e7ca240 00000000000014dd
0x000000011e7ca200:   00007fd800000009 00007fd811428b48
0x000000011e7ca210:   00007fd811428720 00007fd811428af8
0x000000011e7ca220:   00000000000003d8 00000001278f4b70
0x000000011e7ca230:   0000000000000000 00007fd81181a000
0x000000011e7ca240:   000000011e7ca290 000000010edfaa81
0x000000011e7ca250:   00007fd81181a000 000000010f459233
0x000000011e7ca260:   000000011e7ca2b8 00007fd811428b48
0x000000011e7ca270:   000000011e7ca290 000000010ee73dfe
0x000000011e7ca280:   00007fd81181a000 00007fd81181a000
0x000000011e7ca290:   000000011e7ca2d0 00007fd818925140
0x000000011e7ca2a0:   0000000000000000 00000006fbecc540
0x000000011e7ca2b0:   00007fd81892bf60 00007fd81181a000
0x000000011e7ca2c0:   000000011e7ca2e0 0000000128b3f2a4
0x000000011e7ca2d0:   00000006fbecc540 000000011e7ca368
0x000000011e7ca2e0:   000000011e7ca340 000000010f465698
0x000000011e7ca2f0:   00000007aeb124c0 000000011e7ca2f8
0x000000011e7ca300:   000000011e7ca300 00000006fbecc540
0x000000011e7ca310:   000000011e7ca368 00000006fbed0a68
0x000000011e7ca320:   0000000000000000 00000006fbecc540
0x000000011e7ca330:   0000000000000000 000000011e7ca360
0x000000011e7ca340:   000000011e7ca3c0 000000010f459058
0x000000011e7ca350:   00000007aeb28338 000000010f461cd8
0x000000011e7ca360:   00007fd818925140 00000007af2c13a0
0x000000011e7ca370:   0000000000000019 00000007af2c13a0
0x000000011e7ca380:   000000011e7ca370 00000006fbed1741
0x000000011e7ca390:   000000011e7ca3d0 00000006fbed32e0 

Instructions: (pc=0x0000000128b5b08e)
0x0000000128b5b06e:   ff ff 4c 8b ad 08 ff ff ff 4c 8d b5 10 ff ff ff
0x0000000128b5b07e:   4d 39 f5 0f 84 88 00 00 00 49 8b 7d 20 48 8b 07
0x0000000128b5b08e:   48 8b 40 28 48 89 de ff d0 49 8b 45 08 48 85 c0
0x0000000128b5b09e:   74 0e 49 89 c5 49 8b 45 00 48 85 c0 75 f4 eb d0 

Register to memory mapping:

RAX=0xd00007fd8114eb27 is an unknown value
RBX=0x00007fd818925140 is an unknown value
RCX=0x0000000000000000 is an unknown value
RDX=0x00007fd81892bfd0 is an unknown value
RSP=0x000000011e7ca1a0 is pointing into the stack for thread: 0x00007fd81181a000
RBP=0x000000011e7ca2c0 is pointing into the stack for thread: 0x00007fd81181a000
RSI=0x0001e4000001e400 is an unknown value
RDI=0x00007fd81892a050 is an unknown value
R8 =0x000000011e7ca0c0 is pointing into the stack for thread: 0x00007fd81181a000
R9 =0x00000000ffe00000 is an unknown value
R10=0x000000010f46566c is at code_begin+620 in an Interpreter codelet
method entry point (kind = native)  [0x000000010f465400, 0x000000010f465c40]  2112 bytes
R11=0x000000010ee702a7: throw_unsatisfied_link_error+0 in /Applications/jMonkeyPlatform.app/Contents/Resources/jmonkeyplatform/jdk/jre/lib/server/libjvm.dylib at 0x000000010ea00000
R12=0x00007fd811b1bc00 is an unknown value
R13=0x00007fd818e13520 is an unknown value
R14=0x000000011e7ca1d0 is pointing into the stack for thread: 0x00007fd81181a000
R15=0x00007fd811b1c058 is an unknown value


Stack: [0x000000011e6cb000,0x000000011e7cb000],  sp=0x000000011e7ca1a0,  free space=1020k
Native frames: (J=compiled Java code, j=interpreted, Vv=VM code, C=native code)
C  [libLeap.dylib+0x2b08e]  Leap::InteractionBox::toCString() const+0x2c8e
C  [libLeap.dylib+0xf2a4]  Leap::Controller::~Controller()+0x34
j  com.leapmotion.leap.LeapJNI.delete_Controller(J)V+0
j  com.leapmotion.leap.Controller.delete()V+25
j  com.leapmotion.leap.Controller.finalize()V+1
v  ~StubRoutines::call_stub
V  [libjvm.dylib+0x2d6bb0]  JavaCalls::call_helper(JavaValue*, methodHandle*, JavaCallArguments*, Thread*)+0x22a
V  [libjvm.dylib+0x2d6980]  JavaCalls::call(JavaValue*, methodHandle, JavaCallArguments*, Thread*)+0x28
V  [libjvm.dylib+0x30a425]  jni_invoke_nonstatic(JNIEnv_*, JavaValue*, _jobject*, JNICallType, _jmethodID*, JNI_ArgumentPusher*, Thread*)+0x2ba
V  [libjvm.dylib+0x2fdf96]  jni_CallVoidMethod+0x116
C  [libjava.dylib+0x299c]  Java_java_lang_ref_Finalizer_invokeFinalizeMethod+0x58
j  java.lang.ref.Finalizer.invokeFinalizeMethod(Ljava/lang/Object;)V+0
j  java.lang.ref.Finalizer.runFinalizer()V+45
j  java.lang.ref.Finalizer.access$100(Ljava/lang/ref/Finalizer;)V+1
j  java.lang.ref.Finalizer$FinalizerThread.run()V+24
v  ~StubRoutines::call_stub
V  [libjvm.dylib+0x2d6bb0]  JavaCalls::call_helper(JavaValue*, methodHandle*, JavaCallArguments*, Thread*)+0x22a
V  [libjvm.dylib+0x2d70c7]  JavaCalls::call_virtual(JavaValue*, KlassHandle, Symbol*, Symbol*, JavaCallArguments*, Thread*)+0x11b
V  [libjvm.dylib+0x2d7204]  JavaCalls::call_virtual(JavaValue*, Handle, KlassHandle, Symbol*, Symbol*, Thread*)+0x4a
V  [libjvm.dylib+0x3261ea]  thread_entry(JavaThread*, Thread*)+0xad
V  [libjvm.dylib+0x4efb57]  JavaThread::thread_main_inner()+0x9b
V  [libjvm.dylib+0x4f125f]  JavaThread::run()+0x1a3
V  [libjvm.dylib+0x41b1d6]  java_start(Thread*)+0x126
C  [libsystem_pthread.dylib+0x32fc]  _pthread_body+0x83
C  [libsystem_pthread.dylib+0x3279]  _pthread_body+0x0
C  [libsystem_pthread.dylib+0x14b1]  thread_start+0xd

Java frames: (J=compiled Java code, j=interpreted, Vv=VM code)
j  com.leapmotion.leap.LeapJNI.delete_Controller(J)V+0
j  com.leapmotion.leap.Controller.delete()V+25
j  com.leapmotion.leap.Controller.finalize()V+1
v  ~StubRoutines::call_stub
j  java.lang.ref.Finalizer.invokeFinalizeMethod(Ljava/lang/Object;)V+0
j  java.lang.ref.Finalizer.runFinalizer()V+45
j  java.lang.ref.Finalizer.access$100(Ljava/lang/ref/Finalizer;)V+1
j  java.lang.ref.Finalizer$FinalizerThread.run()V+24
v  ~StubRoutines::call_stub

---------------  P R O C E S S  ---------------

Java Threads: ( => current thread )
  0x00007fd815913000 JavaThread "AWT-Shutdown" [_thread_blocked, id=39179, stack(0x0000000123a4c000,0x0000000123b4c000)]
  0x00007fd8159a3800 JavaThread "DestroyJavaVM" [_thread_blocked, id=4867, stack(0x000000010d853000,0x000000010d953000)]
  0x00007fd81222b000 JavaThread "TimerQueue" daemon [_thread_blocked, id=59587, stack(0x000000012e211000,0x000000012e311000)]
  0x00007fd8138b7000 JavaThread "Timer-0" daemon [_thread_blocked, id=54791, stack(0x0000000125ca6000,0x0000000125da6000)]
  0x00007fd815902800 JavaThread "Java2D Disposer" daemon [_thread_blocked, id=53515, stack(0x0000000125a22000,0x0000000125b22000)]
  0x00007fd815958800 JavaThread "Java2D Queue Flusher" daemon [_thread_blocked, id=43807, stack(0x0000000124d4c000,0x0000000124e4c000)]
  0x00007fd81205d800 JavaThread "AppKit Thread" daemon [_thread_in_native, id=1299, stack(0x00007fff52443000,0x00007fff524c3000)]
  0x00007fd815810800 JavaThread "Service Thread" daemon [_thread_blocked, id=19715, stack(0x000000012031c000,0x000000012041c000)]
  0x00007fd81580f800 JavaThread "C2 CompilerThread1" daemon [_thread_blocked, id=19203, stack(0x0000000120219000,0x0000000120319000)]
  0x00007fd815804800 JavaThread "C2 CompilerThread0" daemon [_thread_blocked, id=18691, stack(0x0000000120116000,0x0000000120216000)]
  0x00007fd815803800 JavaThread "Signal Dispatcher" daemon [_thread_blocked, id=15383, stack(0x0000000120013000,0x0000000120113000)]
=>0x00007fd81181a000 JavaThread "Finalizer" daemon [_thread_in_native, id=13571, stack(0x000000011e6cb000,0x000000011e7cb000)]
  0x00007fd811817000 JavaThread "Reference Handler" daemon [_thread_blocked, id=13059, stack(0x000000011e5c8000,0x000000011e6c8000)]

Other Threads:
  0x00007fd811816800 VMThread [stack: 0x000000011e4c5000,0x000000011e5c5000] [id=12547]
  0x00007fd81580e000 WatcherThread [stack: 0x000000012041f000,0x000000012051f000] [id=20227]

VM state:not at safepoint (normal execution)

VM Mutex/Monitor currently owned by a thread: None

Heap
 PSYoungGen      total 76800K, used 8931K [0x00000007aaa80000, 0x00000007b0000000, 0x0000000800000000)
  eden space 66048K, 1% used [0x00000007aaa80000,0x00000007aab6a850,0x00000007aeb00000)
  from space 10752K, 74% used [0x00000007aeb00000,0x00000007af2ce6c0,0x00000007af580000)
  to   space 10752K, 0% used [0x00000007af580000,0x00000007af580000,0x00000007b0000000)
 ParOldGen       total 174592K, used 771K [0x0000000700000000, 0x000000070aa80000, 0x00000007aaa80000)
  object space 174592K, 0% used [0x0000000700000000,0x00000007000c0e18,0x000000070aa80000)
 PSPermGen       total 21504K, used 17954K [0x00000006fae00000, 0x00000006fc300000, 0x0000000700000000)
  object space 21504K, 83% used [0x00000006fae00000,0x00000006fbf88910,0x00000006fc300000)

Card table byte_map: [0x0000000112513000,0x0000000112d3d000] byte_map_base: 0x000000010ed3c000

Polling page: 0x000000010d992000

Code Cache  [0x000000010f453000, 0x000000010f6c3000, 0x0000000112453000)
 total_blobs=891 nmethods=291 adapters=554 free_code_cache=47833Kb largest_free_block=48948672

Compilation events (10 events):
Event: 7.672 Thread 0x00007fd815804800  287             com.jme3.material.RenderState::copyMergedTo (459 bytes)
Event: 7.674 Thread 0x00007fd815804800 nmethod 287 0x000000010f590110 code [0x000000010f590260, 0x000000010f590578]
Event: 8.204 Thread 0x00007fd81580f800  288             com.jme3.math.Plane::setConstant (6 bytes)
Event: 8.204 Thread 0x00007fd81580f800 nmethod 288 0x000000010f4c0710 code [0x000000010f4c0840, 0x000000010f4c0898]
Event: 8.321 Thread 0x00007fd815804800  289             com.jme3.material.Technique::makeCurrent (139 bytes)
Event: 8.325 Thread 0x00007fd815804800 nmethod 289 0x000000010f5a0110 code [0x000000010f5a0300, 0x000000010f5a0720]
Event: 10.545 Thread 0x00007fd81580f800  292             com.jme3.audio.lwjgl.LwjglAudioRenderer::updateInThread (340 bytes)
Event: 10.552 Thread 0x00007fd81580f800 nmethod 292 0x000000010f4be950 code [0x000000010f4beba0, 0x000000010f4bf598]
Event: 11.846 Thread 0x00007fd815804800  293             java.lang.ref.Reference::<init> (25 bytes)
Event: 11.847 Thread 0x00007fd815804800 nmethod 293 0x000000010f58fed0 code [0x000000010f590000, 0x000000010f5900b8]

GC Heap History (6 events):
Event: 4.709 GC heap before
{Heap before GC invocations=1 (full 0):
 PSYoungGen      total 76800K, used 66048K [0x00000007aaa80000, 0x00000007b0000000, 0x0000000800000000)
  eden space 66048K, 100% used [0x00000007aaa80000,0x00000007aeb00000,0x00000007aeb00000)
  from space 10752K, 0% used [0x00000007af580000,0x00000007af580000,0x00000007b0000000)
  to   space 10752K, 0% used [0x00000007aeb00000,0x00000007aeb00000,0x00000007af580000)
 ParOldGen       total 174592K, used 0K [0x0000000700000000, 0x000000070aa80000, 0x00000007aaa80000)
  object space 174592K, 0% used [0x0000000700000000,0x0000000700000000,0x000000070aa80000)
 PSPermGen       total 21504K, used 17917K [0x00000006fae00000, 0x00000006fc300000, 0x0000000700000000)
  object space 21504K, 83% used [0x00000006fae00000,0x00000006fbf7f6e0,0x00000006fc300000)
Event: 4.719 GC heap after
Heap after GC invocations=1 (full 0):
 PSYoungGen      total 76800K, used 10725K [0x00000007aaa80000, 0x00000007b0000000, 0x0000000800000000)
  eden space 66048K, 0% used [0x00000007aaa80000,0x00000007aaa80000,0x00000007aeb00000)
  from space 10752K, 99% used [0x00000007aeb00000,0x00000007af579630,0x00000007af580000)
  to   space 10752K, 0% used [0x00000007af580000,0x00000007af580000,0x00000007b0000000)
 ParOldGen       total 174592K, used 755K [0x0000000700000000, 0x000000070aa80000, 0x00000007aaa80000)
  object space 174592K, 0% used [0x0000000700000000,0x00000007000bce18,0x000000070aa80000)
 PSPermGen       total 21504K, used 17917K [0x00000006fae00000, 0x00000006fc300000, 0x0000000700000000)
  object space 21504K, 83% used [0x00000006fae00000,0x00000006fbf7f6e0,0x00000006fc300000)
}
Event: 7.693 GC heap before
{Heap before GC invocations=2 (full 0):
 PSYoungGen      total 76800K, used 76773K [0x00000007aaa80000, 0x00000007b0000000, 0x0000000800000000)
  eden space 66048K, 100% used [0x00000007aaa80000,0x00000007aeb00000,0x00000007aeb00000)
  from space 10752K, 99% used [0x00000007aeb00000,0x00000007af579630,0x00000007af580000)
  to   space 10752K, 0% used [0x00000007af580000,0x00000007af580000,0x00000007b0000000)
 ParOldGen       total 174592K, used 755K [0x0000000700000000, 0x000000070aa80000, 0x00000007aaa80000)
  object space 174592K, 0% used [0x0000000700000000,0x00000007000bce18,0x000000070aa80000)
 PSPermGen       total 21504K, used 17939K [0x00000006fae00000, 0x00000006fc300000, 0x0000000700000000)
  object space 21504K, 83% used [0x00000006fae00000,0x00000006fbf84fb8,0x00000006fc300000)
Event: 7.699 GC heap after
Heap after GC invocations=2 (full 0):
 PSYoungGen      total 76800K, used 8852K [0x00000007aaa80000, 0x00000007b0000000, 0x0000000800000000)
  eden space 66048K, 0% used [0x00000007aaa80000,0x00000007aaa80000,0x00000007aeb00000)
  from space 10752K, 82% used [0x00000007af580000,0x00000007afe252f0,0x00000007b0000000)
  to   space 10752K, 0% used [0x00000007aeb00000,0x00000007aeb00000,0x00000007af580000)
 ParOldGen       total 174592K, used 763K [0x0000000700000000, 0x000000070aa80000, 0x00000007aaa80000)
  object space 174592K, 0% used [0x0000000700000000,0x00000007000bee18,0x000000070aa80000)
 PSPermGen       total 21504K, used 17939K [0x00000006fae00000, 0x00000006fc300000, 0x0000000700000000)
  object space 21504K, 83% used [0x00000006fae00000,0x00000006fbf84fb8,0x00000006fc300000)
}
Event: 11.880 GC heap before
{Heap before GC invocations=3 (full 0):
 PSYoungGen      total 76800K, used 74900K [0x00000007aaa80000, 0x00000007b0000000, 0x0000000800000000)
  eden space 66048K, 100% used [0x00000007aaa80000,0x00000007aeb00000,0x00000007aeb00000)
  from space 10752K, 82% used [0x00000007af580000,0x00000007afe252f0,0x00000007b0000000)
  to   space 10752K, 0% used [0x00000007aeb00000,0x00000007aeb00000,0x00000007af580000)
 ParOldGen       total 174592K, used 763K [0x0000000700000000, 0x000000070aa80000, 0x00000007aaa80000)
  object space 174592K, 0% used [0x0000000700000000,0x00000007000bee18,0x000000070aa80000)
 PSPermGen       total 21504K, used 17951K [0x00000006fae00000, 0x00000006fc300000, 0x0000000700000000)
  object space 21504K, 83% used [0x00000006fae00000,0x00000006fbf87c18,0x00000006fc300000)
Event: 11.885 GC heap after
Heap after GC invocations=3 (full 0):
 PSYoungGen      total 76800K, used 7993K [0x00000007aaa80000, 0x00000007b0000000, 0x0000000800000000)
  eden space 66048K, 0% used [0x00000007aaa80000,0x00000007aaa80000,0x00000007aeb00000)
  from space 10752K, 74% used [0x00000007aeb00000,0x00000007af2ce6c0,0x00000007af580000)
  to   space 10752K, 0% used [0x00000007af580000,0x00000007af580000,0x00000007b0000000)
 ParOldGen       total 174592K, used 771K [0x0000000700000000, 0x000000070aa80000, 0x00000007aaa80000)
  object space 174592K, 0% used [0x0000000700000000,0x00000007000c0e18,0x000000070aa80000)
 PSPermGen       total 21504K, used 17951K [0x00000006fae00000, 0x00000006fc300000, 0x0000000700000000)
  object space 21504K, 83% used [0x00000006fae00000,0x00000006fbf87c18,0x00000006fc300000)
}

Deoptimization events (10 events):
Event: 3.721 Thread 0x00007fd8139d7800 Uncommon trap: reason=array_check action=maybe_recompile pc=0x000000010f555938 method=com.jme3.util.SortUtil.merge([Ljava/lang/Object;[Ljava/lang/Object;IIILjava/util/Comparator;)V @ 116
Event: 3.837 Thread 0x00007fd8139d7800 Uncommon trap: reason=array_check action=maybe_recompile pc=0x000000010f559530 method=com.jme3.util.SortUtil.merge([Ljava/lang/Object;[Ljava/lang/Object;IIILjava/util/Comparator;)V @ 137
Event: 3.837 Thread 0x00007fd8139d7800 Uncommon trap: reason=array_check action=maybe_recompile pc=0x000000010f559530 method=com.jme3.util.SortUtil.merge([Ljava/lang/Object;[Ljava/lang/Object;IIILjava/util/Comparator;)V @ 137
Event: 3.941 Thread 0x00007fd8139d7800 Uncommon trap: reason=unreached action=reinterpret pc=0x000000010f5491dc method=com.jme3.util.SafeArrayList.getArray()[Ljava/lang/Object; @ 4
Event: 3.988 Thread 0x00007fd8139d7800 Uncommon trap: reason=array_check action=maybe_recompile pc=0x000000010f563124 method=com.jme3.util.SortUtil.merge([Ljava/lang/Object;[Ljava/lang/Object;IIILjava/util/Comparator;)V @ 72
Event: 3.988 Thread 0x00007fd8139d7800 Uncommon trap: reason=array_check action=maybe_recompile pc=0x000000010f563124 method=com.jme3.util.SortUtil.merge([Ljava/lang/Object;[Ljava/lang/Object;IIILjava/util/Comparator;)V @ 72
Event: 4.105 Thread 0x00007fd8139d7800 Uncommon trap: reason=array_check action=maybe_recompile pc=0x000000010f570398 method=com.jme3.util.SortUtil.merge([Ljava/lang/Object;[Ljava/lang/Object;IIILjava/util/Comparator;)V @ 94
Event: 4.105 Thread 0x00007fd8139d7800 Uncommon trap: reason=array_check action=maybe_recompile pc=0x000000010f570398 method=com.jme3.util.SortUtil.merge([Ljava/lang/Object;[Ljava/lang/Object;IIILjava/util/Comparator;)V @ 94
Event: 4.772 Thread 0x00007fd8139d7800 Uncommon trap: reason=unreached action=reinterpret pc=0x000000010f5506b0 method=com.jme3.renderer.Camera.contains(Lcom/jme3/bounding/BoundingVolume;)Lcom/jme3/renderer/Camera$FrustumIntersect; @ 83
Event: 10.596 Thread 0x00007fd812254800 Uncommon trap: reason=null_check action=make_not_entrant pc=0x000000010f4befa4 method=com.jme3.util.NativeObjectManager.deleteUnused(Ljava/lang/Object;)V @ 57

Internal exceptions (10 events):
Event: 3.043 Thread 0x00007fd8139d7800 Threw 0x00000007ad985c48 at /HUDSON/workspace/7u-2-build-macosx-x86_64/jdk7u51/527/hotspot/src/share/vm/prims/jvm.cpp:1244
Event: 3.044 Thread 0x00007fd8139d7800 Threw 0x00000007ad9893c0 at /HUDSON/workspace/7u-2-build-macosx-x86_64/jdk7u51/527/hotspot/src/share/vm/prims/jvm.cpp:1244
Event: 3.049 Thread 0x00007fd8139d7800 Threw 0x00000007ad9914d0 at /HUDSON/workspace/7u-2-build-macosx-x86_64/jdk7u51/527/hotspot/src/share/vm/prims/jvm.cpp:1244
Event: 3.050 Thread 0x00007fd8139d7800 Threw 0x00000007ad995c68 at /HUDSON/workspace/7u-2-build-macosx-x86_64/jdk7u51/527/hotspot/src/share/vm/prims/jvm.cpp:1244
Event: 3.737 Thread 0x00007fd8139d7800 Threw 0x00000007ad9a16d8 at /HUDSON/workspace/7u-2-build-macosx-x86_64/jdk7u51/527/hotspot/src/share/vm/prims/jvm.cpp:1244
Event: 3.737 Thread 0x00007fd8139d7800 Threw 0x00000007ad9a52d8 at /HUDSON/workspace/7u-2-build-macosx-x86_64/jdk7u51/527/hotspot/src/share/vm/prims/jvm.cpp:1244
Event: 3.738 Thread 0x00007fd8139d7800 Threw 0x00000007ad9a85c8 at /HUDSON/workspace/7u-2-build-macosx-x86_64/jdk7u51/527/hotspot/src/share/vm/prims/jvm.cpp:1244
Event: 3.941 Thread 0x00007fd8139d7800 Implicit null exception at 0x000000010f548c61 to 0x000000010f5491c1
Event: 10.496 Thread 0x00007fd8139d7800 Threw 0x00000007aab0c1c8 at /HUDSON/workspace/7u-2-build-macosx-x86_64/jdk7u51/527/hotspot/src/share/vm/prims/jvm.cpp:1244
Event: 10.861 Thread 0x00007fd812254800 Threw 0x00000007ad715e38 at /HUDSON/workspace/7u-2-build-macosx-x86_64/jdk7u51/527/hotspot/src/share/vm/prims/jvm.cpp:2965

Events (10 events):
Event: 11.846 Thread 0x00007fd815bae000 Thread added: 0x00007fd815bae000
Event: 11.846 Thread 0x00007fd815bae000 Thread exited: 0x00007fd815bae000
Event: 11.857 Thread 0x00007fd814004800 Thread added: 0x00007fd814004800
Event: 11.857 Thread 0x00007fd814004800 Thread exited: 0x00007fd814004800
Event: 11.869 Thread 0x00007fd814004800 Thread added: 0x00007fd814004800
Event: 11.869 Thread 0x00007fd814004800 Thread exited: 0x00007fd814004800
Event: 11.880 Thread 0x00007fd811b1f000 Thread added: 0x00007fd811b1f000
Event: 11.880 Executing VM operation: ParallelGCFailedAllocation
Event: 11.885 Executing VM operation: ParallelGCFailedAllocation done
Event: 11.885 Thread 0x00007fd811b1f000 Thread exited: 0x00007fd811b1f000


Dynamic libraries:
0x0000000000a61000 	/System/Library/Frameworks/Cocoa.framework/Versions/A/Cocoa
0x0000000000a61000 	/System/Library/Frameworks/Security.framework/Versions/A/Security
0x0000000000a61000 	/System/Library/Frameworks/ApplicationServices.framework/Versions/A/ApplicationServices
0x0000000000a61000 	/usr/lib/libz.1.dylib
0x0000000000a61000 	/usr/lib/libSystem.B.dylib
0x0000000000a61000 	/usr/lib/libobjc.A.dylib
0x0000000000a61000 	/System/Library/Frameworks/CoreFoundation.framework/Versions/A/CoreFoundation
0x0000000000a61000 	/System/Library/Frameworks/Foundation.framework/Versions/C/Foundation
0x0000000000a61000 	/System/Library/Frameworks/AppKit.framework/Versions/C/AppKit
0x0000000000a61000 	/System/Library/Frameworks/CoreData.framework/Versions/A/CoreData
0x0000000000a61000 	/System/Library/PrivateFrameworks/RemoteViewServices.framework/Versions/A/RemoteViewServices
0x0000000000a61000 	/System/Library/PrivateFrameworks/UIFoundation.framework/Versions/A/UIFoundation
0x0000000000a61000 	/System/Library/Frameworks/IOSurface.framework/Versions/A/IOSurface
0x0000000000a61000 	/System/Library/Frameworks/AudioToolbox.framework/Versions/A/AudioToolbox
0x0000000000a61000 	/System/Library/Frameworks/AudioUnit.framework/Versions/A/AudioUnit
0x0000000000a61000 	/System/Library/PrivateFrameworks/DataDetectorsCore.framework/Versions/A/DataDetectorsCore
0x0000000000a61000 	/System/Library/PrivateFrameworks/DesktopServicesPriv.framework/Versions/A/DesktopServicesPriv
0x0000000000a61000 	/System/Library/Frameworks/Carbon.framework/Versions/A/Frameworks/HIToolbox.framework/Versions/A/HIToolbox
0x0000000000a61000 	/System/Library/Frameworks/QuartzCore.framework/Versions/A/QuartzCore
0x0000000000a61000 	/System/Library/Frameworks/Carbon.framework/Versions/A/Frameworks/SpeechRecognition.framework/Versions/A/SpeechRecognition
0x0000000000a61000 	/usr/lib/libauto.dylib
0x0000000000a61000 	/usr/lib/libicucore.A.dylib
0x0000000000a61000 	/usr/lib/libxml2.2.dylib
0x0000000000a61000 	/System/Library/PrivateFrameworks/CoreUI.framework/Versions/A/CoreUI
0x0000000000a61000 	/System/Library/Frameworks/CoreAudio.framework/Versions/A/CoreAudio
0x0000000000a61000 	/System/Library/Frameworks/DiskArbitration.framework/Versions/A/DiskArbitration
0x0000000000a61000 	/usr/lib/liblangid.dylib
0x0000000000a61000 	/System/Library/PrivateFrameworks/MultitouchSupport.framework/Versions/A/MultitouchSupport
0x0000000000a61000 	/System/Library/Frameworks/IOKit.framework/Versions/A/IOKit
0x0000000000a61000 	/usr/lib/libDiagnosticMessagesClient.dylib
0x0000000000a61000 	/System/Library/Frameworks/CoreServices.framework/Versions/A/CoreServices
0x0000000000a61000 	/System/Library/PrivateFrameworks/PerformanceAnalysis.framework/Versions/A/PerformanceAnalysis
0x0000000000a61000 	/System/Library/PrivateFrameworks/GenerationalStorage.framework/Versions/A/GenerationalStorage
0x0000000000a61000 	/System/Library/Frameworks/OpenGL.framework/Versions/A/OpenGL
0x0000000000a61000 	/System/Library/PrivateFrameworks/Sharing.framework/Versions/A/Sharing
0x0000000000a61000 	/System/Library/Frameworks/CoreGraphics.framework/Versions/A/CoreGraphics
0x0000000000a61000 	/System/Library/Frameworks/CoreText.framework/Versions/A/CoreText
0x0000000000a61000 	/System/Library/Frameworks/ImageIO.framework/Versions/A/ImageIO
0x0000000000a61000 	/usr/lib/libextension.dylib
0x0000000000a61000 	/System/Library/PrivateFrameworks/Backup.framework/Versions/A/Backup
0x0000000000a61000 	/usr/lib/libarchive.2.dylib
0x0000000000a61000 	/System/Library/Frameworks/CFNetwork.framework/Versions/A/CFNetwork
0x0000000000a61000 	/System/Library/Frameworks/SystemConfiguration.framework/Versions/A/SystemConfiguration
0x0000000000a61000 	/usr/lib/libCRFSuite.dylib
0x0000000000a61000 	/usr/lib/libc++.1.dylib
0x0000000000a61000 	/usr/lib/libc++abi.dylib
0x0000000000a61000 	/usr/lib/system/libcache.dylib
0x0000000000a61000 	/usr/lib/system/libcommonCrypto.dylib
0x0000000000a61000 	/usr/lib/system/libcompiler_rt.dylib
0x0000000000a61000 	/usr/lib/system/libcopyfile.dylib
0x0000000000a61000 	/usr/lib/system/libcorecrypto.dylib
0x0000000000a61000 	/usr/lib/system/libdispatch.dylib
0x0000000000a61000 	/usr/lib/system/libdyld.dylib
0x0000000000a61000 	/usr/lib/system/libkeymgr.dylib
0x0000000000a61000 	/usr/lib/system/liblaunch.dylib
0x0000000000a61000 	/usr/lib/system/libmacho.dylib
0x0000000000a61000 	/usr/lib/system/libquarantine.dylib
0x0000000000a61000 	/usr/lib/system/libremovefile.dylib
0x0000000000a61000 	/usr/lib/system/libsystem_asl.dylib
0x0000000000a61000 	/usr/lib/system/libsystem_blocks.dylib
0x0000000000a61000 	/usr/lib/system/libsystem_c.dylib
0x0000000000a61000 	/usr/lib/system/libsystem_configuration.dylib
0x0000000000a61000 	/usr/lib/system/libsystem_coreservices.dylib
0x0000000000a61000 	/usr/lib/system/libsystem_coretls.dylib
0x0000000000a61000 	/usr/lib/system/libsystem_dnssd.dylib
0x0000000000a61000 	/usr/lib/system/libsystem_info.dylib
0x0000000000a61000 	/usr/lib/system/libsystem_kernel.dylib
0x0000000000a61000 	/usr/lib/system/libsystem_m.dylib
0x0000000000a61000 	/usr/lib/system/libsystem_malloc.dylib
0x0000000000a61000 	/usr/lib/system/libsystem_network.dylib
0x0000000000a61000 	/usr/lib/system/libsystem_networkextension.dylib
0x0000000000a61000 	/usr/lib/system/libsystem_notify.dylib
0x0000000000a61000 	/usr/lib/system/libsystem_platform.dylib
0x0000000000a61000 	/usr/lib/system/libsystem_pthread.dylib
0x0000000000a61000 	/usr/lib/system/libsystem_sandbox.dylib
0x0000000000a61000 	/usr/lib/system/libsystem_secinit.dylib
0x0000000000a61000 	/usr/lib/system/libsystem_stats.dylib
0x0000000000a61000 	/usr/lib/system/libsystem_trace.dylib
0x0000000000a61000 	/usr/lib/system/libunc.dylib
0x0000000000a61000 	/usr/lib/system/libunwind.dylib
0x0000000000a61000 	/usr/lib/system/libxpc.dylib
0x0000000000a61000 	/usr/lib/libbz2.1.0.dylib
0x0000000000a61000 	/usr/lib/liblzma.5.dylib
0x0000000000a61000 	/usr/lib/libbsm.0.dylib
0x0000000000a61000 	/usr/lib/libsqlite3.dylib
0x0000000000a61000 	/usr/lib/system/libkxld.dylib
0x0000000000a61000 	/usr/lib/libxar.1.dylib
0x0000000000a61000 	/usr/lib/libpam.2.dylib
0x0000000000a61000 	/usr/lib/libOpenScriptingUtil.dylib
0x0000000000a61000 	/System/Library/Frameworks/CoreServices.framework/Versions/A/Frameworks/FSEvents.framework/Versions/A/FSEvents
0x0000000000a61000 	/System/Library/Frameworks/CoreServices.framework/Versions/A/Frameworks/CarbonCore.framework/Versions/A/CarbonCore
0x0000000000a61000 	/System/Library/Frameworks/CoreServices.framework/Versions/A/Frameworks/Metadata.framework/Versions/A/Metadata
0x0000000000a61000 	/System/Library/Frameworks/CoreServices.framework/Versions/A/Frameworks/OSServices.framework/Versions/A/OSServices
0x0000000000a61000 	/System/Library/Frameworks/CoreServices.framework/Versions/A/Frameworks/SearchKit.framework/Versions/A/SearchKit
0x0000000000a61000 	/System/Library/Frameworks/CoreServices.framework/Versions/A/Frameworks/AE.framework/Versions/A/AE
0x0000000000a61000 	/System/Library/Frameworks/CoreServices.framework/Versions/A/Frameworks/LaunchServices.framework/Versions/A/LaunchServices
0x0000000000a61000 	/System/Library/Frameworks/CoreServices.framework/Versions/A/Frameworks/DictionaryServices.framework/Versions/A/DictionaryServices
0x0000000000a61000 	/System/Library/Frameworks/NetFS.framework/Versions/A/NetFS
0x0000000000a61000 	/System/Library/PrivateFrameworks/NetAuth.framework/Versions/A/NetAuth
0x0000000000a61000 	/System/Library/PrivateFrameworks/login.framework/Versions/A/Frameworks/loginsupport.framework/Versions/A/loginsupport
0x0000000000a61000 	/System/Library/PrivateFrameworks/TCC.framework/Versions/A/TCC
0x0000000000a61000 	/usr/lib/libmecabra.dylib
0x0000000000a61000 	/System/Library/PrivateFrameworks/LanguageModeling.framework/Versions/A/LanguageModeling
0x0000000000a61000 	/usr/lib/libcmph.dylib
0x0000000000a61000 	/usr/lib/libiconv.2.dylib
0x0000000000a61000 	/System/Library/Frameworks/OpenDirectory.framework/Versions/A/Frameworks/CFOpenDirectory.framework/Versions/A/CFOpenDirectory
0x0000000000a61000 	/System/Library/Frameworks/ServiceManagement.framework/Versions/A/ServiceManagement
0x0000000000a61000 	/usr/lib/libxslt.1.dylib
0x0000000000a61000 	/System/Library/Frameworks/Carbon.framework/Versions/A/Frameworks/Ink.framework/Versions/A/Ink
0x0000000000a61000 	/System/Library/Frameworks/ApplicationServices.framework/Versions/A/Frameworks/ATS.framework/Versions/A/ATS
0x0000000000a61000 	/System/Library/Frameworks/ApplicationServices.framework/Versions/A/Frameworks/ColorSync.framework/Versions/A/ColorSync
0x0000000000a61000 	/System/Library/Frameworks/ApplicationServices.framework/Versions/A/Frameworks/HIServices.framework/Versions/A/HIServices
0x0000000000a61000 	/System/Library/Frameworks/ApplicationServices.framework/Versions/A/Frameworks/LangAnalysis.framework/Versions/A/LangAnalysis
0x0000000000a61000 	/System/Library/Frameworks/ApplicationServices.framework/Versions/A/Frameworks/PrintCore.framework/Versions/A/PrintCore
0x0000000000a61000 	/System/Library/Frameworks/ApplicationServices.framework/Versions/A/Frameworks/QD.framework/Versions/A/QD
0x0000000000a61000 	/System/Library/Frameworks/ApplicationServices.framework/Versions/A/Frameworks/SpeechSynthesis.framework/Versions/A/SpeechSynthesis
0x0000000000a61000 	/System/Library/Frameworks/Accelerate.framework/Versions/A/Accelerate
0x0000000000a61000 	/System/Library/Frameworks/Accelerate.framework/Versions/A/Frameworks/vImage.framework/Versions/A/vImage
0x0000000000a61000 	/System/Library/Frameworks/Accelerate.framework/Versions/A/Frameworks/vecLib.framework/Versions/A/vecLib
0x0000000000a61000 	/System/Library/Frameworks/Accelerate.framework/Versions/A/Frameworks/vecLib.framework/Versions/A/libvDSP.dylib
0x0000000000a61000 	/System/Library/Frameworks/Accelerate.framework/Versions/A/Frameworks/vecLib.framework/Versions/A/libvMisc.dylib
0x0000000000a61000 	/System/Library/Frameworks/Accelerate.framework/Versions/A/Frameworks/vecLib.framework/Versions/A/libLAPACK.dylib
0x0000000000a61000 	/System/Library/Frameworks/Accelerate.framework/Versions/A/Frameworks/vecLib.framework/Versions/A/libBLAS.dylib
0x0000000000a61000 	/System/Library/Frameworks/Accelerate.framework/Versions/A/Frameworks/vecLib.framework/Versions/A/libLinearAlgebra.dylib
0x0000000000a61000 	/System/Library/Frameworks/ApplicationServices.framework/Versions/A/Frameworks/ATS.framework/Versions/A/Resources/libFontParser.dylib
0x0000000000a61000 	/System/Library/Frameworks/ApplicationServices.framework/Versions/A/Frameworks/ATS.framework/Versions/A/Resources/libFontRegistry.dylib
0x0000000000a61000 	/System/Library/PrivateFrameworks/AppleVPA.framework/Versions/A/AppleVPA
0x0000000000a61000 	/System/Library/PrivateFrameworks/AppleJPEG.framework/Versions/A/AppleJPEG
0x0000000000a61000 	/System/Library/Frameworks/ImageIO.framework/Versions/A/Resources/libJPEG.dylib
0x0000000000a61000 	/System/Library/Frameworks/ImageIO.framework/Versions/A/Resources/libTIFF.dylib
0x0000000000a61000 	/System/Library/Frameworks/ImageIO.framework/Versions/A/Resources/libPng.dylib
0x0000000000a61000 	/System/Library/Frameworks/ImageIO.framework/Versions/A/Resources/libGIF.dylib
0x0000000000a61000 	/System/Library/Frameworks/ImageIO.framework/Versions/A/Resources/libJP2.dylib
0x0000000000a61000 	/System/Library/Frameworks/ImageIO.framework/Versions/A/Resources/libRadiance.dylib
0x0000000000a61000 	/System/Library/Frameworks/CoreVideo.framework/Versions/A/CoreVideo
0x0000000000a61000 	/System/Library/Frameworks/OpenGL.framework/Versions/A/Libraries/libGLU.dylib
0x0000000000a61000 	/System/Library/Frameworks/OpenGL.framework/Versions/A/Libraries/libGFXShared.dylib
0x0000000000a61000 	/System/Library/Frameworks/OpenGL.framework/Versions/A/Libraries/libGL.dylib
0x0000000000a61000 	/System/Library/Frameworks/OpenGL.framework/Versions/A/Libraries/libGLImage.dylib
0x0000000000a61000 	/System/Library/Frameworks/OpenGL.framework/Versions/A/Libraries/libCVMSPluginSupport.dylib
0x0000000000a61000 	/System/Library/Frameworks/OpenGL.framework/Versions/A/Libraries/libCoreVMClient.dylib
0x0000000000a61000 	/usr/lib/libcups.2.dylib
0x0000000000a61000 	/System/Library/Frameworks/Kerberos.framework/Versions/A/Kerberos
0x0000000000a61000 	/System/Library/Frameworks/GSS.framework/Versions/A/GSS
0x0000000000a61000 	/usr/lib/libresolv.9.dylib
0x0000000000a61000 	/System/Library/PrivateFrameworks/Heimdal.framework/Versions/A/Heimdal
0x0000000000a61000 	/usr/lib/libheimdal-asn1.dylib
0x0000000000a61000 	/System/Library/Frameworks/OpenDirectory.framework/Versions/A/OpenDirectory
0x0000000000a61000 	/System/Library/PrivateFrameworks/CommonAuth.framework/Versions/A/CommonAuth
0x0000000000a61000 	/System/Library/Frameworks/SecurityFoundation.framework/Versions/A/SecurityFoundation
0x0000000000a61000 	/System/Library/Frameworks/QuartzCore.framework/Versions/A/Frameworks/CoreImage.framework/Versions/A/CoreImage
0x0000000000a61000 	/System/Library/PrivateFrameworks/CrashReporterSupport.framework/Versions/A/CrashReporterSupport
0x0000000000a61000 	/System/Library/Frameworks/OpenCL.framework/Versions/A/OpenCL
0x0000000000a61000 	/System/Library/PrivateFrameworks/FaceCore.framework/Versions/A/FaceCore
0x0000000000a61000 	/System/Library/PrivateFrameworks/Ubiquity.framework/Versions/A/Ubiquity
0x0000000000a61000 	/System/Library/PrivateFrameworks/IconServices.framework/Versions/A/IconServices
0x0000000000a61000 	/System/Library/PrivateFrameworks/ChunkingLibrary.framework/Versions/A/ChunkingLibrary
0x0000000000a61000 	/System/Library/PrivateFrameworks/Apple80211.framework/Versions/A/Apple80211
0x0000000000a61000 	/System/Library/Frameworks/CoreWLAN.framework/Versions/A/CoreWLAN
0x0000000000a61000 	/System/Library/Frameworks/IOBluetooth.framework/Versions/A/IOBluetooth
0x0000000000a61000 	/System/Library/PrivateFrameworks/CoreWiFi.framework/Versions/A/CoreWiFi
0x0000000000a61000 	/System/Library/Frameworks/CoreBluetooth.framework/Versions/A/CoreBluetooth
0x0000000000a61000 	/System/Library/PrivateFrameworks/DebugSymbols.framework/Versions/A/DebugSymbols
0x0000000000a61000 	/System/Library/PrivateFrameworks/CoreSymbolication.framework/Versions/A/CoreSymbolication
0x0000000000a61000 	/System/Library/PrivateFrameworks/Symbolication.framework/Versions/A/Symbolication
0x0000000000a61000 	/System/Library/PrivateFrameworks/SpeechRecognitionCore.framework/Versions/A/SpeechRecognitionCore
0x000000010ea00000 	/Applications/jMonkeyPlatform.app/Contents/Resources/jmonkeyplatform/jdk/jre/lib/server/libjvm.dylib
0x0000000000a61000 	/usr/lib/libstdc++.6.dylib
0x000000010d955000 	/Applications/jMonkeyPlatform.app/Contents/Resources/jmonkeyplatform/jdk/jre/lib/libverify.dylib
0x000000010d962000 	/Applications/jMonkeyPlatform.app/Contents/Resources/jmonkeyplatform/jdk/jre/lib/libjava.dylib
0x000000010d99c000 	/Applications/jMonkeyPlatform.app/Contents/Resources/jmonkeyplatform/jdk/jre/lib/libzip.dylib
0x000000011e7cd000 	/System/Library/Frameworks/JavaVM.framework/Frameworks/JavaRuntimeSupport.framework/JavaRuntimeSupport
0x000000011e7e5000 	/System/Library/Frameworks/JavaVM.framework/Versions/A/Frameworks/JavaNativeFoundation.framework/Versions/A/JavaNativeFoundation
0x000000011e7fa000 	/System/Library/Frameworks/JavaVM.framework/Versions/A/JavaVM
0x0000000000a61000 	/System/Library/Frameworks/Carbon.framework/Versions/A/Carbon
0x000000011e807000 	/System/Library/PrivateFrameworks/JavaLaunching.framework/Versions/A/JavaLaunching
0x0000000000a61000 	/System/Library/Frameworks/Carbon.framework/Versions/A/Frameworks/CommonPanels.framework/Versions/A/CommonPanels
0x0000000000a61000 	/System/Library/Frameworks/Carbon.framework/Versions/A/Frameworks/Help.framework/Versions/A/Help
0x0000000000a61000 	/System/Library/Frameworks/Carbon.framework/Versions/A/Frameworks/ImageCapture.framework/Versions/A/ImageCapture
0x0000000000a61000 	/System/Library/Frameworks/Carbon.framework/Versions/A/Frameworks/OpenScripting.framework/Versions/A/OpenScripting
0x0000000000a61000 	/System/Library/Frameworks/Carbon.framework/Versions/A/Frameworks/Print.framework/Versions/A/Print
0x0000000000a61000 	/System/Library/Frameworks/Carbon.framework/Versions/A/Frameworks/SecurityHI.framework/Versions/A/SecurityHI
0x000000012075c000 	/Applications/jMonkeyPlatform.app/Contents/Resources/jmonkeyplatform/jdk/jre/lib/libawt.dylib
0x000000012080b000 	/Applications/jMonkeyPlatform.app/Contents/Resources/jmonkeyplatform/jdk/jre/lib/./libmlib_image.dylib
0x00000001208d7000 	/Applications/jMonkeyPlatform.app/Contents/Resources/jmonkeyplatform/jdk/jre/lib/lwawt/liblwawt.dylib
0x000000012098b000 	/Applications/jMonkeyPlatform.app/Contents/Resources/jmonkeyplatform/jdk/jre/lib/libosxapp.dylib
0x0000000000a61000 	/System/Library/Frameworks/ExceptionHandling.framework/Versions/A/ExceptionHandling
0x0000000000a61000 	/System/Library/PrivateFrameworks/CoreServicesInternal.framework/Versions/A/CoreServicesInternal
0x0000000000a61000 	/System/Library/PrivateFrameworks/CloudDocs.framework/Versions/A/CloudDocs
0x0000000000a61000 	/System/Library/PrivateFrameworks/CoreDuet.framework/Versions/A/CoreDuet
0x0000000000a61000 	/System/Library/Frameworks/CloudKit.framework/Versions/A/CloudKit
0x0000000000a61000 	/System/Library/PrivateFrameworks/ProtocolBuffer.framework/Versions/A/ProtocolBuffer
0x0000000000a61000 	/System/Library/PrivateFrameworks/CoreDuetDaemonProtocol.framework/Versions/A/CoreDuetDaemonProtocol
0x0000000000a61000 	/System/Library/PrivateFrameworks/CoreDuetDebugLogging.framework/Versions/A/CoreDuetDebugLogging
0x0000000000a61000 	/System/Library/Frameworks/CoreLocation.framework/Versions/A/CoreLocation
0x0000000000a61000 	/System/Library/Frameworks/Accounts.framework/Versions/A/Accounts
0x0000000000a61000 	/System/Library/PrivateFrameworks/ApplePushService.framework/Versions/A/ApplePushService
0x0000000000a61000 	/System/Library/PrivateFrameworks/GeoServices.framework/Versions/A/GeoServices
0x0000000000a61000 	/System/Library/PrivateFrameworks/OAuth.framework/Versions/A/OAuth
0x0000000000a61000 	/System/Library/PrivateFrameworks/CoreDaemon.framework/Versions/B/CoreDaemon
0x0000000000a61000 	/usr/lib/libcrypto.0.9.8.dylib
0x0000000000a61000 	/System/Library/PrivateFrameworks/AppleSRP.framework/Versions/A/AppleSRP
0x0000000000a61000 	/System/Library/PrivateFrameworks/TrustEvaluationAgent.framework/Versions/A/TrustEvaluationAgent
0x0000000000a61000 	/System/Library/Frameworks/CoreGraphics.framework/Versions/A/Resources/libCGCMS.A.dylib
0x0000000000a61000 	/System/Library/Frameworks/CoreGraphics.framework/Versions/A/Resources/libRIP.A.dylib
0x0000000000a61000 	/System/Library/Frameworks/CoreGraphics.framework/Versions/A/Resources/libCGXType.A.dylib
0x0000000000a61000 	/System/Library/Frameworks/OpenCL.framework/Versions/A/Libraries/libcldcpuengine.dylib
0x0000000000a61000 	/System/Library/PrivateFrameworks/DiskImages.framework/Versions/A/DiskImages
0x0000000000a61000 	/System/Library/Frameworks/DiscRecording.framework/Versions/A/DiscRecording
0x0000000000a61000 	/usr/lib/libcsfde.dylib
0x0000000000a61000 	/usr/lib/libcurl.4.dylib
0x0000000000a61000 	/System/Library/PrivateFrameworks/MediaKit.framework/Versions/A/MediaKit
0x0000000000a61000 	/System/Library/PrivateFrameworks/ProtectedCloudStorage.framework/Versions/A/ProtectedCloudStorage
0x0000000000a61000 	/usr/lib/libCoreStorage.dylib
0x0000000000a61000 	/System/Library/PrivateFrameworks/EFILogin.framework/Versions/A/EFILogin
0x0000000000a61000 	/usr/lib/libutil.dylib
0x0000000000a61000 	/System/Library/PrivateFrameworks/FindMyDevice.framework/Versions/A/FindMyDevice
0x0000000000a61000 	/System/Library/Frameworks/LDAP.framework/Versions/A/LDAP
0x0000000000a61000 	/usr/lib/libsasl2.2.dylib
0x0000000123921000 	cl_kernels
0x0000000123923000 	/System/Library/Frameworks/OpenCL.framework/Versions/A/Libraries/ImageFormats/unorm8_bgra.dylib
0x0000000123913000 	cl_kernels
0x0000000000a61000 	/System/Library/PrivateFrameworks/FamilyControls.framework/Versions/A/FamilyControls
0x0000000000a61000 	/System/Library/PrivateFrameworks/CommerceKit.framework/Versions/A/Frameworks/CommerceCore.framework/Versions/A/CommerceCore
0x0000000000a61000 	/System/Library/PrivateFrameworks/SystemAdministration.framework/Versions/A/SystemAdministration
0x0000000000a61000 	/System/Library/PrivateFrameworks/AppContainer.framework/Versions/A/AppContainer
0x0000000000a61000 	/System/Library/PrivateFrameworks/SecCodeWrapper.framework/Versions/A/SecCodeWrapper
0x0000000000a61000 	/System/Library/Frameworks/DirectoryService.framework/Versions/A/DirectoryService
0x0000000000a61000 	/System/Library/PrivateFrameworks/LoginUIKit.framework/Versions/A/Frameworks/LoginUICore.framework/Versions/A/LoginUICore
0x0000000000a61000 	/usr/lib/libodfde.dylib
0x0000000000a61000 	/System/Library/Frameworks/OpenGL.framework/Versions/A/Resources/GLEngine.bundle/GLEngine
0x0000000000a61000 	/System/Library/Frameworks/OpenGL.framework/Versions/A/Libraries/libGLProgrammability.dylib
0x0000000000000000 	/System/Library/Extensions/AppleIntelHD4000GraphicsGLDriver.bundle/Contents/MacOS/AppleIntelHD4000GraphicsGLDriver
0x0000000000a61000 	/System/Library/PrivateFrameworks/IOAccelerator.framework/Versions/A/IOAccelerator
0x0000000000a61000 	/System/Library/PrivateFrameworks/GPUSupport.framework/Versions/A/Libraries/libGPUSupportMercury.dylib
0x0000000000000000 	/System/Library/Extensions/GeForceGLDriver.bundle/Contents/MacOS/GeForceGLDriver
0x0000000000a61000 	/System/Library/Extensions/GeForceGLDriver.bundle/Contents/MacOS/libclh.dylib
0x0000000000a61000 	/System/Library/Frameworks/OpenGL.framework/Versions/A/Resources/GLRendererFloat.bundle/GLRendererFloat
0x0000000125b24000 	/Applications/jMonkeyPlatform.app/Contents/Resources/jmonkeyplatform/jdk/jre/lib/libfontmanager.dylib
0x0000000125c8e000 	/Applications/jMonkeyPlatform.app/Contents/Resources/jmonkeyplatform/jdk/jre/lib/libosxui.dylib
0x0000000125c97000 	/Applications/jMonkeyPlatform.app/Contents/Resources/jmonkeyplatform/jdk/jre/lib/libosx.dylib
0x0000000127a33000 	/Applications/jMonkeyPlatform.app/Contents/Resources/jmonkeyplatform/jdk/jre/lib/libnet.dylib
0x0000000127978000 	/Applications/jMonkeyPlatform.app/Contents/Resources/jmonkeyplatform/jdk/jre/lib/libnio.dylib
0x0000000000a61000 	/System/Library/Frameworks/Accelerate.framework/Versions/A/Frameworks/vImage.framework/Versions/A/Libraries/libCGInterfaces.dylib
0x0000000126d26000 	/Users/crisscrosskao/Documents/GitHub/CubeField/liblwjgl.dylib
0x0000000125f95000 	/Applications/jMonkeyPlatform.app/Contents/Resources/jmonkeyplatform/jdk/jre/lib/libjawt.dylib
0x000000012734d000 	/Users/crisscrosskao/Documents/GitHub/CubeField/openal.dylib
0x0000000127595000 	/System/Library/Components/CoreAudio.component/Contents/MacOS/CoreAudio
0x00000001273d0000 	/System/Library/Extensions/AppleHDA.kext/Contents/PlugIns/AppleHDAHALPlugIn.bundle/Contents/MacOS/AppleHDAHALPlugIn
0x00000001278e5000 	/Users/crisscrosskao/LeapSDK/lib/libLeapJava.dylib
0x0000000128b30000 	/Users/crisscrosskao/LeapSDK/lib/libLeap.dylib

VM Arguments:
jvm_args: -Dfile.encoding=UTF-8 -Djava.library.path=/Users/crisscrosskao/LeapSDK/lib 
java_command: mygame.Main
Launcher Type: SUN_STANDARD

Environment Variables:
PATH=/usr/bin:/bin:/usr/sbin:/sbin
LD_LIBRARY_PATH=/Applications/jMonkeyPlatform.app/Contents/MacOS/../Resources/jmonkeyplatform/bin/../jdk/jre/lib/amd64:/Applications/jMonkeyPlatform.app/Contents/MacOS/../Resources/jmonkeyplatform/bin/../jdk/jre/lib/i386:
SHELL=/bin/bash
DISPLAY=/private/tmp/com.apple.launchd.eFZvBhvWJE/org.macosforge.xquartz:0

Signal Handlers:
SIGSEGV: [libjvm.dylib+0x525425], sa_mask[0]=0xfffefeff, sa_flags=0x00000043
SIGBUS: [libjvm.dylib+0x525425], sa_mask[0]=0xfffefeff, sa_flags=0x00000042
SIGFPE: [libjvm.dylib+0x41892a], sa_mask[0]=0xfffefeff, sa_flags=0x00000042
SIGPIPE: [libjvm.dylib+0x41892a], sa_mask[0]=0xfffefeff, sa_flags=0x00000042
SIGXFSZ: [libjvm.dylib+0x41892a], sa_mask[0]=0xfffefeff, sa_flags=0x00000042
SIGILL: [libjvm.dylib+0x41892a], sa_mask[0]=0xfffefeff, sa_flags=0x00000042
SIGUSR1: SIG_DFL, sa_mask[0]=0x00000000, sa_flags=0x00000000
SIGUSR2: [libjvm.dylib+0x41841c], sa_mask[0]=0x00000004, sa_flags=0x00000042
SIGHUP: [libjvm.dylib+0x4166ab], sa_mask[0]=0xfffefeff, sa_flags=0x00000042
SIGINT: SIG_IGN, sa_mask[0]=0x00000000, sa_flags=0x00000000
SIGTERM: [libjvm.dylib+0x4166ab], sa_mask[0]=0xfffefeff, sa_flags=0x00000042
SIGQUIT: [libjvm.dylib+0x4166ab], sa_mask[0]=0xfffefeff, sa_flags=0x00000042


---------------  S Y S T E M  ---------------

OS:Bsduname:Darwin 14.0.0 Darwin Kernel Version 14.0.0: Fri Sep 19 00:26:44 PDT 2014; root:xnu-2782.1.97~2/RELEASE_X86_64 x86_64
rlimit: STACK 8192k, CORE 0k, NPROC 709, NOFILE 10240, AS infinity
load average:1.29 1.22 1.34

CPU:total 8 (4 cores per cpu, 2 threads per core) family 6 model 58 stepping 9, cmov, cx8, fxsr, mmx, sse, sse2, sse3, ssse3, sse4.1, sse4.2, popcnt, avx, aes, erms, ht, tsc, tscinvbit, tscinv

Memory: 4k page, physical 16777216k(4194304k free)

/proc/meminfo:


vm_info: Java HotSpot(TM) 64-Bit Server VM (24.51-b03) for bsd-amd64 JRE (1.7.0_51-b13), built on Dec 18 2013 18:45:56 by "java_re" with gcc 4.2.1 (Based on Apple Inc. build 5658) (LLVM build 2336.11.00)

time: Thu Dec  4 21:11:58 2014
elapsed time: 11 seconds

