#
# A fatal error has been detected by the Java Runtime Environment:
#
#  SIGSEGV (0xb) at pc=0x000000011c16ddde, pid=6758, tid=79619
#
# JRE version: Java(TM) SE Runtime Environment (7.0_51-b13) (build 1.7.0_51-b13)
# Java VM: Java HotSpot(TM) 64-Bit Server VM (24.51-b03 mixed mode bsd-amd64 compressed oops)
# Problematic frame:
# C  [libLeap.dylib+0x2adde]  Leap::InteractionBox::toCString() const+0x29de
#
# Failed to write core dump. Core dumps have been disabled. To enable core dumping, try "ulimit -c unlimited" before starting Java again
#
# If you would like to submit a bug report, please visit:
#   http://bugreport.sun.com/bugreport/crash.jsp
#

---------------  T H R E A D  ---------------

Current thread is native thread

siginfo:si_signo=SIGSEGV: si_errno=0, si_code=0 (SEGV0), si_addr=0x0000000000000000

Registers:
RAX=0x8000000000000000, RBX=0x0000000000000001, RCX=0x0000000000000000, RDX=0x00007fcf48046300
RSP=0x000000011c570dc0, RBP=0x000000011c570eb0, RSI=0x0002990000029900, RDI=0x000000011c570d30
R8 =0x000000011c570ce0, R9 =0x00000000ff000000, R10=0x0000000000000020, R11=0x00007fcf41500000
R12=0x00007fcf42af5cf0, R13=0x00007fcf42af2350, R14=0x00007fcf48043c80, R15=0x00007fcf48044890
RIP=0x000000011c16ddde, EFLAGS=0x0000000000010202, ERR=0x0000000000000000
  TRAPNO=0x000000000000000d

Top of Stack: (sp=0x000000011c570dc0)
0x000000011c570dc0:   00007fcf44a3c2d8 00007fcf44a3c218
0x000000011c570dd0:   00007fcf44a3c258 00007fcf44a3bfe8
0x000000011c570de0:   00007fcf44a3bfb8 00007fcf44a3c298
0x000000011c570df0:   0000000100000000 00007fcf44a3bf90
0x000000011c570e00:   00007fcf44a3be00 0000000000000000
0x000000011c570e10:   0000000000000000 00007fcf42af2350
0x000000011c570e20:   00007fcf42af2350 0000000000000001
0x000000011c570e30:   00007fcf42af5cf0 00007fcf42af5cf0
0x000000011c570e40:   0000000000000001 0000000000000000
0x000000011c570e50:   00007fcf44a3bfb8 00007fcf480477c0
0x000000011c570e60:   00007fcf44a3c298 00007fcf48049801
0x000000011c570e70:   00007fcf44a3bfe8 00007fcf48047b80
0x000000011c570e80:   000000011c570e38 00007fcf480498a0
0x000000011c570e90:   0000000000013703 00000000000008ff
0x000000011c570ea0:   00007fcf48049ac0 00007fcf48049ac0
0x000000011c570eb0:   000000011c570ef0 000000011c1bb7b5
0x000000011c570ec0:   0000000000000000 000000011c571000
0x000000011c570ed0:   0000000000013703 00000000000008ff
0x000000011c570ee0:   00007fcf480498a0 000000011c1bb730
0x000000011c570ef0:   000000011c570f10 00007fff985522fc
0x000000011c570f00:   0000000000013703 000000011c571000
0x000000011c570f10:   000000011c570f50 00007fff98552279
0x000000011c570f20:   0000000000000000 0000000000000000
0x000000011c570f30:   0000000000000000 0000000000000000
0x000000011c570f40:   0000000000000000 0000000000000000
0x000000011c570f50:   000000011c570f78 00007fff985504b1
0x000000011c570f60:   0000000000000000 0000000000000000
0x000000011c570f70:   0000000000000000 0000000000000000
0x000000011c570f80:   0000000000000000 0000000000000000
0x000000011c570f90:   0000000000000000 0000000000000000
0x000000011c570fa0:   0000000000000000 0000000000000000
0x000000011c570fb0:   0000000000000000 0000000000000000 

Instructions: (pc=0x000000011c16ddde)
0x000000011c16ddbe:   8b 40 38 4c 89 f7 4c 89 fe ff d0 eb 0c 48 8b 40
0x000000011c16ddce:   40 4c 89 f7 4c 89 fe ff d0 85 db 74 0f 49 8b 06
0x000000011c16ddde:   48 8b 40 30 4c 89 f7 4c 89 fe ff d0 49 8b 45 08
0x000000011c16ddee:   48 85 c0 74 2d 66 66 66 66 2e 0f 1f 84 00 00 00 

Register to memory mapping:

RAX=0x8000000000000000 is an unknown value
RBX=0x0000000000000001 is an unknown value
RCX=0x0000000000000000 is an unknown value
RDX=0x00007fcf48046300 is an unknown value
RSP=0x000000011c570dc0 is an unknown value
RBP=0x000000011c570eb0 is an unknown value
RSI=0x0002990000029900 is an unknown value
RDI=0x000000011c570d30 is an unknown value
R8 =0x000000011c570ce0 is an unknown value
R9 =0x00000000ff000000 is an unknown value
R10=0x0000000000000020 is an unknown value
R11=0x00007fcf41500000 is an unknown value
R12=0x00007fcf42af5cf0 is an unknown value
R13=0x00007fcf42af2350 is an unknown value
R14=0x00007fcf48043c80 is an unknown value
R15=0x00007fcf48044890 is an unknown value


Stack: [0x000000011c4f1000,0x000000011c571000],  sp=0x000000011c570dc0,  free space=511k
Native frames: (J=compiled Java code, j=interpreted, Vv=VM code, C=native code)
C  [libLeap.dylib+0x2adde]  Leap::InteractionBox::toCString() const+0x29de
C  [libLeap.dylib+0x787b5]  Leap::Tool::toCString() const+0x382d5
C  [libsystem_pthread.dylib+0x32fc]  _pthread_body+0x83
C  [libsystem_pthread.dylib+0x3279]  _pthread_body+0x0
C  [libsystem_pthread.dylib+0x14b1]  thread_start+0xd


---------------  P R O C E S S  ---------------

VM state:not at safepoint (normal execution)

VM Mutex/Monitor currently owned by a thread: None

Heap
 PSYoungGen      total 76800K, used 7799K [0x00000007aaa80000, 0x00000007b0000000, 0x0000000800000000)
  eden space 66048K, 1% used [0x00000007aaa80000,0x00000007aab7b080,0x00000007aeb00000)
  from space 10752K, 63% used [0x00000007af580000,0x00000007afc22e40,0x00000007b0000000)
  to   space 10752K, 0% used [0x00000007aeb00000,0x00000007aeb00000,0x00000007af580000)
 ParOldGen       total 174592K, used 596K [0x0000000700000000, 0x000000070aa80000, 0x00000007aaa80000)
  object space 174592K, 0% used [0x0000000700000000,0x00000007000950f0,0x000000070aa80000)
 PSPermGen       total 21504K, used 17973K [0x00000006fae00000, 0x00000006fc300000, 0x0000000700000000)
  object space 21504K, 83% used [0x00000006fae00000,0x00000006fbf8d438,0x00000006fc300000)

Card table byte_map: [0x00000001059c3000,0x00000001061ed000] byte_map_base: 0x00000001021ec000

Polling page: 0x0000000101763000

Code Cache  [0x0000000102903000, 0x0000000102b73000, 0x0000000105903000)
 total_blobs=928 nmethods=330 adapters=552 free_code_cache=47876Kb largest_free_block=48966592

Compilation events (10 events):
Event: 7.602 Thread 0x00007fcf41823800 nmethod 335 0x0000000102a06b90 code [0x0000000102a06cc0, 0x0000000102a06d18]
Event: 7.602 Thread 0x00007fcf41811800 nmethod 334 0x00000001029e4410 code [0x00000001029e4540, 0x00000001029e4598]
Event: 7.819 Thread 0x00007fcf41811800  336             com.jme3.math.Plane::setConstant (6 bytes)
Event: 7.819 Thread 0x00007fcf41811800 nmethod 336 0x00000001029e4210 code [0x00000001029e4340, 0x00000001029e4398]
Event: 8.118 Thread 0x00007fcf41823800  337             com.jme3.font.LetterQuad::isHead (13 bytes)
Event: 8.119 Thread 0x00007fcf41823800 nmethod 337 0x00000001029e4010 code [0x00000001029e4140, 0x00000001029e41b8]
Event: 8.202 Thread 0x00007fcf41811800  338             com.jme3.material.MatParam::getValue (5 bytes)
Event: 8.202 Thread 0x00007fcf41811800 nmethod 338 0x00000001029e3e10 code [0x00000001029e3f40, 0x00000001029e3fb8]
Event: 8.541 Thread 0x00007fcf41823800  340             java.lang.ref.Reference::<init> (25 bytes)
Event: 8.542 Thread 0x00007fcf41823800 nmethod 340 0x00000001029f2790 code [0x00000001029f28c0, 0x00000001029f2978]

GC Heap History (8 events):
Event: 2.597 GC heap before
{Heap before GC invocations=1 (full 0):
 PSYoungGen      total 76800K, used 66048K [0x00000007aaa80000, 0x00000007b0000000, 0x0000000800000000)
  eden space 66048K, 100% used [0x00000007aaa80000,0x00000007aeb00000,0x00000007aeb00000)
  from space 10752K, 0% used [0x00000007af580000,0x00000007af580000,0x00000007b0000000)
  to   space 10752K, 0% used [0x00000007aeb00000,0x00000007aeb00000,0x00000007af580000)
 ParOldGen       total 174592K, used 0K [0x0000000700000000, 0x000000070aa80000, 0x00000007aaa80000)
  object space 174592K, 0% used [0x0000000700000000,0x0000000700000000,0x000000070aa80000)
 PSPermGen       total 21504K, used 17626K [0x00000006fae00000, 0x00000006fc300000, 0x0000000700000000)
  object space 21504K, 81% used [0x00000006fae00000,0x00000006fbf36810,0x00000006fc300000)
Event: 2.607 GC heap after
Heap after GC invocations=1 (full 0):
 PSYoungGen      total 76800K, used 10721K [0x00000007aaa80000, 0x00000007b0000000, 0x0000000800000000)
  eden space 66048K, 0% used [0x00000007aaa80000,0x00000007aaa80000,0x00000007aeb00000)
  from space 10752K, 99% used [0x00000007aeb00000,0x00000007af578560,0x00000007af580000)
  to   space 10752K, 0% used [0x00000007af580000,0x00000007af580000,0x00000007b0000000)
 ParOldGen       total 174592K, used 572K [0x0000000700000000, 0x000000070aa80000, 0x00000007aaa80000)
  object space 174592K, 0% used [0x0000000700000000,0x000000070008f0f0,0x000000070aa80000)
 PSPermGen       total 21504K, used 17626K [0x00000006fae00000, 0x00000006fc300000, 0x0000000700000000)
  object space 21504K, 81% used [0x00000006fae00000,0x00000006fbf36810,0x00000006fc300000)
}
Event: 5.673 GC heap before
{Heap before GC invocations=2 (full 0):
 PSYoungGen      total 76800K, used 76769K [0x00000007aaa80000, 0x00000007b0000000, 0x0000000800000000)
  eden space 66048K, 100% used [0x00000007aaa80000,0x00000007aeb00000,0x00000007aeb00000)
  from space 10752K, 99% used [0x00000007aeb00000,0x00000007af578560,0x00000007af580000)
  to   space 10752K, 0% used [0x00000007af580000,0x00000007af580000,0x00000007b0000000)
 ParOldGen       total 174592K, used 572K [0x0000000700000000, 0x000000070aa80000, 0x00000007aaa80000)
  object space 174592K, 0% used [0x0000000700000000,0x000000070008f0f0,0x000000070aa80000)
 PSPermGen       total 21504K, used 17941K [0x00000006fae00000, 0x00000006fc300000, 0x0000000700000000)
  object space 21504K, 83% used [0x00000006fae00000,0x00000006fbf857f8,0x00000006fc300000)
Event: 5.680 GC heap after
Heap after GC invocations=2 (full 0):
 PSYoungGen      total 76800K, used 9213K [0x00000007aaa80000, 0x00000007b0000000, 0x0000000800000000)
  eden space 66048K, 0% used [0x00000007aaa80000,0x00000007aaa80000,0x00000007aeb00000)
  from space 10752K, 85% used [0x00000007af580000,0x00000007afe7f588,0x00000007b0000000)
  to   space 10752K, 0% used [0x00000007aeb00000,0x00000007aeb00000,0x00000007af580000)
 ParOldGen       total 174592K, used 580K [0x0000000700000000, 0x000000070aa80000, 0x00000007aaa80000)
  object space 174592K, 0% used [0x0000000700000000,0x00000007000910f0,0x000000070aa80000)
 PSPermGen       total 21504K, used 17941K [0x00000006fae00000, 0x00000006fc300000, 0x0000000700000000)
  object space 21504K, 83% used [0x00000006fae00000,0x00000006fbf857f8,0x00000006fc300000)
}
Event: 8.698 GC heap before
{Heap before GC invocations=3 (full 0):
 PSYoungGen      total 76800K, used 75261K [0x00000007aaa80000, 0x00000007b0000000, 0x0000000800000000)
  eden space 66048K, 100% used [0x00000007aaa80000,0x00000007aeb00000,0x00000007aeb00000)
  from space 10752K, 85% used [0x00000007af580000,0x00000007afe7f588,0x00000007b0000000)
  to   space 10752K, 0% used [0x00000007aeb00000,0x00000007aeb00000,0x00000007af580000)
 ParOldGen       total 174592K, used 580K [0x0000000700000000, 0x000000070aa80000, 0x00000007aaa80000)
  object space 174592K, 0% used [0x0000000700000000,0x00000007000910f0,0x000000070aa80000)
 PSPermGen       total 21504K, used 17963K [0x00000006fae00000, 0x00000006fc300000, 0x0000000700000000)
  object space 21504K, 83% used [0x00000006fae00000,0x00000006fbf8af40,0x00000006fc300000)
Event: 8.703 GC heap after
Heap after GC invocations=3 (full 0):
 PSYoungGen      total 76800K, used 5960K [0x00000007aaa80000, 0x00000007b0000000, 0x0000000800000000)
  eden space 66048K, 0% used [0x00000007aaa80000,0x00000007aaa80000,0x00000007aeb00000)
  from space 10752K, 55% used [0x00000007aeb00000,0x00000007af0d2110,0x00000007af580000)
  to   space 10752K, 0% used [0x00000007af580000,0x00000007af580000,0x00000007b0000000)
 ParOldGen       total 174592K, used 588K [0x0000000700000000, 0x000000070aa80000, 0x00000007aaa80000)
  object space 174592K, 0% used [0x0000000700000000,0x00000007000930f0,0x000000070aa80000)
 PSPermGen       total 21504K, used 17963K [0x00000006fae00000, 0x00000006fc300000, 0x0000000700000000)
  object space 21504K, 83% used [0x00000006fae00000,0x00000006fbf8af40,0x00000006fc300000)
}
Event: 12.573 GC heap before
{Heap before GC invocations=4 (full 0):
 PSYoungGen      total 76800K, used 72008K [0x00000007aaa80000, 0x00000007b0000000, 0x0000000800000000)
  eden space 66048K, 100% used [0x00000007aaa80000,0x00000007aeb00000,0x00000007aeb00000)
  from space 10752K, 55% used [0x00000007aeb00000,0x00000007af0d2110,0x00000007af580000)
  to   space 10752K, 0% used [0x00000007af580000,0x00000007af580000,0x00000007b0000000)
 ParOldGen       total 174592K, used 588K [0x0000000700000000, 0x000000070aa80000, 0x00000007aaa80000)
  object space 174592K, 0% used [0x0000000700000000,0x00000007000930f0,0x000000070aa80000)
 PSPermGen       total 21504K, used 17973K [0x00000006fae00000, 0x00000006fc300000, 0x0000000700000000)
  object space 21504K, 83% used [0x00000006fae00000,0x00000006fbf8d438,0x00000006fc300000)
Event: 12.578 GC heap after
Heap after GC invocations=4 (full 0):
 PSYoungGen      total 76800K, used 6795K [0x00000007aaa80000, 0x00000007b0000000, 0x0000000800000000)
  eden space 66048K, 0% used [0x00000007aaa80000,0x00000007aaa80000,0x00000007aeb00000)
  from space 10752K, 63% used [0x00000007af580000,0x00000007afc22e40,0x00000007b0000000)
  to   space 10752K, 0% used [0x00000007aeb00000,0x00000007aeb00000,0x00000007af580000)
 ParOldGen       total 174592K, used 596K [0x0000000700000000, 0x000000070aa80000, 0x00000007aaa80000)
  object space 174592K, 0% used [0x0000000700000000,0x00000007000950f0,0x000000070aa80000)
 PSPermGen       total 21504K, used 17973K [0x00000006fae00000, 0x00000006fc300000, 0x0000000700000000)
  object space 21504K, 83% used [0x00000006fae00000,0x00000006fbf8d438,0x00000006fc300000)
}

Deoptimization events (10 events):
Event: 2.885 Thread 0x00007fcf448cf000 Uncommon trap: reason=array_check action=maybe_recompile pc=0x00000001029f280c method=com.jme3.util.SortUtil.merge([Ljava/lang/Object;[Ljava/lang/Object;IIILjava/util/Comparator;)V @ 72
Event: 2.885 Thread 0x00007fcf448cf000 Uncommon trap: reason=array_check action=maybe_recompile pc=0x00000001029f280c method=com.jme3.util.SortUtil.merge([Ljava/lang/Object;[Ljava/lang/Object;IIILjava/util/Comparator;)V @ 72
Event: 2.968 Thread 0x00007fcf448cf000 Uncommon trap: reason=predicate action=maybe_recompile pc=0x00000001029fb5a8 method=com.jme3.util.SortUtil.merge([Ljava/lang/Object;[Ljava/lang/Object;IIILjava/util/Comparator;)V @ 104
Event: 3.102 Thread 0x00007fcf448cf000 Uncommon trap: reason=array_check action=maybe_recompile pc=0x0000000102a079a8 method=com.jme3.util.SortUtil.merge([Ljava/lang/Object;[Ljava/lang/Object;IIILjava/util/Comparator;)V @ 116
Event: 3.102 Thread 0x00007fcf448cf000 Uncommon trap: reason=array_check action=maybe_recompile pc=0x0000000102a079a8 method=com.jme3.util.SortUtil.merge([Ljava/lang/Object;[Ljava/lang/Object;IIILjava/util/Comparator;)V @ 116
Event: 3.168 Thread 0x00007fcf448cf000 Uncommon trap: reason=array_check action=maybe_recompile pc=0x0000000102a0db00 method=com.jme3.util.SortUtil.merge([Ljava/lang/Object;[Ljava/lang/Object;IIILjava/util/Comparator;)V @ 137
Event: 3.168 Thread 0x00007fcf448cf000 Uncommon trap: reason=array_check action=maybe_recompile pc=0x0000000102a0db00 method=com.jme3.util.SortUtil.merge([Ljava/lang/Object;[Ljava/lang/Object;IIILjava/util/Comparator;)V @ 137
Event: 3.252 Thread 0x00007fcf448cf000 Uncommon trap: reason=array_check action=maybe_recompile pc=0x0000000102a162ec method=com.jme3.util.SortUtil.merge([Ljava/lang/Object;[Ljava/lang/Object;IIILjava/util/Comparator;)V @ 94
Event: 3.252 Thread 0x00007fcf448cf000 Uncommon trap: reason=array_check action=maybe_recompile pc=0x0000000102a162ec method=com.jme3.util.SortUtil.merge([Ljava/lang/Object;[Ljava/lang/Object;IIILjava/util/Comparator;)V @ 94
Event: 4.169 Thread 0x00007fcf448cf000 Uncommon trap: reason=unreached action=reinterpret pc=0x0000000102a11668 method=com.jme3.renderer.Camera.contains(Lcom/jme3/bounding/BoundingVolume;)Lcom/jme3/renderer/Camera$FrustumIntersect; @ 83

Internal exceptions (10 events):
Event: 2.649 Thread 0x00007fcf448cf000 Threw 0x00000007aae9d7b0 at /HUDSON/workspace/7u-2-build-macosx-x86_64/jdk7u51/527/hotspot/src/share/vm/prims/jvm.cpp:1244
Event: 2.650 Thread 0x00007fcf448cf000 Threw 0x00000007aaea25e0 at /HUDSON/workspace/7u-2-build-macosx-x86_64/jdk7u51/527/hotspot/src/share/vm/prims/jvm.cpp:1244
Event: 2.651 Thread 0x00007fcf448cf000 Threw 0x00000007aaea5d58 at /HUDSON/workspace/7u-2-build-macosx-x86_64/jdk7u51/527/hotspot/src/share/vm/prims/jvm.cpp:1244
Event: 2.658 Thread 0x00007fcf448cf000 Threw 0x00000007aaeade68 at /HUDSON/workspace/7u-2-build-macosx-x86_64/jdk7u51/527/hotspot/src/share/vm/prims/jvm.cpp:1244
Event: 2.658 Thread 0x00007fcf448cf000 Threw 0x00000007aaeb2600 at /HUDSON/workspace/7u-2-build-macosx-x86_64/jdk7u51/527/hotspot/src/share/vm/prims/jvm.cpp:1244
Event: 3.018 Thread 0x00007fcf448cf000 Threw 0x00000007aaebc8f8 at /HUDSON/workspace/7u-2-build-macosx-x86_64/jdk7u51/527/hotspot/src/share/vm/prims/jvm.cpp:1244
Event: 3.019 Thread 0x00007fcf448cf000 Threw 0x00000007aaec04f8 at /HUDSON/workspace/7u-2-build-macosx-x86_64/jdk7u51/527/hotspot/src/share/vm/prims/jvm.cpp:1244
Event: 3.019 Thread 0x00007fcf448cf000 Threw 0x00000007aaec37e8 at /HUDSON/workspace/7u-2-build-macosx-x86_64/jdk7u51/527/hotspot/src/share/vm/prims/jvm.cpp:1244
Event: 8.763 Thread 0x00007fcf448cf000 Threw 0x00000007aaac6998 at /HUDSON/workspace/7u-2-build-macosx-x86_64/jdk7u51/527/hotspot/src/share/vm/prims/jvm.cpp:1244
Event: 9.121 Thread 0x00007fcf41acc000 Threw 0x00000007ab6684f0 at /HUDSON/workspace/7u-2-build-macosx-x86_64/jdk7u51/527/hotspot/src/share/vm/prims/jvm.cpp:2965

Events (10 events):
Event: 12.537 Thread 0x00007fcf43a79800 Thread added: 0x00007fcf43a79800
Event: 12.537 Thread 0x00007fcf43a79800 Thread exited: 0x00007fcf43a79800
Event: 12.549 Thread 0x00007fcf44188000 Thread added: 0x00007fcf44188000
Event: 12.549 Thread 0x00007fcf44188000 Thread exited: 0x00007fcf44188000
Event: 12.561 Thread 0x00007fcf41acc000 Thread added: 0x00007fcf41acc000
Event: 12.561 Thread 0x00007fcf41acc000 Thread exited: 0x00007fcf41acc000
Event: 12.573 Thread 0x00007fcf448cf000 Thread added: 0x00007fcf448cf000
Event: 12.573 Executing VM operation: ParallelGCFailedAllocation
Event: 12.578 Executing VM operation: ParallelGCFailedAllocation done
Event: 12.578 Thread 0x00007fcf448cf000 Thread exited: 0x00007fcf448cf000


Dynamic libraries:
0x000000000a54a000 	/System/Library/Frameworks/Cocoa.framework/Versions/A/Cocoa
0x000000000a54a000 	/System/Library/Frameworks/Security.framework/Versions/A/Security
0x000000000a54a000 	/System/Library/Frameworks/ApplicationServices.framework/Versions/A/ApplicationServices
0x000000000a54a000 	/usr/lib/libz.1.dylib
0x000000000a54a000 	/usr/lib/libSystem.B.dylib
0x000000000a54a000 	/usr/lib/libobjc.A.dylib
0x000000000a54a000 	/System/Library/Frameworks/CoreFoundation.framework/Versions/A/CoreFoundation
0x000000000a54a000 	/System/Library/Frameworks/Foundation.framework/Versions/C/Foundation
0x000000000a54a000 	/System/Library/Frameworks/AppKit.framework/Versions/C/AppKit
0x000000000a54a000 	/System/Library/Frameworks/CoreData.framework/Versions/A/CoreData
0x000000000a54a000 	/System/Library/PrivateFrameworks/RemoteViewServices.framework/Versions/A/RemoteViewServices
0x000000000a54a000 	/System/Library/PrivateFrameworks/UIFoundation.framework/Versions/A/UIFoundation
0x000000000a54a000 	/System/Library/Frameworks/IOSurface.framework/Versions/A/IOSurface
0x000000000a54a000 	/System/Library/Frameworks/AudioToolbox.framework/Versions/A/AudioToolbox
0x000000000a54a000 	/System/Library/Frameworks/AudioUnit.framework/Versions/A/AudioUnit
0x000000000a54a000 	/System/Library/PrivateFrameworks/DataDetectorsCore.framework/Versions/A/DataDetectorsCore
0x000000000a54a000 	/System/Library/PrivateFrameworks/DesktopServicesPriv.framework/Versions/A/DesktopServicesPriv
0x000000000a54a000 	/System/Library/Frameworks/Carbon.framework/Versions/A/Frameworks/HIToolbox.framework/Versions/A/HIToolbox
0x000000000a54a000 	/System/Library/Frameworks/QuartzCore.framework/Versions/A/QuartzCore
0x000000000a54a000 	/System/Library/Frameworks/Carbon.framework/Versions/A/Frameworks/SpeechRecognition.framework/Versions/A/SpeechRecognition
0x000000000a54a000 	/usr/lib/libauto.dylib
0x000000000a54a000 	/usr/lib/libicucore.A.dylib
0x000000000a54a000 	/usr/lib/libxml2.2.dylib
0x000000000a54a000 	/System/Library/PrivateFrameworks/CoreUI.framework/Versions/A/CoreUI
0x000000000a54a000 	/System/Library/Frameworks/CoreAudio.framework/Versions/A/CoreAudio
0x000000000a54a000 	/System/Library/Frameworks/DiskArbitration.framework/Versions/A/DiskArbitration
0x000000000a54a000 	/usr/lib/liblangid.dylib
0x000000000a54a000 	/System/Library/PrivateFrameworks/MultitouchSupport.framework/Versions/A/MultitouchSupport
0x000000000a54a000 	/System/Library/Frameworks/IOKit.framework/Versions/A/IOKit
0x000000000a54a000 	/usr/lib/libDiagnosticMessagesClient.dylib
0x000000000a54a000 	/System/Library/Frameworks/CoreServices.framework/Versions/A/CoreServices
0x000000000a54a000 	/System/Library/PrivateFrameworks/PerformanceAnalysis.framework/Versions/A/PerformanceAnalysis
0x000000000a54a000 	/System/Library/PrivateFrameworks/GenerationalStorage.framework/Versions/A/GenerationalStorage
0x000000000a54a000 	/System/Library/Frameworks/OpenGL.framework/Versions/A/OpenGL
0x000000000a54a000 	/System/Library/PrivateFrameworks/Sharing.framework/Versions/A/Sharing
0x000000000a54a000 	/System/Library/Frameworks/CoreGraphics.framework/Versions/A/CoreGraphics
0x000000000a54a000 	/System/Library/Frameworks/CoreText.framework/Versions/A/CoreText
0x000000000a54a000 	/System/Library/Frameworks/ImageIO.framework/Versions/A/ImageIO
0x000000000a54a000 	/usr/lib/libextension.dylib
0x000000000a54a000 	/System/Library/PrivateFrameworks/Backup.framework/Versions/A/Backup
0x000000000a54a000 	/usr/lib/libarchive.2.dylib
0x000000000a54a000 	/System/Library/Frameworks/CFNetwork.framework/Versions/A/CFNetwork
0x000000000a54a000 	/System/Library/Frameworks/SystemConfiguration.framework/Versions/A/SystemConfiguration
0x000000000a54a000 	/usr/lib/libCRFSuite.dylib
0x000000000a54a000 	/usr/lib/libc++.1.dylib
0x000000000a54a000 	/usr/lib/libc++abi.dylib
0x000000000a54a000 	/usr/lib/system/libcache.dylib
0x000000000a54a000 	/usr/lib/system/libcommonCrypto.dylib
0x000000000a54a000 	/usr/lib/system/libcompiler_rt.dylib
0x000000000a54a000 	/usr/lib/system/libcopyfile.dylib
0x000000000a54a000 	/usr/lib/system/libcorecrypto.dylib
0x000000000a54a000 	/usr/lib/system/libdispatch.dylib
0x000000000a54a000 	/usr/lib/system/libdyld.dylib
0x000000000a54a000 	/usr/lib/system/libkeymgr.dylib
0x000000000a54a000 	/usr/lib/system/liblaunch.dylib
0x000000000a54a000 	/usr/lib/system/libmacho.dylib
0x000000000a54a000 	/usr/lib/system/libquarantine.dylib
0x000000000a54a000 	/usr/lib/system/libremovefile.dylib
0x000000000a54a000 	/usr/lib/system/libsystem_asl.dylib
0x000000000a54a000 	/usr/lib/system/libsystem_blocks.dylib
0x000000000a54a000 	/usr/lib/system/libsystem_c.dylib
0x000000000a54a000 	/usr/lib/system/libsystem_configuration.dylib
0x000000000a54a000 	/usr/lib/system/libsystem_coreservices.dylib
0x000000000a54a000 	/usr/lib/system/libsystem_coretls.dylib
0x000000000a54a000 	/usr/lib/system/libsystem_dnssd.dylib
0x000000000a54a000 	/usr/lib/system/libsystem_info.dylib
0x000000000a54a000 	/usr/lib/system/libsystem_kernel.dylib
0x000000000a54a000 	/usr/lib/system/libsystem_m.dylib
0x000000000a54a000 	/usr/lib/system/libsystem_malloc.dylib
0x000000000a54a000 	/usr/lib/system/libsystem_network.dylib
0x000000000a54a000 	/usr/lib/system/libsystem_networkextension.dylib
0x000000000a54a000 	/usr/lib/system/libsystem_notify.dylib
0x000000000a54a000 	/usr/lib/system/libsystem_platform.dylib
0x000000000a54a000 	/usr/lib/system/libsystem_pthread.dylib
0x000000000a54a000 	/usr/lib/system/libsystem_sandbox.dylib
0x000000000a54a000 	/usr/lib/system/libsystem_secinit.dylib
0x000000000a54a000 	/usr/lib/system/libsystem_stats.dylib
0x000000000a54a000 	/usr/lib/system/libsystem_trace.dylib
0x000000000a54a000 	/usr/lib/system/libunc.dylib
0x000000000a54a000 	/usr/lib/system/libunwind.dylib
0x000000000a54a000 	/usr/lib/system/libxpc.dylib
0x000000000a54a000 	/usr/lib/libbz2.1.0.dylib
0x000000000a54a000 	/usr/lib/liblzma.5.dylib
0x000000000a54a000 	/usr/lib/libbsm.0.dylib
0x000000000a54a000 	/usr/lib/libsqlite3.dylib
0x000000000a54a000 	/usr/lib/system/libkxld.dylib
0x000000000a54a000 	/usr/lib/libxar.1.dylib
0x000000000a54a000 	/usr/lib/libpam.2.dylib
0x000000000a54a000 	/usr/lib/libOpenScriptingUtil.dylib
0x000000000a54a000 	/System/Library/Frameworks/CoreServices.framework/Versions/A/Frameworks/FSEvents.framework/Versions/A/FSEvents
0x000000000a54a000 	/System/Library/Frameworks/CoreServices.framework/Versions/A/Frameworks/CarbonCore.framework/Versions/A/CarbonCore
0x000000000a54a000 	/System/Library/Frameworks/CoreServices.framework/Versions/A/Frameworks/Metadata.framework/Versions/A/Metadata
0x000000000a54a000 	/System/Library/Frameworks/CoreServices.framework/Versions/A/Frameworks/OSServices.framework/Versions/A/OSServices
0x000000000a54a000 	/System/Library/Frameworks/CoreServices.framework/Versions/A/Frameworks/SearchKit.framework/Versions/A/SearchKit
0x000000000a54a000 	/System/Library/Frameworks/CoreServices.framework/Versions/A/Frameworks/AE.framework/Versions/A/AE
0x000000000a54a000 	/System/Library/Frameworks/CoreServices.framework/Versions/A/Frameworks/LaunchServices.framework/Versions/A/LaunchServices
0x000000000a54a000 	/System/Library/Frameworks/CoreServices.framework/Versions/A/Frameworks/DictionaryServices.framework/Versions/A/DictionaryServices
0x000000000a54a000 	/System/Library/Frameworks/NetFS.framework/Versions/A/NetFS
0x000000000a54a000 	/System/Library/PrivateFrameworks/NetAuth.framework/Versions/A/NetAuth
0x000000000a54a000 	/System/Library/PrivateFrameworks/login.framework/Versions/A/Frameworks/loginsupport.framework/Versions/A/loginsupport
0x000000000a54a000 	/System/Library/PrivateFrameworks/TCC.framework/Versions/A/TCC
0x000000000a54a000 	/usr/lib/libmecabra.dylib
0x000000000a54a000 	/System/Library/PrivateFrameworks/LanguageModeling.framework/Versions/A/LanguageModeling
0x000000000a54a000 	/usr/lib/libcmph.dylib
0x000000000a54a000 	/usr/lib/libiconv.2.dylib
0x000000000a54a000 	/System/Library/Frameworks/OpenDirectory.framework/Versions/A/Frameworks/CFOpenDirectory.framework/Versions/A/CFOpenDirectory
0x000000000a54a000 	/System/Library/Frameworks/ServiceManagement.framework/Versions/A/ServiceManagement
0x000000000a54a000 	/usr/lib/libxslt.1.dylib
0x000000000a54a000 	/System/Library/Frameworks/Carbon.framework/Versions/A/Frameworks/Ink.framework/Versions/A/Ink
0x000000000a54a000 	/System/Library/Frameworks/ApplicationServices.framework/Versions/A/Frameworks/ATS.framework/Versions/A/ATS
0x000000000a54a000 	/System/Library/Frameworks/ApplicationServices.framework/Versions/A/Frameworks/ColorSync.framework/Versions/A/ColorSync
0x000000000a54a000 	/System/Library/Frameworks/ApplicationServices.framework/Versions/A/Frameworks/HIServices.framework/Versions/A/HIServices
0x000000000a54a000 	/System/Library/Frameworks/ApplicationServices.framework/Versions/A/Frameworks/LangAnalysis.framework/Versions/A/LangAnalysis
0x000000000a54a000 	/System/Library/Frameworks/ApplicationServices.framework/Versions/A/Frameworks/PrintCore.framework/Versions/A/PrintCore
0x000000000a54a000 	/System/Library/Frameworks/ApplicationServices.framework/Versions/A/Frameworks/QD.framework/Versions/A/QD
0x000000000a54a000 	/System/Library/Frameworks/ApplicationServices.framework/Versions/A/Frameworks/SpeechSynthesis.framework/Versions/A/SpeechSynthesis
0x000000000a54a000 	/System/Library/Frameworks/Accelerate.framework/Versions/A/Accelerate
0x000000000a54a000 	/System/Library/Frameworks/Accelerate.framework/Versions/A/Frameworks/vImage.framework/Versions/A/vImage
0x000000000a54a000 	/System/Library/Frameworks/Accelerate.framework/Versions/A/Frameworks/vecLib.framework/Versions/A/vecLib
0x000000000a54a000 	/System/Library/Frameworks/Accelerate.framework/Versions/A/Frameworks/vecLib.framework/Versions/A/libvDSP.dylib
0x000000000a54a000 	/System/Library/Frameworks/Accelerate.framework/Versions/A/Frameworks/vecLib.framework/Versions/A/libvMisc.dylib
0x000000000a54a000 	/System/Library/Frameworks/Accelerate.framework/Versions/A/Frameworks/vecLib.framework/Versions/A/libLAPACK.dylib
0x000000000a54a000 	/System/Library/Frameworks/Accelerate.framework/Versions/A/Frameworks/vecLib.framework/Versions/A/libBLAS.dylib
0x000000000a54a000 	/System/Library/Frameworks/Accelerate.framework/Versions/A/Frameworks/vecLib.framework/Versions/A/libLinearAlgebra.dylib
0x000000000a54a000 	/System/Library/Frameworks/ApplicationServices.framework/Versions/A/Frameworks/ATS.framework/Versions/A/Resources/libFontParser.dylib
0x000000000a54a000 	/System/Library/Frameworks/ApplicationServices.framework/Versions/A/Frameworks/ATS.framework/Versions/A/Resources/libFontRegistry.dylib
0x000000000a54a000 	/System/Library/PrivateFrameworks/AppleVPA.framework/Versions/A/AppleVPA
0x000000000a54a000 	/System/Library/PrivateFrameworks/AppleJPEG.framework/Versions/A/AppleJPEG
0x000000000a54a000 	/System/Library/Frameworks/ImageIO.framework/Versions/A/Resources/libJPEG.dylib
0x000000000a54a000 	/System/Library/Frameworks/ImageIO.framework/Versions/A/Resources/libTIFF.dylib
0x000000000a54a000 	/System/Library/Frameworks/ImageIO.framework/Versions/A/Resources/libPng.dylib
0x000000000a54a000 	/System/Library/Frameworks/ImageIO.framework/Versions/A/Resources/libGIF.dylib
0x000000000a54a000 	/System/Library/Frameworks/ImageIO.framework/Versions/A/Resources/libJP2.dylib
0x000000000a54a000 	/System/Library/Frameworks/ImageIO.framework/Versions/A/Resources/libRadiance.dylib
0x000000000a54a000 	/System/Library/Frameworks/CoreVideo.framework/Versions/A/CoreVideo
0x000000000a54a000 	/System/Library/Frameworks/OpenGL.framework/Versions/A/Libraries/libGLU.dylib
0x000000000a54a000 	/System/Library/Frameworks/OpenGL.framework/Versions/A/Libraries/libGFXShared.dylib
0x000000000a54a000 	/System/Library/Frameworks/OpenGL.framework/Versions/A/Libraries/libGL.dylib
0x000000000a54a000 	/System/Library/Frameworks/OpenGL.framework/Versions/A/Libraries/libGLImage.dylib
0x000000000a54a000 	/System/Library/Frameworks/OpenGL.framework/Versions/A/Libraries/libCVMSPluginSupport.dylib
0x000000000a54a000 	/System/Library/Frameworks/OpenGL.framework/Versions/A/Libraries/libCoreVMClient.dylib
0x000000000a54a000 	/usr/lib/libcups.2.dylib
0x000000000a54a000 	/System/Library/Frameworks/Kerberos.framework/Versions/A/Kerberos
0x000000000a54a000 	/System/Library/Frameworks/GSS.framework/Versions/A/GSS
0x000000000a54a000 	/usr/lib/libresolv.9.dylib
0x000000000a54a000 	/System/Library/PrivateFrameworks/Heimdal.framework/Versions/A/Heimdal
0x000000000a54a000 	/usr/lib/libheimdal-asn1.dylib
0x000000000a54a000 	/System/Library/Frameworks/OpenDirectory.framework/Versions/A/OpenDirectory
0x000000000a54a000 	/System/Library/PrivateFrameworks/CommonAuth.framework/Versions/A/CommonAuth
0x000000000a54a000 	/System/Library/Frameworks/SecurityFoundation.framework/Versions/A/SecurityFoundation
0x000000000a54a000 	/System/Library/Frameworks/QuartzCore.framework/Versions/A/Frameworks/CoreImage.framework/Versions/A/CoreImage
0x000000000a54a000 	/System/Library/PrivateFrameworks/CrashReporterSupport.framework/Versions/A/CrashReporterSupport
0x000000000a54a000 	/System/Library/Frameworks/OpenCL.framework/Versions/A/OpenCL
0x000000000a54a000 	/System/Library/PrivateFrameworks/FaceCore.framework/Versions/A/FaceCore
0x000000000a54a000 	/System/Library/PrivateFrameworks/Ubiquity.framework/Versions/A/Ubiquity
0x000000000a54a000 	/System/Library/PrivateFrameworks/IconServices.framework/Versions/A/IconServices
0x000000000a54a000 	/System/Library/PrivateFrameworks/ChunkingLibrary.framework/Versions/A/ChunkingLibrary
0x000000000a54a000 	/System/Library/PrivateFrameworks/Apple80211.framework/Versions/A/Apple80211
0x000000000a54a000 	/System/Library/Frameworks/CoreWLAN.framework/Versions/A/CoreWLAN
0x000000000a54a000 	/System/Library/Frameworks/IOBluetooth.framework/Versions/A/IOBluetooth
0x000000000a54a000 	/System/Library/PrivateFrameworks/CoreWiFi.framework/Versions/A/CoreWiFi
0x000000000a54a000 	/System/Library/Frameworks/CoreBluetooth.framework/Versions/A/CoreBluetooth
0x000000000a54a000 	/System/Library/PrivateFrameworks/DebugSymbols.framework/Versions/A/DebugSymbols
0x000000000a54a000 	/System/Library/PrivateFrameworks/CoreSymbolication.framework/Versions/A/CoreSymbolication
0x000000000a54a000 	/System/Library/PrivateFrameworks/Symbolication.framework/Versions/A/Symbolication
0x000000000a54a000 	/System/Library/PrivateFrameworks/SpeechRecognitionCore.framework/Versions/A/SpeechRecognitionCore
0x0000000100cbc000 	/Applications/jMonkeyPlatform.app/Contents/Resources/jmonkeyplatform/jdk/jre/lib/server/libjvm.dylib
0x000000000a54a000 	/usr/lib/libstdc++.6.dylib
0x0000000101726000 	/Applications/jMonkeyPlatform.app/Contents/Resources/jmonkeyplatform/jdk/jre/lib/libverify.dylib
0x0000000101733000 	/Applications/jMonkeyPlatform.app/Contents/Resources/jmonkeyplatform/jdk/jre/lib/libjava.dylib
0x000000010176d000 	/Applications/jMonkeyPlatform.app/Contents/Resources/jmonkeyplatform/jdk/jre/lib/libzip.dylib
0x0000000111c53000 	/System/Library/Frameworks/JavaVM.framework/Frameworks/JavaRuntimeSupport.framework/JavaRuntimeSupport
0x0000000111c6b000 	/System/Library/Frameworks/JavaVM.framework/Versions/A/Frameworks/JavaNativeFoundation.framework/Versions/A/JavaNativeFoundation
0x00000001017f2000 	/System/Library/Frameworks/JavaVM.framework/Versions/A/JavaVM
0x000000000a54a000 	/System/Library/Frameworks/Carbon.framework/Versions/A/Carbon
0x0000000111c80000 	/System/Library/PrivateFrameworks/JavaLaunching.framework/Versions/A/JavaLaunching
0x000000000a54a000 	/System/Library/Frameworks/Carbon.framework/Versions/A/Frameworks/CommonPanels.framework/Versions/A/CommonPanels
0x000000000a54a000 	/System/Library/Frameworks/Carbon.framework/Versions/A/Frameworks/Help.framework/Versions/A/Help
0x000000000a54a000 	/System/Library/Frameworks/Carbon.framework/Versions/A/Frameworks/ImageCapture.framework/Versions/A/ImageCapture
0x000000000a54a000 	/System/Library/Frameworks/Carbon.framework/Versions/A/Frameworks/OpenScripting.framework/Versions/A/OpenScripting
0x000000000a54a000 	/System/Library/Frameworks/Carbon.framework/Versions/A/Frameworks/Print.framework/Versions/A/Print
0x000000000a54a000 	/System/Library/Frameworks/Carbon.framework/Versions/A/Frameworks/SecurityHI.framework/Versions/A/SecurityHI
0x0000000113bdd000 	/Applications/jMonkeyPlatform.app/Contents/Resources/jmonkeyplatform/jdk/jre/lib/libawt.dylib
0x0000000113c8c000 	/Applications/jMonkeyPlatform.app/Contents/Resources/jmonkeyplatform/jdk/jre/lib/./libmlib_image.dylib
0x0000000113d58000 	/Applications/jMonkeyPlatform.app/Contents/Resources/jmonkeyplatform/jdk/jre/lib/lwawt/liblwawt.dylib
0x0000000113e0c000 	/Applications/jMonkeyPlatform.app/Contents/Resources/jmonkeyplatform/jdk/jre/lib/libosxapp.dylib
0x000000000a54a000 	/System/Library/Frameworks/ExceptionHandling.framework/Versions/A/ExceptionHandling
0x000000000a54a000 	/System/Library/PrivateFrameworks/CoreServicesInternal.framework/Versions/A/CoreServicesInternal
0x000000000a54a000 	/System/Library/PrivateFrameworks/CloudDocs.framework/Versions/A/CloudDocs
0x000000000a54a000 	/System/Library/PrivateFrameworks/CoreDuet.framework/Versions/A/CoreDuet
0x000000000a54a000 	/System/Library/Frameworks/CloudKit.framework/Versions/A/CloudKit
0x000000000a54a000 	/System/Library/PrivateFrameworks/ProtocolBuffer.framework/Versions/A/ProtocolBuffer
0x000000000a54a000 	/System/Library/PrivateFrameworks/CoreDuetDaemonProtocol.framework/Versions/A/CoreDuetDaemonProtocol
0x000000000a54a000 	/System/Library/PrivateFrameworks/CoreDuetDebugLogging.framework/Versions/A/CoreDuetDebugLogging
0x000000000a54a000 	/System/Library/Frameworks/CoreLocation.framework/Versions/A/CoreLocation
0x000000000a54a000 	/System/Library/Frameworks/Accounts.framework/Versions/A/Accounts
0x000000000a54a000 	/System/Library/PrivateFrameworks/ApplePushService.framework/Versions/A/ApplePushService
0x000000000a54a000 	/System/Library/PrivateFrameworks/GeoServices.framework/Versions/A/GeoServices
0x000000000a54a000 	/System/Library/PrivateFrameworks/OAuth.framework/Versions/A/OAuth
0x000000000a54a000 	/System/Library/PrivateFrameworks/CoreDaemon.framework/Versions/B/CoreDaemon
0x000000000a54a000 	/usr/lib/libcrypto.0.9.8.dylib
0x000000000a54a000 	/System/Library/PrivateFrameworks/AppleSRP.framework/Versions/A/AppleSRP
0x000000000a54a000 	/System/Library/PrivateFrameworks/TrustEvaluationAgent.framework/Versions/A/TrustEvaluationAgent
0x000000000a54a000 	/System/Library/Frameworks/CoreGraphics.framework/Versions/A/Resources/libCGCMS.A.dylib
0x000000000a54a000 	/System/Library/Frameworks/CoreGraphics.framework/Versions/A/Resources/libRIP.A.dylib
0x000000000a54a000 	/System/Library/Frameworks/CoreGraphics.framework/Versions/A/Resources/libCGXType.A.dylib
0x000000000a54a000 	/System/Library/Frameworks/OpenCL.framework/Versions/A/Libraries/libcldcpuengine.dylib
0x000000000a54a000 	/System/Library/PrivateFrameworks/DiskImages.framework/Versions/A/DiskImages
0x000000000a54a000 	/System/Library/Frameworks/DiscRecording.framework/Versions/A/DiscRecording
0x000000000a54a000 	/usr/lib/libcsfde.dylib
0x000000000a54a000 	/usr/lib/libcurl.4.dylib
0x000000000a54a000 	/System/Library/PrivateFrameworks/MediaKit.framework/Versions/A/MediaKit
0x000000000a54a000 	/System/Library/PrivateFrameworks/ProtectedCloudStorage.framework/Versions/A/ProtectedCloudStorage
0x000000000a54a000 	/usr/lib/libCoreStorage.dylib
0x000000000a54a000 	/System/Library/PrivateFrameworks/EFILogin.framework/Versions/A/EFILogin
0x000000000a54a000 	/usr/lib/libutil.dylib
0x000000000a54a000 	/System/Library/PrivateFrameworks/FindMyDevice.framework/Versions/A/FindMyDevice
0x000000000a54a000 	/System/Library/Frameworks/LDAP.framework/Versions/A/LDAP
0x000000000a54a000 	/usr/lib/libsasl2.2.dylib
0x0000000116de7000 	cl_kernels
0x0000000116de9000 	/System/Library/Frameworks/OpenCL.framework/Versions/A/Libraries/ImageFormats/unorm8_bgra.dylib
0x0000000116dd9000 	cl_kernels
0x000000000a54a000 	/System/Library/PrivateFrameworks/FamilyControls.framework/Versions/A/FamilyControls
0x000000000a54a000 	/System/Library/PrivateFrameworks/CommerceKit.framework/Versions/A/Frameworks/CommerceCore.framework/Versions/A/CommerceCore
0x000000000a54a000 	/System/Library/PrivateFrameworks/SystemAdministration.framework/Versions/A/SystemAdministration
0x000000000a54a000 	/System/Library/PrivateFrameworks/AppContainer.framework/Versions/A/AppContainer
0x000000000a54a000 	/System/Library/PrivateFrameworks/SecCodeWrapper.framework/Versions/A/SecCodeWrapper
0x000000000a54a000 	/System/Library/Frameworks/DirectoryService.framework/Versions/A/DirectoryService
0x000000000a54a000 	/System/Library/PrivateFrameworks/LoginUIKit.framework/Versions/A/Frameworks/LoginUICore.framework/Versions/A/LoginUICore
0x000000000a54a000 	/usr/lib/libodfde.dylib
0x000000000a54a000 	/System/Library/Frameworks/OpenGL.framework/Versions/A/Resources/GLEngine.bundle/GLEngine
0x000000000a54a000 	/System/Library/Frameworks/OpenGL.framework/Versions/A/Libraries/libGLProgrammability.dylib
0x0000000000000000 	/System/Library/Extensions/AppleIntelHD4000GraphicsGLDriver.bundle/Contents/MacOS/AppleIntelHD4000GraphicsGLDriver
0x000000000a54a000 	/System/Library/PrivateFrameworks/IOAccelerator.framework/Versions/A/IOAccelerator
0x000000000a54a000 	/System/Library/PrivateFrameworks/GPUSupport.framework/Versions/A/Libraries/libGPUSupportMercury.dylib
0x0000000000000000 	/System/Library/Extensions/GeForceGLDriver.bundle/Contents/MacOS/GeForceGLDriver
0x000000000a54a000 	/System/Library/Extensions/GeForceGLDriver.bundle/Contents/MacOS/libclh.dylib
0x000000000a54a000 	/System/Library/Frameworks/OpenGL.framework/Versions/A/Resources/GLRendererFloat.bundle/GLRendererFloat
0x0000000118fe8000 	/Applications/jMonkeyPlatform.app/Contents/Resources/jmonkeyplatform/jdk/jre/lib/libfontmanager.dylib
0x0000000119152000 	/Applications/jMonkeyPlatform.app/Contents/Resources/jmonkeyplatform/jdk/jre/lib/libosxui.dylib
0x000000011915c000 	/Applications/jMonkeyPlatform.app/Contents/Resources/jmonkeyplatform/jdk/jre/lib/libosx.dylib
0x000000011aec6000 	/Library/ScriptingAdditions/SwitchResX Extensions.osax/Contents/MacOS/SwitchResX Extensions
0x000000011aff3000 	/Applications/jMonkeyPlatform.app/Contents/Resources/jmonkeyplatform/jdk/jre/lib/libnet.dylib
0x000000011af34000 	/Applications/jMonkeyPlatform.app/Contents/Resources/jmonkeyplatform/jdk/jre/lib/libnio.dylib
0x000000000a54a000 	/System/Library/Frameworks/Accelerate.framework/Versions/A/Frameworks/vImage.framework/Versions/A/Libraries/libCGInterfaces.dylib
0x000000011a0e8000 	/Users/crisscrosskao/Documents/GitHub/CubeField/liblwjgl.dylib
0x000000011945a000 	/Applications/jMonkeyPlatform.app/Contents/Resources/jmonkeyplatform/jdk/jre/lib/libjawt.dylib
0x000000011a861000 	/Users/crisscrosskao/Documents/GitHub/CubeField/openal.dylib
0x000000011aa58000 	/System/Library/Components/CoreAudio.component/Contents/MacOS/CoreAudio
0x000000011a2a5000 	/System/Library/Extensions/AppleHDA.kext/Contents/PlugIns/AppleHDAHALPlugIn.bundle/Contents/MacOS/AppleHDAHALPlugIn
0x000000011c0f4000 	/Users/crisscrosskao/LeapSDK/lib/libLeapJava.dylib
0x000000011c143000 	/Users/crisscrosskao/LeapSDK/lib/libLeap.dylib

VM Arguments:
jvm_args: -Dfile.encoding=UTF-8 -Djava.library.path=/Users/crisscrosskao/LeapSDK/lib 
java_command: mygame.Main
Launcher Type: SUN_STANDARD

Environment Variables:
PATH=/usr/bin:/bin:/usr/sbin:/sbin
LD_LIBRARY_PATH=/Applications/jMonkeyPlatform.app/Contents/MacOS/../Resources/jmonkeyplatform/bin/../jdk/jre/lib/amd64:/Applications/jMonkeyPlatform.app/Contents/MacOS/../Resources/jmonkeyplatform/bin/../jdk/jre/lib/i386:
SHELL=/bin/bash
DISPLAY=/private/tmp/com.apple.launchd.GYPDvdkK5p/org.macosforge.xquartz:0

Signal Handlers:
SIGSEGV: [libjvm.dylib+0x525425], sa_mask[0]=0xfffefeff, sa_flags=0x00000043
SIGBUS: [libjvm.dylib+0x525425], sa_mask[0]=0xfffefeff, sa_flags=0x00000042
SIGFPE: [libjvm.dylib+0x41892a], sa_mask[0]=0xfffefeff, sa_flags=0x00000042
SIGPIPE: [libjvm.dylib+0x41892a], sa_mask[0]=0xfffefeff, sa_flags=0x00000042
SIGXFSZ: [libjvm.dylib+0x41892a], sa_mask[0]=0xfffefeff, sa_flags=0x00000042
SIGILL: [libjvm.dylib+0x41892a], sa_mask[0]=0xfffefeff, sa_flags=0x00000042
SIGUSR1: SIG_DFL, sa_mask[0]=0x00000000, sa_flags=0x00000000
SIGUSR2: [libjvm.dylib+0x41841c], sa_mask[0]=0x00000004, sa_flags=0x00000042
SIGHUP: [libjvm.dylib+0x4166ab], sa_mask[0]=0xfffefeff, sa_flags=0x00000042
SIGINT: SIG_IGN, sa_mask[0]=0x00000000, sa_flags=0x00000000
SIGTERM: [libjvm.dylib+0x4166ab], sa_mask[0]=0xfffefeff, sa_flags=0x00000042
SIGQUIT: [libjvm.dylib+0x4166ab], sa_mask[0]=0xfffefeff, sa_flags=0x00000042


---------------  S Y S T E M  ---------------

OS:Bsduname:Darwin 14.0.0 Darwin Kernel Version 14.0.0: Fri Sep 19 00:26:44 PDT 2014; root:xnu-2782.1.97~2/RELEASE_X86_64 x86_64
rlimit: STACK 8192k, CORE 0k, NPROC 709, NOFILE 10240, AS infinity
load average:1.87 1.82 1.91

CPU:total 8 (4 cores per cpu, 2 threads per core) family 6 model 58 stepping 9, cmov, cx8, fxsr, mmx, sse, sse2, sse3, ssse3, sse4.1, sse4.2, popcnt, avx, aes, erms, ht, tsc, tscinvbit, tscinv

Memory: 4k page, physical 16777216k(4194304k free)

/proc/meminfo:


vm_info: Java HotSpot(TM) 64-Bit Server VM (24.51-b03) for bsd-amd64 JRE (1.7.0_51-b13), built on Dec 18 2013 18:45:56 by "java_re" with gcc 4.2.1 (Based on Apple Inc. build 5658) (LLVM build 2336.11.00)

time: Sun Dec  7 17:56:35 2014
elapsed time: 12 seconds

