#
# A fatal error has been detected by the Java Runtime Environment:
#
#  SIGSEGV (0xb) at pc=0x0000000128c6a08e, pid=11152, tid=13571
#
# JRE version: Java(TM) SE Runtime Environment (7.0_51-b13) (build 1.7.0_51-b13)
# Java VM: Java HotSpot(TM) 64-Bit Server VM (24.51-b03 mixed mode bsd-amd64 compressed oops)
# Problematic frame:
# C  [libLeap.dylib+0x2b08e]  _ZNK4Leap14InteractionBox9toCStringEv+0x2c8e
#
# Failed to write core dump. Core dumps have been disabled. To enable core dumping, try "ulimit -c unlimited" before starting Java again
#
# If you would like to submit a bug report, please visit:
#   http://bugreport.sun.com/bugreport/crash.jsp
# The crash happened outside the Java Virtual Machine in native code.
# See problematic frame for where to report the bug.
#

---------------  T H R E A D  ---------------

Current thread (0x00007fa4e2803800):  JavaThread "Finalizer" daemon [_thread_in_native, id=13571, stack(0x000000011e6a1000,0x000000011e7a1000)]

siginfo:si_signo=SIGSEGV: si_errno=0, si_code=0 (SEGV0), si_addr=0x0000000000000000

Registers:
RAX=0xf00007fa4e740581, RBX=0x00007fa4e067cb30, RCX=0x0000000000000000, RDX=0x00007fa4e068cfd0
RSP=0x000000011e7a01a0, RBP=0x000000011e7a02c0, RSI=0x0001c8000001c800, RDI=0x00007fa4e068b290
R8 =0x000000011e7a00c0, R9 =0x00000000e0000000, R10=0x000000010f46566c, R11=0x000000010ee702a7
R12=0x00007fa4e1a2f800, R13=0x00007fa4e72a49a0, R14=0x000000011e7a01d0, R15=0x00007fa4e1a2fc58
RIP=0x0000000128c6a08e, EFLAGS=0x0000000000010202, ERR=0x0000000000000000
  TRAPNO=0x000000000000000d

Top of Stack: (sp=0x000000011e7a01a0)
0x000000011e7a01a0:   00007fa4e1a2f990 000000010edfa714
0x000000011e7a01b0:   00007fa4e2803800 000000010ecd1ea4
0x000000011e7a01c0:   00007fa4e72bc450 00007fa4e72a49a0
0x000000011e7a01d0:   00007fa4e72a49a0 0000000000000001
0x000000011e7a01e0:   00007fa4e1a2fbd8 0000000000000001
0x000000011e7a01f0:   000000011e7a0240 00000000000014dd
0x000000011e7a0200:   00007fa400000009 00007fa4e07021f8
0x000000011e7a0210:   00007fa4e0701dd0 00007fa4e07021a8
0x000000011e7a0220:   00000000000003d8 0000000127904b70
0x000000011e7a0230:   0000000000000000 00007fa4e2803800
0x000000011e7a0240:   000000011e7a0290 000000010edfaa81
0x000000011e7a0250:   00007fa4e2803800 00007fa4e75068c0
0x000000011e7a0260:   000000011e7a02b8 00007fa4e07021f8
0x000000011e7a0270:   000000011e7a0290 000000010ee73dfe
0x000000011e7a0280:   00007fa4e2803800 00007fa4e2803800
0x000000011e7a0290:   000000011e7a02d0 00007fa4e067cb30
0x000000011e7a02a0:   0000000000000000 00000006fbed2668
0x000000011e7a02b0:   00007fa4e068cf60 00007fa4e2803800
0x000000011e7a02c0:   000000011e7a02e0 0000000128c4e2a4
0x000000011e7a02d0:   00000006fbed2668 000000011e7a0368
0x000000011e7a02e0:   000000011e7a0340 000000010f465698
0x000000011e7a02f0:   000000011e7a03d0 00007fa4e0449550
0x000000011e7a0300:   000000011e7a0300 00000006fbed2668
0x000000011e7a0310:   000000011e7a0368 00000006fbed6b90
0x000000011e7a0320:   0000000000000000 00000006fbed2668
0x000000011e7a0330:   0000000000000000 000000011e7a0360
0x000000011e7a0340:   000000011e7a03c0 000000010f459058
0x000000011e7a0350:   00000007aeb38450 000000010f461cd8
0x000000011e7a0360:   00007fa4e067cb30 00000007aefb2bd0
0x000000011e7a0370:   0000000000000019 00000007aefb2bd0
0x000000011e7a0380:   000000011e7a0370 00000006fbed7869
0x000000011e7a0390:   000000011e7a03d0 00000006fbed9408 

Instructions: (pc=0x0000000128c6a08e)
0x0000000128c6a06e:   ff ff 4c 8b ad 08 ff ff ff 4c 8d b5 10 ff ff ff
0x0000000128c6a07e:   4d 39 f5 0f 84 88 00 00 00 49 8b 7d 20 48 8b 07
0x0000000128c6a08e:   48 8b 40 28 48 89 de ff d0 49 8b 45 08 48 85 c0
0x0000000128c6a09e:   74 0e 49 89 c5 49 8b 45 00 48 85 c0 75 f4 eb d0 

Register to memory mapping:

RAX=0xf00007fa4e740581 is an unknown value
RBX=0x00007fa4e067cb30 is an unknown value
RCX=0x0000000000000000 is an unknown value
RDX=0x00007fa4e068cfd0 is an unknown value
RSP=0x000000011e7a01a0 is pointing into the stack for thread: 0x00007fa4e2803800
RBP=0x000000011e7a02c0 is pointing into the stack for thread: 0x00007fa4e2803800
RSI=0x0001c8000001c800 is an unknown value
RDI=0x00007fa4e068b290 is an unknown value
R8 =0x000000011e7a00c0 is pointing into the stack for thread: 0x00007fa4e2803800
R9 =0x00000000e0000000 is an unknown value
R10=0x000000010f46566c is at code_begin+620 in an Interpreter codelet
method entry point (kind = native)  [0x000000010f465400, 0x000000010f465c40]  2112 bytes
R11=0x000000010ee702a7: throw_unsatisfied_link_error+0 in /Applications/jMonkeyPlatform.app/Contents/Resources/jmonkeyplatform/jdk/jre/lib/server/libjvm.dylib at 0x000000010ea00000
R12=0x00007fa4e1a2f800 is an unknown value
R13=0x00007fa4e72a49a0 is an unknown value
R14=0x000000011e7a01d0 is pointing into the stack for thread: 0x00007fa4e2803800
R15=0x00007fa4e1a2fc58 is an unknown value


Stack: [0x000000011e6a1000,0x000000011e7a1000],  sp=0x000000011e7a01a0,  free space=1020k
Native frames: (J=compiled Java code, j=interpreted, Vv=VM code, C=native code)
C  [libLeap.dylib+0x2b08e]  _ZNK4Leap14InteractionBox9toCStringEv+0x2c8e
C  [libLeap.dylib+0xf2a4]  _ZN4Leap10ControllerD0Ev+0x34
j  com.leapmotion.leap.LeapJNI.delete_Controller(J)V+0
j  com.leapmotion.leap.Controller.delete()V+25
j  com.leapmotion.leap.Controller.finalize()V+1
v  ~StubRoutines::call_stub
V  [libjvm.dylib+0x2d6bb0]
V  [libjvm.dylib+0x2d6980]
V  [libjvm.dylib+0x30a425]
V  [libjvm.dylib+0x2fdf96]
C  [libjava.dylib+0x299c]  Java_java_lang_ref_Finalizer_invokeFinalizeMethod+0x58
j  java.lang.ref.Finalizer.invokeFinalizeMethod(Ljava/lang/Object;)V+0
j  java.lang.ref.Finalizer.runFinalizer()V+45
j  java.lang.ref.Finalizer.access$100(Ljava/lang/ref/Finalizer;)V+1
j  java.lang.ref.Finalizer$FinalizerThread.run()V+24
v  ~StubRoutines::call_stub
V  [libjvm.dylib+0x2d6bb0]
V  [libjvm.dylib+0x2d70c7]
V  [libjvm.dylib+0x2d7204]
V  [libjvm.dylib+0x3261ea]
V  [libjvm.dylib+0x4efb57]
V  [libjvm.dylib+0x4f125f]
V  [libjvm.dylib+0x41b1d6]
C  [libsystem_pthread.dylib+0x32fc]  _pthread_body+0x83
C  [libsystem_pthread.dylib+0x3279]  _pthread_body+0x0
C  [libsystem_pthread.dylib+0x14b1]  thread_start+0xd

Java frames: (J=compiled Java code, j=interpreted, Vv=VM code)
j  com.leapmotion.leap.LeapJNI.delete_Controller(J)V+0
j  com.leapmotion.leap.Controller.delete()V+25
j  com.leapmotion.leap.Controller.finalize()V+1
v  ~StubRoutines::call_stub
j  java.lang.ref.Finalizer.invokeFinalizeMethod(Ljava/lang/Object;)V+0
j  java.lang.ref.Finalizer.runFinalizer()V+45
j  java.lang.ref.Finalizer.access$100(Ljava/lang/ref/Finalizer;)V+1
j  java.lang.ref.Finalizer$FinalizerThread.run()V+24
v  ~StubRoutines::call_stub

---------------  P R O C E S S  ---------------

Java Threads: ( => current thread )
  0x00007fa4e1a63000 JavaThread "AWT-Shutdown" [_thread_blocked, id=15111, stack(0x0000000125b9c000,0x0000000125c9c000)]
  0x00007fa4e2800000 JavaThread "DestroyJavaVM" [_thread_blocked, id=4867, stack(0x000000010d81f000,0x000000010d91f000)]
  0x00007fa4e0a6a800 JavaThread "TimerQueue" daemon [_thread_blocked, id=62823, stack(0x000000012e31e000,0x000000012e41e000)]
  0x00007fa4e125e000 JavaThread "Timer-0" daemon [_thread_blocked, id=55303, stack(0x0000000125cb6000,0x0000000125db6000)]
  0x00007fa4e198f800 JavaThread "Java2D Disposer" daemon [_thread_blocked, id=54283, stack(0x0000000125a32000,0x0000000125b32000)]
  0x00007fa4e08b8000 JavaThread "Java2D Queue Flusher" daemon [_thread_blocked, id=51975, stack(0x0000000124d5c000,0x0000000124e5c000)]
  0x00007fa4e1107000 JavaThread "AppKit Thread" daemon [_thread_in_native, id=1299, stack(0x00007fff52477000,0x00007fff524f7000)]
  0x00007fa4e1037800 JavaThread "Service Thread" daemon [_thread_blocked, id=19715, stack(0x00000001202ea000,0x00000001203ea000)]
  0x00007fa4e1037000 JavaThread "C2 CompilerThread1" daemon [_thread_blocked, id=19203, stack(0x00000001201e7000,0x00000001202e7000)]
  0x00007fa4e3000000 JavaThread "C2 CompilerThread0" daemon [_thread_blocked, id=18691, stack(0x00000001200e4000,0x00000001201e4000)]
  0x00007fa4e2806000 JavaThread "Signal Dispatcher" daemon [_thread_blocked, id=15383, stack(0x000000011ffe1000,0x00000001200e1000)]
=>0x00007fa4e2803800 JavaThread "Finalizer" daemon [_thread_in_native, id=13571, stack(0x000000011e6a1000,0x000000011e7a1000)]
  0x00007fa4e2801000 JavaThread "Reference Handler" daemon [_thread_blocked, id=13059, stack(0x000000011e59e000,0x000000011e69e000)]

Other Threads:
  0x00007fa4e1842800 VMThread [stack: 0x000000011e49b000,0x000000011e59b000] [id=12547]
  0x00007fa4e101e000 WatcherThread [stack: 0x00000001203ed000,0x00000001204ed000] [id=20227]

VM state:not at safepoint (normal execution)

VM Mutex/Monitor currently owned by a thread: None

Heap
 PSYoungGen      total 76800K, used 5944K [0x00000007aaa80000, 0x00000007b0000000, 0x0000000800000000)
  eden space 66048K, 1% used [0x00000007aaa80000,0x00000007aab83560,0x00000007aeb00000)
  from space 10752K, 45% used [0x00000007aeb00000,0x00000007aefcabb0,0x00000007af580000)
  to   space 10752K, 0% used [0x00000007af580000,0x00000007af580000,0x00000007b0000000)
 ParOldGen       total 174592K, used 636K [0x0000000700000000, 0x000000070aa80000, 0x00000007aaa80000)
  object space 174592K, 0% used [0x0000000700000000,0x000000070009f238,0x000000070aa80000)
 PSPermGen       total 21504K, used 17950K [0x00000006fae00000, 0x00000006fc300000, 0x0000000700000000)
  object space 21504K, 83% used [0x00000006fae00000,0x00000006fbf879a8,0x00000006fc300000)

Card table byte_map: [0x0000000112513000,0x0000000112d3d000] byte_map_base: 0x000000010ed3c000

Polling page: 0x000000010d95e000

Code Cache  [0x000000010f453000, 0x000000010f6c3000, 0x0000000112453000)
 total_blobs=940 nmethods=342 adapters=552 free_code_cache=47776Kb largest_free_block=48894912

Compilation events (10 events):
Event: 6.674 Thread 0x00007fa4e3000000  342             com.jme3.scene.Geometry::updateWorldTransforms (32 bytes)
Event: 6.678 Thread 0x00007fa4e3000000 nmethod 342 0x000000010f5ae0d0 code [0x000000010f5ae260, 0x000000010f5ae688]
Event: 6.958 Thread 0x00007fa4e1037000  343             com.jme3.util.SafeArrayList::size (5 bytes)
Event: 6.959 Thread 0x00007fa4e1037000 nmethod 343 0x000000010f5a1b50 code [0x000000010f5a1c80, 0x000000010f5a1cd8]
Event: 7.044 Thread 0x00007fa4e3000000  344             com.jme3.font.BitmapFont::getCharSet (5 bytes)
Event: 7.044 Thread 0x00007fa4e3000000 nmethod 344 0x000000010f5a8610 code [0x000000010f5a8740, 0x000000010f5a87b8]
Event: 7.743 Thread 0x00007fa4e1037000  345             com.jme3.bounding.BoundingBox::containAABB (369 bytes)
Event: 7.752 Thread 0x00007fa4e1037000 nmethod 345 0x000000010f5aabd0 code [0x000000010f5aae40, 0x000000010f5ab8f0]
Event: 7.825 Thread 0x00007fa4e3000000  346             com.jme3.font.LetterQuad::isHead (13 bytes)
Event: 7.825 Thread 0x00007fa4e3000000 nmethod 346 0x000000010f4e00d0 code [0x000000010f4e0200, 0x000000010f4e0278]

GC Heap History (6 events):
Event: 3.085 GC heap before
{Heap before GC invocations=1 (full 0):
 PSYoungGen      total 76800K, used 66048K [0x00000007aaa80000, 0x00000007b0000000, 0x0000000800000000)
  eden space 66048K, 100% used [0x00000007aaa80000,0x00000007aeb00000,0x00000007aeb00000)
  from space 10752K, 0% used [0x00000007af580000,0x00000007af580000,0x00000007b0000000)
  to   space 10752K, 0% used [0x00000007aeb00000,0x00000007aeb00000,0x00000007af580000)
 ParOldGen       total 174592K, used 0K [0x0000000700000000, 0x000000070aa80000, 0x00000007aaa80000)
  object space 174592K, 0% used [0x0000000700000000,0x0000000700000000,0x000000070aa80000)
 PSPermGen       total 21504K, used 17556K [0x00000006fae00000, 0x00000006fc300000, 0x0000000700000000)
  object space 21504K, 81% used [0x00000006fae00000,0x00000006fbf25008,0x00000006fc300000)
Event: 3.094 GC heap after
Heap after GC invocations=1 (full 0):
 PSYoungGen      total 76800K, used 10742K [0x00000007aaa80000, 0x00000007b0000000, 0x0000000800000000)
  eden space 66048K, 0% used [0x00000007aaa80000,0x00000007aaa80000,0x00000007aeb00000)
  from space 10752K, 99% used [0x00000007aeb00000,0x00000007af57d940,0x00000007af580000)
  to   space 10752K, 0% used [0x00000007af580000,0x00000007af580000,0x00000007b0000000)
 ParOldGen       total 174592K, used 620K [0x0000000700000000, 0x000000070aa80000, 0x00000007aaa80000)
  object space 174592K, 0% used [0x0000000700000000,0x000000070009b238,0x000000070aa80000)
 PSPermGen       total 21504K, used 17556K [0x00000006fae00000, 0x00000006fc300000, 0x0000000700000000)
  object space 21504K, 81% used [0x00000006fae00000,0x00000006fbf25008,0x00000006fc300000)
}
Event: 6.028 GC heap before
{Heap before GC invocations=2 (full 0):
 PSYoungGen      total 76800K, used 76790K [0x00000007aaa80000, 0x00000007b0000000, 0x0000000800000000)
  eden space 66048K, 100% used [0x00000007aaa80000,0x00000007aeb00000,0x00000007aeb00000)
  from space 10752K, 99% used [0x00000007aeb00000,0x00000007af57d940,0x00000007af580000)
  to   space 10752K, 0% used [0x00000007af580000,0x00000007af580000,0x00000007b0000000)
 ParOldGen       total 174592K, used 620K [0x0000000700000000, 0x000000070aa80000, 0x00000007aaa80000)
  object space 174592K, 0% used [0x0000000700000000,0x000000070009b238,0x000000070aa80000)
 PSPermGen       total 21504K, used 17934K [0x00000006fae00000, 0x00000006fc300000, 0x0000000700000000)
  object space 21504K, 83% used [0x00000006fae00000,0x00000006fbf83ad8,0x00000006fc300000)
Event: 6.035 GC heap after
Heap after GC invocations=2 (full 0):
 PSYoungGen      total 76800K, used 9410K [0x00000007aaa80000, 0x00000007b0000000, 0x0000000800000000)
  eden space 66048K, 0% used [0x00000007aaa80000,0x00000007aaa80000,0x00000007aeb00000)
  from space 10752K, 87% used [0x00000007af580000,0x00000007afeb0bd8,0x00000007b0000000)
  to   space 10752K, 0% used [0x00000007aeb00000,0x00000007aeb00000,0x00000007af580000)
 ParOldGen       total 174592K, used 628K [0x0000000700000000, 0x000000070aa80000, 0x00000007aaa80000)
  object space 174592K, 0% used [0x0000000700000000,0x000000070009d238,0x000000070aa80000)
 PSPermGen       total 21504K, used 17934K [0x00000006fae00000, 0x00000006fc300000, 0x0000000700000000)
  object space 21504K, 83% used [0x00000006fae00000,0x00000006fbf83ad8,0x00000006fc300000)
}
Event: 10.523 GC heap before
{Heap before GC invocations=3 (full 0):
 PSYoungGen      total 76800K, used 75458K [0x00000007aaa80000, 0x00000007b0000000, 0x0000000800000000)
  eden space 66048K, 100% used [0x00000007aaa80000,0x00000007aeb00000,0x00000007aeb00000)
  from space 10752K, 87% used [0x00000007af580000,0x00000007afeb0bd8,0x00000007b0000000)
  to   space 10752K, 0% used [0x00000007aeb00000,0x00000007aeb00000,0x00000007af580000)
 ParOldGen       total 174592K, used 628K [0x0000000700000000, 0x000000070aa80000, 0x00000007aaa80000)
  object space 174592K, 0% used [0x0000000700000000,0x000000070009d238,0x000000070aa80000)
 PSPermGen       total 21504K, used 17950K [0x00000006fae00000, 0x00000006fc300000, 0x0000000700000000)
  object space 21504K, 83% used [0x00000006fae00000,0x00000006fbf87808,0x00000006fc300000)
Event: 10.528 GC heap after
Heap after GC invocations=3 (full 0):
 PSYoungGen      total 76800K, used 4906K [0x00000007aaa80000, 0x00000007b0000000, 0x0000000800000000)
  eden space 66048K, 0% used [0x00000007aaa80000,0x00000007aaa80000,0x00000007aeb00000)
  from space 10752K, 45% used [0x00000007aeb00000,0x00000007aefcabb0,0x00000007af580000)
  to   space 10752K, 0% used [0x00000007af580000,0x00000007af580000,0x00000007b0000000)
 ParOldGen       total 174592K, used 636K [0x0000000700000000, 0x000000070aa80000, 0x00000007aaa80000)
  object space 174592K, 0% used [0x0000000700000000,0x000000070009f238,0x000000070aa80000)
 PSPermGen       total 21504K, used 17950K [0x00000006fae00000, 0x00000006fc300000, 0x0000000700000000)
  object space 21504K, 83% used [0x00000006fae00000,0x00000006fbf87808,0x00000006fc300000)
}

Deoptimization events (10 events):
Event: 3.396 Thread 0x00007fa4e29e4800 Uncommon trap: reason=array_check action=maybe_recompile pc=0x000000010f544b14 method=com.jme3.util.SortUtil.merge([Ljava/lang/Object;[Ljava/lang/Object;IIILjava/util/Comparator;)V @ 56
Event: 3.396 Thread 0x00007fa4e29e4800 Uncommon trap: reason=array_check action=maybe_recompile pc=0x000000010f5450cc method=com.jme3.util.SortUtil.merge([Ljava/lang/Object;[Ljava/lang/Object;IIILjava/util/Comparator;)V @ 72
Event: 3.396 Thread 0x00007fa4e29e4800 Uncommon trap: reason=array_check action=maybe_recompile pc=0x000000010f5450cc method=com.jme3.util.SortUtil.merge([Ljava/lang/Object;[Ljava/lang/Object;IIILjava/util/Comparator;)V @ 72
Event: 3.476 Thread 0x00007fa4e29e4800 Uncommon trap: reason=predicate action=maybe_recompile pc=0x000000010f5603e8 method=com.jme3.util.SortUtil.merge([Ljava/lang/Object;[Ljava/lang/Object;IIILjava/util/Comparator;)V @ 104
Event: 3.612 Thread 0x00007fa4e29e4800 Uncommon trap: reason=array_check action=maybe_recompile pc=0x000000010f56f3e8 method=com.jme3.util.SortUtil.merge([Ljava/lang/Object;[Ljava/lang/Object;IIILjava/util/Comparator;)V @ 116
Event: 3.612 Thread 0x00007fa4e29e4800 Uncommon trap: reason=array_check action=maybe_recompile pc=0x000000010f56f3e8 method=com.jme3.util.SortUtil.merge([Ljava/lang/Object;[Ljava/lang/Object;IIILjava/util/Comparator;)V @ 116
Event: 3.677 Thread 0x00007fa4e29e4800 Uncommon trap: reason=array_check action=maybe_recompile pc=0x000000010f573080 method=com.jme3.util.SortUtil.merge([Ljava/lang/Object;[Ljava/lang/Object;IIILjava/util/Comparator;)V @ 137
Event: 3.677 Thread 0x00007fa4e29e4800 Uncommon trap: reason=array_check action=maybe_recompile pc=0x000000010f573080 method=com.jme3.util.SortUtil.merge([Ljava/lang/Object;[Ljava/lang/Object;IIILjava/util/Comparator;)V @ 137
Event: 3.762 Thread 0x00007fa4e29e4800 Uncommon trap: reason=array_check action=maybe_recompile pc=0x000000010f579eec method=com.jme3.util.SortUtil.merge([Ljava/lang/Object;[Ljava/lang/Object;IIILjava/util/Comparator;)V @ 94
Event: 3.762 Thread 0x00007fa4e29e4800 Uncommon trap: reason=array_check action=maybe_recompile pc=0x000000010f579eec method=com.jme3.util.SortUtil.merge([Ljava/lang/Object;[Ljava/lang/Object;IIILjava/util/Comparator;)V @ 94

Internal exceptions (10 events):
Event: 3.162 Thread 0x00007fa4e29e4800 Threw 0x00000007ab2af220 at /HUDSON/workspace/7u-2-build-macosx-x86_64/jdk7u51/527/hotspot/src/share/vm/prims/jvm.cpp:1244
Event: 3.163 Thread 0x00007fa4e29e4800 Threw 0x00000007ab2b4050 at /HUDSON/workspace/7u-2-build-macosx-x86_64/jdk7u51/527/hotspot/src/share/vm/prims/jvm.cpp:1244
Event: 3.164 Thread 0x00007fa4e29e4800 Threw 0x00000007ab2b77c8 at /HUDSON/workspace/7u-2-build-macosx-x86_64/jdk7u51/527/hotspot/src/share/vm/prims/jvm.cpp:1244
Event: 3.171 Thread 0x00007fa4e29e4800 Threw 0x00000007ab2bf8d8 at /HUDSON/workspace/7u-2-build-macosx-x86_64/jdk7u51/527/hotspot/src/share/vm/prims/jvm.cpp:1244
Event: 3.172 Thread 0x00007fa4e29e4800 Threw 0x00000007ab2c4070 at /HUDSON/workspace/7u-2-build-macosx-x86_64/jdk7u51/527/hotspot/src/share/vm/prims/jvm.cpp:1244
Event: 3.529 Thread 0x00007fa4e29e4800 Threw 0x00000007ab2ce298 at /HUDSON/workspace/7u-2-build-macosx-x86_64/jdk7u51/527/hotspot/src/share/vm/prims/jvm.cpp:1244
Event: 3.529 Thread 0x00007fa4e29e4800 Threw 0x00000007ab2d1e98 at /HUDSON/workspace/7u-2-build-macosx-x86_64/jdk7u51/527/hotspot/src/share/vm/prims/jvm.cpp:1244
Event: 3.529 Thread 0x00007fa4e29e4800 Threw 0x00000007ab2d5188 at /HUDSON/workspace/7u-2-build-macosx-x86_64/jdk7u51/527/hotspot/src/share/vm/prims/jvm.cpp:1244
Event: 7.907 Thread 0x00007fa4e29e4800 Threw 0x00000007aabaa868 at /HUDSON/workspace/7u-2-build-macosx-x86_64/jdk7u51/527/hotspot/src/share/vm/prims/jvm.cpp:1244
Event: 8.292 Thread 0x00007fa4e2a1d800 Threw 0x00000007ace35d18 at /HUDSON/workspace/7u-2-build-macosx-x86_64/jdk7u51/527/hotspot/src/share/vm/prims/jvm.cpp:2965

Events (10 events):
Event: 10.498 Thread 0x00007fa4e08a1800 Thread added: 0x00007fa4e08a1800
Event: 10.498 Thread 0x00007fa4e08a1800 Thread exited: 0x00007fa4e08a1800
Event: 10.511 Thread 0x00007fa4e8851000 Thread added: 0x00007fa4e8851000
Event: 10.511 Thread 0x00007fa4e8851000 Thread exited: 0x00007fa4e8851000
Event: 10.523 Thread 0x00007fa4e19f9000 Thread added: 0x00007fa4e19f9000
Event: 10.523 Executing VM operation: ParallelGCFailedAllocation
Event: 10.528 Executing VM operation: ParallelGCFailedAllocation done
Event: 10.531 Thread 0x00007fa4e19f9000 Thread exited: 0x00007fa4e19f9000
Event: 10.535 Thread 0x00007fa4e8851000 Thread added: 0x00007fa4e8851000
Event: 10.535 Thread 0x00007fa4e8851000 Thread exited: 0x00007fa4e8851000


Dynamic libraries:
0x000000000a54a000 	/System/Library/Frameworks/Cocoa.framework/Versions/A/Cocoa
0x000000000a54a000 	/System/Library/Frameworks/Security.framework/Versions/A/Security
0x000000000a54a000 	/System/Library/Frameworks/ApplicationServices.framework/Versions/A/ApplicationServices
0x000000000a54a000 	/usr/lib/libz.1.dylib
0x000000000a54a000 	/usr/lib/libSystem.B.dylib
0x000000000a54a000 	/usr/lib/libobjc.A.dylib
0x000000000a54a000 	/System/Library/Frameworks/CoreFoundation.framework/Versions/A/CoreFoundation
0x000000000a54a000 	/System/Library/Frameworks/Foundation.framework/Versions/C/Foundation
0x000000000a54a000 	/System/Library/Frameworks/AppKit.framework/Versions/C/AppKit
0x000000000a54a000 	/System/Library/Frameworks/CoreData.framework/Versions/A/CoreData
0x000000000a54a000 	/System/Library/PrivateFrameworks/RemoteViewServices.framework/Versions/A/RemoteViewServices
0x000000000a54a000 	/System/Library/PrivateFrameworks/UIFoundation.framework/Versions/A/UIFoundation
0x000000000a54a000 	/System/Library/Frameworks/IOSurface.framework/Versions/A/IOSurface
0x000000000a54a000 	/System/Library/Frameworks/AudioToolbox.framework/Versions/A/AudioToolbox
0x000000000a54a000 	/System/Library/Frameworks/AudioUnit.framework/Versions/A/AudioUnit
0x000000000a54a000 	/System/Library/PrivateFrameworks/DataDetectorsCore.framework/Versions/A/DataDetectorsCore
0x000000000a54a000 	/System/Library/PrivateFrameworks/DesktopServicesPriv.framework/Versions/A/DesktopServicesPriv
0x000000000a54a000 	/System/Library/Frameworks/Carbon.framework/Versions/A/Frameworks/HIToolbox.framework/Versions/A/HIToolbox
0x000000000a54a000 	/System/Library/Frameworks/QuartzCore.framework/Versions/A/QuartzCore
0x000000000a54a000 	/System/Library/Frameworks/Carbon.framework/Versions/A/Frameworks/SpeechRecognition.framework/Versions/A/SpeechRecognition
0x000000000a54a000 	/usr/lib/libauto.dylib
0x000000000a54a000 	/usr/lib/libicucore.A.dylib
0x000000000a54a000 	/usr/lib/libxml2.2.dylib
0x000000000a54a000 	/System/Library/PrivateFrameworks/CoreUI.framework/Versions/A/CoreUI
0x000000000a54a000 	/System/Library/Frameworks/CoreAudio.framework/Versions/A/CoreAudio
0x000000000a54a000 	/System/Library/Frameworks/DiskArbitration.framework/Versions/A/DiskArbitration
0x000000000a54a000 	/usr/lib/liblangid.dylib
0x000000000a54a000 	/System/Library/PrivateFrameworks/MultitouchSupport.framework/Versions/A/MultitouchSupport
0x000000000a54a000 	/System/Library/Frameworks/IOKit.framework/Versions/A/IOKit
0x000000000a54a000 	/usr/lib/libDiagnosticMessagesClient.dylib
0x000000000a54a000 	/System/Library/Frameworks/CoreServices.framework/Versions/A/CoreServices
0x000000000a54a000 	/System/Library/PrivateFrameworks/PerformanceAnalysis.framework/Versions/A/PerformanceAnalysis
0x000000000a54a000 	/System/Library/PrivateFrameworks/GenerationalStorage.framework/Versions/A/GenerationalStorage
0x000000000a54a000 	/System/Library/Frameworks/OpenGL.framework/Versions/A/OpenGL
0x000000000a54a000 	/System/Library/PrivateFrameworks/Sharing.framework/Versions/A/Sharing
0x000000000a54a000 	/System/Library/Frameworks/CoreGraphics.framework/Versions/A/CoreGraphics
0x000000000a54a000 	/System/Library/Frameworks/CoreText.framework/Versions/A/CoreText
0x000000000a54a000 	/System/Library/Frameworks/ImageIO.framework/Versions/A/ImageIO
0x000000000a54a000 	/usr/lib/libextension.dylib
0x000000000a54a000 	/System/Library/PrivateFrameworks/Backup.framework/Versions/A/Backup
0x000000000a54a000 	/usr/lib/libarchive.2.dylib
0x000000000a54a000 	/System/Library/Frameworks/CFNetwork.framework/Versions/A/CFNetwork
0x000000000a54a000 	/System/Library/Frameworks/SystemConfiguration.framework/Versions/A/SystemConfiguration
0x000000000a54a000 	/usr/lib/libCRFSuite.dylib
0x000000000a54a000 	/usr/lib/libc++.1.dylib
0x000000000a54a000 	/usr/lib/libc++abi.dylib
0x000000000a54a000 	/usr/lib/system/libcache.dylib
0x000000000a54a000 	/usr/lib/system/libcommonCrypto.dylib
0x000000000a54a000 	/usr/lib/system/libcompiler_rt.dylib
0x000000000a54a000 	/usr/lib/system/libcopyfile.dylib
0x000000000a54a000 	/usr/lib/system/libcorecrypto.dylib
0x000000000a54a000 	/usr/lib/system/libdispatch.dylib
0x000000000a54a000 	/usr/lib/system/libdyld.dylib
0x000000000a54a000 	/usr/lib/system/libkeymgr.dylib
0x000000000a54a000 	/usr/lib/system/liblaunch.dylib
0x000000000a54a000 	/usr/lib/system/libmacho.dylib
0x000000000a54a000 	/usr/lib/system/libquarantine.dylib
0x000000000a54a000 	/usr/lib/system/libremovefile.dylib
0x000000000a54a000 	/usr/lib/system/libsystem_asl.dylib
0x000000000a54a000 	/usr/lib/system/libsystem_blocks.dylib
0x000000000a54a000 	/usr/lib/system/libsystem_c.dylib
0x000000000a54a000 	/usr/lib/system/libsystem_configuration.dylib
0x000000000a54a000 	/usr/lib/system/libsystem_coreservices.dylib
0x000000000a54a000 	/usr/lib/system/libsystem_coretls.dylib
0x000000000a54a000 	/usr/lib/system/libsystem_dnssd.dylib
0x000000000a54a000 	/usr/lib/system/libsystem_info.dylib
0x000000000a54a000 	/usr/lib/system/libsystem_kernel.dylib
0x000000000a54a000 	/usr/lib/system/libsystem_m.dylib
0x000000000a54a000 	/usr/lib/system/libsystem_malloc.dylib
0x000000000a54a000 	/usr/lib/system/libsystem_network.dylib
0x000000000a54a000 	/usr/lib/system/libsystem_networkextension.dylib
0x000000000a54a000 	/usr/lib/system/libsystem_notify.dylib
0x000000000a54a000 	/usr/lib/system/libsystem_platform.dylib
0x000000000a54a000 	/usr/lib/system/libsystem_pthread.dylib
0x000000000a54a000 	/usr/lib/system/libsystem_sandbox.dylib
0x000000000a54a000 	/usr/lib/system/libsystem_secinit.dylib
0x000000000a54a000 	/usr/lib/system/libsystem_stats.dylib
0x000000000a54a000 	/usr/lib/system/libsystem_trace.dylib
0x000000000a54a000 	/usr/lib/system/libunc.dylib
0x000000000a54a000 	/usr/lib/system/libunwind.dylib
0x000000000a54a000 	/usr/lib/system/libxpc.dylib
0x000000000a54a000 	/usr/lib/libbz2.1.0.dylib
0x000000000a54a000 	/usr/lib/liblzma.5.dylib
0x000000000a54a000 	/usr/lib/libbsm.0.dylib
0x000000000a54a000 	/usr/lib/libsqlite3.dylib
0x000000000a54a000 	/usr/lib/system/libkxld.dylib
0x000000000a54a000 	/usr/lib/libxar.1.dylib
0x000000000a54a000 	/usr/lib/libpam.2.dylib
0x000000000a54a000 	/usr/lib/libOpenScriptingUtil.dylib
0x000000000a54a000 	/System/Library/Frameworks/CoreServices.framework/Versions/A/Frameworks/FSEvents.framework/Versions/A/FSEvents
0x000000000a54a000 	/System/Library/Frameworks/CoreServices.framework/Versions/A/Frameworks/CarbonCore.framework/Versions/A/CarbonCore
0x000000000a54a000 	/System/Library/Frameworks/CoreServices.framework/Versions/A/Frameworks/Metadata.framework/Versions/A/Metadata
0x000000000a54a000 	/System/Library/Frameworks/CoreServices.framework/Versions/A/Frameworks/OSServices.framework/Versions/A/OSServices
0x000000000a54a000 	/System/Library/Frameworks/CoreServices.framework/Versions/A/Frameworks/SearchKit.framework/Versions/A/SearchKit
0x000000000a54a000 	/System/Library/Frameworks/CoreServices.framework/Versions/A/Frameworks/AE.framework/Versions/A/AE
0x000000000a54a000 	/System/Library/Frameworks/CoreServices.framework/Versions/A/Frameworks/LaunchServices.framework/Versions/A/LaunchServices
0x000000000a54a000 	/System/Library/Frameworks/CoreServices.framework/Versions/A/Frameworks/DictionaryServices.framework/Versions/A/DictionaryServices
0x000000000a54a000 	/System/Library/Frameworks/NetFS.framework/Versions/A/NetFS
0x000000000a54a000 	/System/Library/PrivateFrameworks/NetAuth.framework/Versions/A/NetAuth
0x000000000a54a000 	/System/Library/PrivateFrameworks/login.framework/Versions/A/Frameworks/loginsupport.framework/Versions/A/loginsupport
0x000000000a54a000 	/System/Library/PrivateFrameworks/TCC.framework/Versions/A/TCC
0x000000000a54a000 	/usr/lib/libmecabra.dylib
0x000000000a54a000 	/System/Library/PrivateFrameworks/LanguageModeling.framework/Versions/A/LanguageModeling
0x000000000a54a000 	/usr/lib/libcmph.dylib
0x000000000a54a000 	/usr/lib/libiconv.2.dylib
0x000000000a54a000 	/System/Library/Frameworks/OpenDirectory.framework/Versions/A/Frameworks/CFOpenDirectory.framework/Versions/A/CFOpenDirectory
0x000000000a54a000 	/System/Library/Frameworks/ServiceManagement.framework/Versions/A/ServiceManagement
0x000000000a54a000 	/usr/lib/libxslt.1.dylib
0x000000000a54a000 	/System/Library/Frameworks/Carbon.framework/Versions/A/Frameworks/Ink.framework/Versions/A/Ink
0x000000000a54a000 	/System/Library/Frameworks/ApplicationServices.framework/Versions/A/Frameworks/ATS.framework/Versions/A/ATS
0x000000000a54a000 	/System/Library/Frameworks/ApplicationServices.framework/Versions/A/Frameworks/ColorSync.framework/Versions/A/ColorSync
0x000000000a54a000 	/System/Library/Frameworks/ApplicationServices.framework/Versions/A/Frameworks/HIServices.framework/Versions/A/HIServices
0x000000000a54a000 	/System/Library/Frameworks/ApplicationServices.framework/Versions/A/Frameworks/LangAnalysis.framework/Versions/A/LangAnalysis
0x000000000a54a000 	/System/Library/Frameworks/ApplicationServices.framework/Versions/A/Frameworks/PrintCore.framework/Versions/A/PrintCore
0x000000000a54a000 	/System/Library/Frameworks/ApplicationServices.framework/Versions/A/Frameworks/QD.framework/Versions/A/QD
0x000000000a54a000 	/System/Library/Frameworks/ApplicationServices.framework/Versions/A/Frameworks/SpeechSynthesis.framework/Versions/A/SpeechSynthesis
0x000000000a54a000 	/System/Library/Frameworks/Accelerate.framework/Versions/A/Accelerate
0x000000000a54a000 	/System/Library/Frameworks/Accelerate.framework/Versions/A/Frameworks/vImage.framework/Versions/A/vImage
0x000000000a54a000 	/System/Library/Frameworks/Accelerate.framework/Versions/A/Frameworks/vecLib.framework/Versions/A/vecLib
0x000000000a54a000 	/System/Library/Frameworks/Accelerate.framework/Versions/A/Frameworks/vecLib.framework/Versions/A/libvDSP.dylib
0x000000000a54a000 	/System/Library/Frameworks/Accelerate.framework/Versions/A/Frameworks/vecLib.framework/Versions/A/libvMisc.dylib
0x000000000a54a000 	/System/Library/Frameworks/Accelerate.framework/Versions/A/Frameworks/vecLib.framework/Versions/A/libLAPACK.dylib
0x000000000a54a000 	/System/Library/Frameworks/Accelerate.framework/Versions/A/Frameworks/vecLib.framework/Versions/A/libBLAS.dylib
0x000000000a54a000 	/System/Library/Frameworks/Accelerate.framework/Versions/A/Frameworks/vecLib.framework/Versions/A/libLinearAlgebra.dylib
0x000000000a54a000 	/System/Library/Frameworks/ApplicationServices.framework/Versions/A/Frameworks/ATS.framework/Versions/A/Resources/libFontParser.dylib
0x000000000a54a000 	/System/Library/Frameworks/ApplicationServices.framework/Versions/A/Frameworks/ATS.framework/Versions/A/Resources/libFontRegistry.dylib
0x000000000a54a000 	/System/Library/PrivateFrameworks/AppleVPA.framework/Versions/A/AppleVPA
0x000000000a54a000 	/System/Library/PrivateFrameworks/AppleJPEG.framework/Versions/A/AppleJPEG
0x000000000a54a000 	/System/Library/Frameworks/ImageIO.framework/Versions/A/Resources/libJPEG.dylib
0x000000000a54a000 	/System/Library/Frameworks/ImageIO.framework/Versions/A/Resources/libTIFF.dylib
0x000000000a54a000 	/System/Library/Frameworks/ImageIO.framework/Versions/A/Resources/libPng.dylib
0x000000000a54a000 	/System/Library/Frameworks/ImageIO.framework/Versions/A/Resources/libGIF.dylib
0x000000000a54a000 	/System/Library/Frameworks/ImageIO.framework/Versions/A/Resources/libJP2.dylib
0x000000000a54a000 	/System/Library/Frameworks/ImageIO.framework/Versions/A/Resources/libRadiance.dylib
0x000000000a54a000 	/System/Library/Frameworks/CoreVideo.framework/Versions/A/CoreVideo
0x000000000a54a000 	/System/Library/Frameworks/OpenGL.framework/Versions/A/Libraries/libGLU.dylib
0x000000000a54a000 	/System/Library/Frameworks/OpenGL.framework/Versions/A/Libraries/libGFXShared.dylib
0x000000000a54a000 	/System/Library/Frameworks/OpenGL.framework/Versions/A/Libraries/libGL.dylib
0x000000000a54a000 	/System/Library/Frameworks/OpenGL.framework/Versions/A/Libraries/libGLImage.dylib
0x000000000a54a000 	/System/Library/Frameworks/OpenGL.framework/Versions/A/Libraries/libCVMSPluginSupport.dylib
0x000000000a54a000 	/System/Library/Frameworks/OpenGL.framework/Versions/A/Libraries/libCoreVMClient.dylib
0x000000000a54a000 	/usr/lib/libcups.2.dylib
0x000000000a54a000 	/System/Library/Frameworks/Kerberos.framework/Versions/A/Kerberos
0x000000000a54a000 	/System/Library/Frameworks/GSS.framework/Versions/A/GSS
0x000000000a54a000 	/usr/lib/libresolv.9.dylib
0x000000000a54a000 	/System/Library/PrivateFrameworks/Heimdal.framework/Versions/A/Heimdal
0x000000000a54a000 	/usr/lib/libheimdal-asn1.dylib
0x000000000a54a000 	/System/Library/Frameworks/OpenDirectory.framework/Versions/A/OpenDirectory
0x000000000a54a000 	/System/Library/PrivateFrameworks/CommonAuth.framework/Versions/A/CommonAuth
0x000000000a54a000 	/System/Library/Frameworks/SecurityFoundation.framework/Versions/A/SecurityFoundation
0x000000000a54a000 	/System/Library/Frameworks/QuartzCore.framework/Versions/A/Frameworks/CoreImage.framework/Versions/A/CoreImage
0x000000000a54a000 	/System/Library/PrivateFrameworks/CrashReporterSupport.framework/Versions/A/CrashReporterSupport
0x000000000a54a000 	/System/Library/Frameworks/OpenCL.framework/Versions/A/OpenCL
0x000000000a54a000 	/System/Library/PrivateFrameworks/FaceCore.framework/Versions/A/FaceCore
0x000000000a54a000 	/System/Library/PrivateFrameworks/Ubiquity.framework/Versions/A/Ubiquity
0x000000000a54a000 	/System/Library/PrivateFrameworks/IconServices.framework/Versions/A/IconServices
0x000000000a54a000 	/System/Library/PrivateFrameworks/ChunkingLibrary.framework/Versions/A/ChunkingLibrary
0x000000000a54a000 	/System/Library/PrivateFrameworks/Apple80211.framework/Versions/A/Apple80211
0x000000000a54a000 	/System/Library/Frameworks/CoreWLAN.framework/Versions/A/CoreWLAN
0x000000000a54a000 	/System/Library/Frameworks/IOBluetooth.framework/Versions/A/IOBluetooth
0x000000000a54a000 	/System/Library/PrivateFrameworks/CoreWiFi.framework/Versions/A/CoreWiFi
0x000000000a54a000 	/System/Library/Frameworks/CoreBluetooth.framework/Versions/A/CoreBluetooth
0x000000000a54a000 	/System/Library/PrivateFrameworks/DebugSymbols.framework/Versions/A/DebugSymbols
0x000000000a54a000 	/System/Library/PrivateFrameworks/CoreSymbolication.framework/Versions/A/CoreSymbolication
0x000000000a54a000 	/System/Library/PrivateFrameworks/Symbolication.framework/Versions/A/Symbolication
0x000000000a54a000 	/System/Library/PrivateFrameworks/SpeechRecognitionCore.framework/Versions/A/SpeechRecognitionCore
0x000000010ea00000 	/Applications/jMonkeyPlatform.app/Contents/Resources/jmonkeyplatform/jdk/jre/lib/server/libjvm.dylib
0x000000000a54a000 	/usr/lib/libstdc++.6.dylib
0x000000010d921000 	/Applications/jMonkeyPlatform.app/Contents/Resources/jmonkeyplatform/jdk/jre/lib/libverify.dylib
0x000000010d92e000 	/Applications/jMonkeyPlatform.app/Contents/Resources/jmonkeyplatform/jdk/jre/lib/libjava.dylib
0x000000010d968000 	/Applications/jMonkeyPlatform.app/Contents/Resources/jmonkeyplatform/jdk/jre/lib/libzip.dylib
0x000000011e7a3000 	/System/Library/Frameworks/JavaVM.framework/Frameworks/JavaRuntimeSupport.framework/JavaRuntimeSupport
0x000000011e7bb000 	/System/Library/Frameworks/JavaVM.framework/Versions/A/Frameworks/JavaNativeFoundation.framework/Versions/A/JavaNativeFoundation
0x000000010d9ed000 	/System/Library/Frameworks/JavaVM.framework/Versions/A/JavaVM
0x000000000a54a000 	/System/Library/Frameworks/Carbon.framework/Versions/A/Carbon
0x000000011e7d0000 	/System/Library/PrivateFrameworks/JavaLaunching.framework/Versions/A/JavaLaunching
0x000000000a54a000 	/System/Library/Frameworks/Carbon.framework/Versions/A/Frameworks/CommonPanels.framework/Versions/A/CommonPanels
0x000000000a54a000 	/System/Library/Frameworks/Carbon.framework/Versions/A/Frameworks/Help.framework/Versions/A/Help
0x000000000a54a000 	/System/Library/Frameworks/Carbon.framework/Versions/A/Frameworks/ImageCapture.framework/Versions/A/ImageCapture
0x000000000a54a000 	/System/Library/Frameworks/Carbon.framework/Versions/A/Frameworks/OpenScripting.framework/Versions/A/OpenScripting
0x000000000a54a000 	/System/Library/Frameworks/Carbon.framework/Versions/A/Frameworks/Print.framework/Versions/A/Print
0x000000000a54a000 	/System/Library/Frameworks/Carbon.framework/Versions/A/Frameworks/SecurityHI.framework/Versions/A/SecurityHI
0x0000000120728000 	/Applications/jMonkeyPlatform.app/Contents/Resources/jmonkeyplatform/jdk/jre/lib/libawt.dylib
0x00000001207d7000 	/Applications/jMonkeyPlatform.app/Contents/Resources/jmonkeyplatform/jdk/jre/lib/./libmlib_image.dylib
0x00000001208a3000 	/Applications/jMonkeyPlatform.app/Contents/Resources/jmonkeyplatform/jdk/jre/lib/lwawt/liblwawt.dylib
0x0000000120957000 	/Applications/jMonkeyPlatform.app/Contents/Resources/jmonkeyplatform/jdk/jre/lib/libosxapp.dylib
0x000000000a54a000 	/System/Library/Frameworks/ExceptionHandling.framework/Versions/A/ExceptionHandling
0x000000000a54a000 	/System/Library/PrivateFrameworks/CoreServicesInternal.framework/Versions/A/CoreServicesInternal
0x000000000a54a000 	/System/Library/PrivateFrameworks/CloudDocs.framework/Versions/A/CloudDocs
0x000000000a54a000 	/System/Library/PrivateFrameworks/CoreDuet.framework/Versions/A/CoreDuet
0x000000000a54a000 	/System/Library/Frameworks/CloudKit.framework/Versions/A/CloudKit
0x000000000a54a000 	/System/Library/PrivateFrameworks/ProtocolBuffer.framework/Versions/A/ProtocolBuffer
0x000000000a54a000 	/System/Library/PrivateFrameworks/CoreDuetDaemonProtocol.framework/Versions/A/CoreDuetDaemonProtocol
0x000000000a54a000 	/System/Library/PrivateFrameworks/CoreDuetDebugLogging.framework/Versions/A/CoreDuetDebugLogging
0x000000000a54a000 	/System/Library/Frameworks/CoreLocation.framework/Versions/A/CoreLocation
0x000000000a54a000 	/System/Library/Frameworks/Accounts.framework/Versions/A/Accounts
0x000000000a54a000 	/System/Library/PrivateFrameworks/ApplePushService.framework/Versions/A/ApplePushService
0x000000000a54a000 	/System/Library/PrivateFrameworks/GeoServices.framework/Versions/A/GeoServices
0x000000000a54a000 	/System/Library/PrivateFrameworks/OAuth.framework/Versions/A/OAuth
0x000000000a54a000 	/System/Library/PrivateFrameworks/CoreDaemon.framework/Versions/B/CoreDaemon
0x000000000a54a000 	/usr/lib/libcrypto.0.9.8.dylib
0x000000000a54a000 	/System/Library/PrivateFrameworks/AppleSRP.framework/Versions/A/AppleSRP
0x000000000a54a000 	/System/Library/PrivateFrameworks/TrustEvaluationAgent.framework/Versions/A/TrustEvaluationAgent
0x000000000a54a000 	/System/Library/Frameworks/CoreGraphics.framework/Versions/A/Resources/libCGCMS.A.dylib
0x000000000a54a000 	/System/Library/Frameworks/CoreGraphics.framework/Versions/A/Resources/libRIP.A.dylib
0x000000000a54a000 	/System/Library/Frameworks/CoreGraphics.framework/Versions/A/Resources/libCGXType.A.dylib
0x000000000a54a000 	/System/Library/Frameworks/OpenCL.framework/Versions/A/Libraries/libcldcpuengine.dylib
0x000000000a54a000 	/System/Library/PrivateFrameworks/DiskImages.framework/Versions/A/DiskImages
0x000000000a54a000 	/System/Library/Frameworks/DiscRecording.framework/Versions/A/DiscRecording
0x000000000a54a000 	/usr/lib/libcsfde.dylib
0x000000000a54a000 	/usr/lib/libcurl.4.dylib
0x000000000a54a000 	/System/Library/PrivateFrameworks/MediaKit.framework/Versions/A/MediaKit
0x000000000a54a000 	/System/Library/PrivateFrameworks/ProtectedCloudStorage.framework/Versions/A/ProtectedCloudStorage
0x000000000a54a000 	/usr/lib/libCoreStorage.dylib
0x000000000a54a000 	/System/Library/PrivateFrameworks/EFILogin.framework/Versions/A/EFILogin
0x000000000a54a000 	/usr/lib/libutil.dylib
0x000000000a54a000 	/System/Library/PrivateFrameworks/FindMyDevice.framework/Versions/A/FindMyDevice
0x000000000a54a000 	/System/Library/Frameworks/LDAP.framework/Versions/A/LDAP
0x000000000a54a000 	/usr/lib/libsasl2.2.dylib
0x00000001239b4000 	cl_kernels
0x00000001239b6000 	/System/Library/Frameworks/OpenCL.framework/Versions/A/Libraries/ImageFormats/unorm8_bgra.dylib
0x00000001239a6000 	cl_kernels
0x000000000a54a000 	/System/Library/PrivateFrameworks/FamilyControls.framework/Versions/A/FamilyControls
0x000000000a54a000 	/System/Library/PrivateFrameworks/CommerceKit.framework/Versions/A/Frameworks/CommerceCore.framework/Versions/A/CommerceCore
0x000000000a54a000 	/System/Library/PrivateFrameworks/SystemAdministration.framework/Versions/A/SystemAdministration
0x000000000a54a000 	/System/Library/PrivateFrameworks/AppContainer.framework/Versions/A/AppContainer
0x000000000a54a000 	/System/Library/PrivateFrameworks/SecCodeWrapper.framework/Versions/A/SecCodeWrapper
0x000000000a54a000 	/System/Library/Frameworks/DirectoryService.framework/Versions/A/DirectoryService
0x000000000a54a000 	/System/Library/PrivateFrameworks/LoginUIKit.framework/Versions/A/Frameworks/LoginUICore.framework/Versions/A/LoginUICore
0x000000000a54a000 	/usr/lib/libodfde.dylib
0x000000000a54a000 	/System/Library/Frameworks/OpenGL.framework/Versions/A/Resources/GLEngine.bundle/GLEngine
0x000000000a54a000 	/System/Library/Frameworks/OpenGL.framework/Versions/A/Libraries/libGLProgrammability.dylib
0x0000000000000000 	/System/Library/Extensions/AppleIntelHD4000GraphicsGLDriver.bundle/Contents/MacOS/AppleIntelHD4000GraphicsGLDriver
0x000000000a54a000 	/System/Library/PrivateFrameworks/IOAccelerator.framework/Versions/A/IOAccelerator
0x000000000a54a000 	/System/Library/PrivateFrameworks/GPUSupport.framework/Versions/A/Libraries/libGPUSupportMercury.dylib
0x0000000000000000 	/System/Library/Extensions/GeForceGLDriver.bundle/Contents/MacOS/GeForceGLDriver
0x000000000a54a000 	/System/Library/Extensions/GeForceGLDriver.bundle/Contents/MacOS/libclh.dylib
0x000000000a54a000 	/System/Library/Frameworks/OpenGL.framework/Versions/A/Resources/GLRendererFloat.bundle/GLRendererFloat
0x0000000125b34000 	/Applications/jMonkeyPlatform.app/Contents/Resources/jmonkeyplatform/jdk/jre/lib/libfontmanager.dylib
0x0000000125c9e000 	/Applications/jMonkeyPlatform.app/Contents/Resources/jmonkeyplatform/jdk/jre/lib/libosxui.dylib
0x0000000125ca7000 	/Applications/jMonkeyPlatform.app/Contents/Resources/jmonkeyplatform/jdk/jre/lib/libosx.dylib
0x0000000127aaa000 	/Library/ScriptingAdditions/SwitchResX Extensions.osax/Contents/MacOS/SwitchResX Extensions
0x0000000127b3e000 	/Applications/jMonkeyPlatform.app/Contents/Resources/jmonkeyplatform/jdk/jre/lib/libnet.dylib
0x0000000127988000 	/Applications/jMonkeyPlatform.app/Contents/Resources/jmonkeyplatform/jdk/jre/lib/libnio.dylib
0x000000000a54a000 	/System/Library/Frameworks/Accelerate.framework/Versions/A/Frameworks/vImage.framework/Versions/A/Libraries/libCGInterfaces.dylib
0x0000000126d36000 	/Users/crisscrosskao/Documents/GitHub/CubeField/liblwjgl.dylib
0x0000000125fa5000 	/Applications/jMonkeyPlatform.app/Contents/Resources/jmonkeyplatform/jdk/jre/lib/libjawt.dylib
0x000000012735d000 	/Users/crisscrosskao/Documents/GitHub/CubeField/openal.dylib
0x00000001275a3000 	/System/Library/Components/CoreAudio.component/Contents/MacOS/CoreAudio
0x00000001273e0000 	/System/Library/Extensions/AppleHDA.kext/Contents/PlugIns/AppleHDAHALPlugIn.bundle/Contents/MacOS/AppleHDAHALPlugIn
0x00000001278f5000 	/Users/crisscrosskao/LeapSDK/lib/libLeapJava.dylib
0x0000000128c3f000 	/Users/crisscrosskao/LeapSDK/lib/libLeap.dylib

VM Arguments:
jvm_args: -Dfile.encoding=UTF-8 -Djava.library.path=/Users/crisscrosskao/LeapSDK/lib 
java_command: mygame.Main
Launcher Type: SUN_STANDARD

Environment Variables:
PATH=/usr/bin:/bin:/usr/sbin:/sbin
LD_LIBRARY_PATH=/Applications/jMonkeyPlatform.app/Contents/MacOS/../Resources/jmonkeyplatform/bin/../jdk/jre/lib/amd64:/Applications/jMonkeyPlatform.app/Contents/MacOS/../Resources/jmonkeyplatform/bin/../jdk/jre/lib/i386:
SHELL=/bin/bash
DISPLAY=/private/tmp/com.apple.launchd.GYPDvdkK5p/org.macosforge.xquartz:0

Signal Handlers:
SIGSEGV: [libjvm.dylib+0x525425], sa_mask[0]=0xfffefeff, sa_flags=0x00000043
SIGBUS: [libjvm.dylib+0x525425], sa_mask[0]=0xfffefeff, sa_flags=0x00000042
SIGFPE: [libjvm.dylib+0x41892a], sa_mask[0]=0xfffefeff, sa_flags=0x00000042
SIGPIPE: [libjvm.dylib+0x41892a], sa_mask[0]=0xfffefeff, sa_flags=0x00000042
SIGXFSZ: [libjvm.dylib+0x41892a], sa_mask[0]=0xfffefeff, sa_flags=0x00000042
SIGILL: [libjvm.dylib+0x41892a], sa_mask[0]=0xfffefeff, sa_flags=0x00000042
SIGUSR1: SIG_DFL, sa_mask[0]=0x00000000, sa_flags=0x00000000
SIGUSR2: [libjvm.dylib+0x41841c], sa_mask[0]=0x00000004, sa_flags=0x00000042
SIGHUP: [libjvm.dylib+0x4166ab], sa_mask[0]=0xfffefeff, sa_flags=0x00000042
SIGINT: SIG_IGN, sa_mask[0]=0x00000000, sa_flags=0x00000000
SIGTERM: [libjvm.dylib+0x4166ab], sa_mask[0]=0xfffefeff, sa_flags=0x00000042
SIGQUIT: [libjvm.dylib+0x4166ab], sa_mask[0]=0xfffefeff, sa_flags=0x00000042


---------------  S Y S T E M  ---------------

OS:Bsduname:Darwin 14.0.0 Darwin Kernel Version 14.0.0: Fri Sep 19 00:26:44 PDT 2014; root:xnu-2782.1.97~2/RELEASE_X86_64 x86_64
rlimit: STACK 8192k, CORE 0k, NPROC 709, NOFILE 10240, AS infinity
load average:1.89 1.98 1.97

CPU:total 8 (4 cores per cpu, 2 threads per core) family 6 model 58 stepping 9, cmov, cx8, fxsr, mmx, sse, sse2, sse3, ssse3, sse4.1, sse4.2, popcnt, avx, aes, erms, ht, tsc, tscinvbit, tscinv

Memory: 4k page, physical 16777216k(4194304k free)

/proc/meminfo:


vm_info: Java HotSpot(TM) 64-Bit Server VM (24.51-b03) for bsd-amd64 JRE (1.7.0_51-b13), built on Dec 18 2013 18:45:56 by "java_re" with gcc 4.2.1 (Based on Apple Inc. build 5658) (LLVM build 2336.11.00)

time: Mon Dec  8 23:53:46 2014
elapsed time: 10 seconds

