#
# A fatal error has been detected by the Java Runtime Environment:
#
#  SIGSEGV (0xb) at pc=0x000000011e5eadde, pid=4406, tid=79363
#
# JRE version: Java(TM) SE Runtime Environment (7.0_51-b13) (build 1.7.0_51-b13)
# Java VM: Java HotSpot(TM) 64-Bit Server VM (24.51-b03 mixed mode bsd-amd64 compressed oops)
# Problematic frame:
# C  [libLeap.dylib+0x2adde]  Leap::InteractionBox::toCString() const+0x29de
#
# Failed to write core dump. Core dumps have been disabled. To enable core dumping, try "ulimit -c unlimited" before starting Java again
#
# If you would like to submit a bug report, please visit:
#   http://bugreport.sun.com/bugreport/crash.jsp
#

---------------  T H R E A D  ---------------

Current thread is native thread

siginfo:si_signo=SIGSEGV: si_errno=0, si_code=0 (SEGV0), si_addr=0x0000000000000000

Registers:
RAX=0x400007fab0746a3f, RBX=0x0000000000000001, RCX=0x0000000000000000, RDX=0x00007fab0741b5c0
RSP=0x000000011e9eddc0, RBP=0x000000011e9edeb0, RSI=0x0001c6000001c600, RDI=0x000000011e9edd30
R8 =0x000000011e9edce0, R9 =0x00000000ff800000, R10=0x0000000000000020, R11=0x00007fab07400000
R12=0x00007fab07289070, R13=0x00007fab072d2d40, R14=0x00007fab0741aca0, R15=0x00007fab00733b10
RIP=0x000000011e5eadde, EFLAGS=0x0000000000010202, ERR=0x0000000000000000
  TRAPNO=0x000000000000000d

Top of Stack: (sp=0x000000011e9eddc0)
0x000000011e9eddc0:   00007fab0223d2d8 00007fab0223d218
0x000000011e9eddd0:   00007fab0223d258 00007fab0223cfe8
0x000000011e9edde0:   00007fab0223cfb8 00007fab0223d298
0x000000011e9eddf0:   0000000100000000 00007fab0223cf90
0x000000011e9ede00:   00007fab0223ce00 0000000000000000
0x000000011e9ede10:   0000000000000000 00007fab072d2d40
0x000000011e9ede20:   00007fab072d2d40 0000000000000001
0x000000011e9ede30:   00007fab07289070 00007fab07289070
0x000000011e9ede40:   0000000000000001 0000000000000000
0x000000011e9ede50:   00007fab0223cfb8 00007fab0741cc60
0x000000011e9ede60:   00007fab0223d298 00007fab0741eb01
0x000000011e9ede70:   00007fab0223cfe8 00007fab0741d000
0x000000011e9ede80:   000000011e9ede38 00007fab0741eb50
0x000000011e9ede90:   0000000000013603 00000000000008ff
0x000000011e9edea0:   00007fab0741ed70 00007fab0741ed70
0x000000011e9edeb0:   000000011e9edef0 000000011e6387b5
0x000000011e9edec0:   0000000000000000 000000011e9ee000
0x000000011e9eded0:   0000000000013603 00000000000008ff
0x000000011e9edee0:   00007fab0741eb50 000000011e638730
0x000000011e9edef0:   000000011e9edf10 00007fff929d52fc
0x000000011e9edf00:   0000000000013603 000000011e9ee000
0x000000011e9edf10:   000000011e9edf50 00007fff929d5279
0x000000011e9edf20:   0000000000000000 0000000000000000
0x000000011e9edf30:   0000000000000000 0000000000000000
0x000000011e9edf40:   0000000000000000 0000000000000000
0x000000011e9edf50:   000000011e9edf78 00007fff929d34b1
0x000000011e9edf60:   0000000000000000 0000000000000000
0x000000011e9edf70:   0000000000000000 0000000000000000
0x000000011e9edf80:   0000000000000000 0000000000000000
0x000000011e9edf90:   0000000000000000 0000000000000000
0x000000011e9edfa0:   0000000000000000 0000000000000000
0x000000011e9edfb0:   0000000000000000 0000000000000000 

Instructions: (pc=0x000000011e5eadde)
0x000000011e5eadbe:   8b 40 38 4c 89 f7 4c 89 fe ff d0 eb 0c 48 8b 40
0x000000011e5eadce:   40 4c 89 f7 4c 89 fe ff d0 85 db 74 0f 49 8b 06
0x000000011e5eadde:   48 8b 40 30 4c 89 f7 4c 89 fe ff d0 49 8b 45 08
0x000000011e5eadee:   48 85 c0 74 2d 66 66 66 66 2e 0f 1f 84 00 00 00 

Register to memory mapping:

RAX=0x400007fab0746a3f is an unknown value
RBX=0x0000000000000001 is an unknown value
RCX=0x0000000000000000 is an unknown value
RDX=0x00007fab0741b5c0 is an unknown value
RSP=0x000000011e9eddc0 is an unknown value
RBP=0x000000011e9edeb0 is an unknown value
RSI=0x0001c6000001c600 is an unknown value
RDI=0x000000011e9edd30 is an unknown value
R8 =0x000000011e9edce0 is an unknown value
R9 =0x00000000ff800000 is an unknown value
R10=0x0000000000000020 is an unknown value
R11=0x00007fab07400000 is an unknown value
R12=0x00007fab07289070 is an unknown value
R13=0x00007fab072d2d40 is an unknown value
R14=0x00007fab0741aca0 is an unknown value
R15=0x00007fab00733b10 is an unknown value


Stack: [0x000000011e96e000,0x000000011e9ee000],  sp=0x000000011e9eddc0,  free space=511k
Native frames: (J=compiled Java code, j=interpreted, Vv=VM code, C=native code)
C  [libLeap.dylib+0x2adde]  Leap::InteractionBox::toCString() const+0x29de
C  [libLeap.dylib+0x787b5]  Leap::Tool::toCString() const+0x382d5
C  [libsystem_pthread.dylib+0x32fc]  _pthread_body+0x83
C  [libsystem_pthread.dylib+0x3279]  _pthread_body+0x0
C  [libsystem_pthread.dylib+0x14b1]  thread_start+0xd


---------------  P R O C E S S  ---------------

VM state:not at safepoint (normal execution)

VM Mutex/Monitor currently owned by a thread: None

Heap
 PSYoungGen      total 76800K, used 6542K [0x00000007aaa80000, 0x00000007b0000000, 0x0000000800000000)
  eden space 66048K, 1% used [0x00000007aaa80000,0x00000007aab30c08,0x00000007aeb00000)
  from space 10752K, 54% used [0x00000007aeb00000,0x00000007af0b2e30,0x00000007af580000)
  to   space 10752K, 0% used [0x00000007af580000,0x00000007af580000,0x00000007b0000000)
 ParOldGen       total 174592K, used 24K [0x0000000700000000, 0x000000070aa80000, 0x00000007aaa80000)
  object space 174592K, 0% used [0x0000000700000000,0x0000000700006000,0x000000070aa80000)
 PSPermGen       total 21504K, used 18113K [0x00000006fae00000, 0x00000006fc300000, 0x0000000700000000)
  object space 21504K, 84% used [0x00000006fae00000,0x00000006fbfb0690,0x00000006fc300000)

Card table byte_map: [0x0000000107f13000,0x000000010873d000] byte_map_base: 0x000000010473c000

Polling page: 0x00000001033d8000

Code Cache  [0x0000000104e53000, 0x00000001050c3000, 0x0000000107e53000)
 total_blobs=918 nmethods=320 adapters=552 free_code_cache=47843Kb largest_free_block=48896896

Compilation events (10 events):
Event: 8.337 Thread 0x00007fab02035800 nmethod 326 0x0000000104f9da10 code [0x0000000104f9db40, 0x0000000104f9db98]
Event: 8.337 Thread 0x00007fab0302b000 nmethod 325 0x0000000104fa58d0 code [0x0000000104fa5a00, 0x0000000104fa5a98]
Event: 8.368 Thread 0x00007fab02035800  327             com.jme3.scene.Spatial::updateWorldBound (12 bytes)
Event: 8.368 Thread 0x00007fab02035800 nmethod 327 0x0000000104fa56d0 code [0x0000000104fa5800, 0x0000000104fa5858]
Event: 8.483 Thread 0x00007fab0302b000  328             com.jme3.scene.Spatial::setTransformRefresh (15 bytes)
Event: 8.484 Thread 0x00007fab0302b000 nmethod 328 0x0000000104fa5490 code [0x0000000104fa55c0, 0x0000000104fa5658]
Event: 8.587 Thread 0x00007fab02035800  329             com.jme3.scene.Node::getChild (12 bytes)
Event: 8.587 Thread 0x00007fab02035800 nmethod 329 0x0000000104fa5110 code [0x0000000104fa5260, 0x0000000104fa5358]
Event: 8.635 Thread 0x00007fab0302b000  330             com.jme3.bounding.BoundingBox::mergeLocal (397 bytes)
Event: 8.637 Thread 0x00007fab0302b000 nmethod 330 0x0000000104f31c90 code [0x0000000104f31e20, 0x0000000104f320b8]

GC Heap History (6 events):
Event: 3.102 GC heap before
{Heap before GC invocations=1 (full 0):
 PSYoungGen      total 76800K, used 66048K [0x00000007aaa80000, 0x00000007b0000000, 0x0000000800000000)
  eden space 66048K, 100% used [0x00000007aaa80000,0x00000007aeb00000,0x00000007aeb00000)
  from space 10752K, 0% used [0x00000007af580000,0x00000007af580000,0x00000007b0000000)
  to   space 10752K, 0% used [0x00000007aeb00000,0x00000007aeb00000,0x00000007af580000)
 ParOldGen       total 174592K, used 0K [0x0000000700000000, 0x000000070aa80000, 0x00000007aaa80000)
  object space 174592K, 0% used [0x0000000700000000,0x0000000700000000,0x000000070aa80000)
 PSPermGen       total 21504K, used 17717K [0x00000006fae00000, 0x00000006fc300000, 0x0000000700000000)
  object space 21504K, 82% used [0x00000006fae00000,0x00000006fbf4d478,0x00000006fc300000)
Event: 3.111 GC heap after
Heap after GC invocations=1 (full 0):
 PSYoungGen      total 76800K, used 8417K [0x00000007aaa80000, 0x00000007b0000000, 0x0000000800000000)
  eden space 66048K, 0% used [0x00000007aaa80000,0x00000007aaa80000,0x00000007aeb00000)
  from space 10752K, 78% used [0x00000007aeb00000,0x00000007af338708,0x00000007af580000)
  to   space 10752K, 0% used [0x00000007af580000,0x00000007af580000,0x00000007b0000000)
 ParOldGen       total 174592K, used 8K [0x0000000700000000, 0x000000070aa80000, 0x00000007aaa80000)
  object space 174592K, 0% used [0x0000000700000000,0x0000000700002000,0x000000070aa80000)
 PSPermGen       total 21504K, used 17717K [0x00000006fae00000, 0x00000006fc300000, 0x0000000700000000)
  object space 21504K, 82% used [0x00000006fae00000,0x00000006fbf4d478,0x00000006fc300000)
}
Event: 6.996 GC heap before
{Heap before GC invocations=2 (full 0):
 PSYoungGen      total 76800K, used 74465K [0x00000007aaa80000, 0x00000007b0000000, 0x0000000800000000)
  eden space 66048K, 100% used [0x00000007aaa80000,0x00000007aeb00000,0x00000007aeb00000)
  from space 10752K, 78% used [0x00000007aeb00000,0x00000007af338708,0x00000007af580000)
  to   space 10752K, 0% used [0x00000007af580000,0x00000007af580000,0x00000007b0000000)
 ParOldGen       total 174592K, used 8K [0x0000000700000000, 0x000000070aa80000, 0x00000007aaa80000)
  object space 174592K, 0% used [0x0000000700000000,0x0000000700002000,0x000000070aa80000)
 PSPermGen       total 21504K, used 18086K [0x00000006fae00000, 0x00000006fc300000, 0x0000000700000000)
  object space 21504K, 84% used [0x00000006fae00000,0x00000006fbfa99b0,0x00000006fc300000)
Event: 7.003 GC heap after
Heap after GC invocations=2 (full 0):
 PSYoungGen      total 76800K, used 9158K [0x00000007aaa80000, 0x00000007b0000000, 0x0000000800000000)
  eden space 66048K, 0% used [0x00000007aaa80000,0x00000007aaa80000,0x00000007aeb00000)
  from space 10752K, 85% used [0x00000007af580000,0x00000007afe719b8,0x00000007b0000000)
  to   space 10752K, 0% used [0x00000007aeb00000,0x00000007aeb00000,0x00000007af580000)
 ParOldGen       total 174592K, used 16K [0x0000000700000000, 0x000000070aa80000, 0x00000007aaa80000)
  object space 174592K, 0% used [0x0000000700000000,0x0000000700004000,0x000000070aa80000)
 PSPermGen       total 21504K, used 18086K [0x00000006fae00000, 0x00000006fc300000, 0x0000000700000000)
  object space 21504K, 84% used [0x00000006fae00000,0x00000006fbfa99b0,0x00000006fc300000)
}
Event: 10.529 GC heap before
{Heap before GC invocations=3 (full 0):
 PSYoungGen      total 76800K, used 75206K [0x00000007aaa80000, 0x00000007b0000000, 0x0000000800000000)
  eden space 66048K, 100% used [0x00000007aaa80000,0x00000007aeb00000,0x00000007aeb00000)
  from space 10752K, 85% used [0x00000007af580000,0x00000007afe719b8,0x00000007b0000000)
  to   space 10752K, 0% used [0x00000007aeb00000,0x00000007aeb00000,0x00000007af580000)
 ParOldGen       total 174592K, used 16K [0x0000000700000000, 0x000000070aa80000, 0x00000007aaa80000)
  object space 174592K, 0% used [0x0000000700000000,0x0000000700004000,0x000000070aa80000)
 PSPermGen       total 21504K, used 18110K [0x00000006fae00000, 0x00000006fc300000, 0x0000000700000000)
  object space 21504K, 84% used [0x00000006fae00000,0x00000006fbfaf998,0x00000006fc300000)
Event: 10.534 GC heap after
Heap after GC invocations=3 (full 0):
 PSYoungGen      total 76800K, used 5835K [0x00000007aaa80000, 0x00000007b0000000, 0x0000000800000000)
  eden space 66048K, 0% used [0x00000007aaa80000,0x00000007aaa80000,0x00000007aeb00000)
  from space 10752K, 54% used [0x00000007aeb00000,0x00000007af0b2e30,0x00000007af580000)
  to   space 10752K, 0% used [0x00000007af580000,0x00000007af580000,0x00000007b0000000)
 ParOldGen       total 174592K, used 24K [0x0000000700000000, 0x000000070aa80000, 0x00000007aaa80000)
  object space 174592K, 0% used [0x0000000700000000,0x0000000700006000,0x000000070aa80000)
 PSPermGen       total 21504K, used 18110K [0x00000006fae00000, 0x00000006fc300000, 0x0000000700000000)
  object space 21504K, 84% used [0x00000006fae00000,0x00000006fbfaf998,0x00000006fc300000)
}

Deoptimization events (10 events):
Event: 3.416 Thread 0x00007fab049ae800 Uncommon trap: reason=array_check action=maybe_recompile pc=0x0000000104f63094 method=com.jme3.util.SortUtil.merge([Ljava/lang/Object;[Ljava/lang/Object;IIILjava/util/Comparator;)V @ 56
Event: 3.416 Thread 0x00007fab049ae800 Uncommon trap: reason=array_check action=maybe_recompile pc=0x0000000104f6364c method=com.jme3.util.SortUtil.merge([Ljava/lang/Object;[Ljava/lang/Object;IIILjava/util/Comparator;)V @ 72
Event: 3.416 Thread 0x00007fab049ae800 Uncommon trap: reason=array_check action=maybe_recompile pc=0x0000000104f6364c method=com.jme3.util.SortUtil.merge([Ljava/lang/Object;[Ljava/lang/Object;IIILjava/util/Comparator;)V @ 72
Event: 3.502 Thread 0x00007fab049ae800 Uncommon trap: reason=predicate action=maybe_recompile pc=0x0000000104f65128 method=com.jme3.util.SortUtil.merge([Ljava/lang/Object;[Ljava/lang/Object;IIILjava/util/Comparator;)V @ 104
Event: 3.604 Thread 0x00007fab049ae800 Uncommon trap: reason=array_check action=maybe_recompile pc=0x0000000104f6ee28 method=com.jme3.util.SortUtil.merge([Ljava/lang/Object;[Ljava/lang/Object;IIILjava/util/Comparator;)V @ 116
Event: 3.604 Thread 0x00007fab049ae800 Uncommon trap: reason=array_check action=maybe_recompile pc=0x0000000104f6ee28 method=com.jme3.util.SortUtil.merge([Ljava/lang/Object;[Ljava/lang/Object;IIILjava/util/Comparator;)V @ 116
Event: 3.688 Thread 0x00007fab049ae800 Uncommon trap: reason=array_check action=maybe_recompile pc=0x0000000104f763c0 method=com.jme3.util.SortUtil.merge([Ljava/lang/Object;[Ljava/lang/Object;IIILjava/util/Comparator;)V @ 137
Event: 3.700 Thread 0x00007fab049ae800 Uncommon trap: reason=array_check action=maybe_recompile pc=0x0000000104f763c0 method=com.jme3.util.SortUtil.merge([Ljava/lang/Object;[Ljava/lang/Object;IIILjava/util/Comparator;)V @ 137
Event: 3.785 Thread 0x00007fab049ae800 Uncommon trap: reason=array_check action=maybe_recompile pc=0x0000000104f7c42c method=com.jme3.util.SortUtil.merge([Ljava/lang/Object;[Ljava/lang/Object;IIILjava/util/Comparator;)V @ 94
Event: 3.785 Thread 0x00007fab049ae800 Uncommon trap: reason=array_check action=maybe_recompile pc=0x0000000104f7c42c method=com.jme3.util.SortUtil.merge([Ljava/lang/Object;[Ljava/lang/Object;IIILjava/util/Comparator;)V @ 94

Internal exceptions (10 events):
Event: 3.155 Thread 0x00007fab049ae800 Threw 0x00000007ab200858 at /HUDSON/workspace/7u-2-build-macosx-x86_64/jdk7u51/527/hotspot/src/share/vm/prims/jvm.cpp:1244
Event: 3.185 Thread 0x00007fab049ae800 Threw 0x00000007ab2aba48 at /HUDSON/workspace/7u-2-build-macosx-x86_64/jdk7u51/527/hotspot/src/share/vm/prims/jvm.cpp:1244
Event: 3.186 Thread 0x00007fab049ae800 Threw 0x00000007ab2b6210 at /HUDSON/workspace/7u-2-build-macosx-x86_64/jdk7u51/527/hotspot/src/share/vm/prims/jvm.cpp:1244
Event: 3.186 Thread 0x00007fab049ae800 Threw 0x00000007ab2ba978 at /HUDSON/workspace/7u-2-build-macosx-x86_64/jdk7u51/527/hotspot/src/share/vm/prims/jvm.cpp:1244
Event: 3.187 Thread 0x00007fab049ae800 Threw 0x00000007ab2bf7a8 at /HUDSON/workspace/7u-2-build-macosx-x86_64/jdk7u51/527/hotspot/src/share/vm/prims/jvm.cpp:1244
Event: 3.187 Thread 0x00007fab049ae800 Threw 0x00000007ab2c2f20 at /HUDSON/workspace/7u-2-build-macosx-x86_64/jdk7u51/527/hotspot/src/share/vm/prims/jvm.cpp:1244
Event: 3.195 Thread 0x00007fab049ae800 Threw 0x00000007ab2cb030 at /HUDSON/workspace/7u-2-build-macosx-x86_64/jdk7u51/527/hotspot/src/share/vm/prims/jvm.cpp:1244
Event: 3.196 Thread 0x00007fab049ae800 Threw 0x00000007ab2cf7c8 at /HUDSON/workspace/7u-2-build-macosx-x86_64/jdk7u51/527/hotspot/src/share/vm/prims/jvm.cpp:1244
Event: 8.913 Thread 0x00007fab049ae800 Threw 0x00000007aaba9148 at /HUDSON/workspace/7u-2-build-macosx-x86_64/jdk7u51/527/hotspot/src/share/vm/prims/jvm.cpp:1244
Event: 9.431 Thread 0x00007fab02092800 Threw 0x00000007ad6360a0 at /HUDSON/workspace/7u-2-build-macosx-x86_64/jdk7u51/527/hotspot/src/share/vm/prims/jvm.cpp:2965

Events (10 events):
Event: 10.495 Thread 0x00007fab0806c000 Thread added: 0x00007fab0806c000
Event: 10.495 Thread 0x00007fab0806c000 Thread exited: 0x00007fab0806c000
Event: 10.506 Thread 0x00007fab0806c000 Thread added: 0x00007fab0806c000
Event: 10.506 Thread 0x00007fab0806c000 Thread exited: 0x00007fab0806c000
Event: 10.517 Thread 0x00007fab049ae800 Thread added: 0x00007fab049ae800
Event: 10.518 Thread 0x00007fab049ae800 Thread exited: 0x00007fab049ae800
Event: 10.529 Thread 0x00007fab032be000 Thread added: 0x00007fab032be000
Event: 10.529 Executing VM operation: ParallelGCFailedAllocation
Event: 10.534 Executing VM operation: ParallelGCFailedAllocation done
Event: 10.534 Thread 0x00007fab032be000 Thread exited: 0x00007fab032be000


Dynamic libraries:
0x00000000049cd000 	/System/Library/Frameworks/Cocoa.framework/Versions/A/Cocoa
0x00000000049cd000 	/System/Library/Frameworks/Security.framework/Versions/A/Security
0x00000000049cd000 	/System/Library/Frameworks/ApplicationServices.framework/Versions/A/ApplicationServices
0x00000000049cd000 	/usr/lib/libz.1.dylib
0x00000000049cd000 	/usr/lib/libSystem.B.dylib
0x00000000049cd000 	/usr/lib/libobjc.A.dylib
0x00000000049cd000 	/System/Library/Frameworks/CoreFoundation.framework/Versions/A/CoreFoundation
0x00000000049cd000 	/System/Library/Frameworks/Foundation.framework/Versions/C/Foundation
0x00000000049cd000 	/System/Library/Frameworks/AppKit.framework/Versions/C/AppKit
0x00000000049cd000 	/System/Library/Frameworks/CoreData.framework/Versions/A/CoreData
0x00000000049cd000 	/System/Library/PrivateFrameworks/RemoteViewServices.framework/Versions/A/RemoteViewServices
0x00000000049cd000 	/System/Library/PrivateFrameworks/UIFoundation.framework/Versions/A/UIFoundation
0x00000000049cd000 	/System/Library/Frameworks/IOSurface.framework/Versions/A/IOSurface
0x00000000049cd000 	/System/Library/Frameworks/AudioToolbox.framework/Versions/A/AudioToolbox
0x00000000049cd000 	/System/Library/Frameworks/AudioUnit.framework/Versions/A/AudioUnit
0x00000000049cd000 	/System/Library/PrivateFrameworks/DataDetectorsCore.framework/Versions/A/DataDetectorsCore
0x00000000049cd000 	/System/Library/PrivateFrameworks/DesktopServicesPriv.framework/Versions/A/DesktopServicesPriv
0x00000000049cd000 	/System/Library/Frameworks/Carbon.framework/Versions/A/Frameworks/HIToolbox.framework/Versions/A/HIToolbox
0x00000000049cd000 	/System/Library/Frameworks/QuartzCore.framework/Versions/A/QuartzCore
0x00000000049cd000 	/System/Library/Frameworks/Carbon.framework/Versions/A/Frameworks/SpeechRecognition.framework/Versions/A/SpeechRecognition
0x00000000049cd000 	/usr/lib/libauto.dylib
0x00000000049cd000 	/usr/lib/libicucore.A.dylib
0x00000000049cd000 	/usr/lib/libxml2.2.dylib
0x00000000049cd000 	/System/Library/PrivateFrameworks/CoreUI.framework/Versions/A/CoreUI
0x00000000049cd000 	/System/Library/Frameworks/CoreAudio.framework/Versions/A/CoreAudio
0x00000000049cd000 	/System/Library/Frameworks/DiskArbitration.framework/Versions/A/DiskArbitration
0x00000000049cd000 	/usr/lib/liblangid.dylib
0x00000000049cd000 	/System/Library/PrivateFrameworks/MultitouchSupport.framework/Versions/A/MultitouchSupport
0x00000000049cd000 	/System/Library/Frameworks/IOKit.framework/Versions/A/IOKit
0x00000000049cd000 	/usr/lib/libDiagnosticMessagesClient.dylib
0x00000000049cd000 	/System/Library/Frameworks/CoreServices.framework/Versions/A/CoreServices
0x00000000049cd000 	/System/Library/PrivateFrameworks/PerformanceAnalysis.framework/Versions/A/PerformanceAnalysis
0x00000000049cd000 	/System/Library/PrivateFrameworks/GenerationalStorage.framework/Versions/A/GenerationalStorage
0x00000000049cd000 	/System/Library/Frameworks/OpenGL.framework/Versions/A/OpenGL
0x00000000049cd000 	/System/Library/PrivateFrameworks/Sharing.framework/Versions/A/Sharing
0x00000000049cd000 	/System/Library/Frameworks/CoreGraphics.framework/Versions/A/CoreGraphics
0x00000000049cd000 	/System/Library/Frameworks/CoreText.framework/Versions/A/CoreText
0x00000000049cd000 	/System/Library/Frameworks/ImageIO.framework/Versions/A/ImageIO
0x00000000049cd000 	/usr/lib/libextension.dylib
0x00000000049cd000 	/System/Library/PrivateFrameworks/Backup.framework/Versions/A/Backup
0x00000000049cd000 	/usr/lib/libarchive.2.dylib
0x00000000049cd000 	/System/Library/Frameworks/CFNetwork.framework/Versions/A/CFNetwork
0x00000000049cd000 	/System/Library/Frameworks/SystemConfiguration.framework/Versions/A/SystemConfiguration
0x00000000049cd000 	/usr/lib/libCRFSuite.dylib
0x00000000049cd000 	/usr/lib/libc++.1.dylib
0x00000000049cd000 	/usr/lib/libc++abi.dylib
0x00000000049cd000 	/usr/lib/system/libcache.dylib
0x00000000049cd000 	/usr/lib/system/libcommonCrypto.dylib
0x00000000049cd000 	/usr/lib/system/libcompiler_rt.dylib
0x00000000049cd000 	/usr/lib/system/libcopyfile.dylib
0x00000000049cd000 	/usr/lib/system/libcorecrypto.dylib
0x00000000049cd000 	/usr/lib/system/libdispatch.dylib
0x00000000049cd000 	/usr/lib/system/libdyld.dylib
0x00000000049cd000 	/usr/lib/system/libkeymgr.dylib
0x00000000049cd000 	/usr/lib/system/liblaunch.dylib
0x00000000049cd000 	/usr/lib/system/libmacho.dylib
0x00000000049cd000 	/usr/lib/system/libquarantine.dylib
0x00000000049cd000 	/usr/lib/system/libremovefile.dylib
0x00000000049cd000 	/usr/lib/system/libsystem_asl.dylib
0x00000000049cd000 	/usr/lib/system/libsystem_blocks.dylib
0x00000000049cd000 	/usr/lib/system/libsystem_c.dylib
0x00000000049cd000 	/usr/lib/system/libsystem_configuration.dylib
0x00000000049cd000 	/usr/lib/system/libsystem_coreservices.dylib
0x00000000049cd000 	/usr/lib/system/libsystem_coretls.dylib
0x00000000049cd000 	/usr/lib/system/libsystem_dnssd.dylib
0x00000000049cd000 	/usr/lib/system/libsystem_info.dylib
0x00000000049cd000 	/usr/lib/system/libsystem_kernel.dylib
0x00000000049cd000 	/usr/lib/system/libsystem_m.dylib
0x00000000049cd000 	/usr/lib/system/libsystem_malloc.dylib
0x00000000049cd000 	/usr/lib/system/libsystem_network.dylib
0x00000000049cd000 	/usr/lib/system/libsystem_networkextension.dylib
0x00000000049cd000 	/usr/lib/system/libsystem_notify.dylib
0x00000000049cd000 	/usr/lib/system/libsystem_platform.dylib
0x00000000049cd000 	/usr/lib/system/libsystem_pthread.dylib
0x00000000049cd000 	/usr/lib/system/libsystem_sandbox.dylib
0x00000000049cd000 	/usr/lib/system/libsystem_secinit.dylib
0x00000000049cd000 	/usr/lib/system/libsystem_stats.dylib
0x00000000049cd000 	/usr/lib/system/libsystem_trace.dylib
0x00000000049cd000 	/usr/lib/system/libunc.dylib
0x00000000049cd000 	/usr/lib/system/libunwind.dylib
0x00000000049cd000 	/usr/lib/system/libxpc.dylib
0x00000000049cd000 	/usr/lib/libbz2.1.0.dylib
0x00000000049cd000 	/usr/lib/liblzma.5.dylib
0x00000000049cd000 	/usr/lib/libbsm.0.dylib
0x00000000049cd000 	/usr/lib/libsqlite3.dylib
0x00000000049cd000 	/usr/lib/system/libkxld.dylib
0x00000000049cd000 	/usr/lib/libxar.1.dylib
0x00000000049cd000 	/usr/lib/libpam.2.dylib
0x00000000049cd000 	/usr/lib/libOpenScriptingUtil.dylib
0x00000000049cd000 	/System/Library/Frameworks/CoreServices.framework/Versions/A/Frameworks/FSEvents.framework/Versions/A/FSEvents
0x00000000049cd000 	/System/Library/Frameworks/CoreServices.framework/Versions/A/Frameworks/CarbonCore.framework/Versions/A/CarbonCore
0x00000000049cd000 	/System/Library/Frameworks/CoreServices.framework/Versions/A/Frameworks/Metadata.framework/Versions/A/Metadata
0x00000000049cd000 	/System/Library/Frameworks/CoreServices.framework/Versions/A/Frameworks/OSServices.framework/Versions/A/OSServices
0x00000000049cd000 	/System/Library/Frameworks/CoreServices.framework/Versions/A/Frameworks/SearchKit.framework/Versions/A/SearchKit
0x00000000049cd000 	/System/Library/Frameworks/CoreServices.framework/Versions/A/Frameworks/AE.framework/Versions/A/AE
0x00000000049cd000 	/System/Library/Frameworks/CoreServices.framework/Versions/A/Frameworks/LaunchServices.framework/Versions/A/LaunchServices
0x00000000049cd000 	/System/Library/Frameworks/CoreServices.framework/Versions/A/Frameworks/DictionaryServices.framework/Versions/A/DictionaryServices
0x00000000049cd000 	/System/Library/Frameworks/NetFS.framework/Versions/A/NetFS
0x00000000049cd000 	/System/Library/PrivateFrameworks/NetAuth.framework/Versions/A/NetAuth
0x00000000049cd000 	/System/Library/PrivateFrameworks/login.framework/Versions/A/Frameworks/loginsupport.framework/Versions/A/loginsupport
0x00000000049cd000 	/System/Library/PrivateFrameworks/TCC.framework/Versions/A/TCC
0x00000000049cd000 	/usr/lib/libmecabra.dylib
0x00000000049cd000 	/System/Library/PrivateFrameworks/LanguageModeling.framework/Versions/A/LanguageModeling
0x00000000049cd000 	/usr/lib/libcmph.dylib
0x00000000049cd000 	/usr/lib/libiconv.2.dylib
0x00000000049cd000 	/System/Library/Frameworks/OpenDirectory.framework/Versions/A/Frameworks/CFOpenDirectory.framework/Versions/A/CFOpenDirectory
0x00000000049cd000 	/System/Library/Frameworks/ServiceManagement.framework/Versions/A/ServiceManagement
0x00000000049cd000 	/usr/lib/libxslt.1.dylib
0x00000000049cd000 	/System/Library/Frameworks/Carbon.framework/Versions/A/Frameworks/Ink.framework/Versions/A/Ink
0x00000000049cd000 	/System/Library/Frameworks/ApplicationServices.framework/Versions/A/Frameworks/ATS.framework/Versions/A/ATS
0x00000000049cd000 	/System/Library/Frameworks/ApplicationServices.framework/Versions/A/Frameworks/ColorSync.framework/Versions/A/ColorSync
0x00000000049cd000 	/System/Library/Frameworks/ApplicationServices.framework/Versions/A/Frameworks/HIServices.framework/Versions/A/HIServices
0x00000000049cd000 	/System/Library/Frameworks/ApplicationServices.framework/Versions/A/Frameworks/LangAnalysis.framework/Versions/A/LangAnalysis
0x00000000049cd000 	/System/Library/Frameworks/ApplicationServices.framework/Versions/A/Frameworks/PrintCore.framework/Versions/A/PrintCore
0x00000000049cd000 	/System/Library/Frameworks/ApplicationServices.framework/Versions/A/Frameworks/QD.framework/Versions/A/QD
0x00000000049cd000 	/System/Library/Frameworks/ApplicationServices.framework/Versions/A/Frameworks/SpeechSynthesis.framework/Versions/A/SpeechSynthesis
0x00000000049cd000 	/System/Library/Frameworks/Accelerate.framework/Versions/A/Accelerate
0x00000000049cd000 	/System/Library/Frameworks/Accelerate.framework/Versions/A/Frameworks/vImage.framework/Versions/A/vImage
0x00000000049cd000 	/System/Library/Frameworks/Accelerate.framework/Versions/A/Frameworks/vecLib.framework/Versions/A/vecLib
0x00000000049cd000 	/System/Library/Frameworks/Accelerate.framework/Versions/A/Frameworks/vecLib.framework/Versions/A/libvDSP.dylib
0x00000000049cd000 	/System/Library/Frameworks/Accelerate.framework/Versions/A/Frameworks/vecLib.framework/Versions/A/libvMisc.dylib
0x00000000049cd000 	/System/Library/Frameworks/Accelerate.framework/Versions/A/Frameworks/vecLib.framework/Versions/A/libLAPACK.dylib
0x00000000049cd000 	/System/Library/Frameworks/Accelerate.framework/Versions/A/Frameworks/vecLib.framework/Versions/A/libBLAS.dylib
0x00000000049cd000 	/System/Library/Frameworks/Accelerate.framework/Versions/A/Frameworks/vecLib.framework/Versions/A/libLinearAlgebra.dylib
0x00000000049cd000 	/System/Library/Frameworks/ApplicationServices.framework/Versions/A/Frameworks/ATS.framework/Versions/A/Resources/libFontParser.dylib
0x00000000049cd000 	/System/Library/Frameworks/ApplicationServices.framework/Versions/A/Frameworks/ATS.framework/Versions/A/Resources/libFontRegistry.dylib
0x00000000049cd000 	/System/Library/PrivateFrameworks/AppleVPA.framework/Versions/A/AppleVPA
0x00000000049cd000 	/System/Library/PrivateFrameworks/AppleJPEG.framework/Versions/A/AppleJPEG
0x00000000049cd000 	/System/Library/Frameworks/ImageIO.framework/Versions/A/Resources/libJPEG.dylib
0x00000000049cd000 	/System/Library/Frameworks/ImageIO.framework/Versions/A/Resources/libTIFF.dylib
0x00000000049cd000 	/System/Library/Frameworks/ImageIO.framework/Versions/A/Resources/libPng.dylib
0x00000000049cd000 	/System/Library/Frameworks/ImageIO.framework/Versions/A/Resources/libGIF.dylib
0x00000000049cd000 	/System/Library/Frameworks/ImageIO.framework/Versions/A/Resources/libJP2.dylib
0x00000000049cd000 	/System/Library/Frameworks/ImageIO.framework/Versions/A/Resources/libRadiance.dylib
0x00000000049cd000 	/System/Library/Frameworks/CoreVideo.framework/Versions/A/CoreVideo
0x00000000049cd000 	/System/Library/Frameworks/OpenGL.framework/Versions/A/Libraries/libGLU.dylib
0x00000000049cd000 	/System/Library/Frameworks/OpenGL.framework/Versions/A/Libraries/libGFXShared.dylib
0x00000000049cd000 	/System/Library/Frameworks/OpenGL.framework/Versions/A/Libraries/libGL.dylib
0x00000000049cd000 	/System/Library/Frameworks/OpenGL.framework/Versions/A/Libraries/libGLImage.dylib
0x00000000049cd000 	/System/Library/Frameworks/OpenGL.framework/Versions/A/Libraries/libCVMSPluginSupport.dylib
0x00000000049cd000 	/System/Library/Frameworks/OpenGL.framework/Versions/A/Libraries/libCoreVMClient.dylib
0x00000000049cd000 	/usr/lib/libcups.2.dylib
0x00000000049cd000 	/System/Library/Frameworks/Kerberos.framework/Versions/A/Kerberos
0x00000000049cd000 	/System/Library/Frameworks/GSS.framework/Versions/A/GSS
0x00000000049cd000 	/usr/lib/libresolv.9.dylib
0x00000000049cd000 	/System/Library/PrivateFrameworks/Heimdal.framework/Versions/A/Heimdal
0x00000000049cd000 	/usr/lib/libheimdal-asn1.dylib
0x00000000049cd000 	/System/Library/Frameworks/OpenDirectory.framework/Versions/A/OpenDirectory
0x00000000049cd000 	/System/Library/PrivateFrameworks/CommonAuth.framework/Versions/A/CommonAuth
0x00000000049cd000 	/System/Library/Frameworks/SecurityFoundation.framework/Versions/A/SecurityFoundation
0x00000000049cd000 	/System/Library/Frameworks/QuartzCore.framework/Versions/A/Frameworks/CoreImage.framework/Versions/A/CoreImage
0x00000000049cd000 	/System/Library/PrivateFrameworks/CrashReporterSupport.framework/Versions/A/CrashReporterSupport
0x00000000049cd000 	/System/Library/Frameworks/OpenCL.framework/Versions/A/OpenCL
0x00000000049cd000 	/System/Library/PrivateFrameworks/FaceCore.framework/Versions/A/FaceCore
0x00000000049cd000 	/System/Library/PrivateFrameworks/Ubiquity.framework/Versions/A/Ubiquity
0x00000000049cd000 	/System/Library/PrivateFrameworks/IconServices.framework/Versions/A/IconServices
0x00000000049cd000 	/System/Library/PrivateFrameworks/ChunkingLibrary.framework/Versions/A/ChunkingLibrary
0x00000000049cd000 	/System/Library/PrivateFrameworks/Apple80211.framework/Versions/A/Apple80211
0x00000000049cd000 	/System/Library/Frameworks/CoreWLAN.framework/Versions/A/CoreWLAN
0x00000000049cd000 	/System/Library/Frameworks/IOBluetooth.framework/Versions/A/IOBluetooth
0x00000000049cd000 	/System/Library/PrivateFrameworks/CoreWiFi.framework/Versions/A/CoreWiFi
0x00000000049cd000 	/System/Library/Frameworks/CoreBluetooth.framework/Versions/A/CoreBluetooth
0x00000000049cd000 	/System/Library/PrivateFrameworks/DebugSymbols.framework/Versions/A/DebugSymbols
0x00000000049cd000 	/System/Library/PrivateFrameworks/CoreSymbolication.framework/Versions/A/CoreSymbolication
0x00000000049cd000 	/System/Library/PrivateFrameworks/Symbolication.framework/Versions/A/Symbolication
0x00000000049cd000 	/System/Library/PrivateFrameworks/SpeechRecognitionCore.framework/Versions/A/SpeechRecognitionCore
0x0000000104400000 	/Applications/jMonkeyPlatform.app/Contents/Resources/jmonkeyplatform/jdk/jre/lib/server/libjvm.dylib
0x00000000049cd000 	/usr/lib/libstdc++.6.dylib
0x000000010339b000 	/Applications/jMonkeyPlatform.app/Contents/Resources/jmonkeyplatform/jdk/jre/lib/libverify.dylib
0x00000001033a8000 	/Applications/jMonkeyPlatform.app/Contents/Resources/jmonkeyplatform/jdk/jre/lib/libjava.dylib
0x00000001033e2000 	/Applications/jMonkeyPlatform.app/Contents/Resources/jmonkeyplatform/jdk/jre/lib/libzip.dylib
0x000000011421e000 	/System/Library/Frameworks/JavaVM.framework/Frameworks/JavaRuntimeSupport.framework/JavaRuntimeSupport
0x0000000114236000 	/System/Library/Frameworks/JavaVM.framework/Versions/A/Frameworks/JavaNativeFoundation.framework/Versions/A/JavaNativeFoundation
0x00000001033ec000 	/System/Library/Frameworks/JavaVM.framework/Versions/A/JavaVM
0x00000000049cd000 	/System/Library/Frameworks/Carbon.framework/Versions/A/Carbon
0x000000011424b000 	/System/Library/PrivateFrameworks/JavaLaunching.framework/Versions/A/JavaLaunching
0x00000000049cd000 	/System/Library/Frameworks/Carbon.framework/Versions/A/Frameworks/CommonPanels.framework/Versions/A/CommonPanels
0x00000000049cd000 	/System/Library/Frameworks/Carbon.framework/Versions/A/Frameworks/Help.framework/Versions/A/Help
0x00000000049cd000 	/System/Library/Frameworks/Carbon.framework/Versions/A/Frameworks/ImageCapture.framework/Versions/A/ImageCapture
0x00000000049cd000 	/System/Library/Frameworks/Carbon.framework/Versions/A/Frameworks/OpenScripting.framework/Versions/A/OpenScripting
0x00000000049cd000 	/System/Library/Frameworks/Carbon.framework/Versions/A/Frameworks/Print.framework/Versions/A/Print
0x00000000049cd000 	/System/Library/Frameworks/Carbon.framework/Versions/A/Frameworks/SecurityHI.framework/Versions/A/SecurityHI
0x00000001161a9000 	/Applications/jMonkeyPlatform.app/Contents/Resources/jmonkeyplatform/jdk/jre/lib/libawt.dylib
0x0000000116258000 	/Applications/jMonkeyPlatform.app/Contents/Resources/jmonkeyplatform/jdk/jre/lib/./libmlib_image.dylib
0x0000000116324000 	/Applications/jMonkeyPlatform.app/Contents/Resources/jmonkeyplatform/jdk/jre/lib/lwawt/liblwawt.dylib
0x00000001163d8000 	/Applications/jMonkeyPlatform.app/Contents/Resources/jmonkeyplatform/jdk/jre/lib/libosxapp.dylib
0x00000000049cd000 	/System/Library/Frameworks/ExceptionHandling.framework/Versions/A/ExceptionHandling
0x00000000049cd000 	/System/Library/PrivateFrameworks/CoreServicesInternal.framework/Versions/A/CoreServicesInternal
0x00000000049cd000 	/System/Library/PrivateFrameworks/CloudDocs.framework/Versions/A/CloudDocs
0x00000000049cd000 	/System/Library/PrivateFrameworks/CoreDuet.framework/Versions/A/CoreDuet
0x00000000049cd000 	/System/Library/Frameworks/CloudKit.framework/Versions/A/CloudKit
0x00000000049cd000 	/System/Library/PrivateFrameworks/ProtocolBuffer.framework/Versions/A/ProtocolBuffer
0x00000000049cd000 	/System/Library/PrivateFrameworks/CoreDuetDaemonProtocol.framework/Versions/A/CoreDuetDaemonProtocol
0x00000000049cd000 	/System/Library/PrivateFrameworks/CoreDuetDebugLogging.framework/Versions/A/CoreDuetDebugLogging
0x00000000049cd000 	/System/Library/Frameworks/CoreLocation.framework/Versions/A/CoreLocation
0x00000000049cd000 	/System/Library/Frameworks/Accounts.framework/Versions/A/Accounts
0x00000000049cd000 	/System/Library/PrivateFrameworks/ApplePushService.framework/Versions/A/ApplePushService
0x00000000049cd000 	/System/Library/PrivateFrameworks/GeoServices.framework/Versions/A/GeoServices
0x00000000049cd000 	/System/Library/PrivateFrameworks/OAuth.framework/Versions/A/OAuth
0x00000000049cd000 	/System/Library/PrivateFrameworks/CoreDaemon.framework/Versions/B/CoreDaemon
0x00000000049cd000 	/usr/lib/libcrypto.0.9.8.dylib
0x00000000049cd000 	/System/Library/PrivateFrameworks/AppleSRP.framework/Versions/A/AppleSRP
0x00000000049cd000 	/System/Library/PrivateFrameworks/TrustEvaluationAgent.framework/Versions/A/TrustEvaluationAgent
0x00000000049cd000 	/System/Library/Frameworks/CoreGraphics.framework/Versions/A/Resources/libCGCMS.A.dylib
0x00000000049cd000 	/System/Library/Frameworks/CoreGraphics.framework/Versions/A/Resources/libRIP.A.dylib
0x00000000049cd000 	/System/Library/Frameworks/CoreGraphics.framework/Versions/A/Resources/libCGXType.A.dylib
0x00000000049cd000 	/System/Library/Frameworks/OpenCL.framework/Versions/A/Libraries/libcldcpuengine.dylib
0x00000000049cd000 	/System/Library/PrivateFrameworks/DiskImages.framework/Versions/A/DiskImages
0x00000000049cd000 	/System/Library/Frameworks/DiscRecording.framework/Versions/A/DiscRecording
0x00000000049cd000 	/usr/lib/libcsfde.dylib
0x00000000049cd000 	/usr/lib/libcurl.4.dylib
0x00000000049cd000 	/System/Library/PrivateFrameworks/MediaKit.framework/Versions/A/MediaKit
0x00000000049cd000 	/System/Library/PrivateFrameworks/ProtectedCloudStorage.framework/Versions/A/ProtectedCloudStorage
0x00000000049cd000 	/usr/lib/libCoreStorage.dylib
0x00000000049cd000 	/System/Library/PrivateFrameworks/EFILogin.framework/Versions/A/EFILogin
0x00000000049cd000 	/usr/lib/libutil.dylib
0x00000000049cd000 	/System/Library/PrivateFrameworks/FindMyDevice.framework/Versions/A/FindMyDevice
0x00000000049cd000 	/System/Library/Frameworks/LDAP.framework/Versions/A/LDAP
0x00000000049cd000 	/usr/lib/libsasl2.2.dylib
0x00000001193b3000 	cl_kernels
0x00000001193b5000 	/System/Library/Frameworks/OpenCL.framework/Versions/A/Libraries/ImageFormats/unorm8_bgra.dylib
0x00000001193a5000 	cl_kernels
0x00000000049cd000 	/System/Library/PrivateFrameworks/FamilyControls.framework/Versions/A/FamilyControls
0x00000000049cd000 	/System/Library/PrivateFrameworks/CommerceKit.framework/Versions/A/Frameworks/CommerceCore.framework/Versions/A/CommerceCore
0x00000000049cd000 	/System/Library/PrivateFrameworks/SystemAdministration.framework/Versions/A/SystemAdministration
0x00000000049cd000 	/System/Library/PrivateFrameworks/AppContainer.framework/Versions/A/AppContainer
0x00000000049cd000 	/System/Library/PrivateFrameworks/SecCodeWrapper.framework/Versions/A/SecCodeWrapper
0x00000000049cd000 	/System/Library/Frameworks/DirectoryService.framework/Versions/A/DirectoryService
0x00000000049cd000 	/System/Library/PrivateFrameworks/LoginUIKit.framework/Versions/A/Frameworks/LoginUICore.framework/Versions/A/LoginUICore
0x00000000049cd000 	/usr/lib/libodfde.dylib
0x00000000049cd000 	/System/Library/Frameworks/OpenGL.framework/Versions/A/Resources/GLEngine.bundle/GLEngine
0x00000000049cd000 	/System/Library/Frameworks/OpenGL.framework/Versions/A/Libraries/libGLProgrammability.dylib
0x0000000000000000 	/System/Library/Extensions/AppleIntelHD4000GraphicsGLDriver.bundle/Contents/MacOS/AppleIntelHD4000GraphicsGLDriver
0x00000000049cd000 	/System/Library/PrivateFrameworks/IOAccelerator.framework/Versions/A/IOAccelerator
0x00000000049cd000 	/System/Library/PrivateFrameworks/GPUSupport.framework/Versions/A/Libraries/libGPUSupportMercury.dylib
0x0000000000000000 	/System/Library/Extensions/GeForceGLDriver.bundle/Contents/MacOS/GeForceGLDriver
0x00000000049cd000 	/System/Library/Extensions/GeForceGLDriver.bundle/Contents/MacOS/libclh.dylib
0x00000000049cd000 	/System/Library/Frameworks/OpenGL.framework/Versions/A/Resources/GLRendererFloat.bundle/GLRendererFloat
0x000000011b5b5000 	/Applications/jMonkeyPlatform.app/Contents/Resources/jmonkeyplatform/jdk/jre/lib/libfontmanager.dylib
0x000000011b71f000 	/Applications/jMonkeyPlatform.app/Contents/Resources/jmonkeyplatform/jdk/jre/lib/libosxui.dylib
0x000000011b728000 	/Applications/jMonkeyPlatform.app/Contents/Resources/jmonkeyplatform/jdk/jre/lib/libosx.dylib
0x000000011d478000 	/Applications/jMonkeyPlatform.app/Contents/Resources/jmonkeyplatform/jdk/jre/lib/libnet.dylib
0x000000011d3d0000 	/Applications/jMonkeyPlatform.app/Contents/Resources/jmonkeyplatform/jdk/jre/lib/libnio.dylib
0x00000000049cd000 	/System/Library/Frameworks/Accelerate.framework/Versions/A/Frameworks/vImage.framework/Versions/A/Libraries/libCGInterfaces.dylib
0x000000011c6b4000 	/Users/crisscrosskao/Documents/GitHub/CubeField/liblwjgl.dylib
0x000000011ba26000 	/Applications/jMonkeyPlatform.app/Contents/Resources/jmonkeyplatform/jdk/jre/lib/libjawt.dylib
0x000000011c83a000 	/Users/crisscrosskao/Documents/GitHub/CubeField/openal.dylib
0x000000011cfeb000 	/System/Library/Components/CoreAudio.component/Contents/MacOS/CoreAudio
0x000000011c896000 	/System/Library/Extensions/AppleHDA.kext/Contents/PlugIns/AppleHDAHALPlugIn.bundle/Contents/MacOS/AppleHDAHALPlugIn
0x000000011e571000 	/Applications/MyGame.app/Contents/Java/leapLib/libLeapJava.dylib
0x000000011e5c0000 	/Applications/MyGame.app/Contents/Java/leapLib/libLeap.dylib

VM Arguments:
jvm_args: -Dfile.encoding=UTF-8 -Djava.library.path=/Applications/MyGame.app/Contents/Java/leapLib 
java_command: mygame.Main
Launcher Type: SUN_STANDARD

Environment Variables:
PATH=/usr/bin:/bin:/usr/sbin:/sbin
LD_LIBRARY_PATH=/Applications/jMonkeyPlatform.app/Contents/MacOS/../Resources/jmonkeyplatform/bin/../jdk/jre/lib/amd64:/Applications/jMonkeyPlatform.app/Contents/MacOS/../Resources/jmonkeyplatform/bin/../jdk/jre/lib/i386:
SHELL=/bin/bash
DISPLAY=/private/tmp/com.apple.launchd.LZG1NhT1sX/org.macosforge.xquartz:0

Signal Handlers:
SIGSEGV: [libjvm.dylib+0x525425], sa_mask[0]=0xfffefeff, sa_flags=0x00000043
SIGBUS: [libjvm.dylib+0x525425], sa_mask[0]=0xfffefeff, sa_flags=0x00000042
SIGFPE: [libjvm.dylib+0x41892a], sa_mask[0]=0xfffefeff, sa_flags=0x00000042
SIGPIPE: [libjvm.dylib+0x41892a], sa_mask[0]=0xfffefeff, sa_flags=0x00000042
SIGXFSZ: [libjvm.dylib+0x41892a], sa_mask[0]=0xfffefeff, sa_flags=0x00000042
SIGILL: [libjvm.dylib+0x41892a], sa_mask[0]=0xfffefeff, sa_flags=0x00000042
SIGUSR1: SIG_DFL, sa_mask[0]=0x00000000, sa_flags=0x00000000
SIGUSR2: [libjvm.dylib+0x41841c], sa_mask[0]=0x00000004, sa_flags=0x00000042
SIGHUP: [libjvm.dylib+0x4166ab], sa_mask[0]=0xfffefeff, sa_flags=0x00000042
SIGINT: SIG_IGN, sa_mask[0]=0x00000000, sa_flags=0x00000000
SIGTERM: [libjvm.dylib+0x4166ab], sa_mask[0]=0xfffefeff, sa_flags=0x00000042
SIGQUIT: [libjvm.dylib+0x4166ab], sa_mask[0]=0xfffefeff, sa_flags=0x00000042


---------------  S Y S T E M  ---------------

OS:Bsduname:Darwin 14.0.0 Darwin Kernel Version 14.0.0: Fri Sep 19 00:26:44 PDT 2014; root:xnu-2782.1.97~2/RELEASE_X86_64 x86_64
rlimit: STACK 8192k, CORE 0k, NPROC 709, NOFILE 10240, AS infinity
load average:1.32 1.55 1.50

CPU:total 8 (4 cores per cpu, 2 threads per core) family 6 model 58 stepping 9, cmov, cx8, fxsr, mmx, sse, sse2, sse3, ssse3, sse4.1, sse4.2, popcnt, avx, aes, erms, ht, tsc, tscinvbit, tscinv

Memory: 4k page, physical 16777216k(4194304k free)

/proc/meminfo:


vm_info: Java HotSpot(TM) 64-Bit Server VM (24.51-b03) for bsd-amd64 JRE (1.7.0_51-b13), built on Dec 18 2013 18:45:56 by "java_re" with gcc 4.2.1 (Based on Apple Inc. build 5658) (LLVM build 2336.11.00)

time: Wed Dec 10 16:21:11 2014
elapsed time: 10 seconds

